#
# There is insufficient memory for the Java Runtime Environment to continue.
# Native memory allocation (malloc) failed to allocate 1565936 bytes. Error detail: Chunk::new
# Possible reasons:
#   The system is out of physical RAM or swap space
#   This process is running with CompressedOops enabled, and the Java Heap may be blocking the growth of the native heap
# Possible solutions:
#   Reduce memory load on the system
#   Increase physical memory or swap space
#   Check if swap backing store is full
#   Decrease Java heap size (-Xmx/-Xms)
#   Decrease number of Java threads
#   Decrease Java thread stack sizes (-Xss)
#   Set larger code cache with -XX:ReservedCodeCacheSize=
#   JVM is running with Unscaled Compressed Oops mode in which the Java heap is
#     placed in the first 4GB address space. The Java Heap base address is the
#     maximum limit for the native heap growth. Please use -XX:HeapBaseMinAddress
#     to set the Java Heap base and to place the Java Heap above 4GB virtual address.
# This output file may be truncated or incomplete.
#
#  Out of Memory Error (arena.cpp:168), pid=16808, tid=31688
#
# JRE version: OpenJDK Runtime Environment (21.0.3) (build 21.0.3+-12282718-b509.11)
# Java VM: OpenJDK 64-Bit Server VM (21.0.3+-12282718-b509.11, mixed mode, tiered, compressed oops, compressed class ptrs, g1 gc, windows-amd64)
# No core dump will be written. Minidumps are not enabled by default on client versions of Windows
#

---------------  S U M M A R Y ------------

Command Line: --add-opens=java.base/java.util=ALL-UNNAMED --add-opens=java.base/java.lang=ALL-UNNAMED --add-opens=java.base/java.lang.invoke=ALL-UNNAMED --add-opens=java.prefs/java.util.prefs=ALL-UNNAMED --add-exports=jdk.compiler/com.sun.tools.javac.api=ALL-UNNAMED --add-exports=jdk.compiler/com.sun.tools.javac.util=ALL-UNNAMED --add-opens=java.base/java.nio.charset=ALL-UNNAMED --add-opens=java.base/java.net=ALL-UNNAMED --add-opens=java.base/java.util.concurrent.atomic=ALL-UNNAMED -Xmx2048m -Dfile.encoding=UTF-8 -Duser.country=KR -Duser.language=ko -Duser.variant -javaagent:C:\Users\JHLEE\.gradle\wrapper\dists\gradle-8.9-bin\90cnw93cvbtalezasaz0blq0a\gradle-8.9\lib\agents\gradle-instrumentation-agent-8.9.jar org.gradle.launcher.daemon.bootstrap.GradleDaemon 8.9

Host: 13th Gen Intel(R) Core(TM) i7-1360P, 16 cores, 15G,  Windows 10 , 64 bit Build 19041 (10.0.19041.5438)
Time: Mon Mar 24 16:16:10 2025  Windows 10 , 64 bit Build 19041 (10.0.19041.5438) elapsed time: 4.088140 seconds (0d 0h 0m 4s)

---------------  T H R E A D  ---------------

Current thread (0x000001726b2b20a0):  JavaThread "C2 CompilerThread2" daemon [_thread_in_native, id=31688, stack(0x0000001db1300000,0x0000001db1400000) (1024K)]


Current CompileTask:
C2:   4088 6801       4       java.net.URLClassLoader$1::run (5 bytes)

Stack: [0x0000001db1300000,0x0000001db1400000]
Native frames: (J=compiled Java code, j=interpreted, Vv=VM code, C=native code)
V  [jvm.dll+0x6cafb9]
V  [jvm.dll+0x858523]
V  [jvm.dll+0x85aa7e]
V  [jvm.dll+0x85b163]
V  [jvm.dll+0x27d356]
V  [jvm.dll+0xbf93d]
V  [jvm.dll+0xbfe73]
V  [jvm.dll+0x3b1cb1]
V  [jvm.dll+0x37e787]
V  [jvm.dll+0x37dbfa]
V  [jvm.dll+0x246b02]
V  [jvm.dll+0x2460d1]
V  [jvm.dll+0x1c5804]
V  [jvm.dll+0x25575c]
V  [jvm.dll+0x253c36]
V  [jvm.dll+0x3ec996]
V  [jvm.dll+0x800d78]
V  [jvm.dll+0x6c98cd]
C  [ucrtbase.dll+0x21bb2]
C  [KERNEL32.DLL+0x17374]
C  [ntdll.dll+0x4cc91]


---------------  P R O C E S S  ---------------

Threads class SMR info:
_java_thread_list=0x00000172722acbe0, length=76, elements={
0x000001724c1c4590, 0x000001726675f0e0, 0x00000172667a9710, 0x00000172667aa430,
0x00000172667aae90, 0x00000172667dce60, 0x000001726678e0f0, 0x000001726678f490,
0x000001726678ff30, 0x00000172668b02a0, 0x000001726699f860, 0x000001726699ff10,
0x00000172669a25d0, 0x00000172668b2370, 0x000001726b10c610, 0x000001726b2b20a0,
0x00000172668b0930, 0x00000172668b0fc0, 0x00000172668b3090, 0x00000172668b2a00,
0x00000172668b3720, 0x000001726cfee090, 0x000001726cfeb930, 0x000001726cff0e80,
0x000001726cfeb2a0, 0x000001726cff07f0, 0x000001726cfed370, 0x000001726cfebfc0,
0x000001726cfec650, 0x000001726cfefad0, 0x000001726cff1ba0, 0x000001726cff1510,
0x000001726cfecce0, 0x000001726cff2230, 0x000001726cfeda00, 0x000001726cfee720,
0x000001726cfeedb0, 0x000001726cff28c0, 0x000001726cfef440, 0x000001726d6da510,
0x000001726d6d7db0, 0x000001726d6d6a00, 0x000001726d6dcc70, 0x000001726d6d8440,
0x000001726d6daba0, 0x000001726d6db230, 0x000001726d6dc5e0, 0x000001726d6dbf50,
0x000001726d6db8c0, 0x000001726d6d9e80, 0x000001726d6d8ad0, 0x000001726d6d7720,
0x000001726d6dd300, 0x00000172703cef30, 0x00000172703ca700, 0x00000172703cf5c0,
0x00000172703d02e0, 0x00000172703cfc50, 0x00000172703d0970, 0x00000172703cad90,
0x00000172703cb420, 0x00000172703d1000, 0x00000172703cbab0, 0x00000172703d1690,
0x00000172703d1d20, 0x00000172703cc140, 0x00000172703cdb80, 0x00000172703ce210,
0x00000172703cc7d0, 0x00000172703cce60, 0x00000172703ce8a0, 0x00000172703cd4f0,
0x0000017270ebd050, 0x0000017270ebfe40, 0x000001727085b5b0, 0x00000172715a24c0
}

Java Threads: ( => current thread )
  0x000001724c1c4590 JavaThread "main"                              [_thread_blocked, id=36540, stack(0x0000001dafd00000,0x0000001dafe00000) (1024K)]
  0x000001726675f0e0 JavaThread "Reference Handler"          daemon [_thread_blocked, id=17360, stack(0x0000001db0500000,0x0000001db0600000) (1024K)]
  0x00000172667a9710 JavaThread "Finalizer"                  daemon [_thread_blocked, id=17604, stack(0x0000001db0600000,0x0000001db0700000) (1024K)]
  0x00000172667aa430 JavaThread "Signal Dispatcher"          daemon [_thread_blocked, id=6228, stack(0x0000001db0700000,0x0000001db0800000) (1024K)]
  0x00000172667aae90 JavaThread "Attach Listener"            daemon [_thread_blocked, id=33384, stack(0x0000001db0800000,0x0000001db0900000) (1024K)]
  0x00000172667dce60 JavaThread "Service Thread"             daemon [_thread_blocked, id=7756, stack(0x0000001db0900000,0x0000001db0a00000) (1024K)]
  0x000001726678e0f0 JavaThread "Monitor Deflation Thread"   daemon [_thread_blocked, id=13216, stack(0x0000001db0a00000,0x0000001db0b00000) (1024K)]
  0x000001726678f490 JavaThread "C2 CompilerThread0"         daemon [_thread_in_native, id=19084, stack(0x0000001db0b00000,0x0000001db0c00000) (1024K)]
  0x000001726678ff30 JavaThread "C1 CompilerThread0"         daemon [_thread_blocked, id=22428, stack(0x0000001db0c00000,0x0000001db0d00000) (1024K)]
  0x00000172668b02a0 JavaThread "Common-Cleaner"             daemon [_thread_blocked, id=40136, stack(0x0000001db0d00000,0x0000001db0e00000) (1024K)]
  0x000001726699f860 JavaThread "C1 CompilerThread1"         daemon [_thread_blocked, id=21492, stack(0x0000001db0e00000,0x0000001db0f00000) (1024K)]
  0x000001726699ff10 JavaThread "C1 CompilerThread2"         daemon [_thread_blocked, id=4312, stack(0x0000001db0f00000,0x0000001db1000000) (1024K)]
  0x00000172669a25d0 JavaThread "C1 CompilerThread3"         daemon [_thread_blocked, id=11072, stack(0x0000001db1000000,0x0000001db1100000) (1024K)]
  0x00000172668b2370 JavaThread "Notification Thread"        daemon [_thread_blocked, id=39032, stack(0x0000001db1100000,0x0000001db1200000) (1024K)]
  0x000001726b10c610 JavaThread "C2 CompilerThread1"         daemon [_thread_in_native, id=21312, stack(0x0000001db1200000,0x0000001db1300000) (1024K)]
=>0x000001726b2b20a0 JavaThread "C2 CompilerThread2"         daemon [_thread_in_native, id=31688, stack(0x0000001db1300000,0x0000001db1400000) (1024K)]
  0x00000172668b0930 JavaThread "Daemon health stats"               [_thread_blocked, id=22136, stack(0x0000001db1a00000,0x0000001db1b00000) (1024K)]
  0x00000172668b0fc0 JavaThread "Incoming local TCP Connector on port 52092"        [_thread_in_native, id=20144, stack(0x0000001db1e00000,0x0000001db1f00000) (1024K)]
  0x00000172668b3090 JavaThread "Daemon periodic checks"            [_thread_blocked, id=40732, stack(0x0000001db1f00000,0x0000001db2000000) (1024K)]
  0x00000172668b2a00 JavaThread "Daemon"                            [_thread_blocked, id=33372, stack(0x0000001db2000000,0x0000001db2100000) (1024K)]
  0x00000172668b3720 JavaThread "Handler for socket connection from /127.0.0.1:52092 to /127.0.0.1:52093"        [_thread_in_native, id=9852, stack(0x0000001db2100000,0x0000001db2200000) (1024K)]
  0x000001726cfee090 JavaThread "Cancel handler"                    [_thread_blocked, id=36424, stack(0x0000001db2200000,0x0000001db2300000) (1024K)]
  0x000001726cfeb930 JavaThread "Daemon worker"                     [_thread_in_vm, id=19592, stack(0x0000001db2300000,0x0000001db2400000) (1024K)]
  0x000001726cff0e80 JavaThread "Asynchronous log dispatcher for DefaultDaemonConnection: socket connection from /127.0.0.1:52092 to /127.0.0.1:52093"        [_thread_blocked, id=22588, stack(0x0000001db2400000,0x0000001db2500000) (1024K)]
  0x000001726cfeb2a0 JavaThread "Stdin handler"                     [_thread_blocked, id=19640, stack(0x0000001db2500000,0x0000001db2600000) (1024K)]
  0x000001726cff07f0 JavaThread "Daemon client event forwarder"        [_thread_blocked, id=17432, stack(0x0000001db2600000,0x0000001db2700000) (1024K)]
  0x000001726cfed370 JavaThread "Cache worker for journal cache (C:\Users\JHLEE\.gradle\caches\journal-1)"        [_thread_blocked, id=31048, stack(0x0000001db2d00000,0x0000001db2e00000) (1024K)]
  0x000001726cfebfc0 JavaThread "File lock request listener"        [_thread_in_native, id=30640, stack(0x0000001db2e00000,0x0000001db2f00000) (1024K)]
  0x000001726cfec650 JavaThread "Cache worker for file hash cache (C:\Users\JHLEE\.gradle\caches\8.9\fileHashes)"        [_thread_blocked, id=5900, stack(0x0000001db2f00000,0x0000001db3000000) (1024K)]
  0x000001726cfefad0 JavaThread "Cache worker for file hash cache (C:\Users\JHLEE\Desktop\KumkangApp\Eumsung2POP\.gradle\8.9\fileHashes)"        [_thread_blocked, id=35632, stack(0x0000001db3000000,0x0000001db3100000) (1024K)]
  0x000001726cff1ba0 JavaThread "Cache worker for Build Output Cleanup Cache (C:\Users\JHLEE\Desktop\KumkangApp\Eumsung2POP\.gradle\buildOutputCleanup)"        [_thread_blocked, id=17676, stack(0x0000001db3100000,0x0000001db3200000) (1024K)]
  0x000001726cff1510 JavaThread "File watcher server"        daemon [_thread_in_native, id=26772, stack(0x0000001db3200000,0x0000001db3300000) (1024K)]
  0x000001726cfecce0 JavaThread "File watcher consumer"      daemon [_thread_blocked, id=344, stack(0x0000001db3300000,0x0000001db3400000) (1024K)]
  0x000001726cff2230 JavaThread "jar transforms"                    [_thread_blocked, id=13300, stack(0x0000001db3400000,0x0000001db3500000) (1024K)]
  0x000001726cfeda00 JavaThread "jar transforms Thread 2"           [_thread_blocked, id=30080, stack(0x0000001db3500000,0x0000001db3600000) (1024K)]
  0x000001726cfee720 JavaThread "jar transforms Thread 3"           [_thread_blocked, id=21908, stack(0x0000001db3600000,0x0000001db3700000) (1024K)]
  0x000001726cfeedb0 JavaThread "jar transforms Thread 4"           [_thread_blocked, id=25140, stack(0x0000001db3700000,0x0000001db3800000) (1024K)]
  0x000001726cff28c0 JavaThread "jar transforms Thread 5"           [_thread_blocked, id=40208, stack(0x0000001db3800000,0x0000001db3900000) (1024K)]
  0x000001726cfef440 JavaThread "jar transforms Thread 6"           [_thread_blocked, id=11776, stack(0x0000001db3900000,0x0000001db3a00000) (1024K)]
  0x000001726d6da510 JavaThread "jar transforms Thread 7"           [_thread_blocked, id=16188, stack(0x0000001db3a00000,0x0000001db3b00000) (1024K)]
  0x000001726d6d7db0 JavaThread "jar transforms Thread 8"           [_thread_blocked, id=40528, stack(0x0000001db3b00000,0x0000001db3c00000) (1024K)]
  0x000001726d6d6a00 JavaThread "jar transforms Thread 9"           [_thread_blocked, id=16952, stack(0x0000001db3c00000,0x0000001db3d00000) (1024K)]
  0x000001726d6dcc70 JavaThread "jar transforms Thread 10"          [_thread_blocked, id=36048, stack(0x0000001db3d00000,0x0000001db3e00000) (1024K)]
  0x000001726d6d8440 JavaThread "jar transforms Thread 11"          [_thread_blocked, id=22228, stack(0x0000001db3e00000,0x0000001db3f00000) (1024K)]
  0x000001726d6daba0 JavaThread "jar transforms Thread 12"          [_thread_blocked, id=31732, stack(0x0000001db3f00000,0x0000001db4000000) (1024K)]
  0x000001726d6db230 JavaThread "jar transforms Thread 13"          [_thread_blocked, id=36244, stack(0x0000001db4000000,0x0000001db4100000) (1024K)]
  0x000001726d6dc5e0 JavaThread "jar transforms Thread 14"          [_thread_blocked, id=524, stack(0x0000001db4100000,0x0000001db4200000) (1024K)]
  0x000001726d6dbf50 JavaThread "jar transforms Thread 15"          [_thread_blocked, id=25108, stack(0x0000001db4200000,0x0000001db4300000) (1024K)]
  0x000001726d6db8c0 JavaThread "jar transforms Thread 16"          [_thread_blocked, id=13112, stack(0x0000001db4300000,0x0000001db4400000) (1024K)]
  0x000001726d6d9e80 JavaThread "Cache worker for checksums cache (C:\Users\JHLEE\Desktop\KumkangApp\Eumsung2POP\.gradle\8.9\checksums)"        [_thread_blocked, id=40720, stack(0x0000001db4400000,0x0000001db4500000) (1024K)]
  0x000001726d6d8ad0 JavaThread "Cache worker for file content cache (C:\Users\JHLEE\.gradle\caches\8.9\fileContent)"        [_thread_blocked, id=40884, stack(0x0000001db4500000,0x0000001db4600000) (1024K)]
  0x000001726d6d7720 JavaThread "Cache worker for cache directory md-rule (C:\Users\JHLEE\.gradle\caches\8.9\md-rule)"        [_thread_blocked, id=22168, stack(0x0000001db4600000,0x0000001db4700000) (1024K)]
  0x000001726d6dd300 JavaThread "Cache worker for cache directory md-supplier (C:\Users\JHLEE\.gradle\caches\8.9\md-supplier)"        [_thread_blocked, id=19376, stack(0x0000001db4700000,0x0000001db4800000) (1024K)]
  0x00000172703cef30 JavaThread "Unconstrained build operations"        [_thread_blocked, id=19344, stack(0x0000001db1400000,0x0000001db1500000) (1024K)]
  0x00000172703ca700 JavaThread "Unconstrained build operations Thread 2"        [_thread_blocked, id=12904, stack(0x0000001db4800000,0x0000001db4900000) (1024K)]
  0x00000172703cf5c0 JavaThread "Unconstrained build operations Thread 3"        [_thread_blocked, id=26948, stack(0x0000001db4900000,0x0000001db4a00000) (1024K)]
  0x00000172703d02e0 JavaThread "Unconstrained build operations Thread 4"        [_thread_blocked, id=16328, stack(0x0000001db4a00000,0x0000001db4b00000) (1024K)]
  0x00000172703cfc50 JavaThread "Unconstrained build operations Thread 5"        [_thread_blocked, id=22284, stack(0x0000001db4b00000,0x0000001db4c00000) (1024K)]
  0x00000172703d0970 JavaThread "Unconstrained build operations Thread 6"        [_thread_blocked, id=15576, stack(0x0000001db4c00000,0x0000001db4d00000) (1024K)]
  0x00000172703cad90 JavaThread "Unconstrained build operations Thread 7"        [_thread_blocked, id=37324, stack(0x0000001db4d00000,0x0000001db4e00000) (1024K)]
  0x00000172703cb420 JavaThread "Unconstrained build operations Thread 8"        [_thread_blocked, id=13520, stack(0x0000001db4e00000,0x0000001db4f00000) (1024K)]
  0x00000172703d1000 JavaThread "Unconstrained build operations Thread 9"        [_thread_blocked, id=34848, stack(0x0000001db4f00000,0x0000001db5000000) (1024K)]
  0x00000172703cbab0 JavaThread "Unconstrained build operations Thread 10"        [_thread_blocked, id=14892, stack(0x0000001db5000000,0x0000001db5100000) (1024K)]
  0x00000172703d1690 JavaThread "Unconstrained build operations Thread 11"        [_thread_blocked, id=23504, stack(0x0000001db5100000,0x0000001db5200000) (1024K)]
  0x00000172703d1d20 JavaThread "Unconstrained build operations Thread 12"        [_thread_blocked, id=18056, stack(0x0000001db5200000,0x0000001db5300000) (1024K)]
  0x00000172703cc140 JavaThread "Unconstrained build operations Thread 13"        [_thread_blocked, id=21056, stack(0x0000001db5300000,0x0000001db5400000) (1024K)]
  0x00000172703cdb80 JavaThread "Unconstrained build operations Thread 14"        [_thread_blocked, id=30684, stack(0x0000001db5400000,0x0000001db5500000) (1024K)]
  0x00000172703ce210 JavaThread "Unconstrained build operations Thread 15"        [_thread_blocked, id=10636, stack(0x0000001db5500000,0x0000001db5600000) (1024K)]
  0x00000172703cc7d0 JavaThread "Unconstrained build operations Thread 16"        [_thread_blocked, id=12520, stack(0x0000001db5600000,0x0000001db5700000) (1024K)]
  0x00000172703cce60 JavaThread "Unconstrained build operations Thread 17"        [_thread_blocked, id=19852, stack(0x0000001db5700000,0x0000001db5800000) (1024K)]
  0x00000172703ce8a0 JavaThread "Unconstrained build operations Thread 18"        [_thread_blocked, id=36144, stack(0x0000001db5800000,0x0000001db5900000) (1024K)]
  0x00000172703cd4f0 JavaThread "Unconstrained build operations Thread 19"        [_thread_blocked, id=30524, stack(0x0000001db5900000,0x0000001db5a00000) (1024K)]
  0x0000017270ebd050 JavaThread "Unconstrained build operations Thread 20"        [_thread_blocked, id=26600, stack(0x0000001db5a00000,0x0000001db5b00000) (1024K)]
  0x0000017270ebfe40 JavaThread "Unconstrained build operations Thread 21"        [_thread_blocked, id=21620, stack(0x0000001db5b00000,0x0000001db5c00000) (1024K)]
  0x000001727085b5b0 JavaThread "C2 CompilerThread3"         daemon [_thread_in_native, id=19316, stack(0x0000001db5c00000,0x0000001db5d00000) (1024K)]
  0x00000172715a24c0 JavaThread "C2 CompilerThread4"         daemon [_thread_in_native, id=21740, stack(0x0000001db5d00000,0x0000001db5e00000) (1024K)]
Total: 76

Other Threads:
  0x0000017266714bd0 VMThread "VM Thread"                           [id=15120, stack(0x0000001db0400000,0x0000001db0500000) (1024K)]
  0x00000172665093f0 WatcherThread "VM Periodic Task Thread"        [id=28356, stack(0x0000001db0300000,0x0000001db0400000) (1024K)]
  0x000001724c3f5e00 WorkerThread "GC Thread#0"                     [id=12928, stack(0x0000001dafe00000,0x0000001daff00000) (1024K)]
  0x000001726b434230 WorkerThread "GC Thread#1"                     [id=22372, stack(0x0000001db1500000,0x0000001db1600000) (1024K)]
  0x000001726b617600 WorkerThread "GC Thread#2"                     [id=10044, stack(0x0000001db1600000,0x0000001db1700000) (1024K)]
  0x000001726b6179a0 WorkerThread "GC Thread#3"                     [id=27992, stack(0x0000001db1700000,0x0000001db1800000) (1024K)]
  0x000001726b617d40 WorkerThread "GC Thread#4"                     [id=29524, stack(0x0000001db1800000,0x0000001db1900000) (1024K)]
  0x000001726b5a6e70 WorkerThread "GC Thread#5"                     [id=35848, stack(0x0000001db1900000,0x0000001db1a00000) (1024K)]
  0x000001726cdefbe0 WorkerThread "GC Thread#6"                     [id=37612, stack(0x0000001db1b00000,0x0000001db1c00000) (1024K)]
  0x000001726cbddd40 WorkerThread "GC Thread#7"                     [id=40192, stack(0x0000001db1c00000,0x0000001db1d00000) (1024K)]
  0x000001726ca919f0 WorkerThread "GC Thread#8"                     [id=40672, stack(0x0000001db1d00000,0x0000001db1e00000) (1024K)]
  0x0000017266660f90 WorkerThread "GC Thread#9"                     [id=26048, stack(0x0000001db2700000,0x0000001db2800000) (1024K)]
  0x0000017266661a70 WorkerThread "GC Thread#10"                    [id=10376, stack(0x0000001db2800000,0x0000001db2900000) (1024K)]
  0x0000017266661330 WorkerThread "GC Thread#11"                    [id=21784, stack(0x0000001db2900000,0x0000001db2a00000) (1024K)]
  0x0000017266660110 WorkerThread "GC Thread#12"                    [id=29540, stack(0x0000001db2a00000,0x0000001db2b00000) (1024K)]
  0x000001724c406cf0 ConcurrentGCThread "G1 Main Marker"            [id=35388, stack(0x0000001daff00000,0x0000001db0000000) (1024K)]
  0x000001724c407870 WorkerThread "G1 Conc#0"                       [id=18324, stack(0x0000001db0000000,0x0000001db0100000) (1024K)]
  0x00000172666604b0 WorkerThread "G1 Conc#1"                       [id=16172, stack(0x0000001db2b00000,0x0000001db2c00000) (1024K)]
  0x0000017266660850 WorkerThread "G1 Conc#2"                       [id=34528, stack(0x0000001db2c00000,0x0000001db2d00000) (1024K)]
  0x00000172663dde10 ConcurrentGCThread "G1 Refine#0"               [id=8120, stack(0x0000001db0100000,0x0000001db0200000) (1024K)]
  0x00000172663df7a0 ConcurrentGCThread "G1 Service"                [id=33020, stack(0x0000001db0200000,0x0000001db0300000) (1024K)]
Total: 21

Threads with active compile tasks:
C2 CompilerThread0     4115 6803   !   4       java.net.URLClassLoader$1::run (81 bytes)
C2 CompilerThread1     4115 6890       4       java.lang.invoke.InvokerBytecodeGenerator::addMethod (725 bytes)
C2 CompilerThread2     4115 6801       4       java.net.URLClassLoader$1::run (5 bytes)
C2 CompilerThread3     4116 6804   !   4       java.net.URLClassLoader::findClass (47 bytes)
C2 CompilerThread4     4116 6886       4       java.lang.Class::getMethodsRecursive (99 bytes)
Total: 5

VM state: not at safepoint (normal execution)

VM Mutex/Monitor currently owned by a thread: None

Heap address: 0x0000000080000000, size: 2048 MB, Compressed Oops mode: 32-bit

CDS archive(s) not mapped
Compressed class space mapped at: 0x0000000100000000-0x0000000140000000, reserved size: 1073741824
Narrow klass base: 0x0000000000000000, Narrow klass shift: 3, Narrow klass range: 0x140000000

GC Precious Log:
 CardTable entry size: 512
 Card Set container configuration: InlinePtr #cards 5 size 8 Array Of Cards #cards 12 size 40 Howl #buckets 4 coarsen threshold 1843 Howl Bitmap #cards 512 size 80 coarsen threshold 460 Card regions per heap region 1 cards per card region 2048
 CPUs: 16 total, 16 available
 Memory: 16098M
 Large Page Support: Disabled
 NUMA Support: Disabled
 Compressed Oops: Enabled (32-bit)
 Heap Region Size: 1M
 Heap Min Capacity: 8M
 Heap Initial Capacity: 252M
 Heap Max Capacity: 2G
 Pre-touch: Disabled
 Parallel Workers: 13
 Concurrent Workers: 3
 Concurrent Refinement Workers: 13
 Periodic GC: Disabled

Heap:
 garbage-first heap   total 140288K, used 86312K [0x0000000080000000, 0x0000000100000000)
  region size 1024K, 7 young (7168K), 3 survivors (3072K)
 Metaspace       used 66183K, committed 67904K, reserved 1114112K
  class space    used 9130K, committed 9984K, reserved 1048576K

Heap Regions: E=young(eden), S=young(survivor), O=old, HS=humongous(starts), HC=humongous(continues), CS=collection set, F=free, TAMS=top-at-mark-start, PB=parsable bottom
|   0|0x0000000080000000, 0x0000000080100000, 0x0000000080100000|100%|HS|  |TAMS 0x0000000080000000| PB 0x0000000080000000| Complete 
|   1|0x0000000080100000, 0x0000000080200000, 0x0000000080200000|100%|HC|  |TAMS 0x0000000080100000| PB 0x0000000080100000| Complete 
|   2|0x0000000080200000, 0x0000000080300000, 0x0000000080300000|100%|HC|  |TAMS 0x0000000080200000| PB 0x0000000080200000| Complete 
|   3|0x0000000080300000, 0x0000000080400000, 0x0000000080400000|100%|HC|  |TAMS 0x0000000080300000| PB 0x0000000080300000| Complete 
|   4|0x0000000080400000, 0x0000000080500000, 0x0000000080500000|100%| O|  |TAMS 0x0000000080400000| PB 0x0000000080400000| Untracked 
|   5|0x0000000080500000, 0x0000000080600000, 0x0000000080600000|100%| O|  |TAMS 0x0000000080500000| PB 0x0000000080500000| Untracked 
|   6|0x0000000080600000, 0x0000000080700000, 0x0000000080700000|100%| O|  |TAMS 0x0000000080600000| PB 0x0000000080600000| Untracked 
|   7|0x0000000080700000, 0x0000000080800000, 0x0000000080800000|100%| O|  |TAMS 0x0000000080700000| PB 0x0000000080700000| Untracked 
|   8|0x0000000080800000, 0x0000000080900000, 0x0000000080900000|100%| O|  |TAMS 0x0000000080800000| PB 0x0000000080800000| Untracked 
|   9|0x0000000080900000, 0x0000000080a00000, 0x0000000080a00000|100%| O|  |TAMS 0x0000000080900000| PB 0x0000000080900000| Untracked 
|  10|0x0000000080a00000, 0x0000000080b00000, 0x0000000080b00000|100%|HS|  |TAMS 0x0000000080a00000| PB 0x0000000080a00000| Complete 
|  11|0x0000000080b00000, 0x0000000080c00000, 0x0000000080c00000|100%| O|  |TAMS 0x0000000080b00000| PB 0x0000000080b00000| Untracked 
|  12|0x0000000080c00000, 0x0000000080d00000, 0x0000000080d00000|100%| O|  |TAMS 0x0000000080c00000| PB 0x0000000080c00000| Untracked 
|  13|0x0000000080d00000, 0x0000000080e00000, 0x0000000080e00000|100%|HS|  |TAMS 0x0000000080d00000| PB 0x0000000080d00000| Complete 
|  14|0x0000000080e00000, 0x0000000080f00000, 0x0000000080f00000|100%|HS|  |TAMS 0x0000000080e00000| PB 0x0000000080e00000| Complete 
|  15|0x0000000080f00000, 0x0000000081000000, 0x0000000081000000|100%|HC|  |TAMS 0x0000000080f00000| PB 0x0000000080f00000| Complete 
|  16|0x0000000081000000, 0x0000000081100000, 0x0000000081100000|100%|HC|  |TAMS 0x0000000081000000| PB 0x0000000081000000| Complete 
|  17|0x0000000081100000, 0x0000000081200000, 0x0000000081200000|100%|HC|  |TAMS 0x0000000081100000| PB 0x0000000081100000| Complete 
|  18|0x0000000081200000, 0x0000000081300000, 0x0000000081300000|100%|HC|  |TAMS 0x0000000081200000| PB 0x0000000081200000| Complete 
|  19|0x0000000081300000, 0x0000000081400000, 0x0000000081400000|100%|HC|  |TAMS 0x0000000081300000| PB 0x0000000081300000| Complete 
|  20|0x0000000081400000, 0x0000000081500000, 0x0000000081500000|100%|HS|  |TAMS 0x0000000081400000| PB 0x0000000081400000| Complete 
|  21|0x0000000081500000, 0x0000000081600000, 0x0000000081600000|100%|HC|  |TAMS 0x0000000081500000| PB 0x0000000081500000| Complete 
|  22|0x0000000081600000, 0x0000000081700000, 0x0000000081700000|100%|HC|  |TAMS 0x0000000081600000| PB 0x0000000081600000| Complete 
|  23|0x0000000081700000, 0x0000000081800000, 0x0000000081800000|100%|HS|  |TAMS 0x0000000081700000| PB 0x0000000081700000| Complete 
|  24|0x0000000081800000, 0x0000000081900000, 0x0000000081900000|100%|HC|  |TAMS 0x0000000081800000| PB 0x0000000081800000| Complete 
|  25|0x0000000081900000, 0x0000000081a00000, 0x0000000081a00000|100%| O|  |TAMS 0x0000000081900000| PB 0x0000000081900000| Untracked 
|  26|0x0000000081a00000, 0x0000000081b00000, 0x0000000081b00000|100%| O|  |TAMS 0x0000000081a00000| PB 0x0000000081a00000| Untracked 
|  27|0x0000000081b00000, 0x0000000081c00000, 0x0000000081c00000|100%| O|  |TAMS 0x0000000081b00000| PB 0x0000000081b00000| Untracked 
|  28|0x0000000081c00000, 0x0000000081d00000, 0x0000000081d00000|100%| O|  |TAMS 0x0000000081c00000| PB 0x0000000081c00000| Untracked 
|  29|0x0000000081d00000, 0x0000000081e00000, 0x0000000081e00000|100%| O|  |TAMS 0x0000000081d00000| PB 0x0000000081d00000| Untracked 
|  30|0x0000000081e00000, 0x0000000081f00000, 0x0000000081f00000|100%| O|  |TAMS 0x0000000081e00000| PB 0x0000000081e00000| Untracked 
|  31|0x0000000081f00000, 0x0000000082000000, 0x0000000082000000|100%| O|  |TAMS 0x0000000081f00000| PB 0x0000000081f00000| Untracked 
|  32|0x0000000082000000, 0x0000000082100000, 0x0000000082100000|100%| O|  |TAMS 0x0000000082000000| PB 0x0000000082000000| Untracked 
|  33|0x0000000082100000, 0x0000000082200000, 0x0000000082200000|100%| O|  |TAMS 0x0000000082100000| PB 0x0000000082100000| Untracked 
|  34|0x0000000082200000, 0x0000000082300000, 0x0000000082300000|100%| O|  |TAMS 0x0000000082200000| PB 0x0000000082200000| Untracked 
|  35|0x0000000082300000, 0x0000000082400000, 0x0000000082400000|100%| O|  |TAMS 0x0000000082300000| PB 0x0000000082300000| Untracked 
|  36|0x0000000082400000, 0x0000000082500000, 0x0000000082500000|100%| O|  |TAMS 0x0000000082400000| PB 0x0000000082400000| Untracked 
|  37|0x0000000082500000, 0x0000000082600000, 0x0000000082600000|100%| O|  |TAMS 0x0000000082500000| PB 0x0000000082500000| Untracked 
|  38|0x0000000082600000, 0x0000000082700000, 0x0000000082700000|100%| O|  |TAMS 0x0000000082600000| PB 0x0000000082600000| Untracked 
|  39|0x0000000082700000, 0x0000000082800000, 0x0000000082800000|100%| O|  |TAMS 0x0000000082700000| PB 0x0000000082700000| Untracked 
|  40|0x0000000082800000, 0x0000000082900000, 0x0000000082900000|100%| O|  |TAMS 0x0000000082800000| PB 0x0000000082800000| Untracked 
|  41|0x0000000082900000, 0x0000000082a00000, 0x0000000082a00000|100%| O|  |TAMS 0x0000000082900000| PB 0x0000000082900000| Untracked 
|  42|0x0000000082a00000, 0x0000000082b00000, 0x0000000082b00000|100%| O|  |TAMS 0x0000000082a00000| PB 0x0000000082a00000| Untracked 
|  43|0x0000000082b00000, 0x0000000082c00000, 0x0000000082c00000|100%| O|  |TAMS 0x0000000082b00000| PB 0x0000000082b00000| Untracked 
|  44|0x0000000082c00000, 0x0000000082d00000, 0x0000000082d00000|100%| O|  |TAMS 0x0000000082c00000| PB 0x0000000082c00000| Untracked 
|  45|0x0000000082d00000, 0x0000000082e00000, 0x0000000082e00000|100%|HS|  |TAMS 0x0000000082d00000| PB 0x0000000082d00000| Complete 
|  46|0x0000000082e00000, 0x0000000082f00000, 0x0000000082f00000|100%|HC|  |TAMS 0x0000000082e00000| PB 0x0000000082e00000| Complete 
|  47|0x0000000082f00000, 0x0000000083000000, 0x0000000083000000|100%| O|  |TAMS 0x0000000082f00000| PB 0x0000000082f00000| Untracked 
|  48|0x0000000083000000, 0x0000000083100000, 0x0000000083100000|100%| O|  |TAMS 0x0000000083000000| PB 0x0000000083000000| Untracked 
|  49|0x0000000083100000, 0x0000000083200000, 0x0000000083200000|100%| O|  |TAMS 0x0000000083100000| PB 0x0000000083100000| Untracked 
|  50|0x0000000083200000, 0x0000000083300000, 0x0000000083300000|100%| O|  |TAMS 0x0000000083200000| PB 0x0000000083200000| Untracked 
|  51|0x0000000083300000, 0x0000000083400000, 0x0000000083400000|100%| O|  |TAMS 0x0000000083300000| PB 0x0000000083300000| Untracked 
|  52|0x0000000083400000, 0x0000000083500000, 0x0000000083500000|100%| O|  |TAMS 0x0000000083400000| PB 0x0000000083400000| Untracked 
|  53|0x0000000083500000, 0x0000000083600000, 0x0000000083600000|100%| O|  |TAMS 0x0000000083500000| PB 0x0000000083500000| Untracked 
|  54|0x0000000083600000, 0x0000000083700000, 0x0000000083700000|100%| O|  |TAMS 0x0000000083600000| PB 0x0000000083600000| Untracked 
|  55|0x0000000083700000, 0x0000000083800000, 0x0000000083800000|100%| O|  |TAMS 0x0000000083700000| PB 0x0000000083700000| Untracked 
|  56|0x0000000083800000, 0x0000000083900000, 0x0000000083900000|100%| O|  |TAMS 0x0000000083800000| PB 0x0000000083800000| Untracked 
|  57|0x0000000083900000, 0x0000000083a00000, 0x0000000083a00000|100%| O|  |TAMS 0x0000000083900000| PB 0x0000000083900000| Untracked 
|  58|0x0000000083a00000, 0x0000000083a00000, 0x0000000083b00000|  0%| F|  |TAMS 0x0000000083a00000| PB 0x0000000083a00000| Untracked 
|  59|0x0000000083b00000, 0x0000000083b00000, 0x0000000083c00000|  0%| F|  |TAMS 0x0000000083b00000| PB 0x0000000083b00000| Untracked 
|  60|0x0000000083c00000, 0x0000000083c00000, 0x0000000083d00000|  0%| F|  |TAMS 0x0000000083c00000| PB 0x0000000083c00000| Untracked 
|  61|0x0000000083d00000, 0x0000000083d00000, 0x0000000083e00000|  0%| F|  |TAMS 0x0000000083d00000| PB 0x0000000083d00000| Untracked 
|  62|0x0000000083e00000, 0x0000000083f00000, 0x0000000083f00000|100%|HS|  |TAMS 0x0000000083e00000| PB 0x0000000083e00000| Complete 
|  63|0x0000000083f00000, 0x0000000084000000, 0x0000000084000000|100%|HC|  |TAMS 0x0000000083f00000| PB 0x0000000083f00000| Complete 
|  64|0x0000000084000000, 0x0000000084100000, 0x0000000084100000|100%|HC|  |TAMS 0x0000000084000000| PB 0x0000000084000000| Complete 
|  65|0x0000000084100000, 0x0000000084200000, 0x0000000084200000|100%|HC|  |TAMS 0x0000000084100000| PB 0x0000000084100000| Complete 
|  66|0x0000000084200000, 0x0000000084300000, 0x0000000084300000|100%|HC|  |TAMS 0x0000000084200000| PB 0x0000000084200000| Complete 
|  67|0x0000000084300000, 0x0000000084400000, 0x0000000084400000|100%|HC|  |TAMS 0x0000000084300000| PB 0x0000000084300000| Complete 
|  68|0x0000000084400000, 0x0000000084500000, 0x0000000084500000|100%|HS|  |TAMS 0x0000000084400000| PB 0x0000000084400000| Complete 
|  69|0x0000000084500000, 0x0000000084600000, 0x0000000084600000|100%|HC|  |TAMS 0x0000000084500000| PB 0x0000000084500000| Complete 
|  70|0x0000000084600000, 0x0000000084700000, 0x0000000084700000|100%|HC|  |TAMS 0x0000000084600000| PB 0x0000000084600000| Complete 
|  71|0x0000000084700000, 0x0000000084800000, 0x0000000084800000|100%|HC|  |TAMS 0x0000000084700000| PB 0x0000000084700000| Complete 
|  72|0x0000000084800000, 0x0000000084900000, 0x0000000084900000|100%|HC|  |TAMS 0x0000000084800000| PB 0x0000000084800000| Complete 
|  73|0x0000000084900000, 0x0000000084a00000, 0x0000000084a00000|100%|HC|  |TAMS 0x0000000084900000| PB 0x0000000084900000| Complete 
|  74|0x0000000084a00000, 0x0000000084a00000, 0x0000000084b00000|  0%| F|  |TAMS 0x0000000084a00000| PB 0x0000000084a00000| Untracked 
|  75|0x0000000084b00000, 0x0000000084b00000, 0x0000000084c00000|  0%| F|  |TAMS 0x0000000084b00000| PB 0x0000000084b00000| Untracked 
|  76|0x0000000084c00000, 0x0000000084c00000, 0x0000000084d00000|  0%| F|  |TAMS 0x0000000084c00000| PB 0x0000000084c00000| Untracked 
|  77|0x0000000084d00000, 0x0000000084d00000, 0x0000000084e00000|  0%| F|  |TAMS 0x0000000084d00000| PB 0x0000000084d00000| Untracked 
|  78|0x0000000084e00000, 0x0000000084e00000, 0x0000000084f00000|  0%| F|  |TAMS 0x0000000084e00000| PB 0x0000000084e00000| Untracked 
|  79|0x0000000084f00000, 0x0000000084f00000, 0x0000000085000000|  0%| F|  |TAMS 0x0000000084f00000| PB 0x0000000084f00000| Untracked 
|  80|0x0000000085000000, 0x0000000085000000, 0x0000000085100000|  0%| F|  |TAMS 0x0000000085000000| PB 0x0000000085000000| Untracked 
|  81|0x0000000085100000, 0x0000000085100000, 0x0000000085200000|  0%| F|  |TAMS 0x0000000085100000| PB 0x0000000085100000| Untracked 
|  82|0x0000000085200000, 0x0000000085200000, 0x0000000085300000|  0%| F|  |TAMS 0x0000000085200000| PB 0x0000000085200000| Untracked 
|  83|0x0000000085300000, 0x0000000085300000, 0x0000000085400000|  0%| F|  |TAMS 0x0000000085300000| PB 0x0000000085300000| Untracked 
|  84|0x0000000085400000, 0x0000000085400000, 0x0000000085500000|  0%| F|  |TAMS 0x0000000085400000| PB 0x0000000085400000| Untracked 
|  85|0x0000000085500000, 0x0000000085500000, 0x0000000085600000|  0%| F|  |TAMS 0x0000000085500000| PB 0x0000000085500000| Untracked 
|  86|0x0000000085600000, 0x0000000085600000, 0x0000000085700000|  0%| F|  |TAMS 0x0000000085600000| PB 0x0000000085600000| Untracked 
|  87|0x0000000085700000, 0x000000008574a150, 0x0000000085800000| 28%| S|CS|TAMS 0x0000000085700000| PB 0x0000000085700000| Complete 
|  88|0x0000000085800000, 0x0000000085900000, 0x0000000085900000|100%| S|CS|TAMS 0x0000000085800000| PB 0x0000000085800000| Complete 
|  89|0x0000000085900000, 0x0000000085a00000, 0x0000000085a00000|100%| S|CS|TAMS 0x0000000085900000| PB 0x0000000085900000| Complete 
|  90|0x0000000085a00000, 0x0000000085a00000, 0x0000000085b00000|  0%| F|  |TAMS 0x0000000085a00000| PB 0x0000000085a00000| Untracked 
|  91|0x0000000085b00000, 0x0000000085b00000, 0x0000000085c00000|  0%| F|  |TAMS 0x0000000085b00000| PB 0x0000000085b00000| Untracked 
|  92|0x0000000085c00000, 0x0000000085c00000, 0x0000000085d00000|  0%| F|  |TAMS 0x0000000085c00000| PB 0x0000000085c00000| Untracked 
|  93|0x0000000085d00000, 0x0000000085d00000, 0x0000000085e00000|  0%| F|  |TAMS 0x0000000085d00000| PB 0x0000000085d00000| Untracked 
|  94|0x0000000085e00000, 0x0000000085e00000, 0x0000000085f00000|  0%| F|  |TAMS 0x0000000085e00000| PB 0x0000000085e00000| Untracked 
|  95|0x0000000085f00000, 0x0000000085f00000, 0x0000000086000000|  0%| F|  |TAMS 0x0000000085f00000| PB 0x0000000085f00000| Untracked 
|  96|0x0000000086000000, 0x0000000086000000, 0x0000000086100000|  0%| F|  |TAMS 0x0000000086000000| PB 0x0000000086000000| Untracked 
|  97|0x0000000086100000, 0x0000000086100000, 0x0000000086200000|  0%| F|  |TAMS 0x0000000086100000| PB 0x0000000086100000| Untracked 
|  98|0x0000000086200000, 0x0000000086200000, 0x0000000086300000|  0%| F|  |TAMS 0x0000000086200000| PB 0x0000000086200000| Untracked 
|  99|0x0000000086300000, 0x0000000086300000, 0x0000000086400000|  0%| F|  |TAMS 0x0000000086300000| PB 0x0000000086300000| Untracked 
| 100|0x0000000086400000, 0x0000000086400000, 0x0000000086500000|  0%| F|  |TAMS 0x0000000086400000| PB 0x0000000086400000| Untracked 
| 101|0x0000000086500000, 0x0000000086500000, 0x0000000086600000|  0%| F|  |TAMS 0x0000000086500000| PB 0x0000000086500000| Untracked 
| 102|0x0000000086600000, 0x0000000086600000, 0x0000000086700000|  0%| F|  |TAMS 0x0000000086600000| PB 0x0000000086600000| Untracked 
| 103|0x0000000086700000, 0x0000000086700000, 0x0000000086800000|  0%| F|  |TAMS 0x0000000086700000| PB 0x0000000086700000| Untracked 
| 104|0x0000000086800000, 0x0000000086800000, 0x0000000086900000|  0%| F|  |TAMS 0x0000000086800000| PB 0x0000000086800000| Untracked 
| 105|0x0000000086900000, 0x0000000086900000, 0x0000000086a00000|  0%| F|  |TAMS 0x0000000086900000| PB 0x0000000086900000| Untracked 
| 106|0x0000000086a00000, 0x0000000086a00000, 0x0000000086b00000|  0%| F|  |TAMS 0x0000000086a00000| PB 0x0000000086a00000| Untracked 
| 107|0x0000000086b00000, 0x0000000086b00000, 0x0000000086c00000|  0%| F|  |TAMS 0x0000000086b00000| PB 0x0000000086b00000| Untracked 
| 108|0x0000000086c00000, 0x0000000086c00000, 0x0000000086d00000|  0%| F|  |TAMS 0x0000000086c00000| PB 0x0000000086c00000| Untracked 
| 109|0x0000000086d00000, 0x0000000086d00000, 0x0000000086e00000|  0%| F|  |TAMS 0x0000000086d00000| PB 0x0000000086d00000| Untracked 
| 110|0x0000000086e00000, 0x0000000086e00000, 0x0000000086f00000|  0%| F|  |TAMS 0x0000000086e00000| PB 0x0000000086e00000| Untracked 
| 111|0x0000000086f00000, 0x0000000086f00000, 0x0000000087000000|  0%| F|  |TAMS 0x0000000086f00000| PB 0x0000000086f00000| Untracked 
| 112|0x0000000087000000, 0x0000000087000000, 0x0000000087100000|  0%| F|  |TAMS 0x0000000087000000| PB 0x0000000087000000| Untracked 
| 113|0x0000000087100000, 0x0000000087100000, 0x0000000087200000|  0%| F|  |TAMS 0x0000000087100000| PB 0x0000000087100000| Untracked 
| 114|0x0000000087200000, 0x0000000087200000, 0x0000000087300000|  0%| F|  |TAMS 0x0000000087200000| PB 0x0000000087200000| Untracked 
| 115|0x0000000087300000, 0x0000000087300000, 0x0000000087400000|  0%| F|  |TAMS 0x0000000087300000| PB 0x0000000087300000| Untracked 
| 116|0x0000000087400000, 0x0000000087400000, 0x0000000087500000|  0%| F|  |TAMS 0x0000000087400000| PB 0x0000000087400000| Untracked 
| 117|0x0000000087500000, 0x0000000087500000, 0x0000000087600000|  0%| F|  |TAMS 0x0000000087500000| PB 0x0000000087500000| Untracked 
| 225|0x000000008e100000, 0x000000008e100000, 0x000000008e200000|  0%| F|  |TAMS 0x000000008e100000| PB 0x000000008e100000| Untracked 
| 226|0x000000008e200000, 0x000000008e200000, 0x000000008e300000|  0%| F|  |TAMS 0x000000008e200000| PB 0x000000008e200000| Untracked 
| 227|0x000000008e300000, 0x000000008e300000, 0x000000008e400000|  0%| F|  |TAMS 0x000000008e300000| PB 0x000000008e300000| Untracked 
| 228|0x000000008e400000, 0x000000008e400000, 0x000000008e500000|  0%| F|  |TAMS 0x000000008e400000| PB 0x000000008e400000| Untracked 
| 229|0x000000008e500000, 0x000000008e500000, 0x000000008e600000|  0%| F|  |TAMS 0x000000008e500000| PB 0x000000008e500000| Untracked 
| 230|0x000000008e600000, 0x000000008e600000, 0x000000008e700000|  0%| F|  |TAMS 0x000000008e600000| PB 0x000000008e600000| Untracked 
| 231|0x000000008e700000, 0x000000008e800000, 0x000000008e800000|100%| E|  |TAMS 0x000000008e700000| PB 0x000000008e700000| Complete 
| 232|0x000000008e800000, 0x000000008e900000, 0x000000008e900000|100%| E|CS|TAMS 0x000000008e800000| PB 0x000000008e800000| Complete 
| 233|0x000000008e900000, 0x000000008ea00000, 0x000000008ea00000|100%| E|CS|TAMS 0x000000008e900000| PB 0x000000008e900000| Complete 
| 251|0x000000008fb00000, 0x000000008fc00000, 0x000000008fc00000|100%| E|CS|TAMS 0x000000008fb00000| PB 0x000000008fb00000| Complete 
|2039|0x00000000ff700000, 0x00000000ff800000, 0x00000000ff800000|100%| O|  |TAMS 0x00000000ff700000| PB 0x00000000ff700000| Untracked 
|2040|0x00000000ff800000, 0x00000000ff900000, 0x00000000ff900000|100%| O|Cm|TAMS 0x00000000ff800000| PB 0x00000000ff800000| Complete 
|2041|0x00000000ff900000, 0x00000000ffa00000, 0x00000000ffa00000|100%| O|  |TAMS 0x00000000ff900000| PB 0x00000000ff900000| Untracked 
|2042|0x00000000ffa00000, 0x00000000ffb00000, 0x00000000ffb00000|100%| O|  |TAMS 0x00000000ffa00000| PB 0x00000000ffa00000| Untracked 
|2043|0x00000000ffb00000, 0x00000000ffc00000, 0x00000000ffc00000|100%| O|  |TAMS 0x00000000ffb00000| PB 0x00000000ffb00000| Untracked 
|2044|0x00000000ffc00000, 0x00000000ffd00000, 0x00000000ffd00000|100%| O|  |TAMS 0x00000000ffc00000| PB 0x00000000ffc00000| Untracked 
|2045|0x00000000ffd00000, 0x00000000ffe00000, 0x00000000ffe00000|100%| O|  |TAMS 0x00000000ffd00000| PB 0x00000000ffd00000| Untracked 
|2046|0x00000000ffe00000, 0x00000000fff00000, 0x00000000fff00000|100%| O|  |TAMS 0x00000000ffe00000| PB 0x00000000ffe00000| Untracked 
|2047|0x00000000fff00000, 0x0000000100000000, 0x0000000100000000|100%| O|  |TAMS 0x00000000fff00000| PB 0x00000000fff00000| Untracked 

Card table byte_map: [0x0000017261080000,0x0000017261480000] _byte_map_base: 0x0000017260c80000

Marking Bits: (CMBitMap*) 0x000001724c3f6410
 Bits: [0x0000017261480000, 0x0000017263480000)

Polling page: 0x000001724c170000

Metaspace:

Usage:
  Non-class:     55.76 MB used.
      Class:      8.92 MB used.
       Both:     64.69 MB used.

Virtual space:
  Non-class space:       64.00 MB reserved,      56.69 MB ( 89%) committed,  1 nodes.
      Class space:        1.00 GB reserved,       9.81 MB ( <1%) committed,  1 nodes.
             Both:        1.06 GB reserved,      66.50 MB (  6%) committed. 

Chunk freelists:
   Non-Class:  6.56 MB
       Class:  6.17 MB
        Both:  12.72 MB

MaxMetaspaceSize: unlimited
CompressedClassSpaceSize: 1.00 GB
Initial GC threshold: 21.00 MB
Current GC threshold: 103.38 MB
CDS: off
 - commit_granule_bytes: 65536.
 - commit_granule_words: 8192.
 - virtual_space_node_default_size: 8388608.
 - enlarge_chunks_in_place: 1.
 - use_allocation_guard: 0.


Internal statistics:

num_allocs_failed_limit: 9.
num_arena_births: 3132.
num_arena_deaths: 0.
num_vsnodes_births: 2.
num_vsnodes_deaths: 0.
num_space_committed: 1064.
num_space_uncommitted: 0.
num_chunks_returned_to_freelist: 9.
num_chunks_taken_from_freelist: 5850.
num_chunk_merges: 9.
num_chunk_splits: 3777.
num_chunks_enlarged: 2319.
num_inconsistent_stats: 0.

CodeHeap 'non-profiled nmethods': size=119168Kb used=3307Kb max_used=3348Kb free=115860Kb
 bounds [0x0000017258860000, 0x0000017258bb0000, 0x000001725fcc0000]
CodeHeap 'profiled nmethods': size=119104Kb used=11972Kb max_used=12086Kb free=107131Kb
 bounds [0x0000017250cc0000, 0x00000172518a0000, 0x0000017258110000]
CodeHeap 'non-nmethods': size=7488Kb used=4405Kb max_used=4461Kb free=3082Kb
 bounds [0x0000017258110000, 0x0000017258570000, 0x0000017258860000]
 total_blobs=6923 nmethods=6055 adapters=767
 compilation: enabled
              stopped_count=0, restarted_count=0
 full_count=0

Compilation events (20 events):
Event: 4.056 Thread 0x00000172669a25d0 nmethod 6848 0x0000017258922090 code [0x0000017258922220, 0x00000172589222e8]
Event: 4.056 Thread 0x00000172715a24c0 6849       4       org.objectweb.asm.ClassReader::readUtf (44 bytes)
Event: 4.057 Thread 0x000001726699f860 6850       3       org.objectweb.asm.ClassReader::readShort (27 bytes)
Event: 4.057 Thread 0x000001726699f860 nmethod 6850 0x0000017250e8d490 code [0x0000017250e8d640, 0x0000017250e8d7b8]
Event: 4.057 Thread 0x000001726699f860 6851       3       org.objectweb.asm.ClassReader::readConst (276 bytes)
Event: 4.057 Thread 0x00000172669a25d0 6852       3       org.objectweb.asm.MethodWriter::visitCode (1 bytes)
Event: 4.057 Thread 0x00000172669a25d0 nmethod 6852 0x0000017251041c90 code [0x0000017251041e20, 0x0000017251041f28]
Event: 4.059 Thread 0x000001726699f860 nmethod 6851 0x0000017250daba90 code [0x0000017250dabf20, 0x0000017250dadb78]
Event: 4.063 Thread 0x000001726699ff10 6855       3       java.io.FilterInputStream::read (11 bytes)
Event: 4.063 Thread 0x000001726699ff10 nmethod 6855 0x0000017250ffa990 code [0x0000017250ffab40, 0x0000017250ffad10]
Event: 4.065 Thread 0x000001726699ff10 6856       3       org.objectweb.asm.Frame::addInitializedType (77 bytes)
Event: 4.065 Thread 0x000001726699f860 6857       3       org.gradle.internal.instantiation.generator.AsmBackedClassGenerator$ClassBuilderImpl::access$5700 (4 bytes)
Event: 4.066 Thread 0x000001726699f860 nmethod 6857 0x00000172511beb10 code [0x00000172511beca0, 0x00000172511bed98]
Event: 4.066 Thread 0x000001726699ff10 nmethod 6856 0x0000017250ead210 code [0x0000017250ead3e0, 0x0000017250ead8e8]
Event: 4.067 Thread 0x000001726b10c610 nmethod 6844 0x0000017258a79b10 code [0x0000017258a79ea0, 0x0000017258a7bc48]
Event: 4.067 Thread 0x000001726b10c610 6854       4       org.objectweb.asm.Frame::accept (264 bytes)
Event: 4.068 Thread 0x000001726699f860 6858       3       java.lang.invoke.LambdaForm$Name::<init> (19 bytes)
Event: 4.068 Thread 0x000001726699f860 nmethod 6858 0x000001725108ae90 code [0x000001725108b0c0, 0x000001725108b758]
Event: 4.073 Thread 0x00000172715a24c0 nmethod 6849 0x0000017258a01690 code [0x0000017258a01880, 0x0000017258a02510]
Event: 4.073 Thread 0x00000172715a24c0 6853       4       org.objectweb.asm.MethodWriter::visitLabel (332 bytes)

GC Heap History (20 events):
Event: 1.221 GC heap before
{Heap before GC invocations=3 (full 0):
 garbage-first heap   total 258048K, used 36446K [0x0000000080000000, 0x0000000100000000)
  region size 1024K, 24 young (24576K), 6 survivors (6144K)
 Metaspace       used 21187K, committed 21504K, reserved 1114112K
  class space    used 2433K, committed 2624K, reserved 1048576K
}
Event: 1.223 GC heap after
{Heap after GC invocations=4 (full 0):
 garbage-first heap   total 258048K, used 21617K [0x0000000080000000, 0x0000000100000000)
  region size 1024K, 9 young (9216K), 9 survivors (9216K)
 Metaspace       used 21187K, committed 21504K, reserved 1114112K
  class space    used 2433K, committed 2624K, reserved 1048576K
}
Event: 1.678 GC heap before
{Heap before GC invocations=5 (full 0):
 garbage-first heap   total 78848K, used 77937K [0x0000000080000000, 0x0000000100000000)
  region size 1024K, 64 young (65536K), 9 survivors (9216K)
 Metaspace       used 30158K, committed 30720K, reserved 1114112K
  class space    used 3887K, committed 4160K, reserved 1048576K
}
Event: 1.682 GC heap after
{Heap after GC invocations=6 (full 0):
 garbage-first heap   total 91136K, used 24571K [0x0000000080000000, 0x0000000100000000)
  region size 1024K, 12 young (12288K), 12 survivors (12288K)
 Metaspace       used 30158K, committed 30720K, reserved 1114112K
  class space    used 3887K, committed 4160K, reserved 1048576K
}
Event: 2.008 GC heap before
{Heap before GC invocations=6 (full 0):
 garbage-first heap   total 91136K, used 74747K [0x0000000080000000, 0x0000000100000000)
  region size 1024K, 52 young (53248K), 12 survivors (12288K)
 Metaspace       used 35123K, committed 35968K, reserved 1114112K
  class space    used 4735K, committed 5184K, reserved 1048576K
}
Event: 2.011 GC heap after
{Heap after GC invocations=7 (full 0):
 garbage-first heap   total 95232K, used 40742K [0x0000000080000000, 0x0000000100000000)
  region size 1024K, 7 young (7168K), 7 survivors (7168K)
 Metaspace       used 35123K, committed 35968K, reserved 1114112K
  class space    used 4735K, committed 5184K, reserved 1048576K
}
Event: 2.042 GC heap before
{Heap before GC invocations=7 (full 0):
 garbage-first heap   total 95232K, used 45862K [0x0000000080000000, 0x0000000100000000)
  region size 1024K, 12 young (12288K), 7 survivors (7168K)
 Metaspace       used 35416K, committed 36288K, reserved 1114112K
  class space    used 4784K, committed 5184K, reserved 1048576K
}
Event: 2.045 GC heap after
{Heap after GC invocations=8 (full 0):
 garbage-first heap   total 95232K, used 44239K [0x0000000080000000, 0x0000000100000000)
  region size 1024K, 2 young (2048K), 2 survivors (2048K)
 Metaspace       used 35416K, committed 36288K, reserved 1114112K
  class space    used 4784K, committed 5184K, reserved 1048576K
}
Event: 2.353 GC heap before
{Heap before GC invocations=9 (full 0):
 garbage-first heap   total 95232K, used 82127K [0x0000000080000000, 0x0000000100000000)
  region size 1024K, 39 young (39936K), 2 survivors (2048K)
 Metaspace       used 40188K, committed 41280K, reserved 1114112K
  class space    used 5565K, committed 6080K, reserved 1048576K
}
Event: 2.354 GC heap after
{Heap after GC invocations=10 (full 0):
 garbage-first heap   total 95232K, used 45383K [0x0000000080000000, 0x0000000100000000)
  region size 1024K, 3 young (3072K), 3 survivors (3072K)
 Metaspace       used 40188K, committed 41280K, reserved 1114112K
  class space    used 5565K, committed 6080K, reserved 1048576K
}
Event: 2.653 GC heap before
{Heap before GC invocations=10 (full 0):
 garbage-first heap   total 95232K, used 83271K [0x0000000080000000, 0x0000000100000000)
  region size 1024K, 40 young (40960K), 3 survivors (3072K)
 Metaspace       used 47618K, committed 48896K, reserved 1114112K
  class space    used 6536K, committed 7168K, reserved 1048576K
}
Event: 2.655 GC heap after
{Heap after GC invocations=11 (full 0):
 garbage-first heap   total 95232K, used 48633K [0x0000000080000000, 0x0000000100000000)
  region size 1024K, 5 young (5120K), 5 survivors (5120K)
 Metaspace       used 47618K, committed 48896K, reserved 1114112K
  class space    used 6536K, committed 7168K, reserved 1048576K
}
Event: 2.809 GC heap before
{Heap before GC invocations=11 (full 0):
 garbage-first heap   total 95232K, used 81401K [0x0000000080000000, 0x0000000100000000)
  region size 1024K, 39 young (39936K), 5 survivors (5120K)
 Metaspace       used 49543K, committed 50816K, reserved 1114112K
  class space    used 6728K, committed 7360K, reserved 1048576K
}
Event: 2.812 GC heap after
{Heap after GC invocations=12 (full 0):
 garbage-first heap   total 95232K, used 52744K [0x0000000080000000, 0x0000000100000000)
  region size 1024K, 4 young (4096K), 4 survivors (4096K)
 Metaspace       used 49543K, committed 50816K, reserved 1114112K
  class space    used 6728K, committed 7360K, reserved 1048576K
}
Event: 3.086 GC heap before
{Heap before GC invocations=13 (full 0):
 garbage-first heap   total 99328K, used 89608K [0x0000000080000000, 0x0000000100000000)
  region size 1024K, 35 young (35840K), 4 survivors (4096K)
 Metaspace       used 53923K, committed 55424K, reserved 1114112K
  class space    used 7341K, committed 8064K, reserved 1048576K
}
Event: 3.088 GC heap after
{Heap after GC invocations=14 (full 0):
 garbage-first heap   total 122880K, used 54558K [0x0000000080000000, 0x0000000100000000)
  region size 1024K, 3 young (3072K), 3 survivors (3072K)
 Metaspace       used 53923K, committed 55424K, reserved 1114112K
  class space    used 7341K, committed 8064K, reserved 1048576K
}
Event: 3.467 GC heap before
{Heap before GC invocations=14 (full 0):
 garbage-first heap   total 122880K, used 121118K [0x0000000080000000, 0x0000000100000000)
  region size 1024K, 53 young (54272K), 3 survivors (3072K)
 Metaspace       used 58245K, committed 59776K, reserved 1114112K
  class space    used 7831K, committed 8576K, reserved 1048576K
}
Event: 3.471 GC heap after
{Heap after GC invocations=15 (full 0):
 garbage-first heap   total 135168K, used 76925K [0x0000000080000000, 0x0000000100000000)
  region size 1024K, 7 young (7168K), 7 survivors (7168K)
 Metaspace       used 58245K, committed 59776K, reserved 1114112K
  class space    used 7831K, committed 8576K, reserved 1048576K
}
Event: 3.765 GC heap before
{Heap before GC invocations=15 (full 0):
 garbage-first heap   total 135168K, used 118909K [0x0000000080000000, 0x0000000100000000)
  region size 1024K, 48 young (49152K), 7 survivors (7168K)
 Metaspace       used 61799K, committed 63360K, reserved 1114112K
  class space    used 8408K, committed 9152K, reserved 1048576K
}
Event: 3.768 GC heap after
{Heap after GC invocations=16 (full 0):
 garbage-first heap   total 135168K, used 80687K [0x0000000080000000, 0x0000000100000000)
  region size 1024K, 5 young (5120K), 5 survivors (5120K)
 Metaspace       used 61799K, committed 63360K, reserved 1114112K
  class space    used 8408K, committed 9152K, reserved 1048576K
}

Dll operation events (3 events):
Event: 0.013 Loaded shared library C:\Program Files\Android\Android Studio\jbr\bin\java.dll
Event: 0.018 Loaded shared library C:\Program Files\Android\Android Studio\jbr\bin\zip.dll
Event: 0.318 Loaded shared library C:\Program Files\Android\Android Studio\jbr\bin\verify.dll

Deoptimization events (20 events):
Event: 4.013 Thread 0x000001726cfeb930 Uncommon trap: trap_request=0xffffff45 fr.pc=0x000001725895a8d8 relative=0x0000000000000818
Event: 4.013 Thread 0x000001726cfeb930 Uncommon trap: reason=unstable_if action=reinterpret pc=0x000001725895a8d8 method=java.util.HashMap.putVal(ILjava/lang/Object;Ljava/lang/Object;ZZ)Ljava/lang/Object; @ 85 c2
Event: 4.013 Thread 0x000001726cfeb930 DEOPT PACKING pc=0x000001725895a8d8 sp=0x0000001db23f8470
Event: 4.013 Thread 0x000001726cfeb930 DEOPT UNPACKING pc=0x00000172581646a2 sp=0x0000001db23f83a0 mode 2
Event: 4.014 Thread 0x000001726cfeb930 Uncommon trap: trap_request=0xffffff45 fr.pc=0x0000017258b87320 relative=0x00000000000015e0
Event: 4.014 Thread 0x000001726cfeb930 Uncommon trap: reason=unstable_if action=reinterpret pc=0x0000017258b87320 method=java.util.concurrent.ConcurrentHashMap.computeIfAbsent(Ljava/lang/Object;Ljava/util/function/Function;)Ljava/lang/Object; @ 123 c2
Event: 4.014 Thread 0x000001726cfeb930 DEOPT PACKING pc=0x0000017258b87320 sp=0x0000001db23f8df0
Event: 4.014 Thread 0x000001726cfeb930 DEOPT UNPACKING pc=0x00000172581646a2 sp=0x0000001db23f8d90 mode 2
Event: 4.015 Thread 0x000001726cfeb930 Uncommon trap: trap_request=0xffffff45 fr.pc=0x00000172588f4814 relative=0x0000000000000374
Event: 4.015 Thread 0x000001726cfeb930 Uncommon trap: reason=unstable_if action=reinterpret pc=0x00000172588f4814 method=org.gradle.internal.reflect.PropertyAccessorType.isGetGetterName(Ljava/lang/String;)Z @ 14 c2
Event: 4.015 Thread 0x000001726cfeb930 DEOPT PACKING pc=0x00000172588f4814 sp=0x0000001db23f89a0
Event: 4.015 Thread 0x000001726cfeb930 DEOPT UNPACKING pc=0x00000172581646a2 sp=0x0000001db23f88f8 mode 2
Event: 4.023 Thread 0x000001726cfeb930 Uncommon trap: trap_request=0xffffffc6 fr.pc=0x0000017258aa41cc relative=0x000000000000026c
Event: 4.023 Thread 0x000001726cfeb930 Uncommon trap: reason=bimorphic_or_optimized_type_check action=maybe_recompile pc=0x0000017258aa41cc method=java.util.Spliterators$IteratorSpliterator.tryAdvance(Ljava/util/function/Consumer;)Z @ 50 c2
Event: 4.023 Thread 0x000001726cfeb930 DEOPT PACKING pc=0x0000017258aa41cc sp=0x0000001db23f8c70
Event: 4.023 Thread 0x000001726cfeb930 DEOPT UNPACKING pc=0x00000172581646a2 sp=0x0000001db23f8c10 mode 2
Event: 4.061 Thread 0x000001726cfeb930 Uncommon trap: trap_request=0xffffffc6 fr.pc=0x0000017258aa41cc relative=0x000000000000026c
Event: 4.061 Thread 0x000001726cfeb930 Uncommon trap: reason=bimorphic_or_optimized_type_check action=maybe_recompile pc=0x0000017258aa41cc method=java.util.Spliterators$IteratorSpliterator.tryAdvance(Ljava/util/function/Consumer;)Z @ 50 c2
Event: 4.061 Thread 0x000001726cfeb930 DEOPT PACKING pc=0x0000017258aa41cc sp=0x0000001db23f8c70
Event: 4.061 Thread 0x000001726cfeb930 DEOPT UNPACKING pc=0x00000172581646a2 sp=0x0000001db23f8c10 mode 2

Classes loaded (20 events):
Event: 3.921 Loading class java/util/IdentityHashMap$EntryIterator
Event: 3.921 Loading class java/util/IdentityHashMap$IdentityHashMapIterator
Event: 3.921 Loading class java/util/IdentityHashMap$IdentityHashMapIterator done
Event: 3.921 Loading class java/util/IdentityHashMap$EntryIterator done
Event: 3.921 Loading class java/util/IdentityHashMap$EntryIterator$Entry
Event: 3.922 Loading class java/util/IdentityHashMap$EntryIterator$Entry done
Event: 3.932 Loading class java/util/concurrent/RecursiveAction
Event: 3.932 Loading class java/util/concurrent/RecursiveAction done
Event: 3.943 Loading class java/lang/invoke/SerializedLambda$1
Event: 3.943 Loading class java/lang/invoke/SerializedLambda$1 done
Event: 3.956 Loading class org/xml/sax/Locator
Event: 3.956 Loading class org/xml/sax/Locator done
Event: 3.956 Loading class org/xml/sax/SAXParseException
Event: 3.957 Loading class org/xml/sax/SAXParseException done
Event: 3.957 Loading class org/xml/sax/Attributes
Event: 3.957 Loading class org/xml/sax/Attributes done
Event: 3.986 Loading class java/util/DualPivotQuicksort
Event: 3.987 Loading class java/util/DualPivotQuicksort done
Event: 4.013 Loading class java/util/function/LongUnaryOperator
Event: 4.013 Loading class java/util/function/LongUnaryOperator done

Classes unloaded (0 events):
No events

Classes redefined (0 events):
No events

Internal exceptions (20 events):
Event: 3.918 Thread 0x000001726cfeb930 Exception <a 'java/lang/NoSuchMethodError'{0x0000000086c555e0}: 'void java.lang.invoke.DelegatingMethodHandle$Holder.reinvoke_L(java.lang.Object, java.lang.Object, int)'> (0x0000000086c555e0) 
thrown [s\src\hotspot\share\interpreter\linkResolver.cpp, line 784]
Event: 3.918 Thread 0x000001726cfeb930 Exception <a 'java/lang/NoSuchMethodError'{0x0000000086c5cbb8}: 'int java.lang.invoke.Invokers$Holder.invokeExact_MT(java.lang.Object, java.lang.Object, java.lang.Object)'> (0x0000000086c5cbb8) 
thrown [s\src\hotspot\share\interpreter\linkResolver.cpp, line 784]
Event: 3.919 Thread 0x000001726cfeb930 Exception <a 'java/lang/NoSuchMethodError'{0x0000000086c6c7c0}: 'long java.lang.invoke.DelegatingMethodHandle$Holder.reinvoke_L(java.lang.Object, java.lang.Object)'> (0x0000000086c6c7c0) 
thrown [s\src\hotspot\share\interpreter\linkResolver.cpp, line 784]
Event: 3.919 Thread 0x000001726cfeb930 Exception <a 'java/lang/NoSuchMethodError'{0x0000000086c77088}: 'void java.lang.invoke.DelegatingMethodHandle$Holder.reinvoke_L(java.lang.Object, java.lang.Object, long)'> (0x0000000086c77088) 
thrown [s\src\hotspot\share\interpreter\linkResolver.cpp, line 784]
Event: 3.919 Thread 0x000001726cfeb930 Exception <a 'java/lang/NoSuchMethodError'{0x0000000086c7e878}: 'long java.lang.invoke.Invokers$Holder.invokeExact_MT(java.lang.Object, java.lang.Object, java.lang.Object)'> (0x0000000086c7e878) 
thrown [s\src\hotspot\share\interpreter\linkResolver.cpp, line 784]
Event: 3.937 Thread 0x000001726cfeb930 Exception <a 'java/lang/NoSuchMethodError'{0x0000000086a92020}: 'void java.lang.invoke.Invokers$Holder.invokeExact_MT(java.lang.Object, java.lang.Object, java.lang.Object, java.lang.Object)'> (0x0000000086a92020) 
thrown [s\src\hotspot\share\interpreter\linkResolver.cpp, line 784]
Event: 3.940 Thread 0x000001726cfeb930 Exception <a 'java/lang/ClassNotFoundException'{0x0000000086afdb38}: org/gradle/internal/serialize/codecs/core/ClosureCodec$BrokenScriptBeanInfo> (0x0000000086afdb38) 
thrown [s\src\hotspot\share\classfile\systemDictionary.cpp, line 312]
Event: 3.941 Thread 0x000001726cfeb930 Exception <a 'java/lang/ClassNotFoundException'{0x000000008690c7c0}: org/gradle/internal/serialize/codecs/core/ClosureCodec$BrokenScriptCustomizer> (0x000000008690c7c0) 
thrown [s\src\hotspot\share\classfile\systemDictionary.cpp, line 312]
Event: 3.941 Thread 0x000001726cfeb930 Exception <a 'java/lang/ClassNotFoundException'{0x00000000869266a0}: org/gradle/api/invocation/GradleBeanInfo> (0x00000000869266a0) 
thrown [s\src\hotspot\share\classfile\systemDictionary.cpp, line 312]
Event: 3.941 Thread 0x000001726cfeb930 Exception <a 'java/lang/ClassNotFoundException'{0x0000000086932090}: org/gradle/api/invocation/GradleCustomizer> (0x0000000086932090) 
thrown [s\src\hotspot\share\classfile\systemDictionary.cpp, line 312]
Event: 3.942 Thread 0x000001726cfeb930 Exception <a 'java/lang/NoSuchMethodError'{0x0000000086954398}: 'void java.lang.invoke.Invokers$Holder.invokeExact_MT(java.lang.Object, java.lang.Object, int, java.lang.Object)'> (0x0000000086954398) 
thrown [s\src\hotspot\share\interpreter\linkResolver.cpp, line 784]
Event: 3.945 Thread 0x000001726cfeb930 Exception <a 'java/lang/NoSuchMethodError'{0x0000000086976280}: 'void java.lang.invoke.Invokers$Holder.invokeExact_MT(java.lang.Object, java.lang.Object, long, java.lang.Object)'> (0x0000000086976280) 
thrown [s\src\hotspot\share\interpreter\linkResolver.cpp, line 784]
Event: 3.953 Thread 0x000001726cfeb930 Exception <a 'java/lang/ClassNotFoundException'{0x000000008689a820}: org/gradle/api/internal/project/DefaultProject_DecoratedBeanInfo> (0x000000008689a820) 
thrown [s\src\hotspot\share\classfile\systemDictionary.cpp, line 312]
Event: 3.953 Thread 0x000001726cfeb930 Exception <a 'java/lang/ClassNotFoundException'{0x00000000868a6380}: org/gradle/api/internal/project/DefaultProjectBeanInfo> (0x00000000868a6380) 
thrown [s\src\hotspot\share\classfile\systemDictionary.cpp, line 312]
Event: 3.953 Thread 0x000001726cfeb930 Exception <a 'java/lang/ClassNotFoundException'{0x00000000868b1f58}: org/gradle/api/internal/project/DefaultProjectCustomizer> (0x00000000868b1f58) 
thrown [s\src\hotspot\share\classfile\systemDictionary.cpp, line 312]
Event: 3.955 Thread 0x000001726cfeb930 Exception <a 'java/lang/ClassNotFoundException'{0x00000000867685b0}: org/gradle/api/internal/project/DefaultProject_DecoratedCustomizer> (0x00000000867685b0) 
thrown [s\src\hotspot\share\classfile\systemDictionary.cpp, line 312]
Event: 4.013 Thread 0x000001726cfeb930 Exception <a 'java/lang/NoSuchMethodError'{0x0000000085f67ee8}: 'long java.lang.invoke.DirectMethodHandle$Holder.invokeStatic(java.lang.Object, long)'> (0x0000000085f67ee8) 
thrown [s\src\hotspot\share\interpreter\linkResolver.cpp, line 784]
Event: 4.069 Thread 0x000001726cfeb930 Exception <a 'java/lang/NoSuchMethodError'{0x0000000085a120a8}: 'java.lang.Object java.lang.invoke.DirectMethodHandle$Holder.invokeVirtual(java.lang.Object, java.lang.Object, java.lang.Object, java.lang.Object, java.lang.Object, java.lang.Object, java.lang.Object, java.lang.Object, java.lang.Object, java.lang.Object, java.lang.Object, java.lang.Object, java.lang.Object, java.lang.Object, java.lang.Object, java.lang.Object, java.lang.Object)'> (0x0000000085a120a8) 
thrown [s\src\hotspot\share\interpreter\li
Event: 4.069 Thread 0x000001726cfeb930 Exception <a 'java/lang/NoSuchMethodError'{0x0000000085a18060}: 'java.lang.Object java.lang.invoke.DirectMethodHandle$Holder.invokeSpecial(java.lang.Object, java.lang.Object, java.lang.Object, java.lang.Object, java.lang.Object, java.lang.Object, java.lang.Object, java.lang.Object, java.lang.Object, java.lang.Object, java.lang.Object, java.lang.Object, java.lang.Object, java.lang.Object, java.lang.Object, java.lang.Object, java.lang.Object, java.lang.Object)'> (0x0000000085a18060) 
thrown [s\src\hotspot\sh
Event: 4.069 Thread 0x000001726cfeb930 Exception <a 'java/lang/NoSuchMethodError'{0x0000000085a1d858}: 'java.lang.Object java.lang.invoke.DelegatingMethodHandle$Holder.reinvoke_L(java.lang.Object, java.lang.Object, java.lang.Object, java.lang.Object, java.lang.Object, java.lang.Object, java.lang.Object, java.lang.Object, java.lang.Object, java.lang.Object, java.lang.Object, java.lang.Object, java.lang.Object, java.lang.Object, java.lang.Object, java.lang.Object, java.lang.Object)'> (0x0000000085a1d858) 
thrown [s\src\hotspot\share\interpreter\l

ZGC Phase Switch (0 events):
No events

VM Operations (20 events):
Event: 3.717 Executing VM operation: ICBufferFull
Event: 3.717 Executing VM operation: ICBufferFull done
Event: 3.741 Executing VM operation: HandshakeAllThreads (Deoptimize)
Event: 3.741 Executing VM operation: HandshakeAllThreads (Deoptimize) done
Event: 3.751 Executing VM operation: HandshakeAllThreads (Deoptimize)
Event: 3.751 Executing VM operation: HandshakeAllThreads (Deoptimize) done
Event: 3.765 Executing VM operation: G1CollectForAllocation (G1 Evacuation Pause)
Event: 3.769 Executing VM operation: G1CollectForAllocation (G1 Evacuation Pause) done
Event: 3.785 Executing VM operation: G1PauseRemark
Event: 3.787 Executing VM operation: G1PauseRemark done
Event: 3.795 Executing VM operation: G1PauseCleanup
Event: 3.795 Executing VM operation: G1PauseCleanup done
Event: 3.799 Executing VM operation: HandshakeAllThreads (Deoptimize)
Event: 3.799 Executing VM operation: HandshakeAllThreads (Deoptimize) done
Event: 3.866 Executing VM operation: HandshakeAllThreads (Deoptimize)
Event: 3.866 Executing VM operation: HandshakeAllThreads (Deoptimize) done
Event: 3.929 Executing VM operation: HandshakeAllThreads (Deoptimize)
Event: 3.929 Executing VM operation: HandshakeAllThreads (Deoptimize) done
Event: 4.035 Executing VM operation: ICBufferFull
Event: 4.035 Executing VM operation: ICBufferFull done

Events (20 events):
Event: 3.787 Thread 0x0000017266714bd0 flushing nmethod 0x0000017258a3b490
Event: 3.787 Thread 0x0000017266714bd0 flushing nmethod 0x0000017258a82610
Event: 3.787 Thread 0x0000017266714bd0 flushing nmethod 0x0000017258a2bc90
Event: 3.787 Thread 0x0000017266714bd0 flushing nmethod 0x0000017258a42a90
Event: 3.787 Thread 0x0000017266714bd0 flushing nmethod 0x0000017258a41990
Event: 3.787 Thread 0x0000017266714bd0 flushing nmethod 0x0000017258a44e90
Event: 3.787 Thread 0x0000017266714bd0 flushing nmethod 0x00000172589aa710
Event: 3.787 Thread 0x0000017266714bd0 flushing nmethod 0x0000017258a01690
Event: 3.787 Thread 0x0000017266714bd0 flushing nmethod 0x00000172588c6610
Event: 3.787 Thread 0x0000017266714bd0 flushing nmethod 0x00000172589a2790
Event: 3.787 Thread 0x0000017266714bd0 flushing nmethod 0x0000017258959e90
Event: 3.787 Thread 0x0000017266714bd0 flushing nmethod 0x00000172588e4f90
Event: 3.787 Thread 0x0000017266714bd0 flushing nmethod 0x00000172588d0910
Event: 3.787 Thread 0x0000017266714bd0 flushing nmethod 0x0000017258921110
Event: 3.787 Thread 0x0000017266714bd0 flushing nmethod 0x00000172588bd690
Event: 3.787 Thread 0x0000017266714bd0 flushing nmethod 0x000001725890b510
Event: 3.787 Thread 0x0000017266714bd0 flushing nmethod 0x00000172588eef10
Event: 3.787 Thread 0x0000017266714bd0 flushing nmethod 0x00000172588fa410
Event: 3.787 Thread 0x0000017266714bd0 flushing nmethod 0x00000172588da990
Event: 3.787 Thread 0x0000017266714bd0 flushing nmethod 0x0000017258860010


Dynamic libraries:
0x00007ff7f8450000 - 0x00007ff7f845a000 	C:\Program Files\Android\Android Studio\jbr\bin\java.exe
0x00007ff93dd30000 - 0x00007ff93df28000 	C:\Windows\SYSTEM32\ntdll.dll
0x00007ff93cc30000 - 0x00007ff93ccf2000 	C:\Windows\System32\KERNEL32.DLL
0x00007ff93b4d0000 - 0x00007ff93b7cf000 	C:\Windows\System32\KERNELBASE.dll
0x00007ff93ba00000 - 0x00007ff93bb00000 	C:\Windows\System32\ucrtbase.dll
0x00007ff907970000 - 0x00007ff907988000 	C:\Program Files\Android\Android Studio\jbr\bin\jli.dll
0x00007ff93d4b0000 - 0x00007ff93d64d000 	C:\Windows\System32\USER32.dll
0x00007ff93b9a0000 - 0x00007ff93b9c2000 	C:\Windows\System32\win32u.dll
0x00007ff93d390000 - 0x00007ff93d3bb000 	C:\Windows\System32\GDI32.dll
0x00007ff93b7d0000 - 0x00007ff93b8ea000 	C:\Windows\System32\gdi32full.dll
0x00007ff93bb50000 - 0x00007ff93bbed000 	C:\Windows\System32\msvcp_win.dll
0x00007ff9311a0000 - 0x00007ff9311bb000 	C:\Program Files\Android\Android Studio\jbr\bin\VCRUNTIME140.dll
0x00007ff8ff5e0000 - 0x00007ff8ff87a000 	C:\Windows\WinSxS\amd64_microsoft.windows.common-controls_6595b64144ccf1df_6.0.19041.4355_none_60b8b9eb71f62e16\COMCTL32.dll
0x00007ff93c1d0000 - 0x00007ff93c26e000 	C:\Windows\System32\msvcrt.dll
0x00007ff93cf30000 - 0x00007ff93cf5f000 	C:\Windows\System32\IMM32.DLL
0x00007ff927c10000 - 0x00007ff927c1c000 	C:\Program Files\Android\Android Studio\jbr\bin\vcruntime140_1.dll
0x00007ff8fc330000 - 0x00007ff8fc3bd000 	C:\Program Files\Android\Android Studio\jbr\bin\msvcp140.dll
0x00007ff8acd70000 - 0x00007ff8ad9ed000 	C:\Program Files\Android\Android Studio\jbr\bin\server\jvm.dll
0x00007ff93d650000 - 0x00007ff93d6ff000 	C:\Windows\System32\ADVAPI32.dll
0x00007ff93c270000 - 0x00007ff93c30f000 	C:\Windows\System32\sechost.dll
0x00007ff93d8b0000 - 0x00007ff93d9d3000 	C:\Windows\System32\RPCRT4.dll
0x00007ff93b9d0000 - 0x00007ff93b9f7000 	C:\Windows\System32\bcrypt.dll
0x00007ff93cec0000 - 0x00007ff93cf2b000 	C:\Windows\System32\WS2_32.dll
0x00007ff93a970000 - 0x00007ff93a9bb000 	C:\Windows\SYSTEM32\POWRPROF.dll
0x00007ff930e10000 - 0x00007ff930e1a000 	C:\Windows\SYSTEM32\VERSION.dll
0x00007ff92d030000 - 0x00007ff92d057000 	C:\Windows\SYSTEM32\WINMM.dll
0x00007ff93a7d0000 - 0x00007ff93a7e2000 	C:\Windows\SYSTEM32\UMPDC.dll
0x00007ff939bf0000 - 0x00007ff939c02000 	C:\Windows\SYSTEM32\kernel.appcore.dll
0x00007ff927c00000 - 0x00007ff927c0a000 	C:\Program Files\Android\Android Studio\jbr\bin\jimage.dll
0x00007ff939920000 - 0x00007ff939b04000 	C:\Windows\SYSTEM32\DBGHELP.DLL
0x00007ff923c00000 - 0x00007ff923c34000 	C:\Windows\SYSTEM32\dbgcore.DLL
0x00007ff93b3d0000 - 0x00007ff93b452000 	C:\Windows\System32\bcryptPrimitives.dll
0x00007ff934230000 - 0x00007ff93423e000 	C:\Program Files\Android\Android Studio\jbr\bin\instrument.dll
0x00007ff925ff0000 - 0x00007ff92600f000 	C:\Program Files\Android\Android Studio\jbr\bin\java.dll
0x00007ff907660000 - 0x00007ff907678000 	C:\Program Files\Android\Android Studio\jbr\bin\zip.dll
0x00007ff93c410000 - 0x00007ff93cb7d000 	C:\Windows\System32\SHELL32.dll
0x00007ff938e90000 - 0x00007ff939634000 	C:\Windows\SYSTEM32\windows.storage.dll
0x00007ff93cf60000 - 0x00007ff93d2b5000 	C:\Windows\System32\combase.dll
0x00007ff93ae00000 - 0x00007ff93ae2b000 	C:\Windows\SYSTEM32\Wldp.dll
0x00007ff93dbc0000 - 0x00007ff93dc8d000 	C:\Windows\System32\OLEAUT32.dll
0x00007ff93cb80000 - 0x00007ff93cc2d000 	C:\Windows\System32\SHCORE.dll
0x00007ff93d330000 - 0x00007ff93d385000 	C:\Windows\System32\shlwapi.dll
0x00007ff93b300000 - 0x00007ff93b325000 	C:\Windows\SYSTEM32\profapi.dll
0x00007ff926270000 - 0x00007ff926280000 	C:\Program Files\Android\Android Studio\jbr\bin\net.dll
0x00007ff933ab0000 - 0x00007ff933bba000 	C:\Windows\SYSTEM32\WINHTTP.dll
0x00007ff93ab60000 - 0x00007ff93abcc000 	C:\Windows\system32\mswsock.dll
0x00007ff905250000 - 0x00007ff905266000 	C:\Program Files\Android\Android Studio\jbr\bin\nio.dll
0x00007ff901750000 - 0x00007ff901760000 	C:\Program Files\Android\Android Studio\jbr\bin\verify.dll
0x00007ff905280000 - 0x00007ff9052a7000 	C:\Users\JHLEE\.gradle\native\c067742578af261105cb4f569cf0c3c89f3d7b1fecec35dd04571415982c5e48\windows-amd64\native-platform.dll
0x00007ff8e2940000 - 0x00007ff8e2a84000 	C:\Users\JHLEE\.gradle\native\100fb08df4bc3b14c8652ba06237920a3bd2aa13389f12d3474272988ae205f9\windows-amd64\native-platform-file-events.dll
0x00007ff907950000 - 0x00007ff907959000 	C:\Program Files\Android\Android Studio\jbr\bin\management.dll
0x00007ff904da0000 - 0x00007ff904dab000 	C:\Program Files\Android\Android Studio\jbr\bin\management_ext.dll
0x00007ff93cd00000 - 0x00007ff93cd08000 	C:\Windows\System32\PSAPI.DLL
0x00007ff93ad60000 - 0x00007ff93ad78000 	C:\Windows\SYSTEM32\CRYPTSP.dll
0x00007ff93a410000 - 0x00007ff93a448000 	C:\Windows\system32\rsaenh.dll
0x00007ff93b2c0000 - 0x00007ff93b2ee000 	C:\Windows\SYSTEM32\USERENV.dll
0x00007ff93ad50000 - 0x00007ff93ad5c000 	C:\Windows\SYSTEM32\CRYPTBASE.dll
0x00007ff93a7f0000 - 0x00007ff93a82b000 	C:\Windows\SYSTEM32\IPHLPAPI.DLL
0x00007ff93d2c0000 - 0x00007ff93d2c8000 	C:\Windows\System32\NSI.dll
0x00007ff925fe0000 - 0x00007ff925fe9000 	C:\Program Files\Android\Android Studio\jbr\bin\extnet.dll
0x00007ff8f7a60000 - 0x00007ff8f7a67000 	C:\Windows\system32\wshunix.dll

dbghelp: loaded successfully - version: 4.0.5 - missing functions: none
symbol engine: initialized successfully - sym options: 0x614 - pdb path: .;C:\Program Files\Android\Android Studio\jbr\bin;C:\Windows\SYSTEM32;C:\Windows\WinSxS\amd64_microsoft.windows.common-controls_6595b64144ccf1df_6.0.19041.4355_none_60b8b9eb71f62e16;C:\Program Files\Android\Android Studio\jbr\bin\server;C:\Users\JHLEE\.gradle\native\c067742578af261105cb4f569cf0c3c89f3d7b1fecec35dd04571415982c5e48\windows-amd64;C:\Users\JHLEE\.gradle\native\100fb08df4bc3b14c8652ba06237920a3bd2aa13389f12d3474272988ae205f9\windows-amd64

VM Arguments:
jvm_args: --add-opens=java.base/java.util=ALL-UNNAMED --add-opens=java.base/java.lang=ALL-UNNAMED --add-opens=java.base/java.lang.invoke=ALL-UNNAMED --add-opens=java.prefs/java.util.prefs=ALL-UNNAMED --add-exports=jdk.compiler/com.sun.tools.javac.api=ALL-UNNAMED --add-exports=jdk.compiler/com.sun.tools.javac.util=ALL-UNNAMED --add-opens=java.base/java.nio.charset=ALL-UNNAMED --add-opens=java.base/java.net=ALL-UNNAMED --add-opens=java.base/java.util.concurrent.atomic=ALL-UNNAMED -Xmx2048m -Dfile.encoding=UTF-8 -Duser.country=KR -Duser.language=ko -Duser.variant -javaagent:C:\Users\JHLEE\.gradle\wrapper\dists\gradle-8.9-bin\90cnw93cvbtalezasaz0blq0a\gradle-8.9\lib\agents\gradle-instrumentation-agent-8.9.jar 
java_command: org.gradle.launcher.daemon.bootstrap.GradleDaemon 8.9
java_class_path (initial): C:\Users\JHLEE\.gradle\wrapper\dists\gradle-8.9-bin\90cnw93cvbtalezasaz0blq0a\gradle-8.9\lib\gradle-daemon-main-8.9.jar
Launcher Type: SUN_STANDARD

[Global flags]
     intx CICompilerCount                          = 12                                        {product} {ergonomic}
     uint ConcGCThreads                            = 3                                         {product} {ergonomic}
     uint G1ConcRefinementThreads                  = 13                                        {product} {ergonomic}
   size_t G1HeapRegionSize                         = 1048576                                   {product} {ergonomic}
    uintx GCDrainStackTargetSize                   = 64                                        {product} {ergonomic}
   size_t InitialHeapSize                          = 264241152                                 {product} {ergonomic}
   size_t MarkStackSize                            = 4194304                                   {product} {ergonomic}
   size_t MaxHeapSize                              = 2147483648                                {product} {command line}
   size_t MaxNewSize                               = 1287651328                                {product} {ergonomic}
   size_t MinHeapDeltaBytes                        = 1048576                                   {product} {ergonomic}
   size_t MinHeapSize                              = 8388608                                   {product} {ergonomic}
    uintx NonNMethodCodeHeapSize                   = 7602480                                {pd product} {ergonomic}
    uintx NonProfiledCodeHeapSize                  = 122027880                              {pd product} {ergonomic}
    uintx ProfiledCodeHeapSize                     = 122027880                              {pd product} {ergonomic}
    uintx ReservedCodeCacheSize                    = 251658240                              {pd product} {ergonomic}
     bool SegmentedCodeCache                       = true                                      {product} {ergonomic}
   size_t SoftMaxHeapSize                          = 2147483648                             {manageable} {ergonomic}
     bool UseCompressedOops                        = true                           {product lp64_product} {ergonomic}
     bool UseG1GC                                  = true                                      {product} {ergonomic}
     bool UseLargePagesIndividualAllocation        = false                                  {pd product} {ergonomic}

Logging:
Log output configuration:
 #0: stdout all=warning uptime,level,tags foldmultilines=false
 #1: stderr all=off uptime,level,tags foldmultilines=false

Environment Variables:
PATH=C:\Program Files\Common Files\Oracle\Java\javapath;C:\Windows\system32;C:\Windows;C:\Windows\System32\Wbem;C:\Windows\System32\WindowsPowerShell\v1.0\;C:\Windows\System32\OpenSSH\;C:\Program Files\Bandizip\;C:\Program Files\PuTTY\;C:\Program Files (x86)\Windows Kits\8.1\Windows Performance Toolkit\;C:\Program Files\Microsoft SQL Server\110\Tools\Binn\;C:\Program Files\Microsoft SQL Server\120\DTS\Binn\;C:\Program Files\Microsoft SQL Server\Client SDK\ODBC\110\Tools\Binn\;C:\Program Files (x86)\Microsoft SQL Server\120\Tools\Binn\;C:\Program Files\Microsoft SQL Server\120\Tools\Binn\;C:\Program Files (x86)\Microsoft SQL Server\120\Tools\Binn\ManagementStudio\;C:\Program Files (x86)\Microsoft SQL Server\120\DTS\Binn\;C:\Program Files\Git\cmd;C:\Program Files (x86)\Windows Kits\10\Windows Performance Toolkit\;C:\Program Files\dotnet\;C:\Program Files (x86)\Microsoft SQL Server\150\Tools\Binn\;C:\Program Files\Microsoft SQL Server\150\Tools\Binn\;C:\Program Files (x86)\Microsoft SQL Server\150\DTS\Binn\;C:\Program Files\Microsoft SQL Server\150\DTS\Binn\;C:\Program Files\Microsoft SQL Server\Client SDK\ODBC\170\Tools\Binn\;C:\Users\JHLEE\AppData\Local\Microsoft\WindowsApps;
USERNAME=JHLEE
OS=Windows_NT
PROCESSOR_IDENTIFIER=Intel64 Family 6 Model 186 Stepping 2, GenuineIntel
TMP=C:\Users\JHLEE\AppData\Local\Temp
TEMP=C:\Users\JHLEE\AppData\Local\Temp




Periodic native trim disabled

JNI global refs:
JNI global refs: 35, weak refs: 2

JNI global refs memory usage: 835, weak refs: 833

Process memory usage:
Resident Set Size: 392328K (2% of 16485236K total physical memory with 2194076K free physical memory)

OOME stack traces (most recent first):
Classloader memory used:
Loader org.gradle.internal.classloader.VisitableURLClassLoader                         : 31454K
Loader bootstrap                                                                       : 22873K
Loader org.gradle.initialization.MixInLegacyTypesClassLoader                           : 9224K
Loader org.gradle.internal.classloader.VisitableURLClassLoader                         : 836K
Loader org.gradle.internal.classloader.VisitableURLClassLoader$InstrumentingVisitableURLClassLoader: 700K
Loader jdk.internal.loader.ClassLoaders$PlatformClassLoader                            : 547K
Loader jdk.internal.reflect.DelegatingClassLoader                                      : 260K
Loader jdk.internal.loader.ClassLoaders$AppClassLoader                                 : 230K
Loader org.gradle.groovy.scripts.internal.DefaultScriptCompilationHandler$ScriptClassLoader: 163K
Loader org.codehaus.groovy.runtime.callsite.CallSiteClassLoader                        : 55312B

Classes loaded by more than one classloader:
Class org.gradle.api.GradleException                                                  : loaded 3 times (x 79B)
Class org.gradle.internal.classloader.ClassLoaderHierarchy                            : loaded 2 times (x 67B)
Class org.gradle.api.internal.classpath.ManifestUtil                                  : loaded 2 times (x 68B)
Class org.jetbrains.plugins.gradle.model.GradleExtensions                             : loaded 2 times (x 67B)
Class org.jetbrains.plugins.gradle.model.AnnotationProcessingModel                    : loaded 2 times (x 67B)
Class org.gradle.internal.operations.MultipleBuildOperationFailures                   : loaded 2 times (x 92B)
Class org.jetbrains.kotlin.idea.gradleTooling.model.noarg.NoArgModel                  : loaded 2 times (x 67B)
Class org.gradle.internal.classloader.DefaultClassLoaderFactory                       : loaded 2 times (x 79B)
Class kotlin.collections.AbstractList$Companion                                       : loaded 2 times (x 68B)
Class org.gradle.internal.classloader.ClassLoaderVisitor                              : loaded 2 times (x 73B)
Class org.gradle.api.internal.classpath.EffectiveClassPath                            : loaded 2 times (x 87B)
Class org.gradle.tooling.internal.gradle.DefaultProjectIdentifier                     : loaded 2 times (x 83B)
Class org.jetbrains.kotlin.idea.gradleTooling.model.allopen.AllOpenModel              : loaded 2 times (x 67B)
Class ijInit1_18rk12z7xebve0gt7k8s6xq9d                                               : loaded 2 times (x 176B)
Class org.gradle.api.internal.DefaultClassPathProvider                                : loaded 2 times (x 73B)
Class [Lorg.gradle.api.internal.ClassPathProvider;                                    : loaded 2 times (x 66B)
Class org.gradle.api.internal.ClassPathProvider                                       : loaded 2 times (x 67B)
Class org.gradle.internal.service.UnknownServiceException                             : loaded 2 times (x 80B)
Class org.jetbrains.kotlin.idea.gradleTooling.KotlinDslScriptAdditionalTask           : loaded 2 times (x 67B)
Class org.gradle.internal.classpath.TransformedClassPath                              : loaded 2 times (x 93B)
Class kotlin.enums.EnumEntriesList                                                    : loaded 2 times (x 220B)
Class org.jetbrains.plugins.gradle.model.IntelliJSettings                             : loaded 2 times (x 67B)
Class org.jetbrains.kotlin.idea.gradleTooling.KotlinSourceSetContainer                : loaded 2 times (x 67B)
Class org.gradle.internal.service.ServiceLocator                                      : loaded 2 times (x 67B)
Class org.jetbrains.kotlin.android.synthetic.idea.AndroidExtensionsGradleModel        : loaded 2 times (x 67B)
Class org.gradle.tooling.model.UnsupportedMethodException                             : loaded 2 times (x 79B)
Class org.gradle.internal.InternalTransformer                                         : loaded 2 times (x 67B)
Class org.gradle.internal.time.DefaultTimer                                           : loaded 2 times (x 77B)
Class org.gradle.internal.classloader.ClasspathUtil$1                                 : loaded 2 times (x 73B)
Class settings_18qm7x7xie65p0hagkd50t45r$_run_closure1$_closure2                      : loaded 2 times (x 136B)
Class org.gradle.api.internal.classpath.DefaultModuleRegistry$DefaultModule           : loaded 2 times (x 83B)
Class org.jetbrains.kotlin.idea.gradleTooling.model.lombok.LombokModel                : loaded 2 times (x 67B)
Class org.gradle.internal.time.DefaultCountdownTimer                                  : loaded 2 times (x 85B)
Class org.gradle.tooling.internal.gradle.DefaultBuildIdentifier                       : loaded 2 times (x 76B)
Class kotlin.Function                                                                 : loaded 2 times (x 67B)
Class org.gradle.api.internal.classpath.Module                                        : loaded 2 times (x 67B)
Class org.gradle.api.internal.classpath.UnknownModuleException                        : loaded 2 times (x 79B)
Class com.intellij.openapi.externalSystem.model.project.dependencies.ProjectDependencies: loaded 2 times (x 67B)
Class org.gradle.tooling.internal.gradle.GradleProjectIdentity                        : loaded 2 times (x 67B)
Class org.gradle.api.internal.DefaultClassPathRegistry                                : loaded 2 times (x 73B)
Class org.gradle.api.internal.ClassPathRegistry                                       : loaded 2 times (x 67B)
Class org.gradle.internal.classpath.DefaultClassPath$ImmutableUniqueList              : loaded 2 times (x 196B)
Class settings_18qm7x7xie65p0hagkd50t45r$_run_closure1                                : loaded 2 times (x 136B)
Class org.gradle.internal.classpath.ClassPath                                         : loaded 2 times (x 67B)
Class org.gradle.api.UncheckedIOException                                             : loaded 2 times (x 79B)
Class org.jetbrains.kotlin.idea.gradleTooling.KotlinGradleModel                       : loaded 2 times (x 67B)
Class sync_studio_tooling3_7cwbgnrqmygisjgyqxs725ikp                                  : loaded 2 times (x 176B)
Class org.gradle.tooling.model.Model                                                  : loaded 2 times (x 67B)
Class kotlin.UninitializedPropertyAccessException                                     : loaded 2 times (x 79B)
Class org.jetbrains.plugins.gradle.model.IntelliJProjectSettings                      : loaded 2 times (x 67B)
Class org.jetbrains.kotlin.idea.gradleTooling.model.annotation.AnnotationBasedPluginModel: loaded 2 times (x 67B)
Class org.gradle.internal.installation.GradleInstallation$1                           : loaded 2 times (x 72B)
Class org.gradle.api.internal.classpath.ModuleRegistry                                : loaded 2 times (x 67B)
Class org.jetbrains.plugins.gradle.model.VersionCatalogsModel                         : loaded 2 times (x 67B)
Class org.gradle.api.internal.classpath.DefaultModuleRegistry                         : loaded 2 times (x 80B)
Class org.gradle.internal.time.MonotonicClock                                         : loaded 2 times (x 74B)
Class org.gradle.internal.service.ServiceLookupException                              : loaded 2 times (x 79B)
Class org.gradle.internal.classloader.ClassLoaderFactory                              : loaded 2 times (x 67B)
Class org.gradle.internal.service.CachingServiceLocator                               : loaded 2 times (x 79B)
Class org.jetbrains.plugins.gradle.model.RepositoryModels                             : loaded 2 times (x 67B)
Class org.gradle.internal.time.TimeSource                                             : loaded 2 times (x 67B)
Class org.gradle.tooling.internal.gradle.GradleBuildIdentity                          : loaded 2 times (x 67B)
Class kotlin.enums.EnumEntries                                                        : loaded 2 times (x 67B)
Class settings_18qm7x7xie65p0hagkd50t45r                                              : loaded 2 times (x 176B)
Class org.gradle.internal.exceptions.ResolutionProvider                               : loaded 2 times (x 67B)
Class org.gradle.tooling.model.ProjectIdentifier                                      : loaded 2 times (x 67B)
Class org.gradle.internal.classloader.ClasspathUtil                                   : loaded 2 times (x 68B)
Class org.gradle.internal.time.TimeSource$1                                           : loaded 2 times (x 74B)
Class kotlin.jvm.internal.DefaultConstructorMarker                                    : loaded 2 times (x 68B)
Class org.gradle.api.specs.Spec                                                       : loaded 2 times (x 67B)
Class org.gradle.internal.time.Clock                                                  : loaded 2 times (x 67B)
Class org.jetbrains.plugins.gradle.model.jar.JarTaskManifestConfiguration             : loaded 2 times (x 67B)
Class kotlin.collections.AbstractList                                                 : loaded 2 times (x 194B)
Class kotlin.collections.AbstractCollection                                           : loaded 2 times (x 114B)
Class org.gradle.internal.classloader.VisitableURLClassLoader$InstrumentingVisitableURLClassLoader: loaded 2 times (x 120B)
Class org.gradle.internal.classloader.VisitableURLClassLoader$Spec                    : loaded 2 times (x 71B)
Class org.gradle.internal.classpath.DefaultClassPath                                  : loaded 2 times (x 87B)
Class org.gradle.internal.classloader.ClassLoaderSpec                                 : loaded 2 times (x 68B)
Class org.gradle.internal.classloader.VisitableURLClassLoader                         : loaded 2 times (x 114B)
Class org.gradle.internal.Cast                                                        : loaded 2 times (x 68B)
Class org.gradle.api.Action                                                           : loaded 2 times (x 67B)
Class kotlin.jvm.functions.Function1                                                  : loaded 2 times (x 67B)
Class org.gradle.internal.agents.InstrumentingClassLoader                             : loaded 2 times (x 67B)
Class org.gradle.internal.classpath.DefaultClassPath$ImmutableUniqueList$Builder      : loaded 2 times (x 72B)
Class org.jetbrains.kotlin.idea.gradleTooling.model.samWithReceiver.SamWithReceiverModel: loaded 2 times (x 67B)
Class org.gradle.internal.classloader.FilteringClassLoader                            : loaded 2 times (x 102B)
Class org.gradle.internal.exceptions.NonGradleCauseExceptionsHolder                   : loaded 2 times (x 67B)
Class org.jetbrains.kotlin.idea.gradleTooling.model.assignment.AssignmentModel        : loaded 2 times (x 67B)
Class kotlin.enums.EnumEntriesKt                                                      : loaded 2 times (x 68B)
Class org.gradle.internal.IoActions                                                   : loaded 2 times (x 68B)
Class org.gradle.internal.classloader.SystemClassLoaderSpec                           : loaded 2 times (x 68B)
Class org.gradle.internal.exceptions.MultiCauseException                              : loaded 2 times (x 67B)
Class org.gradle.internal.time.CountdownTimer                                         : loaded 2 times (x 67B)
Class kotlin.jvm.internal.Intrinsics                                                  : loaded 2 times (x 68B)
Class org.jetbrains.kotlin.idea.gradleTooling.model.parcelize.ParcelizeGradleModel    : loaded 2 times (x 67B)
Class org.gradle.tooling.model.ProjectModel                                           : loaded 2 times (x 67B)
Class kotlin.KotlinNullPointerException                                               : loaded 2 times (x 80B)
Class org.jetbrains.plugins.gradle.model.tests.ExternalTestsModel                     : loaded 2 times (x 67B)
Class org.gradle.internal.exceptions.DefaultMultiCauseException                       : loaded 2 times (x 92B)
Class org.gradle.internal.time.Time                                                   : loaded 2 times (x 68B)
Class org.jetbrains.plugins.gradle.model.DependencyAccessorsModel                     : loaded 2 times (x 67B)
Class org.jetbrains.kotlin.idea.gradleTooling.KotlinMPPGradleModel                    : loaded 2 times (x 67B)
Class org.gradle.tooling.model.BuildIdentifier                                        : loaded 2 times (x 67B)
Class org.jetbrains.kotlin.idea.gradleTooling.PrepareKotlinIdeImportTaskModel         : loaded 2 times (x 67B)
Class org.gradle.internal.time.Timer                                                  : loaded 2 times (x 67B)
Class kotlin.jvm.internal.markers.KMappedMarker                                       : loaded 2 times (x 67B)
Class org.gradle.internal.installation.CurrentGradleInstallationLocator               : loaded 2 times (x 68B)
Class org.gradle.internal.service.DefaultServiceLocator                               : loaded 2 times (x 80B)
Class org.gradle.util.GradleVersion                                                   : loaded 2 times (x 80B)
Class org.gradle.internal.installation.CurrentGradleInstallation                      : loaded 2 times (x 70B)
Class org.gradle.util.internal.GUtil                                                  : loaded 2 times (x 68B)
Class org.gradle.internal.installation.GradleInstallation                             : loaded 2 times (x 72B)

---------------  S Y S T E M  ---------------

OS:
 Windows 10 , 64 bit Build 19041 (10.0.19041.5438)
OS uptime: 5 days 6:17 hours

CPU: total 16 (initial active 16) (8 cores per cpu, 2 threads per core) family 6 model 186 stepping 2 microcode 0x410c, cx8, cmov, fxsr, ht, mmx, 3dnowpref, sse, sse2, sse3, ssse3, sse4.1, sse4.2, popcnt, lzcnt, tsc, tscinvbit, avx, avx2, aes, erms, clmul, bmi1, bmi2, adx, sha, fma, vzeroupper, clflush, clflushopt, clwb, serialize, rdtscp, rdpid, fsrm, f16c, pku, cet_ibt, cet_ss
Processor Information for all 16 processors :
  Max Mhz: 2200, Current Mhz: 2200, Mhz Limit: 2200

Memory: 4k page, system-wide physical 16098M (2141M free)
TotalPageFile size 18146M (AvailPageFile size 5M)
current process WorkingSet (physical memory assigned to process): 385M, peak: 385M
current process commit charge ("private bytes"): 437M, peak: 437M

vm_info: OpenJDK 64-Bit Server VM (21.0.3+-12282718-b509.11) for windows-amd64 JRE (21.0.3+-12282718-b509.11), built on 2024-08-27T17:34:15Z by "builder" with MS VC++ 16.10 / 16.11 (VS2019)

END.
