#
# There is insufficient memory for the Java Runtime Environment to continue.
# Native memory allocation (mmap) failed to map 29360128 bytes. Error detail: G1 virtual space
# Possible reasons:
#   The system is out of physical RAM or swap space
#   This process is running with CompressedOops enabled, and the Java Heap may be blocking the growth of the native heap
# Possible solutions:
#   Reduce memory load on the system
#   Increase physical memory or swap space
#   Check if swap backing store is full
#   Decrease Java heap size (-Xmx/-Xms)
#   Decrease number of Java threads
#   Decrease Java thread stack sizes (-Xss)
#   Set larger code cache with -XX:ReservedCodeCacheSize=
#   JVM is running with Unscaled Compressed Oops mode in which the Java heap is
#     placed in the first 4GB address space. The Java Heap base address is the
#     maximum limit for the native heap growth. Please use -XX:HeapBaseMinAddress
#     to set the Java Heap base and to place the Java Heap above 4GB virtual address.
# This output file may be truncated or incomplete.
#
#  Out of Memory Error (os_windows.cpp:3815), pid=11516, tid=12476
#
# JRE version: OpenJDK Runtime Environment (21.0.3) (build 21.0.3+-12282718-b509.11)
# Java VM: OpenJDK 64-Bit Server VM (21.0.3+-12282718-b509.11, mixed mode, tiered, compressed oops, compressed class ptrs, g1 gc, windows-amd64)
# No core dump will be written. Minidumps are not enabled by default on client versions of Windows
#

---------------  S U M M A R Y ------------

Command Line: --add-opens=java.base/java.util=ALL-UNNAMED --add-opens=java.base/java.lang=ALL-UNNAMED --add-opens=java.base/java.lang.invoke=ALL-UNNAMED --add-opens=java.prefs/java.util.prefs=ALL-UNNAMED --add-exports=jdk.compiler/com.sun.tools.javac.api=ALL-UNNAMED --add-exports=jdk.compiler/com.sun.tools.javac.util=ALL-UNNAMED --add-opens=java.base/java.nio.charset=ALL-UNNAMED --add-opens=java.base/java.net=ALL-UNNAMED --add-opens=java.base/java.util.concurrent.atomic=ALL-UNNAMED -Xmx2048m -Dfile.encoding=UTF-8 -Duser.country=KR -Duser.language=ko -Duser.variant -javaagent:C:\Users\JHLEE\.gradle\wrapper\dists\gradle-8.9-bin\90cnw93cvbtalezasaz0blq0a\gradle-8.9\lib\agents\gradle-instrumentation-agent-8.9.jar org.gradle.launcher.daemon.bootstrap.GradleDaemon 8.9

Host: 13th Gen Intel(R) Core(TM) i7-1360P, 16 cores, 15G,  Windows 10 , 64 bit Build 19041 (10.0.19041.5438)
Time: Mon Mar 24 16:16:35 2025  Windows 10 , 64 bit Build 19041 (10.0.19041.5438) elapsed time: 4.307196 seconds (0d 0h 0m 4s)

---------------  T H R E A D  ---------------

Current thread (0x000002a5f8047330):  VMThread "VM Thread"          [id=12476, stack(0x000000e736200000,0x000000e736300000) (1024K)]

Stack: [0x000000e736200000,0x000000e736300000]
Native frames: (J=compiled Java code, j=interpreted, Vv=VM code, C=native code)
V  [jvm.dll+0x6cafb9]
V  [jvm.dll+0x858523]
V  [jvm.dll+0x85aa7e]
V  [jvm.dll+0x85b163]
V  [jvm.dll+0x27d356]
V  [jvm.dll+0x6c7865]
V  [jvm.dll+0x6bbd3a]
V  [jvm.dll+0x35199b]
V  [jvm.dll+0x3595d6]
V  [jvm.dll+0x3aa826]
V  [jvm.dll+0x3aaaf8]
V  [jvm.dll+0x3240bc]
V  [jvm.dll+0x324147]
V  [jvm.dll+0x36a00c]
V  [jvm.dll+0x36879e]
V  [jvm.dll+0x3237c1]
V  [jvm.dll+0x367eb0]
V  [jvm.dll+0x860ac8]
V  [jvm.dll+0x861bc4]
V  [jvm.dll+0x862100]
V  [jvm.dll+0x862393]
V  [jvm.dll+0x800d78]
V  [jvm.dll+0x6c98cd]
C  [ucrtbase.dll+0x21bb2]
C  [KERNEL32.DLL+0x17374]
C  [ntdll.dll+0x4cc91]

VM_Operation (0x000000e738cfde40): G1CollectForAllocation, mode: safepoint, requested by thread 0x000002a5fa2dfe20


---------------  P R O C E S S  ---------------

Threads class SMR info:
_java_thread_list=0x000002a5ff267c40, length=106, elements={
0x000002a5dbb4e0b0, 0x000002a5f81282e0, 0x000002a5f812b360, 0x000002a5f8116c50,
0x000002a5f81176b0, 0x000002a5f813ce40, 0x000002a5f813d8a0, 0x000002a5f813f5e0,
0x000002a5f8143580, 0x000002a5f8232840, 0x000002a5f3cfa140, 0x000002a5f82fedb0,
0x000002a5f82ff870, 0x000002a5f849c4e0, 0x000002a5f853fd30, 0x000002a5f8556ba0,
0x000002a5fa038710, 0x000002a5fa01c0e0, 0x000002a5fa533660, 0x000002a5fa2a25c0,
0x000002a5fa2ac690, 0x000002a5fa41ede0, 0x000002a5fa41f450, 0x000002a5fa418330,
0x000002a5fa2df100, 0x000002a5fa2dea70, 0x000002a5fa2e11d0, 0x000002a5fa2df790,
0x000002a5fa2dfe20, 0x000002a5fd523440, 0x000002a5fec3c840, 0x000002a5fa2e0b40,
0x000002a5fa2ddd50, 0x000002a5fa2de3e0, 0x000002a5fe8dacd0, 0x000002a5fe8da640,
0x000002a5fe8d9290, 0x000002a5fe8db360, 0x000002a5fe8d7ee0, 0x000002a5fe8d9920,
0x000002a5fe8d8c00, 0x000002a5fe8d9fb0, 0x000002a5fe8d8570, 0x000002a5fd2197c0,
0x000002a5fd21cc40, 0x000002a5fd218410, 0x000002a5fd218aa0, 0x000002a5fd21a4e0,
0x000002a5fd219e50, 0x000002a5fd21ab70, 0x000002a5fd21dff0, 0x000002a5fd217060,
0x000002a5fd21d960, 0x000002a5fd21b200, 0x000002a5fd219130, 0x000002a5feb54e20,
0x000002a5feb56ef0, 0x000002a5feb51310, 0x000002a5feb52030, 0x000002a5feb4ff60,
0x000002a5feb54100, 0x000002a5feb53a70, 0x000002a5feb50c80, 0x000002a5feb505f0,
0x000002a5feb554b0, 0x000002a5feb519a0, 0x000002a5feb561d0, 0x000002a5feb55b40,
0x000002a5feb52d50, 0x000002a5feb533e0, 0x000002a5feb54790, 0x000002a5feb56860,
0x000002a5fcdfe910, 0x000002a5fcdff630, 0x000002a5fce037d0, 0x000002a5fcdfefa0,
0x000002a5fce01070, 0x000002a5fce01700, 0x000002a5fce02ab0, 0x000002a5fd21d2d0,
0x000002a58004eb70, 0x000002a58004f200, 0x000002a5800512d0, 0x000002a58004f890,
0x000002a5800505b0, 0x000002a58004ff20, 0x000002a58004de50, 0x000002a580053a30,
0x000002a580052d10, 0x000002a580051ff0, 0x000002a580050c40, 0x000002a5800540c0,
0x000002a58004e4e0, 0x000002a5800533a0, 0x000002a580054de0, 0x000002a580051960,
0x000002a580052680, 0x000002a580054750, 0x000002a581739520, 0x000002a581736730,
0x000002a581734660, 0x000002a581736dc0, 0x000002a581733fd0, 0x000002a58173a8d0,
0x000002a58173a240, 0x000002a581738e90
}

Java Threads: ( => current thread )
  0x000002a5dbb4e0b0 JavaThread "main"                              [_thread_blocked, id=16324, stack(0x000000e735b00000,0x000000e735c00000) (1024K)]
  0x000002a5f81282e0 JavaThread "Reference Handler"          daemon [_thread_blocked, id=12528, stack(0x000000e736300000,0x000000e736400000) (1024K)]
  0x000002a5f812b360 JavaThread "Finalizer"                  daemon [_thread_blocked, id=14260, stack(0x000000e736400000,0x000000e736500000) (1024K)]
  0x000002a5f8116c50 JavaThread "Signal Dispatcher"          daemon [_thread_blocked, id=22468, stack(0x000000e736500000,0x000000e736600000) (1024K)]
  0x000002a5f81176b0 JavaThread "Attach Listener"            daemon [_thread_blocked, id=9712, stack(0x000000e736600000,0x000000e736700000) (1024K)]
  0x000002a5f813ce40 JavaThread "Service Thread"             daemon [_thread_blocked, id=29396, stack(0x000000e736700000,0x000000e736800000) (1024K)]
  0x000002a5f813d8a0 JavaThread "Monitor Deflation Thread"   daemon [_thread_blocked, id=7256, stack(0x000000e736800000,0x000000e736900000) (1024K)]
  0x000002a5f813f5e0 JavaThread "C2 CompilerThread0"         daemon [_thread_blocked, id=25364, stack(0x000000e736900000,0x000000e736a00000) (1024K)]
  0x000002a5f8143580 JavaThread "C1 CompilerThread0"         daemon [_thread_blocked, id=10896, stack(0x000000e736a00000,0x000000e736b00000) (1024K)]
  0x000002a5f8232840 JavaThread "Common-Cleaner"             daemon [_thread_blocked, id=21936, stack(0x000000e736b00000,0x000000e736c00000) (1024K)]
  0x000002a5f3cfa140 JavaThread "C1 CompilerThread1"         daemon [_thread_blocked, id=20804, stack(0x000000e736c00000,0x000000e736d00000) (1024K)]
  0x000002a5f82fedb0 JavaThread "C1 CompilerThread2"         daemon [_thread_blocked, id=37528, stack(0x000000e736d00000,0x000000e736e00000) (1024K)]
  0x000002a5f82ff870 JavaThread "C1 CompilerThread3"         daemon [_thread_blocked, id=37536, stack(0x000000e736e00000,0x000000e736f00000) (1024K)]
  0x000002a5f849c4e0 JavaThread "Notification Thread"        daemon [_thread_blocked, id=27924, stack(0x000000e736f00000,0x000000e737000000) (1024K)]
  0x000002a5f853fd30 JavaThread "C2 CompilerThread1"         daemon [_thread_blocked, id=39384, stack(0x000000e737000000,0x000000e737100000) (1024K)]
  0x000002a5f8556ba0 JavaThread "C2 CompilerThread2"         daemon [_thread_blocked, id=31472, stack(0x000000e737100000,0x000000e737200000) (1024K)]
  0x000002a5fa038710 JavaThread "Daemon health stats"               [_thread_blocked, id=31208, stack(0x000000e737200000,0x000000e737300000) (1024K)]
  0x000002a5fa01c0e0 JavaThread "Incoming local TCP Connector on port 52106"        [_thread_in_native, id=8948, stack(0x000000e737b00000,0x000000e737c00000) (1024K)]
  0x000002a5fa533660 JavaThread "Daemon periodic checks"            [_thread_blocked, id=24288, stack(0x000000e737c00000,0x000000e737d00000) (1024K)]
  0x000002a5fa2a25c0 JavaThread "Daemon"                            [_thread_blocked, id=1844, stack(0x000000e737d00000,0x000000e737e00000) (1024K)]
  0x000002a5fa2ac690 JavaThread "Handler for socket connection from /127.0.0.1:52106 to /127.0.0.1:52107"        [_thread_in_native, id=26348, stack(0x000000e737e00000,0x000000e737f00000) (1024K)]
  0x000002a5fa41ede0 JavaThread "Cancel handler"                    [_thread_blocked, id=35688, stack(0x000000e737f00000,0x000000e738000000) (1024K)]
  0x000002a5fa41f450 JavaThread "Daemon worker"                     [_thread_blocked, id=34940, stack(0x000000e738000000,0x000000e738100000) (1024K)]
  0x000002a5fa418330 JavaThread "Asynchronous log dispatcher for DefaultDaemonConnection: socket connection from /127.0.0.1:52106 to /127.0.0.1:52107"        [_thread_blocked, id=19192, stack(0x000000e738100000,0x000000e738200000) (1024K)]
  0x000002a5fa2df100 JavaThread "Stdin handler"                     [_thread_blocked, id=25000, stack(0x000000e738200000,0x000000e738300000) (1024K)]
  0x000002a5fa2dea70 JavaThread "Daemon client event forwarder"        [_thread_blocked, id=33480, stack(0x000000e738300000,0x000000e738400000) (1024K)]
  0x000002a5fa2e11d0 JavaThread "Cache worker for journal cache (C:\Users\JHLEE\.gradle\caches\journal-1)"        [_thread_blocked, id=33996, stack(0x000000e738a00000,0x000000e738b00000) (1024K)]
  0x000002a5fa2df790 JavaThread "File lock request listener"        [_thread_in_native, id=35832, stack(0x000000e738b00000,0x000000e738c00000) (1024K)]
  0x000002a5fa2dfe20 JavaThread "Cache worker for file hash cache (C:\Users\JHLEE\.gradle\caches\8.9\fileHashes)"        [_thread_blocked, id=32404, stack(0x000000e738c00000,0x000000e738d00000) (1024K)]
  0x000002a5fd523440 JavaThread "C2 CompilerThread3"         daemon [_thread_blocked, id=36176, stack(0x000000e738d00000,0x000000e738e00000) (1024K)]
  0x000002a5fec3c840 JavaThread "C2 CompilerThread4"         daemon [_thread_blocked, id=34992, stack(0x000000e738e00000,0x000000e738f00000) (1024K)]
  0x000002a5fa2e0b40 JavaThread "Cache worker for file hash cache (C:\Users\JHLEE\Desktop\KumkangApp\Eumsung2POP\.gradle\8.9\fileHashes)"        [_thread_blocked, id=27704, stack(0x000000e738f00000,0x000000e739000000) (1024K)]
  0x000002a5fa2ddd50 JavaThread "Cache worker for Build Output Cleanup Cache (C:\Users\JHLEE\Desktop\KumkangApp\Eumsung2POP\.gradle\buildOutputCleanup)"        [_thread_blocked, id=40436, stack(0x000000e739000000,0x000000e739100000) (1024K)]
  0x000002a5fa2de3e0 JavaThread "File watcher server"        daemon [_thread_blocked, id=12388, stack(0x000000e739100000,0x000000e739200000) (1024K)]
  0x000002a5fe8dacd0 JavaThread "File watcher consumer"      daemon [_thread_blocked, id=27152, stack(0x000000e739200000,0x000000e739300000) (1024K)]
  0x000002a5fe8da640 JavaThread "jar transforms"                    [_thread_blocked, id=36696, stack(0x000000e739300000,0x000000e739400000) (1024K)]
  0x000002a5fe8d9290 JavaThread "jar transforms Thread 2"           [_thread_blocked, id=29636, stack(0x000000e739400000,0x000000e739500000) (1024K)]
  0x000002a5fe8db360 JavaThread "jar transforms Thread 3"           [_thread_blocked, id=37304, stack(0x000000e739500000,0x000000e739600000) (1024K)]
  0x000002a5fe8d7ee0 JavaThread "jar transforms Thread 4"           [_thread_blocked, id=23712, stack(0x000000e739600000,0x000000e739700000) (1024K)]
  0x000002a5fe8d9920 JavaThread "jar transforms Thread 5"           [_thread_blocked, id=11116, stack(0x000000e739700000,0x000000e739800000) (1024K)]
  0x000002a5fe8d8c00 JavaThread "jar transforms Thread 6"           [_thread_blocked, id=27916, stack(0x000000e739800000,0x000000e739900000) (1024K)]
  0x000002a5fe8d9fb0 JavaThread "jar transforms Thread 7"           [_thread_blocked, id=36600, stack(0x000000e739900000,0x000000e739a00000) (1024K)]
  0x000002a5fe8d8570 JavaThread "jar transforms Thread 8"           [_thread_blocked, id=33840, stack(0x000000e739a00000,0x000000e739b00000) (1024K)]
  0x000002a5fd2197c0 JavaThread "jar transforms Thread 9"           [_thread_blocked, id=28752, stack(0x000000e739b00000,0x000000e739c00000) (1024K)]
  0x000002a5fd21cc40 JavaThread "jar transforms Thread 10"          [_thread_blocked, id=35392, stack(0x000000e739c00000,0x000000e739d00000) (1024K)]
  0x000002a5fd218410 JavaThread "jar transforms Thread 11"          [_thread_blocked, id=40264, stack(0x000000e739d00000,0x000000e739e00000) (1024K)]
  0x000002a5fd218aa0 JavaThread "jar transforms Thread 12"          [_thread_blocked, id=24992, stack(0x000000e739e00000,0x000000e739f00000) (1024K)]
  0x000002a5fd21a4e0 JavaThread "jar transforms Thread 13"          [_thread_blocked, id=38332, stack(0x000000e739f00000,0x000000e73a000000) (1024K)]
  0x000002a5fd219e50 JavaThread "jar transforms Thread 14"          [_thread_blocked, id=17316, stack(0x000000e73a000000,0x000000e73a100000) (1024K)]
  0x000002a5fd21ab70 JavaThread "jar transforms Thread 15"          [_thread_blocked, id=16656, stack(0x000000e73a100000,0x000000e73a200000) (1024K)]
  0x000002a5fd21dff0 JavaThread "jar transforms Thread 16"          [_thread_blocked, id=26552, stack(0x000000e73a200000,0x000000e73a300000) (1024K)]
  0x000002a5fd217060 JavaThread "Cache worker for checksums cache (C:\Users\JHLEE\Desktop\KumkangApp\Eumsung2POP\.gradle\8.9\checksums)"        [_thread_blocked, id=21388, stack(0x000000e73a300000,0x000000e73a400000) (1024K)]
  0x000002a5fd21d960 JavaThread "Cache worker for file content cache (C:\Users\JHLEE\.gradle\caches\8.9\fileContent)"        [_thread_blocked, id=10960, stack(0x000000e73a400000,0x000000e73a500000) (1024K)]
  0x000002a5fd21b200 JavaThread "Cache worker for cache directory md-rule (C:\Users\JHLEE\.gradle\caches\8.9\md-rule)"        [_thread_blocked, id=14444, stack(0x000000e73a500000,0x000000e73a600000) (1024K)]
  0x000002a5fd219130 JavaThread "Cache worker for cache directory md-supplier (C:\Users\JHLEE\.gradle\caches\8.9\md-supplier)"        [_thread_blocked, id=25548, stack(0x000000e73a600000,0x000000e73a700000) (1024K)]
  0x000002a5feb54e20 JavaThread "Unconstrained build operations"        [_thread_blocked, id=27416, stack(0x000000e73a700000,0x000000e73a800000) (1024K)]
  0x000002a5feb56ef0 JavaThread "Unconstrained build operations Thread 2"        [_thread_blocked, id=9772, stack(0x000000e73a800000,0x000000e73a900000) (1024K)]
  0x000002a5feb51310 JavaThread "Unconstrained build operations Thread 3"        [_thread_blocked, id=33960, stack(0x000000e73a900000,0x000000e73aa00000) (1024K)]
  0x000002a5feb52030 JavaThread "Unconstrained build operations Thread 4"        [_thread_blocked, id=9260, stack(0x000000e73aa00000,0x000000e73ab00000) (1024K)]
  0x000002a5feb4ff60 JavaThread "Unconstrained build operations Thread 5"        [_thread_blocked, id=32500, stack(0x000000e73ab00000,0x000000e73ac00000) (1024K)]
  0x000002a5feb54100 JavaThread "Unconstrained build operations Thread 6"        [_thread_blocked, id=22708, stack(0x000000e73ac00000,0x000000e73ad00000) (1024K)]
  0x000002a5feb53a70 JavaThread "Unconstrained build operations Thread 7"        [_thread_blocked, id=10572, stack(0x000000e73ad00000,0x000000e73ae00000) (1024K)]
  0x000002a5feb50c80 JavaThread "Unconstrained build operations Thread 8"        [_thread_blocked, id=5664, stack(0x000000e73ae00000,0x000000e73af00000) (1024K)]
  0x000002a5feb505f0 JavaThread "Unconstrained build operations Thread 9"        [_thread_blocked, id=19424, stack(0x000000e73af00000,0x000000e73b000000) (1024K)]
  0x000002a5feb554b0 JavaThread "Unconstrained build operations Thread 10"        [_thread_blocked, id=38724, stack(0x000000e73b000000,0x000000e73b100000) (1024K)]
  0x000002a5feb519a0 JavaThread "Unconstrained build operations Thread 11"        [_thread_blocked, id=31444, stack(0x000000e73b100000,0x000000e73b200000) (1024K)]
  0x000002a5feb561d0 JavaThread "Unconstrained build operations Thread 12"        [_thread_blocked, id=12464, stack(0x000000e73b200000,0x000000e73b300000) (1024K)]
  0x000002a5feb55b40 JavaThread "Unconstrained build operations Thread 13"        [_thread_blocked, id=16076, stack(0x000000e73b300000,0x000000e73b400000) (1024K)]
  0x000002a5feb52d50 JavaThread "Unconstrained build operations Thread 14"        [_thread_blocked, id=22260, stack(0x000000e73b400000,0x000000e73b500000) (1024K)]
  0x000002a5feb533e0 JavaThread "Unconstrained build operations Thread 15"        [_thread_blocked, id=15436, stack(0x000000e73b500000,0x000000e73b600000) (1024K)]
  0x000002a5feb54790 JavaThread "Unconstrained build operations Thread 16"        [_thread_blocked, id=39324, stack(0x000000e73b600000,0x000000e73b700000) (1024K)]
  0x000002a5feb56860 JavaThread "Unconstrained build operations Thread 17"        [_thread_blocked, id=15924, stack(0x000000e73b700000,0x000000e73b800000) (1024K)]
  0x000002a5fcdfe910 JavaThread "Unconstrained build operations Thread 18"        [_thread_blocked, id=23448, stack(0x000000e73b800000,0x000000e73b900000) (1024K)]
  0x000002a5fcdff630 JavaThread "Unconstrained build operations Thread 19"        [_thread_blocked, id=19160, stack(0x000000e73b900000,0x000000e73ba00000) (1024K)]
  0x000002a5fce037d0 JavaThread "Unconstrained build operations Thread 20"        [_thread_blocked, id=9660, stack(0x000000e73ba00000,0x000000e73bb00000) (1024K)]
  0x000002a5fcdfefa0 JavaThread "Unconstrained build operations Thread 21"        [_thread_blocked, id=22376, stack(0x000000e73bb00000,0x000000e73bc00000) (1024K)]
  0x000002a5fce01070 JavaThread "Unconstrained build operations Thread 22"        [_thread_blocked, id=28392, stack(0x000000e73bc00000,0x000000e73bd00000) (1024K)]
  0x000002a5fce01700 JavaThread "Unconstrained build operations Thread 23"        [_thread_blocked, id=14920, stack(0x000000e73bd00000,0x000000e73be00000) (1024K)]
  0x000002a5fce02ab0 JavaThread "Unconstrained build operations Thread 24"        [_thread_blocked, id=16236, stack(0x000000e73be00000,0x000000e73bf00000) (1024K)]
  0x000002a5fd21d2d0 JavaThread "Unconstrained build operations Thread 25"        [_thread_blocked, id=39512, stack(0x000000e73bf00000,0x000000e73c000000) (1024K)]
  0x000002a58004eb70 JavaThread "Unconstrained build operations Thread 26"        [_thread_blocked, id=1660, stack(0x000000e73c000000,0x000000e73c100000) (1024K)]
  0x000002a58004f200 JavaThread "Unconstrained build operations Thread 27"        [_thread_blocked, id=21428, stack(0x000000e73c100000,0x000000e73c200000) (1024K)]
  0x000002a5800512d0 JavaThread "Unconstrained build operations Thread 28"        [_thread_blocked, id=36856, stack(0x000000e73c200000,0x000000e73c300000) (1024K)]
  0x000002a58004f890 JavaThread "Unconstrained build operations Thread 29"        [_thread_blocked, id=21316, stack(0x000000e73c300000,0x000000e73c400000) (1024K)]
  0x000002a5800505b0 JavaThread "Unconstrained build operations Thread 30"        [_thread_blocked, id=25200, stack(0x000000e73c400000,0x000000e73c500000) (1024K)]
  0x000002a58004ff20 JavaThread "Unconstrained build operations Thread 31"        [_thread_blocked, id=35792, stack(0x000000e73c500000,0x000000e73c600000) (1024K)]
  0x000002a58004de50 JavaThread "Unconstrained build operations Thread 32"        [_thread_blocked, id=39788, stack(0x000000e73c600000,0x000000e73c700000) (1024K)]
  0x000002a580053a30 JavaThread "Unconstrained build operations Thread 33"        [_thread_blocked, id=24364, stack(0x000000e73c700000,0x000000e73c800000) (1024K)]
  0x000002a580052d10 JavaThread "Unconstrained build operations Thread 34"        [_thread_blocked, id=36448, stack(0x000000e73c800000,0x000000e73c900000) (1024K)]
  0x000002a580051ff0 JavaThread "Unconstrained build operations Thread 35"        [_thread_blocked, id=31968, stack(0x000000e73c900000,0x000000e73ca00000) (1024K)]
  0x000002a580050c40 JavaThread "Unconstrained build operations Thread 36"        [_thread_blocked, id=27532, stack(0x000000e73ca00000,0x000000e73cb00000) (1024K)]
  0x000002a5800540c0 JavaThread "Unconstrained build operations Thread 37"        [_thread_blocked, id=30600, stack(0x000000e73cb00000,0x000000e73cc00000) (1024K)]
  0x000002a58004e4e0 JavaThread "Unconstrained build operations Thread 38"        [_thread_blocked, id=14644, stack(0x000000e73cc00000,0x000000e73cd00000) (1024K)]
  0x000002a5800533a0 JavaThread "Unconstrained build operations Thread 39"        [_thread_blocked, id=15140, stack(0x000000e73cd00000,0x000000e73ce00000) (1024K)]
  0x000002a580054de0 JavaThread "Unconstrained build operations Thread 40"        [_thread_blocked, id=11204, stack(0x000000e73ce00000,0x000000e73cf00000) (1024K)]
  0x000002a580051960 JavaThread "Unconstrained build operations Thread 41"        [_thread_blocked, id=37004, stack(0x000000e73cf00000,0x000000e73d000000) (1024K)]
  0x000002a580052680 JavaThread "Unconstrained build operations Thread 42"        [_thread_blocked, id=20784, stack(0x000000e73d000000,0x000000e73d100000) (1024K)]
  0x000002a580054750 JavaThread "Unconstrained build operations Thread 43"        [_thread_blocked, id=30496, stack(0x000000e73d100000,0x000000e73d200000) (1024K)]
  0x000002a581739520 JavaThread "Unconstrained build operations Thread 44"        [_thread_blocked, id=35140, stack(0x000000e73d200000,0x000000e73d300000) (1024K)]
  0x000002a581736730 JavaThread "Unconstrained build operations Thread 45"        [_thread_blocked, id=27848, stack(0x000000e73d300000,0x000000e73d400000) (1024K)]
  0x000002a581734660 JavaThread "Unconstrained build operations Thread 46"        [_thread_blocked, id=28468, stack(0x000000e73d400000,0x000000e73d500000) (1024K)]
  0x000002a581736dc0 JavaThread "Unconstrained build operations Thread 47"        [_thread_blocked, id=20120, stack(0x000000e73d500000,0x000000e73d600000) (1024K)]
  0x000002a581733fd0 JavaThread "Unconstrained build operations Thread 48"        [_thread_blocked, id=12604, stack(0x000000e73d600000,0x000000e73d700000) (1024K)]
  0x000002a58173a8d0 JavaThread "Unconstrained build operations Thread 49"        [_thread_blocked, id=5832, stack(0x000000e73d700000,0x000000e73d800000) (1024K)]
  0x000002a58173a240 JavaThread "Unconstrained build operations Thread 50"        [_thread_blocked, id=24876, stack(0x000000e73d800000,0x000000e73d900000) (1024K)]
  0x000002a581738e90 JavaThread "Unconstrained build operations Thread 51"        [_thread_blocked, id=2676, stack(0x000000e73d900000,0x000000e73da00000) (1024K)]
Total: 106

Other Threads:
=>0x000002a5f8047330 VMThread "VM Thread"                           [id=12476, stack(0x000000e736200000,0x000000e736300000) (1024K)]
  0x000002a5f3cf9770 WatcherThread "VM Periodic Task Thread"        [id=5964, stack(0x000000e736100000,0x000000e736200000) (1024K)]
  0x000002a5dbba4bc0 WorkerThread "GC Thread#0"                     [id=15772, stack(0x000000e735c00000,0x000000e735d00000) (1024K)]
  0x000002a5f85cb6a0 WorkerThread "GC Thread#1"                     [id=15884, stack(0x000000e737300000,0x000000e737400000) (1024K)]
  0x000002a5f8584310 WorkerThread "GC Thread#2"                     [id=38036, stack(0x000000e737400000,0x000000e737500000) (1024K)]
  0x000002a5f8716590 WorkerThread "GC Thread#3"                     [id=29376, stack(0x000000e737500000,0x000000e737600000) (1024K)]
  0x000002a5f89f4b50 WorkerThread "GC Thread#4"                     [id=33396, stack(0x000000e737600000,0x000000e737700000) (1024K)]
  0x000002a5f89f4ef0 WorkerThread "GC Thread#5"                     [id=27528, stack(0x000000e737700000,0x000000e737800000) (1024K)]
  0x000002a5fa269820 WorkerThread "GC Thread#6"                     [id=22544, stack(0x000000e737800000,0x000000e737900000) (1024K)]
  0x000002a5fa269bc0 WorkerThread "GC Thread#7"                     [id=7092, stack(0x000000e737900000,0x000000e737a00000) (1024K)]
  0x000002a5fa26a350 WorkerThread "GC Thread#8"                     [id=38596, stack(0x000000e737a00000,0x000000e737b00000) (1024K)]
  0x000002a5fa26a6f0 WorkerThread "GC Thread#9"                     [id=21276, stack(0x000000e738400000,0x000000e738500000) (1024K)]
  0x000002a5fa26b1d0 WorkerThread "GC Thread#10"                    [id=33160, stack(0x000000e738500000,0x000000e738600000) (1024K)]
  0x000002a5fa26b910 WorkerThread "GC Thread#11"                    [id=37108, stack(0x000000e738600000,0x000000e738700000) (1024K)]
  0x000002a5fa269fb0 WorkerThread "GC Thread#12"                    [id=24448, stack(0x000000e738700000,0x000000e738800000) (1024K)]
  0x000002a5dbbb5c20 ConcurrentGCThread "G1 Main Marker"            [id=37312, stack(0x000000e735d00000,0x000000e735e00000) (1024K)]
  0x000002a5dbbb6dd0 WorkerThread "G1 Conc#0"                       [id=13940, stack(0x000000e735e00000,0x000000e735f00000) (1024K)]
  0x000002a5fa26aa90 WorkerThread "G1 Conc#1"                       [id=33588, stack(0x000000e738800000,0x000000e738900000) (1024K)]
  0x000002a5fa26ae30 WorkerThread "G1 Conc#2"                       [id=6068, stack(0x000000e738900000,0x000000e738a00000) (1024K)]
  0x000002a5f3bcb650 ConcurrentGCThread "G1 Refine#0"               [id=37212, stack(0x000000e735f00000,0x000000e736000000) (1024K)]
  0x000002a5f3bcce80 ConcurrentGCThread "G1 Service"                [id=35592, stack(0x000000e736000000,0x000000e736100000) (1024K)]
Total: 21

Threads with active compile tasks:
C2 CompilerThread0     4328 8465       4       org.gradle.internal.snapshot.MediumChildMap::withNode (67 bytes)
Total: 1

VM state: at safepoint (normal execution)

VM Mutex/Monitor currently owned by a thread:  ([mutex/lock_event])
[0x00007ff8ad9120c8] Threads_lock - owner thread: 0x000002a5f8047330
[0x00007ff8ad9121c8] Heap_lock - owner thread: 0x000002a5fa2dfe20

Heap address: 0x0000000080000000, size: 2048 MB, Compressed Oops mode: 32-bit

CDS archive(s) not mapped
Compressed class space mapped at: 0x0000000100000000-0x0000000140000000, reserved size: 1073741824
Narrow klass base: 0x0000000000000000, Narrow klass shift: 3, Narrow klass range: 0x140000000

GC Precious Log:
 CardTable entry size: 512
 Card Set container configuration: InlinePtr #cards 5 size 8 Array Of Cards #cards 12 size 40 Howl #buckets 4 coarsen threshold 1843 Howl Bitmap #cards 512 size 80 coarsen threshold 460 Card regions per heap region 1 cards per card region 2048
 CPUs: 16 total, 16 available
 Memory: 16098M
 Large Page Support: Disabled
 NUMA Support: Disabled
 Compressed Oops: Enabled (32-bit)
 Heap Region Size: 1M
 Heap Min Capacity: 8M
 Heap Initial Capacity: 252M
 Heap Max Capacity: 2G
 Pre-touch: Disabled
 Parallel Workers: 13
 Concurrent Workers: 3
 Concurrent Refinement Workers: 13
 Periodic GC: Disabled

Heap:
 garbage-first heap   total 143360K, used 89188K [0x0000000080000000, 0x0000000100000000)
  region size 1024K, 5 young (5120K), 5 survivors (5120K)
 Metaspace       used 68274K, committed 70080K, reserved 1114112K
  class space    used 9359K, committed 10240K, reserved 1048576K

Heap Regions: E=young(eden), S=young(survivor), O=old, HS=humongous(starts), HC=humongous(continues), CS=collection set, F=free, TAMS=top-at-mark-start, PB=parsable bottom
|   0|0x0000000080000000, 0x0000000080100000, 0x0000000080100000|100%|HS|  |TAMS 0x0000000080000000| PB 0x0000000080000000| Complete 
|   1|0x0000000080100000, 0x0000000080200000, 0x0000000080200000|100%|HC|  |TAMS 0x0000000080100000| PB 0x0000000080100000| Complete 
|   2|0x0000000080200000, 0x0000000080300000, 0x0000000080300000|100%|HC|  |TAMS 0x0000000080200000| PB 0x0000000080200000| Complete 
|   3|0x0000000080300000, 0x0000000080400000, 0x0000000080400000|100%|HC|  |TAMS 0x0000000080300000| PB 0x0000000080300000| Complete 
|   4|0x0000000080400000, 0x0000000080500000, 0x0000000080500000|100%| O|  |TAMS 0x0000000080400000| PB 0x0000000080400000| Untracked 
|   5|0x0000000080500000, 0x0000000080600000, 0x0000000080600000|100%| O|  |TAMS 0x0000000080500000| PB 0x0000000080500000| Untracked 
|   6|0x0000000080600000, 0x0000000080700000, 0x0000000080700000|100%| O|  |TAMS 0x0000000080600000| PB 0x0000000080600000| Untracked 
|   7|0x0000000080700000, 0x0000000080800000, 0x0000000080800000|100%| O|  |TAMS 0x0000000080700000| PB 0x0000000080700000| Untracked 
|   8|0x0000000080800000, 0x0000000080900000, 0x0000000080900000|100%| O|  |TAMS 0x0000000080800000| PB 0x0000000080800000| Untracked 
|   9|0x0000000080900000, 0x0000000080a00000, 0x0000000080a00000|100%| O|  |TAMS 0x0000000080900000| PB 0x0000000080900000| Untracked 
|  10|0x0000000080a00000, 0x0000000080b00000, 0x0000000080b00000|100%|HS|  |TAMS 0x0000000080a00000| PB 0x0000000080a00000| Complete 
|  11|0x0000000080b00000, 0x0000000080c00000, 0x0000000080c00000|100%| O|  |TAMS 0x0000000080b00000| PB 0x0000000080b00000| Untracked 
|  12|0x0000000080c00000, 0x0000000080d00000, 0x0000000080d00000|100%|HS|  |TAMS 0x0000000080c00000| PB 0x0000000080c00000| Complete 
|  13|0x0000000080d00000, 0x0000000080e00000, 0x0000000080e00000|100%|HS|  |TAMS 0x0000000080d00000| PB 0x0000000080d00000| Complete 
|  14|0x0000000080e00000, 0x0000000080f00000, 0x0000000080f00000|100%|HC|  |TAMS 0x0000000080e00000| PB 0x0000000080e00000| Complete 
|  15|0x0000000080f00000, 0x0000000081000000, 0x0000000081000000|100%|HC|  |TAMS 0x0000000080f00000| PB 0x0000000080f00000| Complete 
|  16|0x0000000081000000, 0x0000000081100000, 0x0000000081100000|100%|HC|  |TAMS 0x0000000081000000| PB 0x0000000081000000| Complete 
|  17|0x0000000081100000, 0x0000000081200000, 0x0000000081200000|100%|HC|  |TAMS 0x0000000081100000| PB 0x0000000081100000| Complete 
|  18|0x0000000081200000, 0x0000000081300000, 0x0000000081300000|100%|HC|  |TAMS 0x0000000081200000| PB 0x0000000081200000| Complete 
|  19|0x0000000081300000, 0x0000000081400000, 0x0000000081400000|100%|HS|  |TAMS 0x0000000081300000| PB 0x0000000081300000| Complete 
|  20|0x0000000081400000, 0x0000000081500000, 0x0000000081500000|100%|HC|  |TAMS 0x0000000081400000| PB 0x0000000081400000| Complete 
|  21|0x0000000081500000, 0x0000000081600000, 0x0000000081600000|100%|HC|  |TAMS 0x0000000081500000| PB 0x0000000081500000| Complete 
|  22|0x0000000081600000, 0x0000000081700000, 0x0000000081700000|100%|HS|  |TAMS 0x0000000081600000| PB 0x0000000081600000| Complete 
|  23|0x0000000081700000, 0x0000000081800000, 0x0000000081800000|100%|HC|  |TAMS 0x0000000081700000| PB 0x0000000081700000| Complete 
|  24|0x0000000081800000, 0x0000000081900000, 0x0000000081900000|100%| O|  |TAMS 0x0000000081800000| PB 0x0000000081800000| Untracked 
|  25|0x0000000081900000, 0x0000000081a00000, 0x0000000081a00000|100%| O|  |TAMS 0x0000000081900000| PB 0x0000000081900000| Untracked 
|  26|0x0000000081a00000, 0x0000000081b00000, 0x0000000081b00000|100%| O|  |TAMS 0x0000000081a00000| PB 0x0000000081a00000| Untracked 
|  27|0x0000000081b00000, 0x0000000081c00000, 0x0000000081c00000|100%| O|  |TAMS 0x0000000081b00000| PB 0x0000000081b00000| Untracked 
|  28|0x0000000081c00000, 0x0000000081d00000, 0x0000000081d00000|100%| O|  |TAMS 0x0000000081c00000| PB 0x0000000081c00000| Untracked 
|  29|0x0000000081d00000, 0x0000000081e00000, 0x0000000081e00000|100%| O|  |TAMS 0x0000000081d00000| PB 0x0000000081d00000| Untracked 
|  30|0x0000000081e00000, 0x0000000081f00000, 0x0000000081f00000|100%|HS|  |TAMS 0x0000000081e00000| PB 0x0000000081e00000| Complete 
|  31|0x0000000081f00000, 0x0000000082000000, 0x0000000082000000|100%|HC|  |TAMS 0x0000000081f00000| PB 0x0000000081f00000| Complete 
|  32|0x0000000082000000, 0x0000000082100000, 0x0000000082100000|100%| O|  |TAMS 0x0000000082000000| PB 0x0000000082000000| Untracked 
|  33|0x0000000082100000, 0x0000000082200000, 0x0000000082200000|100%| O|  |TAMS 0x0000000082100000| PB 0x0000000082100000| Untracked 
|  34|0x0000000082200000, 0x0000000082300000, 0x0000000082300000|100%| O|  |TAMS 0x0000000082200000| PB 0x0000000082200000| Untracked 
|  35|0x0000000082300000, 0x0000000082400000, 0x0000000082400000|100%| O|  |TAMS 0x0000000082300000| PB 0x0000000082300000| Untracked 
|  36|0x0000000082400000, 0x0000000082500000, 0x0000000082500000|100%| O|  |TAMS 0x0000000082400000| PB 0x0000000082400000| Untracked 
|  37|0x0000000082500000, 0x0000000082600000, 0x0000000082600000|100%| O|  |TAMS 0x0000000082500000| PB 0x0000000082500000| Untracked 
|  38|0x0000000082600000, 0x0000000082700000, 0x0000000082700000|100%| O|  |TAMS 0x0000000082600000| PB 0x0000000082600000| Untracked 
|  39|0x0000000082700000, 0x0000000082800000, 0x0000000082800000|100%| O|  |TAMS 0x0000000082700000| PB 0x0000000082700000| Untracked 
|  40|0x0000000082800000, 0x0000000082900000, 0x0000000082900000|100%| O|  |TAMS 0x0000000082800000| PB 0x0000000082800000| Untracked 
|  41|0x0000000082900000, 0x0000000082a00000, 0x0000000082a00000|100%| O|  |TAMS 0x0000000082900000| PB 0x0000000082900000| Untracked 
|  42|0x0000000082a00000, 0x0000000082b00000, 0x0000000082b00000|100%| O|  |TAMS 0x0000000082a00000| PB 0x0000000082a00000| Untracked 
|  43|0x0000000082b00000, 0x0000000082c00000, 0x0000000082c00000|100%| O|  |TAMS 0x0000000082b00000| PB 0x0000000082b00000| Untracked 
|  44|0x0000000082c00000, 0x0000000082d00000, 0x0000000082d00000|100%| O|Cm|TAMS 0x0000000082c00000| PB 0x0000000082c00000| Complete 
|  45|0x0000000082d00000, 0x0000000082e00000, 0x0000000082e00000|100%| O|  |TAMS 0x0000000082d00000| PB 0x0000000082d00000| Untracked 
|  46|0x0000000082e00000, 0x0000000082f00000, 0x0000000082f00000|100%| O|  |TAMS 0x0000000082e00000| PB 0x0000000082e00000| Untracked 
|  47|0x0000000082f00000, 0x0000000083000000, 0x0000000083000000|100%| O|  |TAMS 0x0000000082f00000| PB 0x0000000082f00000| Untracked 
|  48|0x0000000083000000, 0x0000000083100000, 0x0000000083100000|100%| O|  |TAMS 0x0000000083000000| PB 0x0000000083000000| Untracked 
|  49|0x0000000083100000, 0x0000000083200000, 0x0000000083200000|100%| O|  |TAMS 0x0000000083100000| PB 0x0000000083100000| Untracked 
|  50|0x0000000083200000, 0x0000000083300000, 0x0000000083300000|100%| O|  |TAMS 0x0000000083200000| PB 0x0000000083200000| Untracked 
|  51|0x0000000083300000, 0x0000000083400000, 0x0000000083400000|100%| O|Cm|TAMS 0x0000000083300000| PB 0x0000000083300000| Complete 
|  52|0x0000000083400000, 0x0000000083500000, 0x0000000083500000|100%| O|  |TAMS 0x0000000083400000| PB 0x0000000083400000| Untracked 
|  53|0x0000000083500000, 0x0000000083600000, 0x0000000083600000|100%| O|  |TAMS 0x0000000083500000| PB 0x0000000083500000| Untracked 
|  54|0x0000000083600000, 0x0000000083700000, 0x0000000083700000|100%| O|  |TAMS 0x0000000083600000| PB 0x0000000083600000| Untracked 
|  55|0x0000000083700000, 0x0000000083800000, 0x0000000083800000|100%| O|  |TAMS 0x0000000083700000| PB 0x0000000083700000| Untracked 
|  56|0x0000000083800000, 0x0000000083900000, 0x0000000083900000|100%| O|  |TAMS 0x0000000083800000| PB 0x0000000083800000| Untracked 
|  57|0x0000000083900000, 0x0000000083a00000, 0x0000000083a00000|100%|HS|  |TAMS 0x0000000083900000| PB 0x0000000083900000| Complete 
|  58|0x0000000083a00000, 0x0000000083b00000, 0x0000000083b00000|100%|HC|  |TAMS 0x0000000083a00000| PB 0x0000000083a00000| Complete 
|  59|0x0000000083b00000, 0x0000000083c00000, 0x0000000083c00000|100%|HC|  |TAMS 0x0000000083b00000| PB 0x0000000083b00000| Complete 
|  60|0x0000000083c00000, 0x0000000083d00000, 0x0000000083d00000|100%|HC|  |TAMS 0x0000000083c00000| PB 0x0000000083c00000| Complete 
|  61|0x0000000083d00000, 0x0000000083e00000, 0x0000000083e00000|100%|HC|  |TAMS 0x0000000083d00000| PB 0x0000000083d00000| Complete 
|  62|0x0000000083e00000, 0x0000000083f00000, 0x0000000083f00000|100%|HC|  |TAMS 0x0000000083e00000| PB 0x0000000083e00000| Complete 
|  63|0x0000000083f00000, 0x0000000084000000, 0x0000000084000000|100%|HS|  |TAMS 0x0000000083f00000| PB 0x0000000083f00000| Complete 
|  64|0x0000000084000000, 0x0000000084100000, 0x0000000084100000|100%|HC|  |TAMS 0x0000000084000000| PB 0x0000000084000000| Complete 
|  65|0x0000000084100000, 0x0000000084200000, 0x0000000084200000|100%|HC|  |TAMS 0x0000000084100000| PB 0x0000000084100000| Complete 
|  66|0x0000000084200000, 0x0000000084300000, 0x0000000084300000|100%|HC|  |TAMS 0x0000000084200000| PB 0x0000000084200000| Complete 
|  67|0x0000000084300000, 0x0000000084400000, 0x0000000084400000|100%|HC|  |TAMS 0x0000000084300000| PB 0x0000000084300000| Complete 
|  68|0x0000000084400000, 0x0000000084500000, 0x0000000084500000|100%|HC|  |TAMS 0x0000000084400000| PB 0x0000000084400000| Complete 
|  69|0x0000000084500000, 0x0000000084600000, 0x0000000084600000|100%| O|  |TAMS 0x0000000084500000| PB 0x0000000084500000| Untracked 
|  70|0x0000000084600000, 0x0000000084700000, 0x0000000084700000|100%| O|  |TAMS 0x0000000084600000| PB 0x0000000084600000| Untracked 
|  71|0x0000000084700000, 0x0000000084800000, 0x0000000084800000|100%| O|  |TAMS 0x0000000084700000| PB 0x0000000084700000| Untracked 
|  72|0x0000000084800000, 0x00000000848193b0, 0x0000000084900000|  9%| O|  |TAMS 0x0000000084800000| PB 0x0000000084800000| Untracked 
|  73|0x0000000084900000, 0x0000000084900000, 0x0000000084a00000|  0%| F|  |TAMS 0x0000000084900000| PB 0x0000000084900000| Untracked 
|  74|0x0000000084a00000, 0x0000000084a00000, 0x0000000084b00000|  0%| F|  |TAMS 0x0000000084a00000| PB 0x0000000084a00000| Untracked 
|  75|0x0000000084b00000, 0x0000000084b00000, 0x0000000084c00000|  0%| F|  |TAMS 0x0000000084b00000| PB 0x0000000084b00000| Untracked 
|  76|0x0000000084c00000, 0x0000000084c00000, 0x0000000084d00000|  0%| F|  |TAMS 0x0000000084c00000| PB 0x0000000084c00000| Untracked 
|  77|0x0000000084d00000, 0x0000000084d00000, 0x0000000084e00000|  0%| F|  |TAMS 0x0000000084d00000| PB 0x0000000084d00000| Untracked 
|  78|0x0000000084e00000, 0x0000000084e00000, 0x0000000084f00000|  0%| F|  |TAMS 0x0000000084e00000| PB 0x0000000084e00000| Untracked 
|  79|0x0000000084f00000, 0x0000000084f00000, 0x0000000085000000|  0%| F|  |TAMS 0x0000000084f00000| PB 0x0000000084f00000| Untracked 
|  80|0x0000000085000000, 0x0000000085000000, 0x0000000085100000|  0%| F|  |TAMS 0x0000000085000000| PB 0x0000000085000000| Untracked 
|  81|0x0000000085100000, 0x0000000085100000, 0x0000000085200000|  0%| F|  |TAMS 0x0000000085100000| PB 0x0000000085100000| Untracked 
|  82|0x0000000085200000, 0x0000000085200000, 0x0000000085300000|  0%| F|  |TAMS 0x0000000085200000| PB 0x0000000085200000| Untracked 
|  83|0x0000000085300000, 0x0000000085300000, 0x0000000085400000|  0%| F|  |TAMS 0x0000000085300000| PB 0x0000000085300000| Untracked 
|  84|0x0000000085400000, 0x0000000085400000, 0x0000000085500000|  0%| F|  |TAMS 0x0000000085400000| PB 0x0000000085400000| Untracked 
|  85|0x0000000085500000, 0x0000000085500000, 0x0000000085600000|  0%| F|  |TAMS 0x0000000085500000| PB 0x0000000085500000| Untracked 
|  86|0x0000000085600000, 0x0000000085600000, 0x0000000085700000|  0%| F|  |TAMS 0x0000000085600000| PB 0x0000000085600000| Untracked 
|  87|0x0000000085700000, 0x0000000085700000, 0x0000000085800000|  0%| F|  |TAMS 0x0000000085700000| PB 0x0000000085700000| Untracked 
|  88|0x0000000085800000, 0x0000000085800000, 0x0000000085900000|  0%| F|  |TAMS 0x0000000085800000| PB 0x0000000085800000| Untracked 
|  89|0x0000000085900000, 0x0000000085900000, 0x0000000085a00000|  0%| F|  |TAMS 0x0000000085900000| PB 0x0000000085900000| Untracked 
|  90|0x0000000085a00000, 0x0000000085a00000, 0x0000000085b00000|  0%| F|  |TAMS 0x0000000085a00000| PB 0x0000000085a00000| Untracked 
|  91|0x0000000085b00000, 0x0000000085b00000, 0x0000000085c00000|  0%| F|  |TAMS 0x0000000085b00000| PB 0x0000000085b00000| Untracked 
|  92|0x0000000085c00000, 0x0000000085c00000, 0x0000000085d00000|  0%| F|  |TAMS 0x0000000085c00000| PB 0x0000000085c00000| Untracked 
|  93|0x0000000085d00000, 0x0000000085e00000, 0x0000000085e00000|100%| S|CS|TAMS 0x0000000085d00000| PB 0x0000000085d00000| Complete 
|  94|0x0000000085e00000, 0x0000000085f00000, 0x0000000085f00000|100%| S|CS|TAMS 0x0000000085e00000| PB 0x0000000085e00000| Complete 
|  95|0x0000000085f00000, 0x0000000086000000, 0x0000000086000000|100%| S|CS|TAMS 0x0000000085f00000| PB 0x0000000085f00000| Complete 
|  96|0x0000000086000000, 0x0000000086100000, 0x0000000086100000|100%| S|CS|TAMS 0x0000000086000000| PB 0x0000000086000000| Complete 
|  97|0x0000000086100000, 0x0000000086200000, 0x0000000086200000|100%| S|CS|TAMS 0x0000000086100000| PB 0x0000000086100000| Complete 
|  98|0x0000000086200000, 0x0000000086200000, 0x0000000086300000|  0%| F|  |TAMS 0x0000000086200000| PB 0x0000000086200000| Untracked 
|  99|0x0000000086300000, 0x0000000086300000, 0x0000000086400000|  0%| F|  |TAMS 0x0000000086300000| PB 0x0000000086300000| Untracked 
| 100|0x0000000086400000, 0x0000000086400000, 0x0000000086500000|  0%| F|  |TAMS 0x0000000086400000| PB 0x0000000086400000| Untracked 
| 101|0x0000000086500000, 0x0000000086500000, 0x0000000086600000|  0%| F|  |TAMS 0x0000000086500000| PB 0x0000000086500000| Untracked 
| 102|0x0000000086600000, 0x0000000086600000, 0x0000000086700000|  0%| F|  |TAMS 0x0000000086600000| PB 0x0000000086600000| Untracked 
| 103|0x0000000086700000, 0x0000000086700000, 0x0000000086800000|  0%| F|  |TAMS 0x0000000086700000| PB 0x0000000086700000| Untracked 
| 104|0x0000000086800000, 0x0000000086800000, 0x0000000086900000|  0%| F|  |TAMS 0x0000000086800000| PB 0x0000000086800000| Untracked 
| 105|0x0000000086900000, 0x0000000086900000, 0x0000000086a00000|  0%| F|  |TAMS 0x0000000086900000| PB 0x0000000086900000| Untracked 
| 106|0x0000000086a00000, 0x0000000086a00000, 0x0000000086b00000|  0%| F|  |TAMS 0x0000000086a00000| PB 0x0000000086a00000| Untracked 
| 107|0x0000000086b00000, 0x0000000086b00000, 0x0000000086c00000|  0%| F|  |TAMS 0x0000000086b00000| PB 0x0000000086b00000| Untracked 
| 108|0x0000000086c00000, 0x0000000086c00000, 0x0000000086d00000|  0%| F|  |TAMS 0x0000000086c00000| PB 0x0000000086c00000| Untracked 
| 109|0x0000000086d00000, 0x0000000086d00000, 0x0000000086e00000|  0%| F|  |TAMS 0x0000000086d00000| PB 0x0000000086d00000| Untracked 
| 110|0x0000000086e00000, 0x0000000086e00000, 0x0000000086f00000|  0%| F|  |TAMS 0x0000000086e00000| PB 0x0000000086e00000| Untracked 
| 111|0x0000000086f00000, 0x0000000086f00000, 0x0000000087000000|  0%| F|  |TAMS 0x0000000086f00000| PB 0x0000000086f00000| Untracked 
| 112|0x0000000087000000, 0x0000000087000000, 0x0000000087100000|  0%| F|  |TAMS 0x0000000087000000| PB 0x0000000087000000| Untracked 
| 113|0x0000000087100000, 0x0000000087100000, 0x0000000087200000|  0%| F|  |TAMS 0x0000000087100000| PB 0x0000000087100000| Untracked 
| 114|0x0000000087200000, 0x0000000087200000, 0x0000000087300000|  0%| F|  |TAMS 0x0000000087200000| PB 0x0000000087200000| Untracked 
| 115|0x0000000087300000, 0x0000000087300000, 0x0000000087400000|  0%| F|  |TAMS 0x0000000087300000| PB 0x0000000087300000| Untracked 
| 116|0x0000000087400000, 0x0000000087400000, 0x0000000087500000|  0%| F|  |TAMS 0x0000000087400000| PB 0x0000000087400000| Untracked 
| 117|0x0000000087500000, 0x0000000087500000, 0x0000000087600000|  0%| F|  |TAMS 0x0000000087500000| PB 0x0000000087500000| Untracked 
| 226|0x000000008e200000, 0x000000008e200000, 0x000000008e300000|  0%| F|  |TAMS 0x000000008e200000| PB 0x000000008e200000| Untracked 
| 227|0x000000008e300000, 0x000000008e300000, 0x000000008e400000|  0%| F|  |TAMS 0x000000008e300000| PB 0x000000008e300000| Untracked 
| 228|0x000000008e400000, 0x000000008e400000, 0x000000008e500000|  0%| F|  |TAMS 0x000000008e400000| PB 0x000000008e400000| Untracked 
| 229|0x000000008e500000, 0x000000008e500000, 0x000000008e600000|  0%| F|  |TAMS 0x000000008e500000| PB 0x000000008e500000| Untracked 
| 230|0x000000008e600000, 0x000000008e600000, 0x000000008e700000|  0%| F|  |TAMS 0x000000008e600000| PB 0x000000008e600000| Untracked 
| 231|0x000000008e700000, 0x000000008e700000, 0x000000008e800000|  0%| F|  |TAMS 0x000000008e700000| PB 0x000000008e700000| Untracked 
| 232|0x000000008e800000, 0x000000008e800000, 0x000000008e900000|  0%| F|  |TAMS 0x000000008e800000| PB 0x000000008e800000| Untracked 
| 233|0x000000008e900000, 0x000000008e900000, 0x000000008ea00000|  0%| F|  |TAMS 0x000000008e900000| PB 0x000000008e900000| Untracked 
| 234|0x000000008ea00000, 0x000000008ea00000, 0x000000008eb00000|  0%| F|  |TAMS 0x000000008ea00000| PB 0x000000008ea00000| Untracked 
| 235|0x000000008eb00000, 0x000000008eb00000, 0x000000008ec00000|  0%| F|  |TAMS 0x000000008eb00000| PB 0x000000008eb00000| Untracked 
| 251|0x000000008fb00000, 0x000000008fb00000, 0x000000008fc00000|  0%| F|  |TAMS 0x000000008fb00000| PB 0x000000008fb00000| Untracked 
|2037|0x00000000ff500000, 0x00000000ff600000, 0x00000000ff600000|100%| O|  |TAMS 0x00000000ff500000| PB 0x00000000ff500000| Untracked 
|2038|0x00000000ff600000, 0x00000000ff700000, 0x00000000ff700000|100%| O|  |TAMS 0x00000000ff600000| PB 0x00000000ff600000| Untracked 
|2039|0x00000000ff700000, 0x00000000ff800000, 0x00000000ff800000|100%| O|  |TAMS 0x00000000ff700000| PB 0x00000000ff700000| Untracked 
|2040|0x00000000ff800000, 0x00000000ff900000, 0x00000000ff900000|100%| O|  |TAMS 0x00000000ff800000| PB 0x00000000ff800000| Untracked 
|2041|0x00000000ff900000, 0x00000000ffa00000, 0x00000000ffa00000|100%| O|  |TAMS 0x00000000ff900000| PB 0x00000000ff900000| Untracked 
|2042|0x00000000ffa00000, 0x00000000ffb00000, 0x00000000ffb00000|100%| O|  |TAMS 0x00000000ffa00000| PB 0x00000000ffa00000| Untracked 
|2043|0x00000000ffb00000, 0x00000000ffb00000, 0x00000000ffc00000|  0%| F|  |TAMS 0x00000000ffb00000| PB 0x00000000ffb00000| Untracked 
|2044|0x00000000ffc00000, 0x00000000ffd00000, 0x00000000ffd00000|100%| O|  |TAMS 0x00000000ffc00000| PB 0x00000000ffc00000| Untracked 
|2045|0x00000000ffd00000, 0x00000000ffe00000, 0x00000000ffe00000|100%| O|  |TAMS 0x00000000ffd00000| PB 0x00000000ffd00000| Untracked 
|2046|0x00000000ffe00000, 0x00000000fff00000, 0x00000000fff00000|100%| O|  |TAMS 0x00000000ffe00000| PB 0x00000000ffe00000| Untracked 
|2047|0x00000000fff00000, 0x0000000100000000, 0x0000000100000000|100%| O|  |TAMS 0x00000000fff00000| PB 0x00000000fff00000| Untracked 

Card table byte_map: [0x000002a5ee920000,0x000002a5eed20000] _byte_map_base: 0x000002a5ee520000

Marking Bits: (CMBitMap*) 0x000002a5dbba51d0
 Bits: [0x000002a5eed20000, 0x000002a5f0d20000)

Polling page: 0x000002a5d9ad0000

Metaspace:

Usage:
  Non-class:     57.53 MB used.
      Class:      9.14 MB used.
       Both:     66.67 MB used.

Virtual space:
  Non-class space:       64.00 MB reserved,      58.44 MB ( 91%) committed,  1 nodes.
      Class space:        1.00 GB reserved,      10.00 MB ( <1%) committed,  1 nodes.
             Both:        1.06 GB reserved,      68.44 MB (  6%) committed. 

Chunk freelists:
   Non-Class:  4.80 MB
       Class:  5.97 MB
        Both:  10.77 MB

MaxMetaspaceSize: unlimited
CompressedClassSpaceSize: 1.00 GB
Initial GC threshold: 21.00 MB
Current GC threshold: 113.12 MB
CDS: off
 - commit_granule_bytes: 65536.
 - commit_granule_words: 8192.
 - virtual_space_node_default_size: 8388608.
 - enlarge_chunks_in_place: 1.
 - use_allocation_guard: 0.


Internal statistics:

num_allocs_failed_limit: 9.
num_arena_births: 3162.
num_arena_deaths: 0.
num_vsnodes_births: 2.
num_vsnodes_deaths: 0.
num_space_committed: 1095.
num_space_uncommitted: 0.
num_chunks_returned_to_freelist: 9.
num_chunks_taken_from_freelist: 5987.
num_chunk_merges: 9.
num_chunk_splits: 3870.
num_chunks_enlarged: 2366.
num_inconsistent_stats: 0.

CodeHeap 'non-profiled nmethods': size=119168Kb used=4048Kb max_used=4048Kb free=115119Kb
 bounds [0x000002a5e6840000, 0x000002a5e6c40000, 0x000002a5edca0000]
CodeHeap 'profiled nmethods': size=119104Kb used=14169Kb max_used=14169Kb free=104934Kb
 bounds [0x000002a5deca0000, 0x000002a5dfa80000, 0x000002a5e60f0000]
CodeHeap 'non-nmethods': size=7488Kb used=4417Kb max_used=4496Kb free=3070Kb
 bounds [0x000002a5e60f0000, 0x000002a5e6560000, 0x000002a5e6840000]
 total_blobs=8350 nmethods=7471 adapters=779
 compilation: enabled
              stopped_count=0, restarted_count=0
 full_count=0

Compilation events (20 events):
Event: 4.296 Thread 0x000002a5f3cfa140 8461       3       org.gradle.internal.snapshot.SingletonChildMap$2::withReplacedChild (16 bytes)
Event: 4.296 Thread 0x000002a5f3cfa140 nmethod 8461 0x000002a5dfa73c10 code [0x000002a5dfa73de0, 0x000002a5dfa74040]
Event: 4.297 Thread 0x000002a5f3cfa140 8462       3       org.gradle.internal.Deferrable$1::completeAndGet (18 bytes)
Event: 4.297 Thread 0x000002a5f3cfa140 nmethod 8462 0x000002a5dfa74210 code [0x000002a5dfa74400, 0x000002a5dfa74858]
Event: 4.297 Thread 0x000002a5f3cfa140 8463       3       java.nio.MappedByteBuffer::rewind (5 bytes)
Event: 4.297 Thread 0x000002a5f82ff870 8464       3       java.nio.MappedByteBuffer::rewind (7 bytes)
Event: 4.297 Thread 0x000002a5f813f5e0 nmethod 8416 0x000002a5e6c2d190 code [0x000002a5e6c2d3e0, 0x000002a5e6c2dca8]
Event: 4.297 Thread 0x000002a5f3cfa140 nmethod 8463 0x000002a5dfa74a10 code [0x000002a5dfa74bc0, 0x000002a5dfa74df8]
Event: 4.297 Thread 0x000002a5f82ff870 nmethod 8464 0x000002a5dfa74f10 code [0x000002a5dfa750c0, 0x000002a5dfa75298]
Event: 4.298 Thread 0x000002a5fec3c840 nmethod 8460 0x000002a5e6c2e310 code [0x000002a5e6c2e4e0, 0x000002a5e6c2e880]
Event: 4.298 Thread 0x000002a5f813f5e0 8465       4       org.gradle.internal.snapshot.MediumChildMap::withNode (67 bytes)
Event: 4.298 Thread 0x000002a5f8556ba0 nmethod 8450 0x000002a5e6c2ec10 code [0x000002a5e6c2edc0, 0x000002a5e6c2f398]
Event: 4.299 Thread 0x000002a5f8143580 8466       3       org.gradle.api.internal.artifacts.transform.TransformStep::isolateParametersIfNotAlready (10 bytes)
Event: 4.299 Thread 0x000002a5f82ff870 8467       3       org.gradle.api.internal.artifacts.transform.DefaultTransform::isolateParametersIfNotAlready (8 bytes)
Event: 4.299 Thread 0x000002a5f82ff870 nmethod 8467 0x000002a5dfa75390 code [0x000002a5dfa75560, 0x000002a5dfa757d0]
Event: 4.299 Thread 0x000002a5f8143580 nmethod 8466 0x000002a5dfa75910 code [0x000002a5dfa75ae0, 0x000002a5dfa75e00]
Event: 4.300 Thread 0x000002a5fd523440 nmethod 8377 0x000002a5e6c2f610 code [0x000002a5e6c2f920, 0x000002a5e6c30cd0]
Event: 4.300 Thread 0x000002a5f853fd30 nmethod 8314 0x000002a5e6c31910 code [0x000002a5e6c31ba0, 0x000002a5e6c335e8]
Event: 4.301 Thread 0x000002a5f82ff870 8468       3       org.gradle.internal.hash.HashCode$HashCode128::toByteArray (26 bytes)
Event: 4.301 Thread 0x000002a5f82ff870 nmethod 8468 0x000002a5dfa76010 code [0x000002a5dfa761e0, 0x000002a5dfa764c0]

GC Heap History (20 events):
Event: 1.588 GC heap after
{Heap after GC invocations=6 (full 0):
 garbage-first heap   total 92160K, used 24509K [0x0000000080000000, 0x0000000100000000)
  region size 1024K, 13 young (13312K), 13 survivors (13312K)
 Metaspace       used 30077K, committed 30656K, reserved 1114112K
  class space    used 3875K, committed 4160K, reserved 1048576K
}
Event: 1.914 GC heap before
{Heap before GC invocations=6 (full 0):
 garbage-first heap   total 92160K, used 75709K [0x0000000080000000, 0x0000000100000000)
  region size 1024K, 54 young (55296K), 13 survivors (13312K)
 Metaspace       used 35096K, committed 35968K, reserved 1114112K
  class space    used 4730K, committed 5184K, reserved 1048576K
}
Event: 1.918 GC heap after
{Heap after GC invocations=7 (full 0):
 garbage-first heap   total 97280K, used 40371K [0x0000000080000000, 0x0000000100000000)
  region size 1024K, 7 young (7168K), 7 survivors (7168K)
 Metaspace       used 35096K, committed 35968K, reserved 1114112K
  class space    used 4730K, committed 5184K, reserved 1048576K
}
Event: 1.962 GC heap before
{Heap before GC invocations=7 (full 0):
 garbage-first heap   total 97280K, used 46515K [0x0000000080000000, 0x0000000100000000)
  region size 1024K, 13 young (13312K), 7 survivors (7168K)
 Metaspace       used 35429K, committed 36288K, reserved 1114112K
  class space    used 4787K, committed 5248K, reserved 1048576K
}
Event: 1.964 GC heap after
{Heap after GC invocations=8 (full 0):
 garbage-first heap   total 97280K, used 43617K [0x0000000080000000, 0x0000000100000000)
  region size 1024K, 2 young (2048K), 2 survivors (2048K)
 Metaspace       used 35429K, committed 36288K, reserved 1114112K
  class space    used 4787K, committed 5248K, reserved 1048576K
}
Event: 2.243 GC heap before
{Heap before GC invocations=9 (full 0):
 garbage-first heap   total 97280K, used 83553K [0x0000000080000000, 0x0000000100000000)
  region size 1024K, 41 young (41984K), 2 survivors (2048K)
 Metaspace       used 40384K, committed 41472K, reserved 1114112K
  class space    used 5605K, committed 6144K, reserved 1048576K
}
Event: 2.244 GC heap after
{Heap after GC invocations=10 (full 0):
 garbage-first heap   total 116736K, used 44723K [0x0000000080000000, 0x0000000100000000)
  region size 1024K, 3 young (3072K), 3 survivors (3072K)
 Metaspace       used 40384K, committed 41472K, reserved 1114112K
  class space    used 5605K, committed 6144K, reserved 1048576K
}
Event: 2.625 GC heap before
{Heap before GC invocations=10 (full 0):
 garbage-first heap   total 116736K, used 101043K [0x0000000080000000, 0x0000000100000000)
  region size 1024K, 59 young (60416K), 3 survivors (3072K)
 Metaspace       used 49005K, committed 50304K, reserved 1114112K
  class space    used 6667K, committed 7296K, reserved 1048576K
}
Event: 2.629 GC heap after
{Heap after GC invocations=11 (full 0):
 garbage-first heap   total 116736K, used 50648K [0x0000000080000000, 0x0000000100000000)
  region size 1024K, 8 young (8192K), 8 survivors (8192K)
 Metaspace       used 49005K, committed 50304K, reserved 1114112K
  class space    used 6667K, committed 7296K, reserved 1048576K
}
Event: 2.975 GC heap before
{Heap before GC invocations=11 (full 0):
 garbage-first heap   total 116736K, used 105944K [0x0000000080000000, 0x0000000100000000)
  region size 1024K, 57 young (58368K), 8 survivors (8192K)
 Metaspace       used 54691K, committed 56192K, reserved 1114112K
  class space    used 7448K, committed 8192K, reserved 1048576K
}
Event: 2.978 GC heap after
{Heap after GC invocations=12 (full 0):
 garbage-first heap   total 118784K, used 54168K [0x0000000080000000, 0x0000000100000000)
  region size 1024K, 5 young (5120K), 5 survivors (5120K)
 Metaspace       used 54691K, committed 56192K, reserved 1114112K
  class space    used 7448K, committed 8192K, reserved 1048576K
}
Event: 3.192 GC heap before
{Heap before GC invocations=12 (full 0):
 garbage-first heap   total 118784K, used 82840K [0x0000000080000000, 0x0000000100000000)
  region size 1024K, 33 young (33792K), 5 survivors (5120K)
 Metaspace       used 56273K, committed 57728K, reserved 1114112K
  class space    used 7676K, committed 8384K, reserved 1048576K
}
Event: 3.194 GC heap after
{Heap after GC invocations=13 (full 0):
 garbage-first heap   total 118784K, used 61963K [0x0000000080000000, 0x0000000100000000)
  region size 1024K, 6 young (6144K), 6 survivors (6144K)
 Metaspace       used 56273K, committed 57728K, reserved 1114112K
  class space    used 7676K, committed 8384K, reserved 1048576K
}
Event: 3.432 GC heap before
{Heap before GC invocations=14 (full 0):
 garbage-first heap   total 118784K, used 117259K [0x0000000080000000, 0x0000000100000000)
  region size 1024K, 47 young (48128K), 6 survivors (6144K)
 Metaspace       used 59198K, committed 60800K, reserved 1114112K
  class space    used 8021K, committed 8768K, reserved 1048576K
}
Event: 3.435 GC heap after
{Heap after GC invocations=15 (full 0):
 garbage-first heap   total 130048K, used 79368K [0x0000000080000000, 0x0000000100000000)
  region size 1024K, 6 young (6144K), 6 survivors (6144K)
 Metaspace       used 59198K, committed 60800K, reserved 1114112K
  class space    used 8021K, committed 8768K, reserved 1048576K
}
Event: 3.712 GC heap before
{Heap before GC invocations=15 (full 0):
 garbage-first heap   total 130048K, used 116232K [0x0000000080000000, 0x0000000100000000)
  region size 1024K, 42 young (43008K), 6 survivors (6144K)
 Metaspace       used 64276K, committed 65856K, reserved 1114112K
  class space    used 8786K, committed 9536K, reserved 1048576K
}
Event: 3.715 GC heap after
{Heap after GC invocations=16 (full 0):
 garbage-first heap   total 130048K, used 81019K [0x0000000080000000, 0x0000000100000000)
  region size 1024K, 3 young (3072K), 3 survivors (3072K)
 Metaspace       used 64276K, committed 65856K, reserved 1114112K
  class space    used 8786K, committed 9536K, reserved 1048576K
}
Event: 4.089 GC heap before
{Heap before GC invocations=16 (full 0):
 garbage-first heap   total 130048K, used 117883K [0x0000000080000000, 0x0000000100000000)
  region size 1024K, 39 young (39936K), 3 survivors (3072K)
 Metaspace       used 67689K, committed 69440K, reserved 1114112K
  class space    used 9335K, committed 10240K, reserved 1048576K
}
Event: 4.091 GC heap after
{Heap after GC invocations=17 (full 0):
 garbage-first heap   total 130048K, used 84280K [0x0000000080000000, 0x0000000100000000)
  region size 1024K, 5 young (5120K), 5 survivors (5120K)
 Metaspace       used 67689K, committed 69440K, reserved 1114112K
  class space    used 9335K, committed 10240K, reserved 1048576K
}
Event: 4.301 GC heap before
{Heap before GC invocations=18 (full 0):
 garbage-first heap   total 143360K, used 116024K [0x0000000080000000, 0x0000000100000000)
  region size 1024K, 37 young (37888K), 5 survivors (5120K)
 Metaspace       used 68274K, committed 70080K, reserved 1114112K
  class space    used 9359K, committed 10240K, reserved 1048576K
}

Dll operation events (3 events):
Event: 0.007 Loaded shared library C:\Program Files\Android\Android Studio\jbr\bin\java.dll
Event: 0.010 Loaded shared library C:\Program Files\Android\Android Studio\jbr\bin\zip.dll
Event: 0.305 Loaded shared library C:\Program Files\Android\Android Studio\jbr\bin\verify.dll

Deoptimization events (20 events):
Event: 4.237 Thread 0x000002a5fa41f450 Uncommon trap: trap_request=0xffffff45 fr.pc=0x000002a5e6b4b0d8 relative=0x0000000000000778
Event: 4.237 Thread 0x000002a5fa41f450 Uncommon trap: reason=unstable_if action=reinterpret pc=0x000002a5e6b4b0d8 method=org.gradle.internal.snapshot.VfsRelativePath.isPrefix(Ljava/lang/String;ILjava/lang/String;ILorg/gradle/internal/snapshot/CaseSensitivity;)Z @ 101 c2
Event: 4.237 Thread 0x000002a5fa41f450 DEOPT PACKING pc=0x000002a5e6b4b0d8 sp=0x000000e7380f35f0
Event: 4.237 Thread 0x000002a5fa41f450 DEOPT UNPACKING pc=0x000002a5e61446a2 sp=0x000000e7380f3578 mode 2
Event: 4.240 Thread 0x000002a5fa41f450 Uncommon trap: trap_request=0xffffff45 fr.pc=0x000002a5e69e633c relative=0x000000000000013c
Event: 4.240 Thread 0x000002a5fa41f450 Uncommon trap: reason=unstable_if action=reinterpret pc=0x000002a5e69e633c method=java.util.concurrent.ConcurrentHashMap.addCount(JI)V @ 110 c2
Event: 4.240 Thread 0x000002a5fa41f450 DEOPT PACKING pc=0x000002a5e69e633c sp=0x000000e7380f49f0
Event: 4.240 Thread 0x000002a5fa41f450 DEOPT UNPACKING pc=0x000002a5e61446a2 sp=0x000000e7380f4938 mode 2
Event: 4.244 Thread 0x000002a5fa41f450 Uncommon trap: trap_request=0xffffff45 fr.pc=0x000002a5e6a51ce0 relative=0x0000000000000700
Event: 4.244 Thread 0x000002a5fa41f450 Uncommon trap: reason=unstable_if action=reinterpret pc=0x000002a5e6a51ce0 method=org.gradle.internal.snapshot.VfsRelativePath.isPrefix(Ljava/lang/String;ILjava/lang/String;ILorg/gradle/internal/snapshot/CaseSensitivity;)Z @ 101 c2
Event: 4.244 Thread 0x000002a5fa41f450 DEOPT PACKING pc=0x000002a5e6a51ce0 sp=0x000000e7380f3640
Event: 4.244 Thread 0x000002a5fa41f450 DEOPT UNPACKING pc=0x000002a5e61446a2 sp=0x000000e7380f3558 mode 2
Event: 4.252 Thread 0x000002a5fa41f450 Uncommon trap: trap_request=0xffffff45 fr.pc=0x000002a5e6a4e720 relative=0x0000000000000d80
Event: 4.252 Thread 0x000002a5fa41f450 Uncommon trap: reason=unstable_if action=reinterpret pc=0x000002a5e6a4e720 method=org.gradle.internal.snapshot.PathUtil.equalChars(CCLorg/gradle/internal/snapshot/CaseSensitivity;)Z @ 40 c2
Event: 4.252 Thread 0x000002a5fa41f450 DEOPT PACKING pc=0x000002a5e6a4e720 sp=0x000000e7380f3760
Event: 4.252 Thread 0x000002a5fa41f450 DEOPT UNPACKING pc=0x000002a5e61446a2 sp=0x000000e7380f35d8 mode 2
Event: 4.252 Thread 0x000002a5fa41f450 Uncommon trap: trap_request=0xffffff45 fr.pc=0x000002a5e6a507fc relative=0x00000000000002fc
Event: 4.252 Thread 0x000002a5fa41f450 Uncommon trap: reason=unstable_if action=reinterpret pc=0x000002a5e6a507fc method=org.gradle.internal.snapshot.PathUtil.equalChars(CCLorg/gradle/internal/snapshot/CaseSensitivity;)Z @ 40 c2
Event: 4.252 Thread 0x000002a5fa41f450 DEOPT PACKING pc=0x000002a5e6a507fc sp=0x000000e7380f3440
Event: 4.252 Thread 0x000002a5fa41f450 DEOPT UNPACKING pc=0x000002a5e61446a2 sp=0x000000e7380f33d0 mode 2

Classes loaded (20 events):
Event: 3.711 Loading class java/util/IdentityHashMap$EntryIterator$Entry
Event: 3.711 Loading class java/util/IdentityHashMap$EntryIterator$Entry done
Event: 3.724 Loading class java/util/concurrent/RecursiveAction
Event: 3.724 Loading class java/util/concurrent/RecursiveAction done
Event: 3.734 Loading class java/lang/invoke/SerializedLambda$1
Event: 3.734 Loading class java/lang/invoke/SerializedLambda$1 done
Event: 3.743 Loading class org/xml/sax/Locator
Event: 3.743 Loading class org/xml/sax/Locator done
Event: 3.744 Loading class org/xml/sax/SAXParseException
Event: 3.744 Loading class org/xml/sax/SAXParseException done
Event: 3.744 Loading class org/xml/sax/Attributes
Event: 3.744 Loading class org/xml/sax/Attributes done
Event: 3.769 Loading class java/util/DualPivotQuicksort
Event: 3.770 Loading class java/util/DualPivotQuicksort done
Event: 3.794 Loading class java/util/function/LongUnaryOperator
Event: 3.794 Loading class java/util/function/LongUnaryOperator done
Event: 4.129 Loading class java/util/Collections$ReverseComparator
Event: 4.129 Loading class java/util/Collections$ReverseComparator done
Event: 4.129 Loading class java/util/Collections$ReverseComparator2
Event: 4.129 Loading class java/util/Collections$ReverseComparator2 done

Classes unloaded (0 events):
No events

Classes redefined (0 events):
No events

Internal exceptions (20 events):
Event: 3.887 Thread 0x000002a5fa41f450 Exception <a 'java/lang/ClassNotFoundException'{0x000000008602f3b8}: org/gradle/accessors/dm/LibrariesForLibs_DecoratedCustomizer> (0x000000008602f3b8) 
thrown [s\src\hotspot\share\classfile\systemDictionary.cpp, line 312]
Event: 3.889 Thread 0x000002a5fa41f450 Exception <a 'java/lang/ClassNotFoundException'{0x00000000860701e0}: org/gradle/accessors/dm/LibrariesForLibs$PluginAccessorsBeanInfo> (0x00000000860701e0) 
thrown [s\src\hotspot\share\classfile\systemDictionary.cpp, line 312]
Event: 3.890 Thread 0x000002a5fa41f450 Exception <a 'java/lang/ClassNotFoundException'{0x0000000086085f90}: org/gradle/api/internal/catalog/AbstractExternalDependencyFactory$PluginFactoryBeanInfo> (0x0000000086085f90) 
thrown [s\src\hotspot\share\classfile\systemDictionary.cpp, line 312]
Event: 3.890 Thread 0x000002a5fa41f450 Exception <a 'java/lang/ClassNotFoundException'{0x000000008609bb08}: org/gradle/api/internal/catalog/AbstractExternalDependencyFactory$PluginFactoryCustomizer> (0x000000008609bb08) 
thrown [s\src\hotspot\share\classfile\systemDictionary.cpp, line 312]
Event: 3.891 Thread 0x000002a5fa41f450 Exception <a 'java/lang/ClassNotFoundException'{0x00000000860ae7d0}: org/gradle/accessors/dm/LibrariesForLibs$PluginAccessorsCustomizer> (0x00000000860ae7d0) 
thrown [s\src\hotspot\share\classfile\systemDictionary.cpp, line 312]
Event: 3.892 Thread 0x000002a5fa41f450 Exception <a 'java/lang/ClassNotFoundException'{0x00000000860d0c40}: org/gradle/accessors/dm/LibrariesForLibs$AndroidPluginAccessorsBeanInfo> (0x00000000860d0c40) 
thrown [s\src\hotspot\share\classfile\systemDictionary.cpp, line 312]
Event: 3.892 Thread 0x000002a5fa41f450 Exception <a 'java/lang/ClassNotFoundException'{0x00000000860e22c0}: org/gradle/accessors/dm/LibrariesForLibs$AndroidPluginAccessorsCustomizer> (0x00000000860e22c0) 
thrown [s\src\hotspot\share\classfile\systemDictionary.cpp, line 312]
Event: 3.899 Thread 0x000002a5fa41f450 Exception <a 'java/lang/IncompatibleClassChangeError'{0x0000000085f51550}: Found class java.lang.Object, but interface was expected> (0x0000000085f51550) 
thrown [s\src\hotspot\share\interpreter\linkResolver.cpp, line 851]
Event: 3.902 Thread 0x000002a5fa41f450 Exception <a 'java/lang/NoSuchMethodError'{0x0000000085f802a0}: static Lorg/gradle/api/internal/catalog/DefaultVersionCatalog;.<clinit>()V> (0x0000000085f802a0) 
thrown [s\src\hotspot\share\prims\jni.cpp, line 1126]
Event: 3.908 Thread 0x000002a5fa41f450 Exception <a 'java/lang/NoSuchMethodError'{0x0000000085fd7df8}: static [Ljava/lang/Object;.<clinit>()V> (0x0000000085fd7df8) 
thrown [s\src\hotspot\share\prims\jni.cpp, line 1126]
Event: 3.909 Thread 0x000002a5fa41f450 Exception <a 'java/lang/NoSuchMethodError'{0x0000000085e030b0}: static Lorg/gradle/api/internal/catalog/DependencyModel;.<clinit>()V> (0x0000000085e030b0) 
thrown [s\src\hotspot\share\prims\jni.cpp, line 1126]
Event: 3.909 Thread 0x000002a5fa41f450 Exception <a 'java/lang/NoSuchMethodError'{0x0000000085e07478}: static Lorg/gradle/api/internal/catalog/AbstractContextAwareModel;.<clinit>()V> (0x0000000085e07478) 
thrown [s\src\hotspot\share\prims\jni.cpp, line 1126]
Event: 3.911 Thread 0x000002a5fa41f450 Exception <a 'java/lang/NoSuchMethodError'{0x0000000085e22e98}: static Lorg/gradle/api/internal/artifacts/dependencies/AbstractVersionConstraint;.<clinit>()V> (0x0000000085e22e98) 
thrown [s\src\hotspot\share\prims\jni.cpp, line 1126]
Event: 3.918 Thread 0x000002a5fa41f450 Exception <a 'java/lang/NoSuchMethodError'{0x0000000085ed6cd0}: static Lorg/gradle/api/internal/catalog/PluginModel;.<clinit>()V> (0x0000000085ed6cd0) 
thrown [s\src\hotspot\share\prims\jni.cpp, line 1126]
Event: 3.919 Thread 0x000002a5fa41f450 Exception <a 'java/lang/NoSuchMethodError'{0x0000000085ef0228}: static Lorg/gradle/api/internal/catalog/VersionModel;.<clinit>()V> (0x0000000085ef0228) 
thrown [s\src\hotspot\share\prims\jni.cpp, line 1126]
Event: 3.931 Thread 0x000002a5fa41f450 Exception <a 'java/lang/ClassNotFoundException'{0x0000000085da2cb0}: org/gradle/plugin/use/internal/PluginRequestCollector$PluginDependencySpecImplBeanInfo> (0x0000000085da2cb0) 
thrown [s\src\hotspot\share\classfile\systemDictionary.cpp, line 312]
Event: 3.931 Thread 0x000002a5fa41f450 Exception <a 'java/lang/ClassNotFoundException'{0x0000000085db6000}: org/gradle/plugin/use/internal/PluginRequestCollector$PluginDependencySpecImplCustomizer> (0x0000000085db6000) 
thrown [s\src\hotspot\share\classfile\systemDictionary.cpp, line 312]
Event: 3.976 Thread 0x000002a5fa41f450 Exception <a 'java/lang/NoSuchMethodError'{0x0000000085ae6260}: 'int java.lang.invoke.DirectMethodHandle$Holder.invokeSpecialIFC(java.lang.Object, java.lang.Object, java.lang.Object)'> (0x0000000085ae6260) 
thrown [s\src\hotspot\share\interpreter\linkResolver.cpp, line 784]
Event: 4.016 Thread 0x000002a5fa41f450 Exception <a 'java/lang/NoSuchMethodError'{0x000000008566f148}: 'java.lang.Object java.lang.invoke.DirectMethodHandle$Holder.invokeSpecial(java.lang.Object, java.lang.Object, java.lang.Object, java.lang.Object, java.lang.Object, long)'> (0x000000008566f148) 
thrown [s\src\hotspot\share\interpreter\linkResolver.cpp, line 784]
Event: 4.017 Thread 0x000002a5fa41f450 Exception <a 'java/lang/NoSuchMethodError'{0x0000000085690980}: 'void java.lang.invoke.DirectMethodHandle$Holder.invokeStatic(java.lang.Object, java.lang.Object, java.lang.Object, int, java.lang.Object)'> (0x0000000085690980) 
thrown [s\src\hotspot\share\interpreter\linkResolver.cpp, line 784]

ZGC Phase Switch (0 events):
No events

VM Operations (20 events):
Event: 3.722 Executing VM operation: HandshakeAllThreads (Deoptimize) done
Event: 3.896 Executing VM operation: ICBufferFull
Event: 3.896 Executing VM operation: ICBufferFull done
Event: 3.904 Executing VM operation: HandshakeAllThreads (Deoptimize)
Event: 3.904 Executing VM operation: HandshakeAllThreads (Deoptimize) done
Event: 4.022 Executing VM operation: HandshakeAllThreads (Deoptimize)
Event: 4.022 Executing VM operation: HandshakeAllThreads (Deoptimize) done
Event: 4.089 Executing VM operation: G1CollectForAllocation (G1 Evacuation Pause)
Event: 4.092 Executing VM operation: G1CollectForAllocation (G1 Evacuation Pause) done
Event: 4.107 Executing VM operation: G1PauseRemark
Event: 4.110 Executing VM operation: G1PauseRemark done
Event: 4.118 Executing VM operation: G1PauseCleanup
Event: 4.118 Executing VM operation: G1PauseCleanup done
Event: 4.151 Executing VM operation: HandshakeAllThreads (Deoptimize)
Event: 4.152 Executing VM operation: HandshakeAllThreads (Deoptimize) done
Event: 4.214 Executing VM operation: ICBufferFull
Event: 4.214 Executing VM operation: ICBufferFull done
Event: 4.276 Executing VM operation: ICBufferFull
Event: 4.276 Executing VM operation: ICBufferFull done
Event: 4.301 Executing VM operation: G1CollectForAllocation (G1 Evacuation Pause)

Events (20 events):
Event: 4.190 Thread 0x000002a58004de50 Thread added: 0x000002a58004de50
Event: 4.190 Thread 0x000002a580053a30 Thread added: 0x000002a580053a30
Event: 4.190 Thread 0x000002a580052d10 Thread added: 0x000002a580052d10
Event: 4.190 Thread 0x000002a580051ff0 Thread added: 0x000002a580051ff0
Event: 4.191 Thread 0x000002a580050c40 Thread added: 0x000002a580050c40
Event: 4.229 Thread 0x000002a5800540c0 Thread added: 0x000002a5800540c0
Event: 4.231 Thread 0x000002a58004e4e0 Thread added: 0x000002a58004e4e0
Event: 4.232 Thread 0x000002a5800533a0 Thread added: 0x000002a5800533a0
Event: 4.233 Thread 0x000002a580054de0 Thread added: 0x000002a580054de0
Event: 4.234 Thread 0x000002a580051960 Thread added: 0x000002a580051960
Event: 4.235 Thread 0x000002a580052680 Thread added: 0x000002a580052680
Event: 4.236 Thread 0x000002a580054750 Thread added: 0x000002a580054750
Event: 4.237 Thread 0x000002a581739520 Thread added: 0x000002a581739520
Event: 4.239 Thread 0x000002a581736730 Thread added: 0x000002a581736730
Event: 4.240 Thread 0x000002a581734660 Thread added: 0x000002a581734660
Event: 4.242 Thread 0x000002a581736dc0 Thread added: 0x000002a581736dc0
Event: 4.243 Thread 0x000002a581733fd0 Thread added: 0x000002a581733fd0
Event: 4.244 Thread 0x000002a58173a8d0 Thread added: 0x000002a58173a8d0
Event: 4.245 Thread 0x000002a58173a240 Thread added: 0x000002a58173a240
Event: 4.246 Thread 0x000002a581738e90 Thread added: 0x000002a581738e90


Dynamic libraries:
0x00007ff7f8450000 - 0x00007ff7f845a000 	C:\Program Files\Android\Android Studio\jbr\bin\java.exe
0x00007ff93dd30000 - 0x00007ff93df28000 	C:\Windows\SYSTEM32\ntdll.dll
0x00007ff93cc30000 - 0x00007ff93ccf2000 	C:\Windows\System32\KERNEL32.DLL
0x00007ff93b4d0000 - 0x00007ff93b7cf000 	C:\Windows\System32\KERNELBASE.dll
0x00007ff93ba00000 - 0x00007ff93bb00000 	C:\Windows\System32\ucrtbase.dll
0x00007ff9311a0000 - 0x00007ff9311bb000 	C:\Program Files\Android\Android Studio\jbr\bin\VCRUNTIME140.dll
0x00007ff907970000 - 0x00007ff907988000 	C:\Program Files\Android\Android Studio\jbr\bin\jli.dll
0x00007ff93d4b0000 - 0x00007ff93d64d000 	C:\Windows\System32\USER32.dll
0x00007ff93b9a0000 - 0x00007ff93b9c2000 	C:\Windows\System32\win32u.dll
0x00007ff93d390000 - 0x00007ff93d3bb000 	C:\Windows\System32\GDI32.dll
0x00007ff93b7d0000 - 0x00007ff93b8ea000 	C:\Windows\System32\gdi32full.dll
0x00007ff8ff5e0000 - 0x00007ff8ff87a000 	C:\Windows\WinSxS\amd64_microsoft.windows.common-controls_6595b64144ccf1df_6.0.19041.4355_none_60b8b9eb71f62e16\COMCTL32.dll
0x00007ff93bb50000 - 0x00007ff93bbed000 	C:\Windows\System32\msvcp_win.dll
0x00007ff93c1d0000 - 0x00007ff93c26e000 	C:\Windows\System32\msvcrt.dll
0x00007ff93cf30000 - 0x00007ff93cf5f000 	C:\Windows\System32\IMM32.DLL
0x00007ff927c10000 - 0x00007ff927c1c000 	C:\Program Files\Android\Android Studio\jbr\bin\vcruntime140_1.dll
0x00007ff8fc330000 - 0x00007ff8fc3bd000 	C:\Program Files\Android\Android Studio\jbr\bin\msvcp140.dll
0x00007ff8acd70000 - 0x00007ff8ad9ed000 	C:\Program Files\Android\Android Studio\jbr\bin\server\jvm.dll
0x00007ff93d650000 - 0x00007ff93d6ff000 	C:\Windows\System32\ADVAPI32.dll
0x00007ff93c270000 - 0x00007ff93c30f000 	C:\Windows\System32\sechost.dll
0x00007ff93d8b0000 - 0x00007ff93d9d3000 	C:\Windows\System32\RPCRT4.dll
0x00007ff93b9d0000 - 0x00007ff93b9f7000 	C:\Windows\System32\bcrypt.dll
0x00007ff93cec0000 - 0x00007ff93cf2b000 	C:\Windows\System32\WS2_32.dll
0x00007ff93a970000 - 0x00007ff93a9bb000 	C:\Windows\SYSTEM32\POWRPROF.dll
0x00007ff930e10000 - 0x00007ff930e1a000 	C:\Windows\SYSTEM32\VERSION.dll
0x00007ff92d030000 - 0x00007ff92d057000 	C:\Windows\SYSTEM32\WINMM.dll
0x00007ff93a7d0000 - 0x00007ff93a7e2000 	C:\Windows\SYSTEM32\UMPDC.dll
0x00007ff939bf0000 - 0x00007ff939c02000 	C:\Windows\SYSTEM32\kernel.appcore.dll
0x00007ff927c00000 - 0x00007ff927c0a000 	C:\Program Files\Android\Android Studio\jbr\bin\jimage.dll
0x00007ff939920000 - 0x00007ff939b04000 	C:\Windows\SYSTEM32\DBGHELP.DLL
0x00007ff923c00000 - 0x00007ff923c34000 	C:\Windows\SYSTEM32\dbgcore.DLL
0x00007ff93b3d0000 - 0x00007ff93b452000 	C:\Windows\System32\bcryptPrimitives.dll
0x00007ff934270000 - 0x00007ff93427e000 	C:\Program Files\Android\Android Studio\jbr\bin\instrument.dll
0x00007ff925ff0000 - 0x00007ff92600f000 	C:\Program Files\Android\Android Studio\jbr\bin\java.dll
0x00007ff907660000 - 0x00007ff907678000 	C:\Program Files\Android\Android Studio\jbr\bin\zip.dll
0x00007ff93c410000 - 0x00007ff93cb7d000 	C:\Windows\System32\SHELL32.dll
0x00007ff938e90000 - 0x00007ff939634000 	C:\Windows\SYSTEM32\windows.storage.dll
0x00007ff93cf60000 - 0x00007ff93d2b5000 	C:\Windows\System32\combase.dll
0x00007ff93ae00000 - 0x00007ff93ae2b000 	C:\Windows\SYSTEM32\Wldp.dll
0x00007ff93dbc0000 - 0x00007ff93dc8d000 	C:\Windows\System32\OLEAUT32.dll
0x00007ff93cb80000 - 0x00007ff93cc2d000 	C:\Windows\System32\SHCORE.dll
0x00007ff93d330000 - 0x00007ff93d385000 	C:\Windows\System32\shlwapi.dll
0x00007ff93b300000 - 0x00007ff93b325000 	C:\Windows\SYSTEM32\profapi.dll
0x00007ff926270000 - 0x00007ff926280000 	C:\Program Files\Android\Android Studio\jbr\bin\net.dll
0x00007ff933ab0000 - 0x00007ff933bba000 	C:\Windows\SYSTEM32\WINHTTP.dll
0x00007ff93ab60000 - 0x00007ff93abcc000 	C:\Windows\system32\mswsock.dll
0x00007ff905250000 - 0x00007ff905266000 	C:\Program Files\Android\Android Studio\jbr\bin\nio.dll
0x00007ff901750000 - 0x00007ff901760000 	C:\Program Files\Android\Android Studio\jbr\bin\verify.dll
0x00007ff905280000 - 0x00007ff9052a7000 	C:\Users\JHLEE\.gradle\native\c067742578af261105cb4f569cf0c3c89f3d7b1fecec35dd04571415982c5e48\windows-amd64\native-platform.dll
0x00007ff8e2940000 - 0x00007ff8e2a84000 	C:\Users\JHLEE\.gradle\native\100fb08df4bc3b14c8652ba06237920a3bd2aa13389f12d3474272988ae205f9\windows-amd64\native-platform-file-events.dll
0x00007ff907950000 - 0x00007ff907959000 	C:\Program Files\Android\Android Studio\jbr\bin\management.dll
0x00007ff904da0000 - 0x00007ff904dab000 	C:\Program Files\Android\Android Studio\jbr\bin\management_ext.dll
0x00007ff93cd00000 - 0x00007ff93cd08000 	C:\Windows\System32\PSAPI.DLL
0x00007ff93ad60000 - 0x00007ff93ad78000 	C:\Windows\SYSTEM32\CRYPTSP.dll
0x00007ff93a410000 - 0x00007ff93a448000 	C:\Windows\system32\rsaenh.dll
0x00007ff93b2c0000 - 0x00007ff93b2ee000 	C:\Windows\SYSTEM32\USERENV.dll
0x00007ff93ad50000 - 0x00007ff93ad5c000 	C:\Windows\SYSTEM32\CRYPTBASE.dll
0x00007ff93a7f0000 - 0x00007ff93a82b000 	C:\Windows\SYSTEM32\IPHLPAPI.DLL
0x00007ff93d2c0000 - 0x00007ff93d2c8000 	C:\Windows\System32\NSI.dll
0x00007ff925fe0000 - 0x00007ff925fe9000 	C:\Program Files\Android\Android Studio\jbr\bin\extnet.dll
0x00007ff8f7a60000 - 0x00007ff8f7a67000 	C:\Windows\system32\wshunix.dll

dbghelp: loaded successfully - version: 4.0.5 - missing functions: none
symbol engine: initialized successfully - sym options: 0x614 - pdb path: .;C:\Program Files\Android\Android Studio\jbr\bin;C:\Windows\SYSTEM32;C:\Windows\WinSxS\amd64_microsoft.windows.common-controls_6595b64144ccf1df_6.0.19041.4355_none_60b8b9eb71f62e16;C:\Program Files\Android\Android Studio\jbr\bin\server;C:\Users\JHLEE\.gradle\native\c067742578af261105cb4f569cf0c3c89f3d7b1fecec35dd04571415982c5e48\windows-amd64;C:\Users\JHLEE\.gradle\native\100fb08df4bc3b14c8652ba06237920a3bd2aa13389f12d3474272988ae205f9\windows-amd64

VM Arguments:
jvm_args: --add-opens=java.base/java.util=ALL-UNNAMED --add-opens=java.base/java.lang=ALL-UNNAMED --add-opens=java.base/java.lang.invoke=ALL-UNNAMED --add-opens=java.prefs/java.util.prefs=ALL-UNNAMED --add-exports=jdk.compiler/com.sun.tools.javac.api=ALL-UNNAMED --add-exports=jdk.compiler/com.sun.tools.javac.util=ALL-UNNAMED --add-opens=java.base/java.nio.charset=ALL-UNNAMED --add-opens=java.base/java.net=ALL-UNNAMED --add-opens=java.base/java.util.concurrent.atomic=ALL-UNNAMED -Xmx2048m -Dfile.encoding=UTF-8 -Duser.country=KR -Duser.language=ko -Duser.variant -javaagent:C:\Users\JHLEE\.gradle\wrapper\dists\gradle-8.9-bin\90cnw93cvbtalezasaz0blq0a\gradle-8.9\lib\agents\gradle-instrumentation-agent-8.9.jar 
java_command: org.gradle.launcher.daemon.bootstrap.GradleDaemon 8.9
java_class_path (initial): C:\Users\JHLEE\.gradle\wrapper\dists\gradle-8.9-bin\90cnw93cvbtalezasaz0blq0a\gradle-8.9\lib\gradle-daemon-main-8.9.jar
Launcher Type: SUN_STANDARD

[Global flags]
     intx CICompilerCount                          = 12                                        {product} {ergonomic}
     uint ConcGCThreads                            = 3                                         {product} {ergonomic}
     uint G1ConcRefinementThreads                  = 13                                        {product} {ergonomic}
   size_t G1HeapRegionSize                         = 1048576                                   {product} {ergonomic}
    uintx GCDrainStackTargetSize                   = 64                                        {product} {ergonomic}
   size_t InitialHeapSize                          = 264241152                                 {product} {ergonomic}
   size_t MarkStackSize                            = 4194304                                   {product} {ergonomic}
   size_t MaxHeapSize                              = 2147483648                                {product} {command line}
   size_t MaxNewSize                               = 1287651328                                {product} {ergonomic}
   size_t MinHeapDeltaBytes                        = 1048576                                   {product} {ergonomic}
   size_t MinHeapSize                              = 8388608                                   {product} {ergonomic}
    uintx NonNMethodCodeHeapSize                   = 7602480                                {pd product} {ergonomic}
    uintx NonProfiledCodeHeapSize                  = 122027880                              {pd product} {ergonomic}
    uintx ProfiledCodeHeapSize                     = 122027880                              {pd product} {ergonomic}
    uintx ReservedCodeCacheSize                    = 251658240                              {pd product} {ergonomic}
     bool SegmentedCodeCache                       = true                                      {product} {ergonomic}
   size_t SoftMaxHeapSize                          = 2147483648                             {manageable} {ergonomic}
     bool UseCompressedOops                        = true                           {product lp64_product} {ergonomic}
     bool UseG1GC                                  = true                                      {product} {ergonomic}
     bool UseLargePagesIndividualAllocation        = false                                  {pd product} {ergonomic}

Logging:
Log output configuration:
 #0: stdout all=warning uptime,level,tags foldmultilines=false
 #1: stderr all=off uptime,level,tags foldmultilines=false

Environment Variables:
PATH=C:\Program Files\Common Files\Oracle\Java\javapath;C:\Windows\system32;C:\Windows;C:\Windows\System32\Wbem;C:\Windows\System32\WindowsPowerShell\v1.0\;C:\Windows\System32\OpenSSH\;C:\Program Files\Bandizip\;C:\Program Files\PuTTY\;C:\Program Files (x86)\Windows Kits\8.1\Windows Performance Toolkit\;C:\Program Files\Microsoft SQL Server\110\Tools\Binn\;C:\Program Files\Microsoft SQL Server\120\DTS\Binn\;C:\Program Files\Microsoft SQL Server\Client SDK\ODBC\110\Tools\Binn\;C:\Program Files (x86)\Microsoft SQL Server\120\Tools\Binn\;C:\Program Files\Microsoft SQL Server\120\Tools\Binn\;C:\Program Files (x86)\Microsoft SQL Server\120\Tools\Binn\ManagementStudio\;C:\Program Files (x86)\Microsoft SQL Server\120\DTS\Binn\;C:\Program Files\Git\cmd;C:\Program Files (x86)\Windows Kits\10\Windows Performance Toolkit\;C:\Program Files\dotnet\;C:\Program Files (x86)\Microsoft SQL Server\150\Tools\Binn\;C:\Program Files\Microsoft SQL Server\150\Tools\Binn\;C:\Program Files (x86)\Microsoft SQL Server\150\DTS\Binn\;C:\Program Files\Microsoft SQL Server\150\DTS\Binn\;C:\Program Files\Microsoft SQL Server\Client SDK\ODBC\170\Tools\Binn\;C:\Users\JHLEE\AppData\Local\Microsoft\WindowsApps;
USERNAME=JHLEE
OS=Windows_NT
PROCESSOR_IDENTIFIER=Intel64 Family 6 Model 186 Stepping 2, GenuineIntel
TMP=C:\Users\JHLEE\AppData\Local\Temp
TEMP=C:\Users\JHLEE\AppData\Local\Temp




Periodic native trim disabled

JNI global refs:
JNI global refs: 36, weak refs: 0

JNI global refs memory usage: 835, weak refs: 833

Process memory usage:
Resident Set Size: 397680K (2% of 16485236K total physical memory with 2183564K free physical memory)

OOME stack traces (most recent first):
Classloader memory used:
Loader org.gradle.internal.classloader.VisitableURLClassLoader                         : 31883K
Loader bootstrap                                                                       : 23007K
Loader org.gradle.initialization.MixInLegacyTypesClassLoader                           : 10590K
Loader org.gradle.internal.classloader.VisitableURLClassLoader                         : 836K
Loader org.gradle.internal.classloader.VisitableURLClassLoader$InstrumentingVisitableURLClassLoader: 699K
Loader jdk.internal.loader.ClassLoaders$PlatformClassLoader                            : 546K
Loader jdk.internal.reflect.DelegatingClassLoader                                      : 261K
Loader jdk.internal.loader.ClassLoaders$AppClassLoader                                 : 230K
Loader org.gradle.groovy.scripts.internal.DefaultScriptCompilationHandler$ScriptClassLoader: 161K
Loader org.codehaus.groovy.runtime.callsite.CallSiteClassLoader                        : 58288B

Classes loaded by more than one classloader:
Class org.gradle.api.GradleException                                                  : loaded 3 times (x 79B)
Class org.gradle.internal.classloader.ClassLoaderHierarchy                            : loaded 2 times (x 67B)
Class org.gradle.api.internal.classpath.ManifestUtil                                  : loaded 2 times (x 68B)
Class org.jetbrains.plugins.gradle.model.GradleExtensions                             : loaded 2 times (x 67B)
Class org.jetbrains.plugins.gradle.model.AnnotationProcessingModel                    : loaded 2 times (x 67B)
Class org.gradle.internal.operations.MultipleBuildOperationFailures                   : loaded 2 times (x 92B)
Class org.jetbrains.kotlin.idea.gradleTooling.model.noarg.NoArgModel                  : loaded 2 times (x 67B)
Class org.gradle.internal.classloader.DefaultClassLoaderFactory                       : loaded 2 times (x 79B)
Class kotlin.collections.AbstractList$Companion                                       : loaded 2 times (x 68B)
Class org.gradle.internal.classloader.ClassLoaderVisitor                              : loaded 2 times (x 73B)
Class org.gradle.api.internal.classpath.EffectiveClassPath                            : loaded 2 times (x 87B)
Class org.gradle.tooling.internal.gradle.DefaultProjectIdentifier                     : loaded 2 times (x 83B)
Class org.jetbrains.kotlin.idea.gradleTooling.model.allopen.AllOpenModel              : loaded 2 times (x 67B)
Class ijInit1_18rk12z7xebve0gt7k8s6xq9d                                               : loaded 2 times (x 176B)
Class org.gradle.api.internal.DefaultClassPathProvider                                : loaded 2 times (x 73B)
Class [Lorg.gradle.api.internal.ClassPathProvider;                                    : loaded 2 times (x 66B)
Class org.gradle.api.internal.ClassPathProvider                                       : loaded 2 times (x 67B)
Class org.gradle.internal.service.UnknownServiceException                             : loaded 2 times (x 80B)
Class org.jetbrains.kotlin.idea.gradleTooling.KotlinDslScriptAdditionalTask           : loaded 2 times (x 67B)
Class org.gradle.internal.classpath.TransformedClassPath                              : loaded 2 times (x 93B)
Class kotlin.enums.EnumEntriesList                                                    : loaded 2 times (x 220B)
Class org.jetbrains.plugins.gradle.model.IntelliJSettings                             : loaded 2 times (x 67B)
Class org.jetbrains.kotlin.idea.gradleTooling.KotlinSourceSetContainer                : loaded 2 times (x 67B)
Class org.gradle.internal.service.ServiceLocator                                      : loaded 2 times (x 67B)
Class org.jetbrains.kotlin.android.synthetic.idea.AndroidExtensionsGradleModel        : loaded 2 times (x 67B)
Class org.gradle.tooling.model.UnsupportedMethodException                             : loaded 2 times (x 79B)
Class org.gradle.internal.InternalTransformer                                         : loaded 2 times (x 67B)
Class org.gradle.internal.time.DefaultTimer                                           : loaded 2 times (x 77B)
Class org.gradle.internal.classloader.ClasspathUtil$1                                 : loaded 2 times (x 73B)
Class settings_18qm7x7xie65p0hagkd50t45r$_run_closure1$_closure2                      : loaded 2 times (x 136B)
Class org.gradle.api.internal.classpath.DefaultModuleRegistry$DefaultModule           : loaded 2 times (x 83B)
Class org.jetbrains.kotlin.idea.gradleTooling.model.lombok.LombokModel                : loaded 2 times (x 67B)
Class org.gradle.internal.time.DefaultCountdownTimer                                  : loaded 2 times (x 85B)
Class org.gradle.tooling.internal.gradle.DefaultBuildIdentifier                       : loaded 2 times (x 76B)
Class kotlin.Function                                                                 : loaded 2 times (x 67B)
Class org.gradle.api.internal.classpath.Module                                        : loaded 2 times (x 67B)
Class org.gradle.api.internal.classpath.UnknownModuleException                        : loaded 2 times (x 79B)
Class com.intellij.openapi.externalSystem.model.project.dependencies.ProjectDependencies: loaded 2 times (x 67B)
Class org.gradle.tooling.internal.gradle.GradleProjectIdentity                        : loaded 2 times (x 67B)
Class org.gradle.api.internal.DefaultClassPathRegistry                                : loaded 2 times (x 73B)
Class org.gradle.api.internal.ClassPathRegistry                                       : loaded 2 times (x 67B)
Class org.gradle.internal.classpath.DefaultClassPath$ImmutableUniqueList              : loaded 2 times (x 196B)
Class settings_18qm7x7xie65p0hagkd50t45r$_run_closure1                                : loaded 2 times (x 136B)
Class org.gradle.internal.classpath.ClassPath                                         : loaded 2 times (x 67B)
Class org.gradle.api.UncheckedIOException                                             : loaded 2 times (x 79B)
Class org.jetbrains.kotlin.idea.gradleTooling.KotlinGradleModel                       : loaded 2 times (x 67B)
Class org.gradle.tooling.model.Model                                                  : loaded 2 times (x 67B)
Class kotlin.UninitializedPropertyAccessException                                     : loaded 2 times (x 79B)
Class org.jetbrains.plugins.gradle.model.IntelliJProjectSettings                      : loaded 2 times (x 67B)
Class org.jetbrains.kotlin.idea.gradleTooling.model.annotation.AnnotationBasedPluginModel: loaded 2 times (x 67B)
Class org.gradle.internal.installation.GradleInstallation$1                           : loaded 2 times (x 72B)
Class org.gradle.api.internal.classpath.ModuleRegistry                                : loaded 2 times (x 67B)
Class org.jetbrains.plugins.gradle.model.VersionCatalogsModel                         : loaded 2 times (x 67B)
Class sync_studio_tooling7_cblcyegorgnheuzkos1xhpf95                                  : loaded 2 times (x 176B)
Class org.gradle.api.internal.classpath.DefaultModuleRegistry                         : loaded 2 times (x 80B)
Class org.gradle.internal.time.MonotonicClock                                         : loaded 2 times (x 74B)
Class org.gradle.internal.service.ServiceLookupException                              : loaded 2 times (x 79B)
Class org.gradle.internal.classloader.ClassLoaderFactory                              : loaded 2 times (x 67B)
Class org.gradle.internal.service.CachingServiceLocator                               : loaded 2 times (x 79B)
Class org.jetbrains.plugins.gradle.model.RepositoryModels                             : loaded 2 times (x 67B)
Class org.gradle.internal.time.TimeSource                                             : loaded 2 times (x 67B)
Class org.gradle.tooling.internal.gradle.GradleBuildIdentity                          : loaded 2 times (x 67B)
Class kotlin.enums.EnumEntries                                                        : loaded 2 times (x 67B)
Class settings_18qm7x7xie65p0hagkd50t45r                                              : loaded 2 times (x 176B)
Class org.gradle.internal.exceptions.ResolutionProvider                               : loaded 2 times (x 67B)
Class org.gradle.tooling.model.ProjectIdentifier                                      : loaded 2 times (x 67B)
Class org.gradle.internal.classloader.ClasspathUtil                                   : loaded 2 times (x 68B)
Class org.gradle.internal.time.TimeSource$1                                           : loaded 2 times (x 74B)
Class kotlin.jvm.internal.DefaultConstructorMarker                                    : loaded 2 times (x 68B)
Class org.gradle.api.specs.Spec                                                       : loaded 2 times (x 67B)
Class org.gradle.internal.time.Clock                                                  : loaded 2 times (x 67B)
Class org.jetbrains.plugins.gradle.model.jar.JarTaskManifestConfiguration             : loaded 2 times (x 67B)
Class kotlin.collections.AbstractList                                                 : loaded 2 times (x 194B)
Class kotlin.collections.AbstractCollection                                           : loaded 2 times (x 114B)
Class org.gradle.internal.classloader.VisitableURLClassLoader$InstrumentingVisitableURLClassLoader: loaded 2 times (x 120B)
Class org.gradle.internal.classloader.VisitableURLClassLoader$Spec                    : loaded 2 times (x 71B)
Class org.gradle.internal.classpath.DefaultClassPath                                  : loaded 2 times (x 87B)
Class org.gradle.internal.classloader.ClassLoaderSpec                                 : loaded 2 times (x 68B)
Class org.gradle.internal.classloader.VisitableURLClassLoader                         : loaded 2 times (x 114B)
Class org.gradle.internal.Cast                                                        : loaded 2 times (x 68B)
Class org.gradle.api.Action                                                           : loaded 2 times (x 67B)
Class kotlin.jvm.functions.Function1                                                  : loaded 2 times (x 67B)
Class org.gradle.internal.agents.InstrumentingClassLoader                             : loaded 2 times (x 67B)
Class org.gradle.internal.classpath.DefaultClassPath$ImmutableUniqueList$Builder      : loaded 2 times (x 72B)
Class org.jetbrains.kotlin.idea.gradleTooling.model.samWithReceiver.SamWithReceiverModel: loaded 2 times (x 67B)
Class org.gradle.internal.classloader.FilteringClassLoader                            : loaded 2 times (x 102B)
Class org.gradle.internal.exceptions.NonGradleCauseExceptionsHolder                   : loaded 2 times (x 67B)
Class org.jetbrains.kotlin.idea.gradleTooling.model.assignment.AssignmentModel        : loaded 2 times (x 67B)
Class kotlin.enums.EnumEntriesKt                                                      : loaded 2 times (x 68B)
Class org.gradle.internal.IoActions                                                   : loaded 2 times (x 68B)
Class org.gradle.internal.classloader.SystemClassLoaderSpec                           : loaded 2 times (x 68B)
Class org.gradle.internal.exceptions.MultiCauseException                              : loaded 2 times (x 67B)
Class org.gradle.internal.time.CountdownTimer                                         : loaded 2 times (x 67B)
Class kotlin.jvm.internal.Intrinsics                                                  : loaded 2 times (x 68B)
Class org.jetbrains.kotlin.idea.gradleTooling.model.parcelize.ParcelizeGradleModel    : loaded 2 times (x 67B)
Class org.gradle.tooling.model.ProjectModel                                           : loaded 2 times (x 67B)
Class kotlin.KotlinNullPointerException                                               : loaded 2 times (x 80B)
Class org.jetbrains.plugins.gradle.model.tests.ExternalTestsModel                     : loaded 2 times (x 67B)
Class org.gradle.internal.exceptions.DefaultMultiCauseException                       : loaded 2 times (x 92B)
Class org.gradle.internal.time.Time                                                   : loaded 2 times (x 68B)
Class org.jetbrains.plugins.gradle.model.DependencyAccessorsModel                     : loaded 2 times (x 67B)
Class org.jetbrains.kotlin.idea.gradleTooling.KotlinMPPGradleModel                    : loaded 2 times (x 67B)
Class org.gradle.tooling.model.BuildIdentifier                                        : loaded 2 times (x 67B)
Class org.jetbrains.kotlin.idea.gradleTooling.PrepareKotlinIdeImportTaskModel         : loaded 2 times (x 67B)
Class org.gradle.internal.time.Timer                                                  : loaded 2 times (x 67B)
Class kotlin.jvm.internal.markers.KMappedMarker                                       : loaded 2 times (x 67B)
Class org.gradle.internal.installation.CurrentGradleInstallationLocator               : loaded 2 times (x 68B)
Class org.gradle.internal.service.DefaultServiceLocator                               : loaded 2 times (x 80B)
Class org.gradle.util.GradleVersion                                                   : loaded 2 times (x 80B)
Class org.gradle.internal.installation.CurrentGradleInstallation                      : loaded 2 times (x 70B)
Class org.gradle.util.internal.GUtil                                                  : loaded 2 times (x 68B)
Class org.gradle.internal.installation.GradleInstallation                             : loaded 2 times (x 72B)

---------------  S Y S T E M  ---------------

OS:
 Windows 10 , 64 bit Build 19041 (10.0.19041.5438)
OS uptime: 5 days 6:17 hours

CPU: total 16 (initial active 16) (8 cores per cpu, 2 threads per core) family 6 model 186 stepping 2 microcode 0x410c, cx8, cmov, fxsr, ht, mmx, 3dnowpref, sse, sse2, sse3, ssse3, sse4.1, sse4.2, popcnt, lzcnt, tsc, tscinvbit, avx, avx2, aes, erms, clmul, bmi1, bmi2, adx, sha, fma, vzeroupper, clflush, clflushopt, clwb, serialize, rdtscp, rdpid, fsrm, f16c, pku, cet_ibt, cet_ss
Processor Information for all 16 processors :
  Max Mhz: 2200, Current Mhz: 2200, Mhz Limit: 2200

Memory: 4k page, system-wide physical 16098M (2132M free)
TotalPageFile size 18146M (AvailPageFile size 13M)
current process WorkingSet (physical memory assigned to process): 388M, peak: 388M
current process commit charge ("private bytes"): 442M, peak: 471M

vm_info: OpenJDK 64-Bit Server VM (21.0.3+-12282718-b509.11) for windows-amd64 JRE (21.0.3+-12282718-b509.11), built on 2024-08-27T17:34:15Z by "builder" with MS VC++ 16.10 / 16.11 (VS2019)

END.
