#
# There is insufficient memory for the Java Runtime Environment to continue.
# Native memory allocation (malloc) failed to allocate 1380976 bytes. Error detail: Chunk::new
# Possible reasons:
#   The system is out of physical RAM or swap space
#   This process is running with CompressedOops enabled, and the Java Heap may be blocking the growth of the native heap
# Possible solutions:
#   Reduce memory load on the system
#   Increase physical memory or swap space
#   Check if swap backing store is full
#   Decrease Java heap size (-Xmx/-Xms)
#   Decrease number of Java threads
#   Decrease Java thread stack sizes (-Xss)
#   Set larger code cache with -XX:ReservedCodeCacheSize=
#   JVM is running with Unscaled Compressed Oops mode in which the Java heap is
#     placed in the first 4GB address space. The Java Heap base address is the
#     maximum limit for the native heap growth. Please use -XX:HeapBaseMinAddress
#     to set the Java Heap base and to place the Java Heap above 4GB virtual address.
# This output file may be truncated or incomplete.
#
#  Out of Memory Error (arena.cpp:168), pid=25388, tid=23656
#
# JRE version: OpenJDK Runtime Environment (21.0.3) (build 21.0.3+-12282718-b509.11)
# Java VM: OpenJDK 64-Bit Server VM (21.0.3+-12282718-b509.11, mixed mode, tiered, compressed oops, compressed class ptrs, g1 gc, windows-amd64)
# No core dump will be written. Minidumps are not enabled by default on client versions of Windows
#

---------------  S U M M A R Y ------------

Command Line: --add-opens=java.base/java.util=ALL-UNNAMED --add-opens=java.base/java.lang=ALL-UNNAMED --add-opens=java.base/java.lang.invoke=ALL-UNNAMED --add-opens=java.prefs/java.util.prefs=ALL-UNNAMED --add-exports=jdk.compiler/com.sun.tools.javac.api=ALL-UNNAMED --add-exports=jdk.compiler/com.sun.tools.javac.util=ALL-UNNAMED --add-opens=java.base/java.nio.charset=ALL-UNNAMED --add-opens=java.base/java.net=ALL-UNNAMED --add-opens=java.base/java.util.concurrent.atomic=ALL-UNNAMED -Xmx2048m -Dfile.encoding=UTF-8 -Duser.country=KR -Duser.language=ko -Duser.variant -javaagent:C:\Users\JHLEE\.gradle\wrapper\dists\gradle-8.9-bin\90cnw93cvbtalezasaz0blq0a\gradle-8.9\lib\agents\gradle-instrumentation-agent-8.9.jar org.gradle.launcher.daemon.bootstrap.GradleDaemon 8.9

Host: 13th Gen Intel(R) Core(TM) i7-1360P, 16 cores, 15G,  Windows 10 , 64 bit Build 19041 (10.0.19041.5438)
Time: Mon Mar 24 15:53:59 2025  Windows 10 , 64 bit Build 19041 (10.0.19041.5438) elapsed time: 3.817308 seconds (0d 0h 0m 3s)

---------------  T H R E A D  ---------------

Current thread (0x000001bd1c2530b0):  JavaThread "C2 CompilerThread3" daemon [_thread_in_native, id=23656, stack(0x00000001be500000,0x00000001be600000) (1024K)]


Current CompileTask:
C2:   3817 6122       4       java.net.URLClassLoader$1::run (5 bytes)

Stack: [0x00000001be500000,0x00000001be600000]
Native frames: (J=compiled Java code, j=interpreted, Vv=VM code, C=native code)
V  [jvm.dll+0x6cafb9]
V  [jvm.dll+0x858523]
V  [jvm.dll+0x85aa7e]
V  [jvm.dll+0x85b163]
V  [jvm.dll+0x27d356]
V  [jvm.dll+0xbf93d]
V  [jvm.dll+0xbfe73]
V  [jvm.dll+0x3b1cb1]
V  [jvm.dll+0x1dde94]
V  [jvm.dll+0x246c54]
V  [jvm.dll+0x2460d1]
V  [jvm.dll+0x1c5804]
V  [jvm.dll+0x25575c]
V  [jvm.dll+0x253c36]
V  [jvm.dll+0x3ec996]
V  [jvm.dll+0x800d78]
V  [jvm.dll+0x6c98cd]
C  [ucrtbase.dll+0x21bb2]
C  [KERNEL32.DLL+0x17374]
C  [ntdll.dll+0x4cc91]


---------------  P R O C E S S  ---------------

Threads class SMR info:
_java_thread_list=0x000001bd20e84250, length=75, elements={
0x000001bd7f6becb0, 0x000001bd17bae660, 0x000001bd17bf7030, 0x000001bd17bfff40,
0x000001bd17c009a0, 0x000001bd17c01400, 0x000001bd17c09a80, 0x000001bd17c2a820,
0x000001bd17c2b2c0, 0x000001bd17dad5f0, 0x000001bd17e021f0, 0x000001bd17dfdc70,
0x000001bd17dfeb40, 0x000001bd1c1559e0, 0x000001bd1c13d5b0, 0x000001bd1c23feb0,
0x000001bd1c2530b0, 0x000001bd1dc9ee80, 0x000001bd1df64140, 0x000001bd1df6dc50,
0x000001bd1de6e830, 0x000001bd1de6eea0, 0x000001bd1df13a40, 0x000001bd1dee9e00,
0x000001bd1deeab20, 0x000001bd1dee7d30, 0x000001bd1deea490, 0x000001bd1deeb1b0,
0x000001bd1dee83c0, 0x000001bd1dee8a50, 0x000001bd1dee9770, 0x000001bd2047fb10,
0x000001bd20481be0, 0x000001bd20480ec0, 0x000001bd20481550, 0x000001bd204801a0,
0x000001bd20482270, 0x000001bd20482900, 0x000001bd20482f90, 0x000001bd20483620,
0x000001bd2047edf0, 0x000001bd2047da40, 0x000001bd20480830, 0x000001bd2047c690,
0x000001bd20483cb0, 0x000001bd2047cd20, 0x000001bd2047e760, 0x000001bd2047d3b0,
0x000001bd2047e0d0, 0x000001bd2047f480, 0x000001bd1e4c6770, 0x000001bd1e4c81b0,
0x000001bd1e4cbcc0, 0x000001bd1e4c8840, 0x000001bd1e4c60e0, 0x000001bd1e4cafa0,
0x000001bd1e4cb630, 0x000001bd1e4cc350, 0x000001bd1e4c6e00, 0x000001bd1e4c7490,
0x000001bd1e4c7b20, 0x000001bd1e4c9560, 0x000001bd1e4c9bf0, 0x000001bd21ab1350,
0x000001bd21ab2070, 0x000001bd21aaf280, 0x000001bd21aaf910, 0x000001bd21ab0630,
0x000001bd21ab19e0, 0x000001bd21aaffa0, 0x000001bd21aaebf0, 0x000001bd21ab0cc0,
0x000001bd218821e0, 0x000001bd21880e30, 0x000001bd21883590
}

Java Threads: ( => current thread )
  0x000001bd7f6becb0 JavaThread "main"                              [_thread_blocked, id=38980, stack(0x00000001bce00000,0x00000001bcf00000) (1024K)]
  0x000001bd17bae660 JavaThread "Reference Handler"          daemon [_thread_blocked, id=38708, stack(0x00000001bd600000,0x00000001bd700000) (1024K)]
  0x000001bd17bf7030 JavaThread "Finalizer"                  daemon [_thread_blocked, id=18184, stack(0x00000001bd700000,0x00000001bd800000) (1024K)]
  0x000001bd17bfff40 JavaThread "Signal Dispatcher"          daemon [_thread_blocked, id=13728, stack(0x00000001bd800000,0x00000001bd900000) (1024K)]
  0x000001bd17c009a0 JavaThread "Attach Listener"            daemon [_thread_blocked, id=24988, stack(0x00000001bd900000,0x00000001bda00000) (1024K)]
  0x000001bd17c01400 JavaThread "Service Thread"             daemon [_thread_blocked, id=30916, stack(0x00000001bda00000,0x00000001bdb00000) (1024K)]
  0x000001bd17c09a80 JavaThread "Monitor Deflation Thread"   daemon [_thread_blocked, id=16628, stack(0x00000001bdb00000,0x00000001bdc00000) (1024K)]
  0x000001bd17c2a820 JavaThread "C2 CompilerThread0"         daemon [_thread_blocked, id=31912, stack(0x00000001bdc00000,0x00000001bdd00000) (1024K)]
  0x000001bd17c2b2c0 JavaThread "C1 CompilerThread0"         daemon [_thread_blocked, id=37524, stack(0x00000001bdd00000,0x00000001bde00000) (1024K)]
  0x000001bd17dad5f0 JavaThread "Common-Cleaner"             daemon [_thread_blocked, id=37596, stack(0x00000001bde00000,0x00000001bdf00000) (1024K)]
  0x000001bd17e021f0 JavaThread "C1 CompilerThread1"         daemon [_thread_blocked, id=19116, stack(0x00000001bdf00000,0x00000001be000000) (1024K)]
  0x000001bd17dfdc70 JavaThread "C1 CompilerThread2"         daemon [_thread_blocked, id=20428, stack(0x00000001be000000,0x00000001be100000) (1024K)]
  0x000001bd17dfeb40 JavaThread "C1 CompilerThread3"         daemon [_thread_blocked, id=22104, stack(0x00000001be100000,0x00000001be200000) (1024K)]
  0x000001bd1c1559e0 JavaThread "Notification Thread"        daemon [_thread_blocked, id=18312, stack(0x00000001be200000,0x00000001be300000) (1024K)]
  0x000001bd1c13d5b0 JavaThread "C2 CompilerThread1"         daemon [_thread_in_native, id=38172, stack(0x00000001be300000,0x00000001be400000) (1024K)]
  0x000001bd1c23feb0 JavaThread "C2 CompilerThread2"         daemon [_thread_in_native, id=38764, stack(0x00000001be400000,0x00000001be500000) (1024K)]
=>0x000001bd1c2530b0 JavaThread "C2 CompilerThread3"         daemon [_thread_in_native, id=23656, stack(0x00000001be500000,0x00000001be600000) (1024K)]
  0x000001bd1dc9ee80 JavaThread "Daemon health stats"               [_thread_blocked, id=37024, stack(0x00000001be600000,0x00000001be700000) (1024K)]
  0x000001bd1df64140 JavaThread "Incoming local TCP Connector on port 51266"        [_thread_in_native, id=37220, stack(0x00000001bef00000,0x00000001bf000000) (1024K)]
  0x000001bd1df6dc50 JavaThread "Daemon periodic checks"            [_thread_blocked, id=36612, stack(0x00000001bf000000,0x00000001bf100000) (1024K)]
  0x000001bd1de6e830 JavaThread "Daemon"                            [_thread_blocked, id=11148, stack(0x00000001bf100000,0x00000001bf200000) (1024K)]
  0x000001bd1de6eea0 JavaThread "Handler for socket connection from /127.0.0.1:51266 to /127.0.0.1:51267"        [_thread_in_native, id=12980, stack(0x00000001bf200000,0x00000001bf300000) (1024K)]
  0x000001bd1df13a40 JavaThread "Cancel handler"                    [_thread_blocked, id=22580, stack(0x00000001bf300000,0x00000001bf400000) (1024K)]
  0x000001bd1dee9e00 JavaThread "Daemon worker"                     [_thread_blocked, id=2396, stack(0x00000001bf400000,0x00000001bf500000) (1024K)]
  0x000001bd1deeab20 JavaThread "Asynchronous log dispatcher for DefaultDaemonConnection: socket connection from /127.0.0.1:51266 to /127.0.0.1:51267"        [_thread_blocked, id=36988, stack(0x00000001bf500000,0x00000001bf600000) (1024K)]
  0x000001bd1dee7d30 JavaThread "Stdin handler"                     [_thread_blocked, id=25864, stack(0x00000001bf600000,0x00000001bf700000) (1024K)]
  0x000001bd1deea490 JavaThread "Daemon client event forwarder"        [_thread_blocked, id=40024, stack(0x00000001bf700000,0x00000001bf800000) (1024K)]
  0x000001bd1deeb1b0 JavaThread "Cache worker for journal cache (C:\Users\JHLEE\.gradle\caches\journal-1)"        [_thread_blocked, id=16760, stack(0x00000001bfe00000,0x00000001bff00000) (1024K)]
  0x000001bd1dee83c0 JavaThread "File lock request listener"        [_thread_in_native, id=37052, stack(0x00000001bff00000,0x00000001c0000000) (1024K)]
  0x000001bd1dee8a50 JavaThread "Cache worker for file hash cache (C:\Users\JHLEE\.gradle\caches\8.9\fileHashes)"        [_thread_blocked, id=40828, stack(0x00000001c0000000,0x00000001c0100000) (1024K)]
  0x000001bd1dee9770 JavaThread "Cache worker for file hash cache (C:\Users\JHLEE\Desktop\KumkangApp\Eumsung2POP\.gradle\8.9\fileHashes)"        [_thread_blocked, id=39048, stack(0x00000001c0100000,0x00000001c0200000) (1024K)]
  0x000001bd2047fb10 JavaThread "Cache worker for Build Output Cleanup Cache (C:\Users\JHLEE\Desktop\KumkangApp\Eumsung2POP\.gradle\buildOutputCleanup)"        [_thread_blocked, id=25992, stack(0x00000001c0200000,0x00000001c0300000) (1024K)]
  0x000001bd20481be0 JavaThread "File watcher server"        daemon [_thread_in_native, id=2128, stack(0x00000001c0300000,0x00000001c0400000) (1024K)]
  0x000001bd20480ec0 JavaThread "File watcher consumer"      daemon [_thread_blocked, id=24008, stack(0x00000001c0400000,0x00000001c0500000) (1024K)]
  0x000001bd20481550 JavaThread "jar transforms"                    [_thread_blocked, id=36732, stack(0x00000001c0500000,0x00000001c0600000) (1024K)]
  0x000001bd204801a0 JavaThread "jar transforms Thread 2"           [_thread_blocked, id=11120, stack(0x00000001c0600000,0x00000001c0700000) (1024K)]
  0x000001bd20482270 JavaThread "jar transforms Thread 3"           [_thread_blocked, id=39868, stack(0x00000001c0700000,0x00000001c0800000) (1024K)]
  0x000001bd20482900 JavaThread "jar transforms Thread 4"           [_thread_blocked, id=20768, stack(0x00000001c0800000,0x00000001c0900000) (1024K)]
  0x000001bd20482f90 JavaThread "jar transforms Thread 5"           [_thread_blocked, id=37912, stack(0x00000001c0900000,0x00000001c0a00000) (1024K)]
  0x000001bd20483620 JavaThread "jar transforms Thread 6"           [_thread_blocked, id=19212, stack(0x00000001c0a00000,0x00000001c0b00000) (1024K)]
  0x000001bd2047edf0 JavaThread "jar transforms Thread 7"           [_thread_blocked, id=10368, stack(0x00000001c0b00000,0x00000001c0c00000) (1024K)]
  0x000001bd2047da40 JavaThread "jar transforms Thread 8"           [_thread_blocked, id=5396, stack(0x00000001c0c00000,0x00000001c0d00000) (1024K)]
  0x000001bd20480830 JavaThread "jar transforms Thread 9"           [_thread_blocked, id=10644, stack(0x00000001c0d00000,0x00000001c0e00000) (1024K)]
  0x000001bd2047c690 JavaThread "jar transforms Thread 10"          [_thread_blocked, id=32308, stack(0x00000001c0e00000,0x00000001c0f00000) (1024K)]
  0x000001bd20483cb0 JavaThread "jar transforms Thread 11"          [_thread_blocked, id=13308, stack(0x00000001c0f00000,0x00000001c1000000) (1024K)]
  0x000001bd2047cd20 JavaThread "jar transforms Thread 12"          [_thread_blocked, id=18504, stack(0x00000001c1000000,0x00000001c1100000) (1024K)]
  0x000001bd2047e760 JavaThread "jar transforms Thread 13"          [_thread_blocked, id=24684, stack(0x00000001c1100000,0x00000001c1200000) (1024K)]
  0x000001bd2047d3b0 JavaThread "jar transforms Thread 14"          [_thread_blocked, id=24468, stack(0x00000001c1200000,0x00000001c1300000) (1024K)]
  0x000001bd2047e0d0 JavaThread "jar transforms Thread 15"          [_thread_blocked, id=36128, stack(0x00000001c1300000,0x00000001c1400000) (1024K)]
  0x000001bd2047f480 JavaThread "jar transforms Thread 16"          [_thread_blocked, id=29400, stack(0x00000001c1400000,0x00000001c1500000) (1024K)]
  0x000001bd1e4c6770 JavaThread "Cache worker for checksums cache (C:\Users\JHLEE\Desktop\KumkangApp\Eumsung2POP\.gradle\8.9\checksums)"        [_thread_blocked, id=30512, stack(0x00000001c1500000,0x00000001c1600000) (1024K)]
  0x000001bd1e4c81b0 JavaThread "Cache worker for file content cache (C:\Users\JHLEE\.gradle\caches\8.9\fileContent)"        [_thread_blocked, id=1504, stack(0x00000001c1600000,0x00000001c1700000) (1024K)]
  0x000001bd1e4cbcc0 JavaThread "Cache worker for cache directory md-rule (C:\Users\JHLEE\.gradle\caches\8.9\md-rule)"        [_thread_blocked, id=29796, stack(0x00000001c1700000,0x00000001c1800000) (1024K)]
  0x000001bd1e4c8840 JavaThread "Cache worker for cache directory md-supplier (C:\Users\JHLEE\.gradle\caches\8.9\md-supplier)"        [_thread_blocked, id=31372, stack(0x00000001c1800000,0x00000001c1900000) (1024K)]
  0x000001bd1e4c60e0 JavaThread "Unconstrained build operations"        [_thread_blocked, id=34040, stack(0x00000001c1900000,0x00000001c1a00000) (1024K)]
  0x000001bd1e4cafa0 JavaThread "Unconstrained build operations Thread 2"        [_thread_blocked, id=21244, stack(0x00000001c1a00000,0x00000001c1b00000) (1024K)]
  0x000001bd1e4cb630 JavaThread "Unconstrained build operations Thread 3"        [_thread_blocked, id=33264, stack(0x00000001c1b00000,0x00000001c1c00000) (1024K)]
  0x000001bd1e4cc350 JavaThread "Unconstrained build operations Thread 4"        [_thread_blocked, id=25156, stack(0x00000001c1c00000,0x00000001c1d00000) (1024K)]
  0x000001bd1e4c6e00 JavaThread "Unconstrained build operations Thread 5"        [_thread_blocked, id=4724, stack(0x00000001c1d00000,0x00000001c1e00000) (1024K)]
  0x000001bd1e4c7490 JavaThread "Unconstrained build operations Thread 6"        [_thread_blocked, id=19800, stack(0x00000001c1e00000,0x00000001c1f00000) (1024K)]
  0x000001bd1e4c7b20 JavaThread "Unconstrained build operations Thread 7"        [_thread_blocked, id=33644, stack(0x00000001c1f00000,0x00000001c2000000) (1024K)]
  0x000001bd1e4c9560 JavaThread "Unconstrained build operations Thread 8"        [_thread_blocked, id=10460, stack(0x00000001c2000000,0x00000001c2100000) (1024K)]
  0x000001bd1e4c9bf0 JavaThread "Unconstrained build operations Thread 9"        [_thread_blocked, id=18576, stack(0x00000001c2100000,0x00000001c2200000) (1024K)]
  0x000001bd21ab1350 JavaThread "Unconstrained build operations Thread 10"        [_thread_blocked, id=33408, stack(0x00000001c2200000,0x00000001c2300000) (1024K)]
  0x000001bd21ab2070 JavaThread "Unconstrained build operations Thread 11"        [_thread_blocked, id=18608, stack(0x00000001c2300000,0x00000001c2400000) (1024K)]
  0x000001bd21aaf280 JavaThread "Unconstrained build operations Thread 12"        [_thread_blocked, id=1500, stack(0x00000001c2400000,0x00000001c2500000) (1024K)]
  0x000001bd21aaf910 JavaThread "Unconstrained build operations Thread 13"        [_thread_blocked, id=16796, stack(0x00000001c2500000,0x00000001c2600000) (1024K)]
  0x000001bd21ab0630 JavaThread "Unconstrained build operations Thread 14"        [_thread_blocked, id=36828, stack(0x00000001c2600000,0x00000001c2700000) (1024K)]
  0x000001bd21ab19e0 JavaThread "Unconstrained build operations Thread 15"        [_thread_blocked, id=23464, stack(0x00000001c2700000,0x00000001c2800000) (1024K)]
  0x000001bd21aaffa0 JavaThread "Unconstrained build operations Thread 16"        [_thread_blocked, id=30404, stack(0x00000001c2800000,0x00000001c2900000) (1024K)]
  0x000001bd21aaebf0 JavaThread "Unconstrained build operations Thread 17"        [_thread_blocked, id=40564, stack(0x00000001c2900000,0x00000001c2a00000) (1024K)]
  0x000001bd21ab0cc0 JavaThread "Unconstrained build operations Thread 18"        [_thread_blocked, id=27124, stack(0x00000001c2a00000,0x00000001c2b00000) (1024K)]
  0x000001bd218821e0 JavaThread "Unconstrained build operations Thread 19"        [_thread_blocked, id=38720, stack(0x00000001c2b00000,0x00000001c2c00000) (1024K)]
  0x000001bd21880e30 JavaThread "Unconstrained build operations Thread 20"        [_thread_blocked, id=12360, stack(0x00000001c2c00000,0x00000001c2d00000) (1024K)]
  0x000001bd21883590 JavaThread "Unconstrained build operations Thread 21"        [_thread_blocked, id=1936, stack(0x00000001c2d00000,0x00000001c2e00000) (1024K)]
Total: 75

Other Threads:
  0x000001bd17b29720 VMThread "VM Thread"                           [id=24612, stack(0x00000001bd500000,0x00000001bd600000) (1024K)]
  0x000001bd1795a300 WatcherThread "VM Periodic Task Thread"        [id=21800, stack(0x00000001bd400000,0x00000001bd500000) (1024K)]
  0x000001bd7f717430 WorkerThread "GC Thread#0"                     [id=22888, stack(0x00000001bcf00000,0x00000001bd000000) (1024K)]
  0x000001bd1c6d0eb0 WorkerThread "GC Thread#1"                     [id=39024, stack(0x00000001be700000,0x00000001be800000) (1024K)]
  0x000001bd1c6f3ff0 WorkerThread "GC Thread#2"                     [id=6724, stack(0x00000001be800000,0x00000001be900000) (1024K)]
  0x000001bd1c23ecf0 WorkerThread "GC Thread#3"                     [id=29792, stack(0x00000001be900000,0x00000001bea00000) (1024K)]
  0x000001bd1c23f4a0 WorkerThread "GC Thread#4"                     [id=33100, stack(0x00000001bea00000,0x00000001beb00000) (1024K)]
  0x000001bd1c49ff20 WorkerThread "GC Thread#5"                     [id=7800, stack(0x00000001beb00000,0x00000001bec00000) (1024K)]
  0x000001bd1dce4fb0 WorkerThread "GC Thread#6"                     [id=29808, stack(0x00000001bec00000,0x00000001bed00000) (1024K)]
  0x000001bd1dce56f0 WorkerThread "GC Thread#7"                     [id=29360, stack(0x00000001bed00000,0x00000001bee00000) (1024K)]
  0x000001bd1dce3d90 WorkerThread "GC Thread#8"                     [id=14388, stack(0x00000001bee00000,0x00000001bef00000) (1024K)]
  0x000001bd1dce4130 WorkerThread "GC Thread#9"                     [id=26560, stack(0x00000001bf800000,0x00000001bf900000) (1024K)]
  0x000001bd1dce44d0 WorkerThread "GC Thread#10"                    [id=15208, stack(0x00000001bf900000,0x00000001bfa00000) (1024K)]
  0x000001bd1dce4870 WorkerThread "GC Thread#11"                    [id=6752, stack(0x00000001bfa00000,0x00000001bfb00000) (1024K)]
  0x000001bd1dce4c10 WorkerThread "GC Thread#12"                    [id=8444, stack(0x00000001bfb00000,0x00000001bfc00000) (1024K)]
  0x000001bd7f728490 ConcurrentGCThread "G1 Main Marker"            [id=16360, stack(0x00000001bd000000,0x00000001bd100000) (1024K)]
  0x000001bd7f728ea0 WorkerThread "G1 Conc#0"                       [id=31740, stack(0x00000001bd100000,0x00000001bd200000) (1024K)]
  0x000001bd1dde8df0 WorkerThread "G1 Conc#1"                       [id=19548, stack(0x00000001bfc00000,0x00000001bfd00000) (1024K)]
  0x000001bd1dde9190 WorkerThread "G1 Conc#2"                       [id=26100, stack(0x00000001bfd00000,0x00000001bfe00000) (1024K)]
  0x000001bd7f78e9c0 ConcurrentGCThread "G1 Refine#0"               [id=31456, stack(0x00000001bd200000,0x00000001bd300000) (1024K)]
  0x000001bd17831790 ConcurrentGCThread "G1 Service"                [id=37600, stack(0x00000001bd300000,0x00000001bd400000) (1024K)]
Total: 21

Threads with active compile tasks:
C2 CompilerThread0     3845 6166       4       jdk.internal.loader.URLClassPath$JarLoader$2::getManifest (26 bytes)
C2 CompilerThread1     3845 6123   !   4       java.net.URLClassLoader$1::run (81 bytes)
C2 CompilerThread2     3845 6121   !   4       java.net.URLClassLoader::findClass (47 bytes)
C2 CompilerThread3     3845 6122       4       java.net.URLClassLoader$1::run (5 bytes)
Total: 4

VM state: at safepoint (normal execution)

VM Mutex/Monitor currently owned by a thread:  ([mutex/lock_event])
[0x00007ff8ad9120c8] Threads_lock - owner thread: 0x000001bd17b29720
[0x00007ff8ad9121c8] Heap_lock - owner thread: 0x000001bd7f728490

Heap address: 0x0000000080000000, size: 2048 MB, Compressed Oops mode: 32-bit

CDS archive(s) not mapped
Compressed class space mapped at: 0x0000000100000000-0x0000000140000000, reserved size: 1073741824
Narrow klass base: 0x0000000000000000, Narrow klass shift: 3, Narrow klass range: 0x140000000

GC Precious Log:
 CardTable entry size: 512
 Card Set container configuration: InlinePtr #cards 5 size 8 Array Of Cards #cards 12 size 40 Howl #buckets 4 coarsen threshold 1843 Howl Bitmap #cards 512 size 80 coarsen threshold 460 Card regions per heap region 1 cards per card region 2048
 CPUs: 16 total, 16 available
 Memory: 16098M
 Large Page Support: Disabled
 NUMA Support: Disabled
 Compressed Oops: Enabled (32-bit)
 Heap Region Size: 1M
 Heap Min Capacity: 8M
 Heap Initial Capacity: 252M
 Heap Max Capacity: 2G
 Pre-touch: Disabled
 Parallel Workers: 13
 Concurrent Workers: 3
 Concurrent Refinement Workers: 13
 Periodic GC: Disabled

Heap:
 garbage-first heap   total 130048K, used 80054K [0x0000000080000000, 0x0000000100000000)
  region size 1024K, 3 young (3072K), 2 survivors (2048K)
 Metaspace       used 57591K, committed 59136K, reserved 1114112K
  class space    used 7746K, committed 8512K, reserved 1048576K

Heap Regions: E=young(eden), S=young(survivor), O=old, HS=humongous(starts), HC=humongous(continues), CS=collection set, F=free, TAMS=top-at-mark-start, PB=parsable bottom
|   0|0x0000000080000000, 0x0000000080100000, 0x0000000080100000|100%|HS|  |TAMS 0x0000000080100000| PB 0x0000000080000000| Complete 
|   1|0x0000000080100000, 0x0000000080200000, 0x0000000080200000|100%|HC|  |TAMS 0x0000000080200000| PB 0x0000000080100000| Complete 
|   2|0x0000000080200000, 0x0000000080300000, 0x0000000080300000|100%|HC|  |TAMS 0x0000000080300000| PB 0x0000000080200000| Complete 
|   3|0x0000000080300000, 0x0000000080400000, 0x0000000080400000|100%|HC|  |TAMS 0x0000000080400000| PB 0x0000000080300000| Complete 
|   4|0x0000000080400000, 0x0000000080500000, 0x0000000080500000|100%| O|  |TAMS 0x0000000080500000| PB 0x0000000080500000| Untracked 
|   5|0x0000000080500000, 0x0000000080600000, 0x0000000080600000|100%| O|  |TAMS 0x0000000080600000| PB 0x0000000080600000| Untracked 
|   6|0x0000000080600000, 0x0000000080700000, 0x0000000080700000|100%| O|  |TAMS 0x0000000080700000| PB 0x0000000080700000| Updating 
|   7|0x0000000080700000, 0x0000000080800000, 0x0000000080800000|100%| O|  |TAMS 0x0000000080800000| PB 0x0000000080800000| Untracked 
|   8|0x0000000080800000, 0x0000000080900000, 0x0000000080900000|100%| O|  |TAMS 0x0000000080900000| PB 0x0000000080900000| Untracked 
|   9|0x0000000080900000, 0x0000000080a00000, 0x0000000080a00000|100%| O|  |TAMS 0x0000000080a00000| PB 0x0000000080a00000| Untracked 
|  10|0x0000000080a00000, 0x0000000080b00000, 0x0000000080b00000|100%|HS|  |TAMS 0x0000000080b00000| PB 0x0000000080a00000| Complete 
|  11|0x0000000080b00000, 0x0000000080c00000, 0x0000000080c00000|100%| O|  |TAMS 0x0000000080c00000| PB 0x0000000080c00000| Untracked 
|  12|0x0000000080c00000, 0x0000000080d00000, 0x0000000080d00000|100%| O|  |TAMS 0x0000000080d00000| PB 0x0000000080d00000| Untracked 
|  13|0x0000000080d00000, 0x0000000080e00000, 0x0000000080e00000|100%|HS|  |TAMS 0x0000000080e00000| PB 0x0000000080d00000| Complete 
|  14|0x0000000080e00000, 0x0000000080f00000, 0x0000000080f00000|100%|HS|  |TAMS 0x0000000080f00000| PB 0x0000000080e00000| Complete 
|  15|0x0000000080f00000, 0x0000000081000000, 0x0000000081000000|100%|HC|  |TAMS 0x0000000081000000| PB 0x0000000080f00000| Complete 
|  16|0x0000000081000000, 0x0000000081100000, 0x0000000081100000|100%|HC|  |TAMS 0x0000000081100000| PB 0x0000000081000000| Complete 
|  17|0x0000000081100000, 0x0000000081200000, 0x0000000081200000|100%|HC|  |TAMS 0x0000000081200000| PB 0x0000000081100000| Complete 
|  18|0x0000000081200000, 0x0000000081300000, 0x0000000081300000|100%|HC|  |TAMS 0x0000000081300000| PB 0x0000000081200000| Complete 
|  19|0x0000000081300000, 0x0000000081400000, 0x0000000081400000|100%|HC|  |TAMS 0x0000000081400000| PB 0x0000000081300000| Complete 
|  20|0x0000000081400000, 0x0000000081500000, 0x0000000081500000|100%|HS|  |TAMS 0x0000000081500000| PB 0x0000000081400000| Complete 
|  21|0x0000000081500000, 0x0000000081600000, 0x0000000081600000|100%|HC|  |TAMS 0x0000000081600000| PB 0x0000000081500000| Complete 
|  22|0x0000000081600000, 0x0000000081700000, 0x0000000081700000|100%|HC|  |TAMS 0x0000000081700000| PB 0x0000000081600000| Complete 
|  23|0x0000000081700000, 0x0000000081800000, 0x0000000081800000|100%|HS|  |TAMS 0x0000000081800000| PB 0x0000000081700000| Complete 
|  24|0x0000000081800000, 0x0000000081900000, 0x0000000081900000|100%|HC|  |TAMS 0x0000000081900000| PB 0x0000000081800000| Complete 
|  25|0x0000000081900000, 0x0000000081a00000, 0x0000000081a00000|100%| O|  |TAMS 0x0000000081a00000| PB 0x0000000081a00000| Untracked 
|  26|0x0000000081a00000, 0x0000000081b00000, 0x0000000081b00000|100%| O|  |TAMS 0x0000000081b00000| PB 0x0000000081b00000| Untracked 
|  27|0x0000000081b00000, 0x0000000081c00000, 0x0000000081c00000|100%| O|  |TAMS 0x0000000081c00000| PB 0x0000000081c00000| Untracked 
|  28|0x0000000081c00000, 0x0000000081d00000, 0x0000000081d00000|100%| O|  |TAMS 0x0000000081d00000| PB 0x0000000081d00000| Untracked 
|  29|0x0000000081d00000, 0x0000000081e00000, 0x0000000081e00000|100%| O|  |TAMS 0x0000000081e00000| PB 0x0000000081e00000| Untracked 
|  30|0x0000000081e00000, 0x0000000081f00000, 0x0000000081f00000|100%| O|  |TAMS 0x0000000081f00000| PB 0x0000000081f00000| Untracked 
|  31|0x0000000081f00000, 0x0000000082000000, 0x0000000082000000|100%| O|  |TAMS 0x0000000082000000| PB 0x0000000082000000| Untracked 
|  32|0x0000000082000000, 0x0000000082100000, 0x0000000082100000|100%| O|  |TAMS 0x0000000082100000| PB 0x0000000082100000| Untracked 
|  33|0x0000000082100000, 0x0000000082200000, 0x0000000082200000|100%| O|  |TAMS 0x0000000082200000| PB 0x0000000082200000| Untracked 
|  34|0x0000000082200000, 0x0000000082300000, 0x0000000082300000|100%| O|  |TAMS 0x0000000082300000| PB 0x0000000082300000| Untracked 
|  35|0x0000000082300000, 0x0000000082400000, 0x0000000082400000|100%| O|  |TAMS 0x0000000082400000| PB 0x0000000082400000| Updating 
|  36|0x0000000082400000, 0x0000000082500000, 0x0000000082500000|100%| O|  |TAMS 0x0000000082500000| PB 0x0000000082500000| Untracked 
|  37|0x0000000082500000, 0x0000000082600000, 0x0000000082600000|100%| O|  |TAMS 0x0000000082600000| PB 0x0000000082600000| Untracked 
|  38|0x0000000082600000, 0x0000000082700000, 0x0000000082700000|100%| O|  |TAMS 0x0000000082700000| PB 0x0000000082700000| Updating 
|  39|0x0000000082700000, 0x0000000082800000, 0x0000000082800000|100%| O|  |TAMS 0x0000000082800000| PB 0x0000000082800000| Untracked 
|  40|0x0000000082800000, 0x0000000082900000, 0x0000000082900000|100%| O|  |TAMS 0x0000000082900000| PB 0x0000000082900000| Untracked 
|  41|0x0000000082900000, 0x0000000082a00000, 0x0000000082a00000|100%| O|  |TAMS 0x0000000082a00000| PB 0x0000000082a00000| Updating 
|  42|0x0000000082a00000, 0x0000000082b00000, 0x0000000082b00000|100%| O|  |TAMS 0x0000000082b00000| PB 0x0000000082b00000| Untracked 
|  43|0x0000000082b00000, 0x0000000082c00000, 0x0000000082c00000|100%| O|  |TAMS 0x0000000082c00000| PB 0x0000000082c00000| Updating 
|  44|0x0000000082c00000, 0x0000000082d00000, 0x0000000082d00000|100%| O|  |TAMS 0x0000000082c00000| PB 0x0000000082c00000| Untracked 
|  45|0x0000000082d00000, 0x0000000082e00000, 0x0000000082e00000|100%|HS|  |TAMS 0x0000000082e00000| PB 0x0000000082d00000| Complete 
|  46|0x0000000082e00000, 0x0000000082f00000, 0x0000000082f00000|100%|HC|  |TAMS 0x0000000082f00000| PB 0x0000000082e00000| Complete 
|  47|0x0000000082f00000, 0x0000000083000000, 0x0000000083000000|100%|HS|  |TAMS 0x0000000082f00000| PB 0x0000000082f00000| Complete 
|  48|0x0000000083000000, 0x0000000083100000, 0x0000000083100000|100%|HS|  |TAMS 0x0000000083000000| PB 0x0000000083000000| Complete 
|  49|0x0000000083100000, 0x0000000083200000, 0x0000000083200000|100%| O|  |TAMS 0x0000000083200000| PB 0x0000000083200000| Untracked 
|  50|0x0000000083200000, 0x0000000083200000, 0x0000000083300000|  0%| F|  |TAMS 0x0000000083200000| PB 0x0000000083200000| Untracked 
|  51|0x0000000083300000, 0x0000000083300000, 0x0000000083400000|  0%| F|  |TAMS 0x0000000083300000| PB 0x0000000083300000| Untracked 
|  52|0x0000000083400000, 0x0000000083400000, 0x0000000083500000|  0%| F|  |TAMS 0x0000000083400000| PB 0x0000000083400000| Untracked 
|  53|0x0000000083500000, 0x0000000083600000, 0x0000000083600000|100%| O|  |TAMS 0x0000000083500000| PB 0x0000000083500000| Untracked 
|  54|0x0000000083600000, 0x0000000083600000, 0x0000000083700000|  0%| F|  |TAMS 0x0000000083600000| PB 0x0000000083600000| Untracked 
|  55|0x0000000083700000, 0x0000000083800000, 0x0000000083800000|100%| O|  |TAMS 0x0000000083700000| PB 0x0000000083700000| Untracked 
|  56|0x0000000083800000, 0x0000000083900000, 0x0000000083900000|100%| O|  |TAMS 0x0000000083800000| PB 0x0000000083800000| Untracked 
|  57|0x0000000083900000, 0x0000000083a00000, 0x0000000083a00000|100%| O|  |TAMS 0x0000000083900000| PB 0x0000000083900000| Untracked 
|  58|0x0000000083a00000, 0x0000000083b00000, 0x0000000083b00000|100%|HS|  |TAMS 0x0000000083b00000| PB 0x0000000083a00000| Complete 
|  59|0x0000000083b00000, 0x0000000083c00000, 0x0000000083c00000|100%|HC|  |TAMS 0x0000000083c00000| PB 0x0000000083b00000| Complete 
|  60|0x0000000083c00000, 0x0000000083d00000, 0x0000000083d00000|100%|HC|  |TAMS 0x0000000083d00000| PB 0x0000000083c00000| Complete 
|  61|0x0000000083d00000, 0x0000000083e00000, 0x0000000083e00000|100%|HC|  |TAMS 0x0000000083e00000| PB 0x0000000083d00000| Complete 
|  62|0x0000000083e00000, 0x0000000083f00000, 0x0000000083f00000|100%|HC|  |TAMS 0x0000000083f00000| PB 0x0000000083e00000| Complete 
|  63|0x0000000083f00000, 0x0000000084000000, 0x0000000084000000|100%|HC|  |TAMS 0x0000000084000000| PB 0x0000000083f00000| Complete 
|  64|0x0000000084000000, 0x0000000084000000, 0x0000000084100000|  0%| F|  |TAMS 0x0000000084000000| PB 0x0000000084000000| Untracked 
|  65|0x0000000084100000, 0x0000000084200000, 0x0000000084200000|100%| O|  |TAMS 0x0000000084100000| PB 0x0000000084100000| Untracked 
|  66|0x0000000084200000, 0x0000000084221070, 0x0000000084300000| 12%| O|  |TAMS 0x0000000084200000| PB 0x0000000084200000| Updating 
|  67|0x0000000084300000, 0x0000000084300000, 0x0000000084400000|  0%| F|  |TAMS 0x0000000084300000| PB 0x0000000084300000| Untracked 
|  68|0x0000000084400000, 0x0000000084400000, 0x0000000084500000|  0%| F|  |TAMS 0x0000000084400000| PB 0x0000000084400000| Untracked 
|  69|0x0000000084500000, 0x0000000084500000, 0x0000000084600000|  0%| F|  |TAMS 0x0000000084500000| PB 0x0000000084500000| Untracked 
|  70|0x0000000084600000, 0x0000000084600000, 0x0000000084700000|  0%| F|  |TAMS 0x0000000084600000| PB 0x0000000084600000| Untracked 
|  71|0x0000000084700000, 0x0000000084700000, 0x0000000084800000|  0%| F|  |TAMS 0x0000000084700000| PB 0x0000000084700000| Untracked 
|  72|0x0000000084800000, 0x0000000084800000, 0x0000000084900000|  0%| F|  |TAMS 0x0000000084800000| PB 0x0000000084800000| Untracked 
|  73|0x0000000084900000, 0x0000000084900000, 0x0000000084a00000|  0%| F|  |TAMS 0x0000000084900000| PB 0x0000000084900000| Untracked 
|  74|0x0000000084a00000, 0x0000000084a00000, 0x0000000084b00000|  0%| F|  |TAMS 0x0000000084a00000| PB 0x0000000084a00000| Untracked 
|  75|0x0000000084b00000, 0x0000000084b00000, 0x0000000084c00000|  0%| F|  |TAMS 0x0000000084b00000| PB 0x0000000084b00000| Untracked 
|  76|0x0000000084c00000, 0x0000000084c00000, 0x0000000084d00000|  0%| F|  |TAMS 0x0000000084c00000| PB 0x0000000084c00000| Untracked 
|  77|0x0000000084d00000, 0x0000000084d00000, 0x0000000084e00000|  0%| F|  |TAMS 0x0000000084d00000| PB 0x0000000084d00000| Untracked 
|  78|0x0000000084e00000, 0x0000000084e00000, 0x0000000084f00000|  0%| F|  |TAMS 0x0000000084e00000| PB 0x0000000084e00000| Untracked 
|  79|0x0000000084f00000, 0x0000000084f00000, 0x0000000085000000|  0%| F|  |TAMS 0x0000000084f00000| PB 0x0000000084f00000| Untracked 
|  80|0x0000000085000000, 0x0000000085000000, 0x0000000085100000|  0%| F|  |TAMS 0x0000000085000000| PB 0x0000000085000000| Untracked 
|  81|0x0000000085100000, 0x0000000085100000, 0x0000000085200000|  0%| F|  |TAMS 0x0000000085100000| PB 0x0000000085100000| Untracked 
|  82|0x0000000085200000, 0x0000000085200000, 0x0000000085300000|  0%| F|  |TAMS 0x0000000085200000| PB 0x0000000085200000| Untracked 
|  83|0x0000000085300000, 0x0000000085300000, 0x0000000085400000|  0%| F|  |TAMS 0x0000000085300000| PB 0x0000000085300000| Untracked 
|  84|0x0000000085400000, 0x0000000085400000, 0x0000000085500000|  0%| F|  |TAMS 0x0000000085400000| PB 0x0000000085400000| Untracked 
|  85|0x0000000085500000, 0x0000000085500000, 0x0000000085600000|  0%| F|  |TAMS 0x0000000085500000| PB 0x0000000085500000| Untracked 
|  86|0x0000000085600000, 0x0000000085600000, 0x0000000085700000|  0%| F|  |TAMS 0x0000000085600000| PB 0x0000000085600000| Untracked 
|  87|0x0000000085700000, 0x0000000085700000, 0x0000000085800000|  0%| F|  |TAMS 0x0000000085700000| PB 0x0000000085700000| Untracked 
|  88|0x0000000085800000, 0x0000000085800000, 0x0000000085900000|  0%| F|  |TAMS 0x0000000085800000| PB 0x0000000085800000| Untracked 
|  89|0x0000000085900000, 0x0000000085900000, 0x0000000085a00000|  0%| F|  |TAMS 0x0000000085900000| PB 0x0000000085900000| Untracked 
|  90|0x0000000085a00000, 0x0000000085a00000, 0x0000000085b00000|  0%| F|  |TAMS 0x0000000085a00000| PB 0x0000000085a00000| Untracked 
|  91|0x0000000085b00000, 0x0000000085b00000, 0x0000000085c00000|  0%| F|  |TAMS 0x0000000085b00000| PB 0x0000000085b00000| Untracked 
|  92|0x0000000085c00000, 0x0000000085c00000, 0x0000000085d00000|  0%| F|  |TAMS 0x0000000085c00000| PB 0x0000000085c00000| Untracked 
|  93|0x0000000085d00000, 0x0000000085d00000, 0x0000000085e00000|  0%| F|  |TAMS 0x0000000085d00000| PB 0x0000000085d00000| Untracked 
|  94|0x0000000085e00000, 0x0000000085e00000, 0x0000000085f00000|  0%| F|  |TAMS 0x0000000085e00000| PB 0x0000000085e00000| Untracked 
|  95|0x0000000085f00000, 0x0000000085f00000, 0x0000000086000000|  0%| F|  |TAMS 0x0000000085f00000| PB 0x0000000085f00000| Untracked 
|  96|0x0000000086000000, 0x0000000086000000, 0x0000000086100000|  0%| F|  |TAMS 0x0000000086000000| PB 0x0000000086000000| Untracked 
|  97|0x0000000086100000, 0x0000000086100000, 0x0000000086200000|  0%| F|  |TAMS 0x0000000086100000| PB 0x0000000086100000| Untracked 
|  98|0x0000000086200000, 0x0000000086200000, 0x0000000086300000|  0%| F|  |TAMS 0x0000000086200000| PB 0x0000000086200000| Untracked 
|  99|0x0000000086300000, 0x0000000086300000, 0x0000000086400000|  0%| F|  |TAMS 0x0000000086300000| PB 0x0000000086300000| Untracked 
| 100|0x0000000086400000, 0x0000000086400000, 0x0000000086500000|  0%| F|  |TAMS 0x0000000086400000| PB 0x0000000086400000| Untracked 
| 101|0x0000000086500000, 0x0000000086600000, 0x0000000086600000|100%|HS|  |TAMS 0x0000000086600000| PB 0x0000000086500000| Complete 
| 102|0x0000000086600000, 0x0000000086700000, 0x0000000086700000|100%|HC|  |TAMS 0x0000000086700000| PB 0x0000000086600000| Complete 
| 103|0x0000000086700000, 0x0000000086800000, 0x0000000086800000|100%|HC|  |TAMS 0x0000000086800000| PB 0x0000000086700000| Complete 
| 104|0x0000000086800000, 0x0000000086900000, 0x0000000086900000|100%|HC|  |TAMS 0x0000000086900000| PB 0x0000000086800000| Complete 
| 105|0x0000000086900000, 0x0000000086a00000, 0x0000000086a00000|100%|HC|  |TAMS 0x0000000086a00000| PB 0x0000000086900000| Complete 
| 106|0x0000000086a00000, 0x0000000086b00000, 0x0000000086b00000|100%|HC|  |TAMS 0x0000000086b00000| PB 0x0000000086a00000| Complete 
| 225|0x000000008e100000, 0x000000008e100000, 0x000000008e200000|  0%| F|  |TAMS 0x000000008e100000| PB 0x000000008e100000| Untracked 
| 226|0x000000008e200000, 0x000000008e200000, 0x000000008e300000|  0%| F|  |TAMS 0x000000008e200000| PB 0x000000008e200000| Untracked 
| 227|0x000000008e300000, 0x000000008e300000, 0x000000008e400000|  0%| F|  |TAMS 0x000000008e300000| PB 0x000000008e300000| Untracked 
| 228|0x000000008e400000, 0x000000008e400000, 0x000000008e500000|  0%| F|  |TAMS 0x000000008e400000| PB 0x000000008e400000| Untracked 
| 229|0x000000008e500000, 0x000000008e500000, 0x000000008e600000|  0%| F|  |TAMS 0x000000008e500000| PB 0x000000008e500000| Untracked 
| 230|0x000000008e600000, 0x000000008e60caa0, 0x000000008e700000|  4%| S|CS|TAMS 0x000000008e600000| PB 0x000000008e600000| Complete 
| 231|0x000000008e700000, 0x000000008e800000, 0x000000008e800000|100%| S|CS|TAMS 0x000000008e700000| PB 0x000000008e700000| Complete 
| 232|0x000000008e800000, 0x000000008e800000, 0x000000008e900000|  0%| F|  |TAMS 0x000000008e800000| PB 0x000000008e800000| Untracked 
| 233|0x000000008e900000, 0x000000008e900000, 0x000000008ea00000|  0%| F|  |TAMS 0x000000008e900000| PB 0x000000008e900000| Untracked 
| 251|0x000000008fb00000, 0x000000008fc00000, 0x000000008fc00000|100%| E|  |TAMS 0x000000008fb00000| PB 0x000000008fb00000| Complete 
|2038|0x00000000ff600000, 0x00000000ff700000, 0x00000000ff700000|100%| O|  |TAMS 0x00000000ff60ab68| PB 0x00000000ff60ab68| Untracked 
|2039|0x00000000ff700000, 0x00000000ff800000, 0x00000000ff800000|100%| O|  |TAMS 0x00000000ff800000| PB 0x00000000ff800000| Updating 
|2040|0x00000000ff800000, 0x00000000ff900000, 0x00000000ff900000|100%| O|  |TAMS 0x00000000ff900000| PB 0x00000000ff900000| Updating 
|2041|0x00000000ff900000, 0x00000000ffa00000, 0x00000000ffa00000|100%| O|  |TAMS 0x00000000ffa00000| PB 0x00000000ffa00000| Untracked 
|2042|0x00000000ffa00000, 0x00000000ffb00000, 0x00000000ffb00000|100%| O|  |TAMS 0x00000000ffb00000| PB 0x00000000ffb00000| Untracked 
|2043|0x00000000ffb00000, 0x00000000ffc00000, 0x00000000ffc00000|100%| O|  |TAMS 0x00000000ffc00000| PB 0x00000000ffc00000| Updating 
|2044|0x00000000ffc00000, 0x00000000ffd00000, 0x00000000ffd00000|100%| O|  |TAMS 0x00000000ffd00000| PB 0x00000000ffd00000| Updating 
|2045|0x00000000ffd00000, 0x00000000ffe00000, 0x00000000ffe00000|100%| O|  |TAMS 0x00000000ffe00000| PB 0x00000000ffe00000| Untracked 
|2046|0x00000000ffe00000, 0x00000000fff00000, 0x00000000fff00000|100%| O|  |TAMS 0x00000000fff00000| PB 0x00000000fff00000| Untracked 
|2047|0x00000000fff00000, 0x0000000100000000, 0x0000000100000000|100%| O|  |TAMS 0x0000000100000000| PB 0x0000000100000000| Updating 

Card table byte_map: [0x000001bd12590000,0x000001bd12990000] _byte_map_base: 0x000001bd12190000

Marking Bits: (CMBitMap*) 0x000001bd7f717a40
 Bits: [0x000001bd12990000, 0x000001bd14990000)

Polling page: 0x000001bd7d660000

Metaspace:

Usage:
  Non-class:     48.68 MB used.
      Class:      7.56 MB used.
       Both:     56.24 MB used.

Virtual space:
  Non-class space:       64.00 MB reserved,      49.44 MB ( 77%) committed,  1 nodes.
      Class space:        1.00 GB reserved,       8.31 MB ( <1%) committed,  1 nodes.
             Both:        1.06 GB reserved,      57.75 MB (  5%) committed. 

Chunk freelists:
   Non-Class:  14.44 MB
       Class:  7.73 MB
        Both:  22.17 MB

MaxMetaspaceSize: unlimited
CompressedClassSpaceSize: 1.00 GB
Initial GC threshold: 21.00 MB
Current GC threshold: 82.12 MB
CDS: off
 - commit_granule_bytes: 65536.
 - commit_granule_words: 8192.
 - virtual_space_node_default_size: 8388608.
 - enlarge_chunks_in_place: 1.
 - use_allocation_guard: 0.


Internal statistics:

num_allocs_failed_limit: 9.
num_arena_births: 2718.
num_arena_deaths: 0.
num_vsnodes_births: 2.
num_vsnodes_deaths: 0.
num_space_committed: 924.
num_space_uncommitted: 0.
num_chunks_returned_to_freelist: 9.
num_chunks_taken_from_freelist: 4990.
num_chunk_merges: 9.
num_chunk_splits: 3215.
num_chunks_enlarged: 1943.
num_inconsistent_stats: 0.

CodeHeap 'non-profiled nmethods': size=119168Kb used=2661Kb max_used=2867Kb free=116506Kb
 bounds [0x000001bd0ac20000, 0x000001bd0aef0000, 0x000001bd12080000]
CodeHeap 'profiled nmethods': size=119104Kb used=10175Kb max_used=10844Kb free=108928Kb
 bounds [0x000001bd03080000, 0x000001bd03b20000, 0x000001bd0a4d0000]
CodeHeap 'non-nmethods': size=7488Kb used=4385Kb max_used=4404Kb free=3102Kb
 bounds [0x000001bd0a4d0000, 0x000001bd0a930000, 0x000001bd0ac20000]
 total_blobs=6159 nmethods=5308 adapters=751
 compilation: enabled
              stopped_count=0, restarted_count=0
 full_count=0

Compilation events (20 events):
Event: 3.768 Thread 0x000001bd17dfeb40 nmethod 6156 0x000001bd0aee7e90 code [0x000001bd0aee8020, 0x000001bd0aee80d0]
Event: 3.770 Thread 0x000001bd17c2b2c0 6157       1       com.google.common.collect.MapMakerInternalMap$AbstractStrongKeyEntry::getKey (5 bytes)
Event: 3.770 Thread 0x000001bd17c2b2c0 nmethod 6157 0x000001bd0aee8190 code [0x000001bd0aee8320, 0x000001bd0aee83e8]
Event: 3.776 Thread 0x000001bd17c2b2c0 6158       3       com.google.common.collect.MapMakerInternalMap$StrongKeyWeakValueSegment::self (5 bytes)
Event: 3.776 Thread 0x000001bd17dfeb40 6159       3       com.google.common.collect.MapMakerInternalMap$StrongKeyWeakValueSegment::self (2 bytes)
Event: 3.776 Thread 0x000001bd17c2b2c0 nmethod 6158 0x000001bd03b12b90 code [0x000001bd03b12d40, 0x000001bd03b12ea8]
Event: 3.776 Thread 0x000001bd17dfeb40 nmethod 6159 0x000001bd03b12f90 code [0x000001bd03b13120, 0x000001bd03b13230]
Event: 3.779 Thread 0x000001bd17c2a820 nmethod 6137 0x000001bd0aee8490 code [0x000001bd0aee87a0, 0x000001bd0aeeaca0]
Event: 3.779 Thread 0x000001bd17c2a820 6138       4       java.util.stream.AbstractPipeline::sourceSpliterator (265 bytes)
Event: 3.781 Thread 0x000001bd17c2a820 nmethod 6138 0x000001bd0aeebc90 code [0x000001bd0aeebe20, 0x000001bd0aeebf98]
Event: 3.785 Thread 0x000001bd17c2b2c0 6160       3       org.gradle.internal.classloader.FilteringClassLoader::classAllowed (80 bytes)
Event: 3.786 Thread 0x000001bd17c2b2c0 nmethod 6160 0x000001bd03b13310 code [0x000001bd03b13580, 0x000001bd03b13ed8]
Event: 3.787 Thread 0x000001bd17e021f0 6161       3       java.lang.ThreadLocal$ThreadLocalMap::cleanSomeSlots (61 bytes)
Event: 3.787 Thread 0x000001bd17e021f0 nmethod 6161 0x000001bd03b14290 code [0x000001bd03b14480, 0x000001bd03b14990]
Event: 3.788 Thread 0x000001bd17e021f0 6162       3       jdk.internal.jimage.BasicImageReader::getLocationIndex (52 bytes)
Event: 3.789 Thread 0x000001bd17e021f0 nmethod 6162 0x000001bd03b14c10 code [0x000001bd03b14e20, 0x000001bd03b152b0]
Event: 3.791 Thread 0x000001bd17e021f0 6164   !   3       java.util.zip.ZipFile$CleanableResource::run (251 bytes)
Event: 3.791 Thread 0x000001bd17c2a820 6163       4       java.lang.Character::isJavaIdentifierPart (9 bytes)
Event: 3.792 Thread 0x000001bd17e021f0 nmethod 6164 0x000001bd03b15510 code [0x000001bd03b157e0, 0x000001bd03b16850]
Event: 3.792 Thread 0x000001bd17c2a820 nmethod 6163 0x000001bd0aeec090 code [0x000001bd0aeec220, 0x000001bd0aeec328]

GC Heap History (20 events):
Event: 1.002 GC heap before
{Heap before GC invocations=2 (full 0):
 garbage-first heap   total 258048K, used 60422K [0x0000000080000000, 0x0000000100000000)
  region size 1024K, 48 young (49152K), 3 survivors (3072K)
 Metaspace       used 15848K, committed 16128K, reserved 1114112K
  class space    used 1765K, committed 1920K, reserved 1048576K
}
Event: 1.006 GC heap after
{Heap after GC invocations=3 (full 0):
 garbage-first heap   total 258048K, used 18936K [0x0000000080000000, 0x0000000100000000)
  region size 1024K, 6 young (6144K), 6 survivors (6144K)
 Metaspace       used 15848K, committed 16128K, reserved 1114112K
  class space    used 1765K, committed 1920K, reserved 1048576K
}
Event: 1.251 GC heap before
{Heap before GC invocations=3 (full 0):
 garbage-first heap   total 258048K, used 36344K [0x0000000080000000, 0x0000000100000000)
  region size 1024K, 24 young (24576K), 6 survivors (6144K)
 Metaspace       used 21177K, committed 21504K, reserved 1114112K
  class space    used 2432K, committed 2624K, reserved 1048576K
}
Event: 1.253 GC heap after
{Heap after GC invocations=4 (full 0):
 garbage-first heap   total 258048K, used 21412K [0x0000000080000000, 0x0000000100000000)
  region size 1024K, 9 young (9216K), 9 survivors (9216K)
 Metaspace       used 21177K, committed 21504K, reserved 1114112K
  class space    used 2432K, committed 2624K, reserved 1048576K
}
Event: 1.834 GC heap before
{Heap before GC invocations=5 (full 0):
 garbage-first heap   total 78848K, used 76708K [0x0000000080000000, 0x0000000100000000)
  region size 1024K, 64 young (65536K), 9 survivors (9216K)
 Metaspace       used 30300K, committed 30976K, reserved 1114112K
  class space    used 3904K, committed 4224K, reserved 1048576K
}
Event: 1.838 GC heap after
{Heap after GC invocations=6 (full 0):
 garbage-first heap   total 91136K, used 24257K [0x0000000080000000, 0x0000000100000000)
  region size 1024K, 12 young (12288K), 12 survivors (12288K)
 Metaspace       used 30300K, committed 30976K, reserved 1114112K
  class space    used 3904K, committed 4224K, reserved 1048576K
}
Event: 2.229 GC heap before
{Heap before GC invocations=6 (full 0):
 garbage-first heap   total 91136K, used 73409K [0x0000000080000000, 0x0000000100000000)
  region size 1024K, 51 young (52224K), 12 survivors (12288K)
 Metaspace       used 35172K, committed 35968K, reserved 1114112K
  class space    used 4737K, committed 5120K, reserved 1048576K
}
Event: 2.233 GC heap after
{Heap after GC invocations=7 (full 0):
 garbage-first heap   total 95232K, used 41427K [0x0000000080000000, 0x0000000100000000)
  region size 1024K, 7 young (7168K), 7 survivors (7168K)
 Metaspace       used 35172K, committed 35968K, reserved 1114112K
  class space    used 4737K, committed 5120K, reserved 1048576K
}
Event: 2.267 GC heap before
{Heap before GC invocations=7 (full 0):
 garbage-first heap   total 95232K, used 46547K [0x0000000080000000, 0x0000000100000000)
  region size 1024K, 12 young (12288K), 7 survivors (7168K)
 Metaspace       used 35446K, committed 36288K, reserved 1114112K
  class space    used 4784K, committed 5184K, reserved 1048576K
}
Event: 2.269 GC heap after
{Heap after GC invocations=8 (full 0):
 garbage-first heap   total 95232K, used 44032K [0x0000000080000000, 0x0000000100000000)
  region size 1024K, 2 young (2048K), 2 survivors (2048K)
 Metaspace       used 35446K, committed 36288K, reserved 1114112K
  class space    used 4784K, committed 5184K, reserved 1048576K
}
Event: 2.547 GC heap before
{Heap before GC invocations=9 (full 0):
 garbage-first heap   total 95232K, used 78848K [0x0000000080000000, 0x0000000100000000)
  region size 1024K, 36 young (36864K), 2 survivors (2048K)
 Metaspace       used 39838K, committed 40896K, reserved 1114112K
  class space    used 5500K, committed 6016K, reserved 1048576K
}
Event: 2.549 GC heap after
{Heap after GC invocations=10 (full 0):
 garbage-first heap   total 95232K, used 45032K [0x0000000080000000, 0x0000000100000000)
  region size 1024K, 3 young (3072K), 3 survivors (3072K)
 Metaspace       used 39838K, committed 40896K, reserved 1114112K
  class space    used 5500K, committed 6016K, reserved 1048576K
}
Event: 2.852 GC heap before
{Heap before GC invocations=10 (full 0):
 garbage-first heap   total 95232K, used 79848K [0x0000000080000000, 0x0000000100000000)
  region size 1024K, 38 young (38912K), 3 survivors (3072K)
 Metaspace       used 46317K, committed 47552K, reserved 1114112K
  class space    used 6401K, committed 6976K, reserved 1048576K
}
Event: 2.854 GC heap after
{Heap after GC invocations=11 (full 0):
 garbage-first heap   total 95232K, used 47748K [0x0000000080000000, 0x0000000100000000)
  region size 1024K, 5 young (5120K), 5 survivors (5120K)
 Metaspace       used 46317K, committed 47552K, reserved 1114112K
  class space    used 6401K, committed 6976K, reserved 1048576K
}
Event: 3.031 GC heap before
{Heap before GC invocations=11 (full 0):
 garbage-first heap   total 95232K, used 81540K [0x0000000080000000, 0x0000000100000000)
  region size 1024K, 39 young (39936K), 5 survivors (5120K)
 Metaspace       used 49114K, committed 50432K, reserved 1114112K
  class space    used 6673K, committed 7296K, reserved 1048576K
}
Event: 3.034 GC heap after
{Heap after GC invocations=12 (full 0):
 garbage-first heap   total 95232K, used 51270K [0x0000000080000000, 0x0000000100000000)
  region size 1024K, 4 young (4096K), 4 survivors (4096K)
 Metaspace       used 49114K, committed 50432K, reserved 1114112K
  class space    used 6673K, committed 7296K, reserved 1048576K
}
Event: 3.338 GC heap before
{Heap before GC invocations=13 (full 0):
 garbage-first heap   total 95232K, used 88134K [0x0000000080000000, 0x0000000100000000)
  region size 1024K, 35 young (35840K), 4 survivors (4096K)
 Metaspace       used 53246K, committed 54720K, reserved 1114112K
  class space    used 7206K, committed 7936K, reserved 1048576K
}
Event: 3.341 GC heap after
{Heap after GC invocations=14 (full 0):
 garbage-first heap   total 118784K, used 54238K [0x0000000080000000, 0x0000000100000000)
  region size 1024K, 4 young (4096K), 4 survivors (4096K)
 Metaspace       used 53246K, committed 54720K, reserved 1114112K
  class space    used 7206K, committed 7936K, reserved 1048576K
}
Event: 3.798 GC heap before
{Heap before GC invocations=14 (full 0):
 garbage-first heap   total 124928K, used 114654K [0x0000000080000000, 0x0000000100000000)
  region size 1024K, 50 young (51200K), 4 survivors (4096K)
 Metaspace       used 56627K, committed 58112K, reserved 1114112K
  class space    used 7732K, committed 8448K, reserved 1048576K
}
Event: 3.802 GC heap after
{Heap after GC invocations=15 (full 0):
 garbage-first heap   total 130048K, used 76842K [0x0000000080000000, 0x0000000100000000)
  region size 1024K, 7 young (7168K), 7 survivors (7168K)
 Metaspace       used 56627K, committed 58112K, reserved 1114112K
  class space    used 7732K, committed 8448K, reserved 1048576K
}

Dll operation events (3 events):
Event: 0.010 Loaded shared library C:\Program Files\Android\Android Studio\jbr\bin\java.dll
Event: 0.015 Loaded shared library C:\Program Files\Android\Android Studio\jbr\bin\zip.dll
Event: 0.329 Loaded shared library C:\Program Files\Android\Android Studio\jbr\bin\verify.dll

Deoptimization events (20 events):
Event: 3.685 Thread 0x000001bd1dee9e00 Uncommon trap: trap_request=0xffffff45 fr.pc=0x000001bd0ace8a44 relative=0x00000000000000a4
Event: 3.685 Thread 0x000001bd1dee9e00 Uncommon trap: reason=unstable_if action=reinterpret pc=0x000001bd0ace8a44 method=java.lang.ref.ReferenceQueue.poll()Ljava/lang/ref/Reference; @ 4 c2
Event: 3.685 Thread 0x000001bd1dee9e00 DEOPT PACKING pc=0x000001bd0ace8a44 sp=0x00000001bf4f7f10
Event: 3.685 Thread 0x000001bd1dee9e00 DEOPT UNPACKING pc=0x000001bd0a5246a2 sp=0x00000001bf4f7df8 mode 2
Event: 3.688 Thread 0x000001bd1dee9e00 Uncommon trap: trap_request=0xffffff76 fr.pc=0x000001bd0ae5ed58 relative=0x0000000000000218
Event: 3.688 Thread 0x000001bd1dee9e00 Uncommon trap: reason=predicate action=maybe_recompile pc=0x000001bd0ae5ed58 method=sun.instrument.TransformerManager.transform(Ljava/lang/Module;Ljava/lang/ClassLoader;Ljava/lang/String;Ljava/lang/Class;Ljava/security/ProtectionDomain;[B)[B @ 21 c2
Event: 3.688 Thread 0x000001bd1dee9e00 DEOPT PACKING pc=0x000001bd0ae5ed58 sp=0x00000001bf4f6110
Event: 3.688 Thread 0x000001bd1dee9e00 DEOPT UNPACKING pc=0x000001bd0a5246a2 sp=0x00000001bf4f5fe0 mode 2
Event: 3.695 Thread 0x000001bd1dee9e00 Uncommon trap: trap_request=0xffffff45 fr.pc=0x000001bd0ae86480 relative=0x0000000000002220
Event: 3.695 Thread 0x000001bd1dee9e00 Uncommon trap: reason=unstable_if action=reinterpret pc=0x000001bd0ae86480 method=java.lang.ClassLoader.checkCerts(Ljava/lang/String;Ljava/security/CodeSource;)V @ 30 c2
Event: 3.695 Thread 0x000001bd1dee9e00 DEOPT PACKING pc=0x000001bd0ae86480 sp=0x00000001bf4f7f00
Event: 3.695 Thread 0x000001bd1dee9e00 DEOPT UNPACKING pc=0x000001bd0a5246a2 sp=0x00000001bf4f7e10 mode 2
Event: 3.695 Thread 0x000001bd1dee9e00 Uncommon trap: trap_request=0xffffff45 fr.pc=0x000001bd0ae80bc0 relative=0x00000000000012e0
Event: 3.695 Thread 0x000001bd1dee9e00 Uncommon trap: reason=unstable_if action=reinterpret pc=0x000001bd0ae80bc0 method=java.lang.ClassLoader.postDefineClass(Ljava/lang/Class;Ljava/security/ProtectionDomain;)V @ 17 c2
Event: 3.695 Thread 0x000001bd1dee9e00 DEOPT PACKING pc=0x000001bd0ae80bc0 sp=0x00000001bf4f7e80
Event: 3.695 Thread 0x000001bd1dee9e00 DEOPT UNPACKING pc=0x000001bd0a5246a2 sp=0x00000001bf4f7e98 mode 2
Event: 3.695 Thread 0x000001bd1dee9e00 Uncommon trap: trap_request=0xffffff45 fr.pc=0x000001bd0ae54ba4 relative=0x0000000000001004
Event: 3.695 Thread 0x000001bd1dee9e00 Uncommon trap: reason=unstable_if action=reinterpret pc=0x000001bd0ae54ba4 method=java.lang.ClassLoader.loadClass(Ljava/lang/String;Z)Ljava/lang/Class; @ 29 c2
Event: 3.695 Thread 0x000001bd1dee9e00 DEOPT PACKING pc=0x000001bd0ae54ba4 sp=0x00000001bf4f3e40
Event: 3.695 Thread 0x000001bd1dee9e00 DEOPT UNPACKING pc=0x000001bd0a5246a2 sp=0x00000001bf4f3df8 mode 2

Classes loaded (20 events):
Event: 3.514 Loading class java/util/stream/SortedOps$AbstractRefSortingSink done
Event: 3.514 Loading class java/util/stream/SortedOps$SizedRefSortingSink done
Event: 3.547 Loading class java/lang/ThreadDeath
Event: 3.547 Loading class java/lang/ThreadDeath done
Event: 3.548 Loading class sun/misc/SharedSecrets
Event: 3.548 Loading class sun/misc/SharedSecrets done
Event: 3.691 Loading class java/lang/ClassBeanInfo
Event: 3.691 Loading class java/lang/ClassBeanInfo done
Event: 3.691 Loading class java/lang/ClassBeanInfo
Event: 3.691 Loading class java/lang/ClassBeanInfo done
Event: 3.691 Loading class java/lang/ClassCustomizer
Event: 3.691 Loading class java/lang/ClassCustomizer done
Event: 3.692 Loading class java/lang/ClassCustomizer
Event: 3.692 Loading class java/lang/ClassCustomizer done
Event: 3.692 Loading class sun/reflect/generics/tree/BooleanSignature
Event: 3.692 Loading class sun/reflect/generics/tree/BooleanSignature done
Event: 3.692 Loading class sun/reflect/generics/reflectiveObjects/GenericArrayTypeImpl
Event: 3.692 Loading class sun/reflect/generics/reflectiveObjects/GenericArrayTypeImpl done
Event: 3.694 Loading class jdk/internal/vm/annotation/ForceInline
Event: 3.694 Loading class jdk/internal/vm/annotation/ForceInline done

Classes unloaded (0 events):
No events

Classes redefined (0 events):
No events

Internal exceptions (20 events):
Event: 3.685 Thread 0x000001bd1dee9e00 Exception <a 'java/lang/ClassNotFoundException'{0x00000000847af048}: groovy/lang/ReferenceBeanInfo> (0x00000000847af048) 
thrown [s\src\hotspot\share\classfile\systemDictionary.cpp, line 312]
Event: 3.685 Thread 0x000001bd1dee9e00 Exception <a 'java/lang/ClassNotFoundException'{0x00000000847c29b8}: groovy/lang/ReferenceCustomizer> (0x00000000847c29b8) 
thrown [s\src\hotspot\share\classfile\systemDictionary.cpp, line 312]
Event: 3.690 Thread 0x000001bd1dee9e00 Exception <a 'java/lang/ClassNotFoundException'{0x000000008461a800}: com/intellij/gradle/toolingExtension/impl/model/utilDummyModel/DummyModelBeanInfo> (0x000000008461a800) 
thrown [s\src\hotspot\share\classfile\systemDictionary.cpp, line 312]
Event: 3.690 Thread 0x000001bd1dee9e00 Exception <a 'java/lang/ClassNotFoundException'{0x00000000846262a0}: com/intellij/gradle/toolingExtension/impl/model/utilDummyModel/DummyModelCustomizer> (0x00000000846262a0) 
thrown [s\src\hotspot\share\classfile\systemDictionary.cpp, line 312]
Event: 3.691 Thread 0x000001bd1dee9e00 Exception <a 'java/lang/ClassNotFoundException'{0x0000000084656620}: java/lang/ClassBeanInfo> (0x0000000084656620) 
thrown [s\src\hotspot\share\classfile\systemDictionary.cpp, line 312]
Event: 3.692 Thread 0x000001bd1dee9e00 Exception <a 'java/lang/ClassNotFoundException'{0x000000008465efd0}: java/lang/ClassCustomizer> (0x000000008465efd0) 
thrown [s\src\hotspot\share\classfile\systemDictionary.cpp, line 312]
Event: 3.695 Thread 0x000001bd1dee9e00 Implicit null exception at 0x000001bd0ae847c7 to 0x000001bd0ae8643c
Event: 3.695 Thread 0x000001bd1dee9e00 Implicit null exception at 0x000001bd0ae80174 to 0x000001bd0ae80bb0
Event: 3.697 Thread 0x000001bd1dee9e00 Exception <a 'java/lang/ClassNotFoundException'{0x000000008452dd38}: org/gradle/tooling/provider/model/internal/DefaultToolingModelBuilderRegistryBeanInfo> (0x000000008452dd38) 
thrown [s\src\hotspot\share\classfile\systemDictionary.cpp, line 312]
Event: 3.697 Thread 0x000001bd1dee9e00 Exception <a 'java/lang/ClassNotFoundException'{0x00000000845426d8}: org/gradle/tooling/provider/model/internal/DefaultToolingModelBuilderRegistryCustomizer> (0x00000000845426d8) 
thrown [s\src\hotspot\share\classfile\systemDictionary.cpp, line 312]
Event: 3.702 Thread 0x000001bd1dee9e00 Exception <a 'java/lang/ClassNotFoundException'{0x00000000845a0628}: org/gradle/internal/service/scopes/GradleScopeServicesBeanInfo> (0x00000000845a0628) 
thrown [s\src\hotspot\share\classfile\systemDictionary.cpp, line 312]
Event: 3.703 Thread 0x000001bd1dee9e00 Exception <a 'java/lang/ClassNotFoundException'{0x00000000845b4720}: org/gradle/internal/service/ScopedServiceRegistryBeanInfo> (0x00000000845b4720) 
thrown [s\src\hotspot\share\classfile\systemDictionary.cpp, line 312]
Event: 3.703 Thread 0x000001bd1dee9e00 Exception <a 'java/lang/ClassNotFoundException'{0x00000000845c8818}: org/gradle/internal/service/DefaultServiceRegistryBeanInfo> (0x00000000845c8818) 
thrown [s\src\hotspot\share\classfile\systemDictionary.cpp, line 312]
Event: 3.704 Thread 0x000001bd1dee9e00 Exception <a 'java/lang/ClassNotFoundException'{0x00000000845dc930}: org/gradle/internal/service/DefaultServiceRegistryCustomizer> (0x00000000845dc930) 
thrown [s\src\hotspot\share\classfile\systemDictionary.cpp, line 312]
Event: 3.705 Thread 0x000001bd1dee9e00 Exception <a 'java/lang/ClassNotFoundException'{0x00000000844002e8}: org/gradle/internal/service/ScopedServiceRegistryCustomizer> (0x00000000844002e8) 
thrown [s\src\hotspot\share\classfile\systemDictionary.cpp, line 312]
Event: 3.706 Thread 0x000001bd1dee9e00 Exception <a 'java/lang/ClassNotFoundException'{0x00000000844169d8}: org/gradle/internal/service/scopes/GradleScopeServicesCustomizer> (0x00000000844169d8) 
thrown [s\src\hotspot\share\classfile\systemDictionary.cpp, line 312]
Event: 3.710 Thread 0x000001bd1dee9e00 Exception <a 'java/lang/ClassNotFoundException'{0x000000008445fb80}: org/gradle/internal/extensibility/DefaultConventionBeanInfo> (0x000000008445fb80) 
thrown [s\src\hotspot\share\classfile\systemDictionary.cpp, line 312]
Event: 3.711 Thread 0x000001bd1dee9e00 Exception <a 'java/lang/ClassNotFoundException'{0x0000000084473cb0}: org/gradle/internal/extensibility/DefaultConventionCustomizer> (0x0000000084473cb0) 
thrown [s\src\hotspot\share\classfile\systemDictionary.cpp, line 312]
Event: 3.723 Thread 0x000001bd1dee9e00 Exception <a 'java/lang/ClassNotFoundException'{0x0000000084308748}: com/intellij/gradle/toolingExtension/impl/modelBuilder/ExtraModelBuilderBeanInfo> (0x0000000084308748) 
thrown [s\src\hotspot\share\classfile\systemDictionary.cpp, line 312]
Event: 3.723 Thread 0x000001bd1dee9e00 Exception <a 'java/lang/ClassNotFoundException'{0x00000000843141c8}: com/intellij/gradle/toolingExtension/impl/modelBuilder/ExtraModelBuilderCustomizer> (0x00000000843141c8) 
thrown [s\src\hotspot\share\classfile\systemDictionary.cpp, line 312]

ZGC Phase Switch (0 events):
No events

VM Operations (20 events):
Event: 3.045 Executing VM operation: G1PauseRemark
Event: 3.048 Executing VM operation: G1PauseRemark done
Event: 3.054 Executing VM operation: G1PauseCleanup
Event: 3.055 Executing VM operation: G1PauseCleanup done
Event: 3.158 Executing VM operation: HandshakeAllThreads (Deoptimize)
Event: 3.158 Executing VM operation: HandshakeAllThreads (Deoptimize) done
Event: 3.239 Executing VM operation: HandshakeAllThreads (Deoptimize)
Event: 3.239 Executing VM operation: HandshakeAllThreads (Deoptimize) done
Event: 3.265 Executing VM operation: HandshakeAllThreads (Deoptimize)
Event: 3.265 Executing VM operation: HandshakeAllThreads (Deoptimize) done
Event: 3.338 Executing VM operation: G1CollectForAllocation (G1 Evacuation Pause)
Event: 3.341 Executing VM operation: G1CollectForAllocation (G1 Evacuation Pause) done
Event: 3.443 Executing VM operation: HandshakeAllThreads (Deoptimize)
Event: 3.443 Executing VM operation: HandshakeAllThreads (Deoptimize) done
Event: 3.597 Executing VM operation: ICBufferFull
Event: 3.597 Executing VM operation: ICBufferFull done
Event: 3.699 Executing VM operation: HandshakeAllThreads (Deoptimize)
Event: 3.700 Executing VM operation: HandshakeAllThreads (Deoptimize) done
Event: 3.798 Executing VM operation: G1CollectForAllocation (G1 Evacuation Pause)
Event: 3.802 Executing VM operation: G1CollectForAllocation (G1 Evacuation Pause) done

Events (20 events):
Event: 3.463 Thread 0x000001bd1e4cafa0 Thread added: 0x000001bd1e4cafa0
Event: 3.484 Thread 0x000001bd1e4cb630 Thread added: 0x000001bd1e4cb630
Event: 3.484 Thread 0x000001bd1e4cc350 Thread added: 0x000001bd1e4cc350
Event: 3.581 Thread 0x000001bd1e4c6e00 Thread added: 0x000001bd1e4c6e00
Event: 3.582 Thread 0x000001bd1e4c7490 Thread added: 0x000001bd1e4c7490
Event: 3.582 Thread 0x000001bd1e4c7b20 Thread added: 0x000001bd1e4c7b20
Event: 3.582 Thread 0x000001bd1e4c9560 Thread added: 0x000001bd1e4c9560
Event: 3.583 Thread 0x000001bd1e4c9bf0 Thread added: 0x000001bd1e4c9bf0
Event: 3.583 Thread 0x000001bd21ab1350 Thread added: 0x000001bd21ab1350
Event: 3.584 Thread 0x000001bd21ab2070 Thread added: 0x000001bd21ab2070
Event: 3.585 Thread 0x000001bd21aaf280 Thread added: 0x000001bd21aaf280
Event: 3.603 Thread 0x000001bd21aaf910 Thread added: 0x000001bd21aaf910
Event: 3.604 Thread 0x000001bd21ab0630 Thread added: 0x000001bd21ab0630
Event: 3.604 Thread 0x000001bd21ab19e0 Thread added: 0x000001bd21ab19e0
Event: 3.605 Thread 0x000001bd21aaffa0 Thread added: 0x000001bd21aaffa0
Event: 3.605 Thread 0x000001bd21aaebf0 Thread added: 0x000001bd21aaebf0
Event: 3.605 Thread 0x000001bd21ab0cc0 Thread added: 0x000001bd21ab0cc0
Event: 3.606 Thread 0x000001bd218821e0 Thread added: 0x000001bd218821e0
Event: 3.606 Thread 0x000001bd21880e30 Thread added: 0x000001bd21880e30
Event: 3.607 Thread 0x000001bd21883590 Thread added: 0x000001bd21883590


Dynamic libraries:
0x00007ff7f8450000 - 0x00007ff7f845a000 	C:\Program Files\Android\Android Studio\jbr\bin\java.exe
0x00007ff93dd30000 - 0x00007ff93df28000 	C:\Windows\SYSTEM32\ntdll.dll
0x00007ff93cc30000 - 0x00007ff93ccf2000 	C:\Windows\System32\KERNEL32.DLL
0x00007ff93b4d0000 - 0x00007ff93b7cf000 	C:\Windows\System32\KERNELBASE.dll
0x00007ff93ba00000 - 0x00007ff93bb00000 	C:\Windows\System32\ucrtbase.dll
0x00007ff9311a0000 - 0x00007ff9311bb000 	C:\Program Files\Android\Android Studio\jbr\bin\VCRUNTIME140.dll
0x00007ff907970000 - 0x00007ff907988000 	C:\Program Files\Android\Android Studio\jbr\bin\jli.dll
0x00007ff93d4b0000 - 0x00007ff93d64d000 	C:\Windows\System32\USER32.dll
0x00007ff93b9a0000 - 0x00007ff93b9c2000 	C:\Windows\System32\win32u.dll
0x00007ff93d390000 - 0x00007ff93d3bb000 	C:\Windows\System32\GDI32.dll
0x00007ff93b7d0000 - 0x00007ff93b8ea000 	C:\Windows\System32\gdi32full.dll
0x00007ff93bb50000 - 0x00007ff93bbed000 	C:\Windows\System32\msvcp_win.dll
0x00007ff8ff5e0000 - 0x00007ff8ff87a000 	C:\Windows\WinSxS\amd64_microsoft.windows.common-controls_6595b64144ccf1df_6.0.19041.4355_none_60b8b9eb71f62e16\COMCTL32.dll
0x00007ff93c1d0000 - 0x00007ff93c26e000 	C:\Windows\System32\msvcrt.dll
0x00007ff93cf30000 - 0x00007ff93cf5f000 	C:\Windows\System32\IMM32.DLL
0x00007ff927c10000 - 0x00007ff927c1c000 	C:\Program Files\Android\Android Studio\jbr\bin\vcruntime140_1.dll
0x00007ff8fc330000 - 0x00007ff8fc3bd000 	C:\Program Files\Android\Android Studio\jbr\bin\msvcp140.dll
0x00007ff8acd70000 - 0x00007ff8ad9ed000 	C:\Program Files\Android\Android Studio\jbr\bin\server\jvm.dll
0x00007ff93d650000 - 0x00007ff93d6ff000 	C:\Windows\System32\ADVAPI32.dll
0x00007ff93c270000 - 0x00007ff93c30f000 	C:\Windows\System32\sechost.dll
0x00007ff93d8b0000 - 0x00007ff93d9d3000 	C:\Windows\System32\RPCRT4.dll
0x00007ff93b9d0000 - 0x00007ff93b9f7000 	C:\Windows\System32\bcrypt.dll
0x00007ff93cec0000 - 0x00007ff93cf2b000 	C:\Windows\System32\WS2_32.dll
0x00007ff93a970000 - 0x00007ff93a9bb000 	C:\Windows\SYSTEM32\POWRPROF.dll
0x00007ff930e10000 - 0x00007ff930e1a000 	C:\Windows\SYSTEM32\VERSION.dll
0x00007ff92d030000 - 0x00007ff92d057000 	C:\Windows\SYSTEM32\WINMM.dll
0x00007ff93a7d0000 - 0x00007ff93a7e2000 	C:\Windows\SYSTEM32\UMPDC.dll
0x00007ff939bf0000 - 0x00007ff939c02000 	C:\Windows\SYSTEM32\kernel.appcore.dll
0x00007ff927c00000 - 0x00007ff927c0a000 	C:\Program Files\Android\Android Studio\jbr\bin\jimage.dll
0x00007ff939920000 - 0x00007ff939b04000 	C:\Windows\SYSTEM32\DBGHELP.DLL
0x00007ff923c00000 - 0x00007ff923c34000 	C:\Windows\SYSTEM32\dbgcore.DLL
0x00007ff93b3d0000 - 0x00007ff93b452000 	C:\Windows\System32\bcryptPrimitives.dll
0x00007ff8f4270000 - 0x00007ff8f427e000 	C:\Program Files\Android\Android Studio\jbr\bin\instrument.dll
0x00007ff925ff0000 - 0x00007ff92600f000 	C:\Program Files\Android\Android Studio\jbr\bin\java.dll
0x00007ff907660000 - 0x00007ff907678000 	C:\Program Files\Android\Android Studio\jbr\bin\zip.dll
0x00007ff93c410000 - 0x00007ff93cb7d000 	C:\Windows\System32\SHELL32.dll
0x00007ff938e90000 - 0x00007ff939634000 	C:\Windows\SYSTEM32\windows.storage.dll
0x00007ff93cf60000 - 0x00007ff93d2b5000 	C:\Windows\System32\combase.dll
0x00007ff93ae00000 - 0x00007ff93ae2b000 	C:\Windows\SYSTEM32\Wldp.dll
0x00007ff93dbc0000 - 0x00007ff93dc8d000 	C:\Windows\System32\OLEAUT32.dll
0x00007ff93cb80000 - 0x00007ff93cc2d000 	C:\Windows\System32\SHCORE.dll
0x00007ff93d330000 - 0x00007ff93d385000 	C:\Windows\System32\shlwapi.dll
0x00007ff93b300000 - 0x00007ff93b325000 	C:\Windows\SYSTEM32\profapi.dll
0x00007ff926270000 - 0x00007ff926280000 	C:\Program Files\Android\Android Studio\jbr\bin\net.dll
0x00007ff933ab0000 - 0x00007ff933bba000 	C:\Windows\SYSTEM32\WINHTTP.dll
0x00007ff93ab60000 - 0x00007ff93abcc000 	C:\Windows\system32\mswsock.dll
0x00007ff905250000 - 0x00007ff905266000 	C:\Program Files\Android\Android Studio\jbr\bin\nio.dll
0x00007ff901750000 - 0x00007ff901760000 	C:\Program Files\Android\Android Studio\jbr\bin\verify.dll
0x00007ff905280000 - 0x00007ff9052a7000 	C:\Users\JHLEE\.gradle\native\c067742578af261105cb4f569cf0c3c89f3d7b1fecec35dd04571415982c5e48\windows-amd64\native-platform.dll
0x00007ff8b9a40000 - 0x00007ff8b9b84000 	C:\Users\JHLEE\.gradle\native\100fb08df4bc3b14c8652ba06237920a3bd2aa13389f12d3474272988ae205f9\windows-amd64\native-platform-file-events.dll
0x00007ff907950000 - 0x00007ff907959000 	C:\Program Files\Android\Android Studio\jbr\bin\management.dll
0x00007ff904da0000 - 0x00007ff904dab000 	C:\Program Files\Android\Android Studio\jbr\bin\management_ext.dll
0x00007ff93cd00000 - 0x00007ff93cd08000 	C:\Windows\System32\PSAPI.DLL
0x00007ff93ad60000 - 0x00007ff93ad78000 	C:\Windows\SYSTEM32\CRYPTSP.dll
0x00007ff93a410000 - 0x00007ff93a448000 	C:\Windows\system32\rsaenh.dll
0x00007ff93b2c0000 - 0x00007ff93b2ee000 	C:\Windows\SYSTEM32\USERENV.dll
0x00007ff93ad50000 - 0x00007ff93ad5c000 	C:\Windows\SYSTEM32\CRYPTBASE.dll
0x00007ff93a7f0000 - 0x00007ff93a82b000 	C:\Windows\SYSTEM32\IPHLPAPI.DLL
0x00007ff93d2c0000 - 0x00007ff93d2c8000 	C:\Windows\System32\NSI.dll
0x00007ff925fe0000 - 0x00007ff925fe9000 	C:\Program Files\Android\Android Studio\jbr\bin\extnet.dll
0x00007ff8f7a60000 - 0x00007ff8f7a67000 	C:\Windows\system32\wshunix.dll

dbghelp: loaded successfully - version: 4.0.5 - missing functions: none
symbol engine: initialized successfully - sym options: 0x614 - pdb path: .;C:\Program Files\Android\Android Studio\jbr\bin;C:\Windows\SYSTEM32;C:\Windows\WinSxS\amd64_microsoft.windows.common-controls_6595b64144ccf1df_6.0.19041.4355_none_60b8b9eb71f62e16;C:\Program Files\Android\Android Studio\jbr\bin\server;C:\Users\JHLEE\.gradle\native\c067742578af261105cb4f569cf0c3c89f3d7b1fecec35dd04571415982c5e48\windows-amd64;C:\Users\JHLEE\.gradle\native\100fb08df4bc3b14c8652ba06237920a3bd2aa13389f12d3474272988ae205f9\windows-amd64

VM Arguments:
jvm_args: --add-opens=java.base/java.util=ALL-UNNAMED --add-opens=java.base/java.lang=ALL-UNNAMED --add-opens=java.base/java.lang.invoke=ALL-UNNAMED --add-opens=java.prefs/java.util.prefs=ALL-UNNAMED --add-exports=jdk.compiler/com.sun.tools.javac.api=ALL-UNNAMED --add-exports=jdk.compiler/com.sun.tools.javac.util=ALL-UNNAMED --add-opens=java.base/java.nio.charset=ALL-UNNAMED --add-opens=java.base/java.net=ALL-UNNAMED --add-opens=java.base/java.util.concurrent.atomic=ALL-UNNAMED -Xmx2048m -Dfile.encoding=UTF-8 -Duser.country=KR -Duser.language=ko -Duser.variant -javaagent:C:\Users\JHLEE\.gradle\wrapper\dists\gradle-8.9-bin\90cnw93cvbtalezasaz0blq0a\gradle-8.9\lib\agents\gradle-instrumentation-agent-8.9.jar 
java_command: org.gradle.launcher.daemon.bootstrap.GradleDaemon 8.9
java_class_path (initial): C:\Users\JHLEE\.gradle\wrapper\dists\gradle-8.9-bin\90cnw93cvbtalezasaz0blq0a\gradle-8.9\lib\gradle-daemon-main-8.9.jar
Launcher Type: SUN_STANDARD

[Global flags]
     intx CICompilerCount                          = 12                                        {product} {ergonomic}
     uint ConcGCThreads                            = 3                                         {product} {ergonomic}
     uint G1ConcRefinementThreads                  = 13                                        {product} {ergonomic}
   size_t G1HeapRegionSize                         = 1048576                                   {product} {ergonomic}
    uintx GCDrainStackTargetSize                   = 64                                        {product} {ergonomic}
   size_t InitialHeapSize                          = 264241152                                 {product} {ergonomic}
   size_t MarkStackSize                            = 4194304                                   {product} {ergonomic}
   size_t MaxHeapSize                              = 2147483648                                {product} {command line}
   size_t MaxNewSize                               = 1287651328                                {product} {ergonomic}
   size_t MinHeapDeltaBytes                        = 1048576                                   {product} {ergonomic}
   size_t MinHeapSize                              = 8388608                                   {product} {ergonomic}
    uintx NonNMethodCodeHeapSize                   = 7602480                                {pd product} {ergonomic}
    uintx NonProfiledCodeHeapSize                  = 122027880                              {pd product} {ergonomic}
    uintx ProfiledCodeHeapSize                     = 122027880                              {pd product} {ergonomic}
    uintx ReservedCodeCacheSize                    = 251658240                              {pd product} {ergonomic}
     bool SegmentedCodeCache                       = true                                      {product} {ergonomic}
   size_t SoftMaxHeapSize                          = 2147483648                             {manageable} {ergonomic}
     bool UseCompressedOops                        = true                           {product lp64_product} {ergonomic}
     bool UseG1GC                                  = true                                      {product} {ergonomic}
     bool UseLargePagesIndividualAllocation        = false                                  {pd product} {ergonomic}

Logging:
Log output configuration:
 #0: stdout all=warning uptime,level,tags foldmultilines=false
 #1: stderr all=off uptime,level,tags foldmultilines=false

Environment Variables:
PATH=C:\Program Files\Common Files\Oracle\Java\javapath;C:\Windows\system32;C:\Windows;C:\Windows\System32\Wbem;C:\Windows\System32\WindowsPowerShell\v1.0\;C:\Windows\System32\OpenSSH\;C:\Program Files\Bandizip\;C:\Program Files\PuTTY\;C:\Program Files (x86)\Windows Kits\8.1\Windows Performance Toolkit\;C:\Program Files\Microsoft SQL Server\110\Tools\Binn\;C:\Program Files\Microsoft SQL Server\120\DTS\Binn\;C:\Program Files\Microsoft SQL Server\Client SDK\ODBC\110\Tools\Binn\;C:\Program Files (x86)\Microsoft SQL Server\120\Tools\Binn\;C:\Program Files\Microsoft SQL Server\120\Tools\Binn\;C:\Program Files (x86)\Microsoft SQL Server\120\Tools\Binn\ManagementStudio\;C:\Program Files (x86)\Microsoft SQL Server\120\DTS\Binn\;C:\Program Files\Git\cmd;C:\Program Files (x86)\Windows Kits\10\Windows Performance Toolkit\;C:\Program Files\dotnet\;C:\Program Files (x86)\Microsoft SQL Server\150\Tools\Binn\;C:\Program Files\Microsoft SQL Server\150\Tools\Binn\;C:\Program Files (x86)\Microsoft SQL Server\150\DTS\Binn\;C:\Program Files\Microsoft SQL Server\150\DTS\Binn\;C:\Program Files\Microsoft SQL Server\Client SDK\ODBC\170\Tools\Binn\;C:\Users\JHLEE\AppData\Local\Microsoft\WindowsApps;
USERNAME=JHLEE
OS=Windows_NT
PROCESSOR_IDENTIFIER=Intel64 Family 6 Model 186 Stepping 2, GenuineIntel
TMP=C:\Users\JHLEE\AppData\Local\Temp
TEMP=C:\Users\JHLEE\AppData\Local\Temp




Periodic native trim disabled

JNI global refs:
JNI global refs: 35, weak refs: 0

JNI global refs memory usage: 835, weak refs: 201

Process memory usage:
Resident Set Size: 349148K (2% of 16485236K total physical memory with 2217176K free physical memory)

OOME stack traces (most recent first):
Classloader memory used:
Loader org.gradle.internal.classloader.VisitableURLClassLoader                         : 27067K
Loader bootstrap                                                                       : 22161K
Loader org.gradle.initialization.MixInLegacyTypesClassLoader                           : 6376K
Loader org.gradle.internal.classloader.VisitableURLClassLoader                         : 711K
Loader jdk.internal.loader.ClassLoaders$PlatformClassLoader                            : 536K
Loader jdk.internal.loader.ClassLoaders$AppClassLoader                                 : 230K
Loader org.gradle.internal.classloader.VisitableURLClassLoader$InstrumentingVisitableURLClassLoader: 219K
Loader jdk.internal.reflect.DelegatingClassLoader                                      : 161K
Loader org.gradle.groovy.scripts.internal.DefaultScriptCompilationHandler$ScriptClassLoader: 88344B
Loader org.codehaus.groovy.runtime.callsite.CallSiteClassLoader                        : 42040B

Classes loaded by more than one classloader:
Class org.gradle.api.GradleException                                                  : loaded 3 times (x 79B)
Class org.gradle.internal.classloader.ClassLoaderHierarchy                            : loaded 2 times (x 67B)
Class org.gradle.api.internal.classpath.ManifestUtil                                  : loaded 2 times (x 68B)
Class org.gradle.internal.operations.MultipleBuildOperationFailures                   : loaded 2 times (x 92B)
Class org.gradle.internal.classloader.DefaultClassLoaderFactory                       : loaded 2 times (x 79B)
Class kotlin.collections.AbstractList$Companion                                       : loaded 2 times (x 68B)
Class org.gradle.internal.classloader.ClassLoaderVisitor                              : loaded 2 times (x 73B)
Class org.gradle.api.internal.classpath.EffectiveClassPath                            : loaded 2 times (x 87B)
Class ijInit1_18rk12z7xebve0gt7k8s6xq9d                                               : loaded 2 times (x 176B)
Class org.gradle.api.internal.DefaultClassPathProvider                                : loaded 2 times (x 73B)
Class [Lorg.gradle.api.internal.ClassPathProvider;                                    : loaded 2 times (x 66B)
Class org.gradle.api.internal.ClassPathProvider                                       : loaded 2 times (x 67B)
Class org.gradle.internal.service.UnknownServiceException                             : loaded 2 times (x 80B)
Class org.gradle.internal.classpath.TransformedClassPath                              : loaded 2 times (x 93B)
Class kotlin.enums.EnumEntriesList                                                    : loaded 2 times (x 220B)
Class org.gradle.internal.service.ServiceLocator                                      : loaded 2 times (x 67B)
Class org.gradle.internal.InternalTransformer                                         : loaded 2 times (x 67B)
Class org.gradle.internal.time.DefaultTimer                                           : loaded 2 times (x 77B)
Class org.gradle.internal.classloader.ClasspathUtil$1                                 : loaded 2 times (x 73B)
Class org.gradle.api.internal.classpath.DefaultModuleRegistry$DefaultModule           : loaded 2 times (x 83B)
Class org.gradle.internal.time.DefaultCountdownTimer                                  : loaded 2 times (x 85B)
Class kotlin.Function                                                                 : loaded 2 times (x 67B)
Class org.gradle.api.internal.classpath.Module                                        : loaded 2 times (x 67B)
Class org.gradle.api.internal.classpath.UnknownModuleException                        : loaded 2 times (x 79B)
Class org.gradle.api.internal.DefaultClassPathRegistry                                : loaded 2 times (x 73B)
Class org.gradle.api.internal.ClassPathRegistry                                       : loaded 2 times (x 67B)
Class org.gradle.internal.classpath.DefaultClassPath$ImmutableUniqueList              : loaded 2 times (x 196B)
Class org.gradle.internal.classpath.ClassPath                                         : loaded 2 times (x 67B)
Class org.gradle.api.UncheckedIOException                                             : loaded 2 times (x 79B)
Class kotlin.UninitializedPropertyAccessException                                     : loaded 2 times (x 79B)
Class org.gradle.internal.installation.GradleInstallation$1                           : loaded 2 times (x 72B)
Class org.gradle.api.internal.classpath.ModuleRegistry                                : loaded 2 times (x 67B)
Class org.gradle.api.internal.classpath.DefaultModuleRegistry                         : loaded 2 times (x 80B)
Class org.gradle.internal.time.MonotonicClock                                         : loaded 2 times (x 74B)
Class org.gradle.internal.service.ServiceLookupException                              : loaded 2 times (x 79B)
Class org.gradle.internal.classloader.ClassLoaderFactory                              : loaded 2 times (x 67B)
Class org.gradle.internal.service.CachingServiceLocator                               : loaded 2 times (x 79B)
Class org.gradle.internal.time.TimeSource                                             : loaded 2 times (x 67B)
Class kotlin.enums.EnumEntries                                                        : loaded 2 times (x 67B)
Class org.gradle.internal.exceptions.ResolutionProvider                               : loaded 2 times (x 67B)
Class org.gradle.internal.classloader.ClasspathUtil                                   : loaded 2 times (x 68B)
Class org.gradle.internal.time.TimeSource$1                                           : loaded 2 times (x 74B)
Class org.gradle.api.specs.Spec                                                       : loaded 2 times (x 67B)
Class org.gradle.internal.time.Clock                                                  : loaded 2 times (x 67B)
Class kotlin.collections.AbstractList                                                 : loaded 2 times (x 194B)
Class kotlin.collections.AbstractCollection                                           : loaded 2 times (x 114B)
Class sync_studio_tooling_4oidn84iu6u9odlu4gpbdjxbr                                   : loaded 2 times (x 176B)
Class org.gradle.internal.classloader.VisitableURLClassLoader$InstrumentingVisitableURLClassLoader: loaded 2 times (x 120B)
Class org.gradle.internal.classloader.VisitableURLClassLoader$Spec                    : loaded 2 times (x 71B)
Class org.gradle.internal.classpath.DefaultClassPath                                  : loaded 2 times (x 87B)
Class org.gradle.internal.classloader.ClassLoaderSpec                                 : loaded 2 times (x 68B)
Class org.gradle.internal.classloader.VisitableURLClassLoader                         : loaded 2 times (x 114B)
Class org.gradle.internal.Cast                                                        : loaded 2 times (x 68B)
Class org.gradle.api.Action                                                           : loaded 2 times (x 67B)
Class org.gradle.internal.agents.InstrumentingClassLoader                             : loaded 2 times (x 67B)
Class org.gradle.internal.classpath.DefaultClassPath$ImmutableUniqueList$Builder      : loaded 2 times (x 72B)
Class org.gradle.internal.classloader.FilteringClassLoader                            : loaded 2 times (x 102B)
Class org.gradle.internal.exceptions.NonGradleCauseExceptionsHolder                   : loaded 2 times (x 67B)
Class kotlin.enums.EnumEntriesKt                                                      : loaded 2 times (x 68B)
Class org.gradle.internal.IoActions                                                   : loaded 2 times (x 68B)
Class org.gradle.internal.classloader.SystemClassLoaderSpec                           : loaded 2 times (x 68B)
Class org.gradle.internal.exceptions.MultiCauseException                              : loaded 2 times (x 67B)
Class org.gradle.internal.time.CountdownTimer                                         : loaded 2 times (x 67B)
Class kotlin.jvm.internal.Intrinsics                                                  : loaded 2 times (x 68B)
Class org.gradle.tooling.model.ProjectModel                                           : loaded 2 times (x 67B)
Class kotlin.KotlinNullPointerException                                               : loaded 2 times (x 80B)
Class org.gradle.internal.exceptions.DefaultMultiCauseException                       : loaded 2 times (x 92B)
Class org.gradle.internal.time.Time                                                   : loaded 2 times (x 68B)
Class org.gradle.internal.time.Timer                                                  : loaded 2 times (x 67B)
Class kotlin.jvm.internal.markers.KMappedMarker                                       : loaded 2 times (x 67B)
Class org.gradle.internal.installation.CurrentGradleInstallationLocator               : loaded 2 times (x 68B)
Class org.gradle.internal.service.DefaultServiceLocator                               : loaded 2 times (x 80B)
Class org.gradle.util.GradleVersion                                                   : loaded 2 times (x 80B)
Class org.gradle.internal.installation.CurrentGradleInstallation                      : loaded 2 times (x 70B)
Class org.gradle.util.internal.GUtil                                                  : loaded 2 times (x 68B)
Class org.gradle.internal.installation.GradleInstallation                             : loaded 2 times (x 72B)

---------------  S Y S T E M  ---------------

OS:
 Windows 10 , 64 bit Build 19041 (10.0.19041.5438)
OS uptime: 5 days 5:55 hours

CPU: total 16 (initial active 16) (8 cores per cpu, 2 threads per core) family 6 model 186 stepping 2 microcode 0x410c, cx8, cmov, fxsr, ht, mmx, 3dnowpref, sse, sse2, sse3, ssse3, sse4.1, sse4.2, popcnt, lzcnt, tsc, tscinvbit, avx, avx2, aes, erms, clmul, bmi1, bmi2, adx, sha, fma, vzeroupper, clflush, clflushopt, clwb, serialize, rdtscp, rdpid, fsrm, f16c, pku, cet_ibt, cet_ss
Processor Information for all 16 processors :
  Max Mhz: 2200, Current Mhz: 2200, Mhz Limit: 2200

Memory: 4k page, system-wide physical 16098M (2165M free)
TotalPageFile size 18146M (AvailPageFile size 6M)
current process WorkingSet (physical memory assigned to process): 340M, peak: 343M
current process commit charge ("private bytes"): 395M, peak: 404M

vm_info: OpenJDK 64-Bit Server VM (21.0.3+-12282718-b509.11) for windows-amd64 JRE (21.0.3+-12282718-b509.11), built on 2024-08-27T17:34:15Z by "builder" with MS VC++ 16.10 / 16.11 (VS2019)

END.
