#
# There is insufficient memory for the Java Runtime Environment to continue.
# Native memory allocation (malloc) failed to allocate 939328 bytes. Error detail: Chunk::new
# Possible reasons:
#   The system is out of physical RAM or swap space
#   This process is running with CompressedOops enabled, and the Java Heap may be blocking the growth of the native heap
# Possible solutions:
#   Reduce memory load on the system
#   Increase physical memory or swap space
#   Check if swap backing store is full
#   Decrease Java heap size (-Xmx/-Xms)
#   Decrease number of Java threads
#   Decrease Java thread stack sizes (-Xss)
#   Set larger code cache with -XX:ReservedCodeCacheSize=
#   JVM is running with Unscaled Compressed Oops mode in which the Java heap is
#     placed in the first 4GB address space. The Java Heap base address is the
#     maximum limit for the native heap growth. Please use -XX:HeapBaseMinAddress
#     to set the Java Heap base and to place the Java Heap above 4GB virtual address.
# This output file may be truncated or incomplete.
#
#  Out of Memory Error (arena.cpp:168), pid=44988, tid=41588
#
# JRE version: OpenJDK Runtime Environment (21.0.3) (build 21.0.3+-12282718-b509.11)
# Java VM: OpenJDK 64-Bit Server VM (21.0.3+-12282718-b509.11, mixed mode, tiered, compressed oops, compressed class ptrs, g1 gc, windows-amd64)
# No core dump will be written. Minidumps are not enabled by default on client versions of Windows
#

---------------  S U M M A R Y ------------

Command Line: --add-opens=java.base/java.util=ALL-UNNAMED --add-opens=java.base/java.lang=ALL-UNNAMED --add-opens=java.base/java.lang.invoke=ALL-UNNAMED --add-opens=java.prefs/java.util.prefs=ALL-UNNAMED --add-exports=jdk.compiler/com.sun.tools.javac.api=ALL-UNNAMED --add-exports=jdk.compiler/com.sun.tools.javac.util=ALL-UNNAMED --add-opens=java.base/java.nio.charset=ALL-UNNAMED --add-opens=java.base/java.net=ALL-UNNAMED --add-opens=java.base/java.util.concurrent.atomic=ALL-UNNAMED -Xmx2048m -Dfile.encoding=UTF-8 -Duser.country=KR -Duser.language=ko -Duser.variant -javaagent:C:\Users\JHLEE\.gradle\wrapper\dists\gradle-8.9-bin\90cnw93cvbtalezasaz0blq0a\gradle-8.9\lib\agents\gradle-instrumentation-agent-8.9.jar org.gradle.launcher.daemon.bootstrap.GradleDaemon 8.9

Host: 13th Gen Intel(R) Core(TM) i7-1360P, 16 cores, 15G,  Windows 10 , 64 bit Build 19041 (10.0.19041.5678)
Time: Thu May  8 08:19:33 2025  Windows 10 , 64 bit Build 19041 (10.0.19041.5678) elapsed time: 3.536389 seconds (0d 0h 0m 3s)

---------------  T H R E A D  ---------------

Current thread (0x000001b884847ec0):  JavaThread "C2 CompilerThread3" daemon [_thread_in_native, id=41588, stack(0x000000b5bbf00000,0x000000b5bc000000) (1024K)]


Current CompileTask:
C2:   3536 5525       4       jdk.internal.loader.BuiltinClassLoader::loadClass (22 bytes)

Stack: [0x000000b5bbf00000,0x000000b5bc000000]
Native frames: (J=compiled Java code, j=interpreted, Vv=VM code, C=native code)
V  [jvm.dll+0x6cafb9]
V  [jvm.dll+0x858523]
V  [jvm.dll+0x85aa7e]
V  [jvm.dll+0x85b163]
V  [jvm.dll+0x27d356]
V  [jvm.dll+0xbf93d]
V  [jvm.dll+0xbfe73]
V  [jvm.dll+0x3b1ceb]
V  [jvm.dll+0x1dde94]
V  [jvm.dll+0x246c54]
V  [jvm.dll+0x2460d1]
V  [jvm.dll+0x1c5804]
V  [jvm.dll+0x25575c]
V  [jvm.dll+0x253c36]
V  [jvm.dll+0x3ec996]
V  [jvm.dll+0x800d78]
V  [jvm.dll+0x6c98cd]
C  [ucrtbase.dll+0x21bb2]
C  [KERNEL32.DLL+0x17374]
C  [ntdll.dll+0x4cc91]


---------------  P R O C E S S  ---------------

Threads class SMR info:
_java_thread_list=0x000001b887550ff0, length=40, elements={
0x000001b8e59cc9c0, 0x000001b8fddced70, 0x000001b8fde174d0, 0x000001b8fde20300,
0x000001b8fde20970, 0x000001b8fde213d0, 0x000001b8fde2a3f0, 0x000001b8fde2ad90,
0x000001b8fde2b830, 0x000001b8fdf51bc0, 0x000001b8fdfec4d0, 0x000001b8fdfecf90,
0x000001b8fdfee270, 0x000001b8fe25c7b0, 0x000001b8fe2d28c0, 0x000001b8fe275310,
0x000001b8843f1e00, 0x000001b8843f2490, 0x000001b8843ef010, 0x000001b8843f10e0,
0x000001b8843f0a50, 0x000001b8843f1770, 0x000001b8843ef6a0, 0x000001b8843efd30,
0x000001b88462dfd0, 0x000001b88462b1e0, 0x000001b88462a4c0, 0x000001b88462bf00,
0x000001b88462cc20, 0x000001b88462ecf0, 0x000001b88462c590, 0x000001b88462d940,
0x000001b88462b870, 0x000001b884629e30, 0x000001b88462e660, 0x000001b88462fa10,
0x000001b88462ab50, 0x000001b884847ec0, 0x000001b884629110, 0x000001b884630730
}

Java Threads: ( => current thread )
  0x000001b8e59cc9c0 JavaThread "main"                              [_thread_blocked, id=41480, stack(0x000000b5b8d00000,0x000000b5b8e00000) (1024K)]
  0x000001b8fddced70 JavaThread "Reference Handler"          daemon [_thread_blocked, id=17256, stack(0x000000b5b9500000,0x000000b5b9600000) (1024K)]
  0x000001b8fde174d0 JavaThread "Finalizer"                  daemon [_thread_blocked, id=8244, stack(0x000000b5b9600000,0x000000b5b9700000) (1024K)]
  0x000001b8fde20300 JavaThread "Signal Dispatcher"          daemon [_thread_blocked, id=15872, stack(0x000000b5b9700000,0x000000b5b9800000) (1024K)]
  0x000001b8fde20970 JavaThread "Attach Listener"            daemon [_thread_blocked, id=40116, stack(0x000000b5b9800000,0x000000b5b9900000) (1024K)]
  0x000001b8fde213d0 JavaThread "Service Thread"             daemon [_thread_blocked, id=37820, stack(0x000000b5b9900000,0x000000b5b9a00000) (1024K)]
  0x000001b8fde2a3f0 JavaThread "Monitor Deflation Thread"   daemon [_thread_blocked, id=38436, stack(0x000000b5b9a00000,0x000000b5b9b00000) (1024K)]
  0x000001b8fde2ad90 JavaThread "C2 CompilerThread0"         daemon [_thread_in_vm, id=23384, stack(0x000000b5b9b00000,0x000000b5b9c00000) (1024K)]
  0x000001b8fde2b830 JavaThread "C1 CompilerThread0"         daemon [_thread_blocked, id=40452, stack(0x000000b5b9c00000,0x000000b5b9d00000) (1024K)]
  0x000001b8fdf51bc0 JavaThread "Common-Cleaner"             daemon [_thread_blocked, id=30044, stack(0x000000b5b9d00000,0x000000b5b9e00000) (1024K)]
  0x000001b8fdfec4d0 JavaThread "C1 CompilerThread1"         daemon [_thread_blocked, id=27148, stack(0x000000b5b9e00000,0x000000b5b9f00000) (1024K)]
  0x000001b8fdfecf90 JavaThread "C1 CompilerThread2"         daemon [_thread_blocked, id=3436, stack(0x000000b5b9f00000,0x000000b5ba000000) (1024K)]
  0x000001b8fdfee270 JavaThread "C1 CompilerThread3"         daemon [_thread_blocked, id=27848, stack(0x000000b5ba000000,0x000000b5ba100000) (1024K)]
  0x000001b8fe25c7b0 JavaThread "Notification Thread"        daemon [_thread_blocked, id=28272, stack(0x000000b5ba100000,0x000000b5ba200000) (1024K)]
  0x000001b8fe2d28c0 JavaThread "C2 CompilerThread1"         daemon [_thread_in_native, id=38296, stack(0x000000b5ba200000,0x000000b5ba300000) (1024K)]
  0x000001b8fe275310 JavaThread "C2 CompilerThread2"         daemon [_thread_in_native, id=9912, stack(0x000000b5ba300000,0x000000b5ba400000) (1024K)]
  0x000001b8843f1e00 JavaThread "Daemon health stats"               [_thread_blocked, id=42820, stack(0x000000b5ba400000,0x000000b5ba500000) (1024K)]
  0x000001b8843f2490 JavaThread "Incoming local TCP Connector on port 59783"        [_thread_in_native, id=12344, stack(0x000000b5baa00000,0x000000b5bab00000) (1024K)]
  0x000001b8843ef010 JavaThread "Daemon periodic checks"            [_thread_blocked, id=22760, stack(0x000000b5bb200000,0x000000b5bb300000) (1024K)]
  0x000001b8843f10e0 JavaThread "Daemon"                            [_thread_blocked, id=36476, stack(0x000000b5bb300000,0x000000b5bb400000) (1024K)]
  0x000001b8843f0a50 JavaThread "Handler for socket connection from /127.0.0.1:59783 to /127.0.0.1:59784"        [_thread_in_native, id=10196, stack(0x000000b5bb400000,0x000000b5bb500000) (1024K)]
  0x000001b8843f1770 JavaThread "Cancel handler"                    [_thread_blocked, id=40740, stack(0x000000b5bb500000,0x000000b5bb600000) (1024K)]
  0x000001b8843ef6a0 JavaThread "Daemon worker"                     [_thread_in_native, id=36080, stack(0x000000b5bb600000,0x000000b5bb700000) (1024K)]
  0x000001b8843efd30 JavaThread "Asynchronous log dispatcher for DefaultDaemonConnection: socket connection from /127.0.0.1:59783 to /127.0.0.1:59784"        [_thread_blocked, id=33932, stack(0x000000b5bb700000,0x000000b5bb800000) (1024K)]
  0x000001b88462dfd0 JavaThread "Stdin handler"                     [_thread_blocked, id=3672, stack(0x000000b5bb800000,0x000000b5bb900000) (1024K)]
  0x000001b88462b1e0 JavaThread "Daemon client event forwarder"        [_thread_blocked, id=18164, stack(0x000000b5bb900000,0x000000b5bba00000) (1024K)]
  0x000001b88462a4c0 JavaThread "Cache worker for journal cache (C:\Users\JHLEE\.gradle\caches\journal-1)"        [_thread_blocked, id=8780, stack(0x000000b5bbc00000,0x000000b5bbd00000) (1024K)]
  0x000001b88462bf00 JavaThread "File lock request listener"        [_thread_in_native, id=34944, stack(0x000000b5bbd00000,0x000000b5bbe00000) (1024K)]
  0x000001b88462cc20 JavaThread "Cache worker for file hash cache (C:\Users\JHLEE\.gradle\caches\8.9\fileHashes)"        [_thread_blocked, id=31728, stack(0x000000b5bbe00000,0x000000b5bbf00000) (1024K)]
  0x000001b88462ecf0 JavaThread "Cache worker for file hash cache (C:\Users\JHLEE\Desktop\KumkangApp\Eumsung2POP\.gradle\8.9\fileHashes)"        [_thread_blocked, id=26372, stack(0x000000b5bc000000,0x000000b5bc100000) (1024K)]
  0x000001b88462c590 JavaThread "Cache worker for Build Output Cleanup Cache (C:\Users\JHLEE\Desktop\KumkangApp\Eumsung2POP\.gradle\buildOutputCleanup)"        [_thread_blocked, id=33764, stack(0x000000b5bc100000,0x000000b5bc200000) (1024K)]
  0x000001b88462d940 JavaThread "File watcher server"        daemon [_thread_in_native, id=23252, stack(0x000000b5bc200000,0x000000b5bc300000) (1024K)]
  0x000001b88462b870 JavaThread "File watcher consumer"      daemon [_thread_blocked, id=15392, stack(0x000000b5bc300000,0x000000b5bc400000) (1024K)]
  0x000001b884629e30 JavaThread "Cache worker for checksums cache (C:\Users\JHLEE\Desktop\KumkangApp\Eumsung2POP\.gradle\8.9\checksums)"        [_thread_blocked, id=4548, stack(0x000000b5bc400000,0x000000b5bc500000) (1024K)]
  0x000001b88462e660 JavaThread "Cache worker for file content cache (C:\Users\JHLEE\.gradle\caches\8.9\fileContent)"        [_thread_blocked, id=40296, stack(0x000000b5bc500000,0x000000b5bc600000) (1024K)]
  0x000001b88462fa10 JavaThread "Cache worker for cache directory md-rule (C:\Users\JHLEE\.gradle\caches\8.9\md-rule)"        [_thread_blocked, id=30788, stack(0x000000b5bc600000,0x000000b5bc700000) (1024K)]
  0x000001b88462ab50 JavaThread "Cache worker for cache directory md-supplier (C:\Users\JHLEE\.gradle\caches\8.9\md-supplier)"        [_thread_blocked, id=44096, stack(0x000000b5bc700000,0x000000b5bc800000) (1024K)]
=>0x000001b884847ec0 JavaThread "C2 CompilerThread3"         daemon [_thread_in_native, id=41588, stack(0x000000b5bbf00000,0x000000b5bc000000) (1024K)]
  0x000001b884629110 JavaThread "jar transforms"                    [_thread_blocked, id=29668, stack(0x000000b5bca00000,0x000000b5bcb00000) (1024K)]
  0x000001b884630730 JavaThread "jar transforms Thread 2"           [_thread_blocked, id=18968, stack(0x000000b5bc900000,0x000000b5bca00000) (1024K)]
Total: 40

Other Threads:
  0x000001b8fdd85f70 VMThread "VM Thread"                           [id=43796, stack(0x000000b5b9400000,0x000000b5b9500000) (1024K)]
  0x000001b8fdb780d0 WatcherThread "VM Periodic Task Thread"        [id=8304, stack(0x000000b5b9300000,0x000000b5b9400000) (1024K)]
  0x000001b8e5a23220 WorkerThread "GC Thread#0"                     [id=14972, stack(0x000000b5b8e00000,0x000000b5b8f00000) (1024K)]
  0x000001b8fe4ca080 WorkerThread "GC Thread#1"                     [id=30348, stack(0x000000b5ba500000,0x000000b5ba600000) (1024K)]
  0x000001b8feb68be0 WorkerThread "GC Thread#2"                     [id=45016, stack(0x000000b5ba600000,0x000000b5ba700000) (1024K)]
  0x000001b8feb37fa0 WorkerThread "GC Thread#3"                     [id=21192, stack(0x000000b5ba700000,0x000000b5ba800000) (1024K)]
  0x000001b8feb38340 WorkerThread "GC Thread#4"                     [id=30700, stack(0x000000b5ba800000,0x000000b5ba900000) (1024K)]
  0x000001b8fe371340 WorkerThread "GC Thread#5"                     [id=43544, stack(0x000000b5ba900000,0x000000b5baa00000) (1024K)]
  0x000001b884898a60 WorkerThread "GC Thread#6"                     [id=38816, stack(0x000000b5bab00000,0x000000b5bac00000) (1024K)]
  0x000001b8849afc20 WorkerThread "GC Thread#7"                     [id=41432, stack(0x000000b5bac00000,0x000000b5bad00000) (1024K)]
  0x000001b8847ca2b0 WorkerThread "GC Thread#8"                     [id=28620, stack(0x000000b5bad00000,0x000000b5bae00000) (1024K)]
  0x000001b8847c9430 WorkerThread "GC Thread#9"                     [id=308, stack(0x000000b5bae00000,0x000000b5baf00000) (1024K)]
  0x000001b8847c97d0 WorkerThread "GC Thread#10"                    [id=3680, stack(0x000000b5baf00000,0x000000b5bb000000) (1024K)]
  0x000001b8847ca650 WorkerThread "GC Thread#11"                    [id=40944, stack(0x000000b5bb000000,0x000000b5bb100000) (1024K)]
  0x000001b8847c9b70 WorkerThread "GC Thread#12"                    [id=15732, stack(0x000000b5bb100000,0x000000b5bb200000) (1024K)]
  0x000001b8e5a34280 ConcurrentGCThread "G1 Main Marker"            [id=40144, stack(0x000000b5b8f00000,0x000000b5b9000000) (1024K)]
  0x000001b8e5a34c90 WorkerThread "G1 Conc#0"                       [id=26180, stack(0x000000b5b9000000,0x000000b5b9100000) (1024K)]
  0x000001b8847ca9f0 WorkerThread "G1 Conc#1"                       [id=39448, stack(0x000000b5bba00000,0x000000b5bbb00000) (1024K)]
  0x000001b8847c9f10 WorkerThread "G1 Conc#2"                       [id=30552, stack(0x000000b5bbb00000,0x000000b5bbc00000) (1024K)]
  0x000001b8e5a9e520 ConcurrentGCThread "G1 Refine#0"               [id=38968, stack(0x000000b5b9100000,0x000000b5b9200000) (1024K)]
  0x000001b8fda4c610 ConcurrentGCThread "G1 Service"                [id=2032, stack(0x000000b5b9200000,0x000000b5b9300000) (1024K)]
Total: 21

Threads with active compile tasks:
C2 CompilerThread1     3549 5508       4       java.lang.invoke.InvokerBytecodeGenerator::addMethod (725 bytes)
C2 CompilerThread2     3549 5519   !   4       jdk.internal.loader.BuiltinClassLoader::loadClassOrNull (143 bytes)
C2 CompilerThread3     3549 5525       4       jdk.internal.loader.BuiltinClassLoader::loadClass (22 bytes)
Total: 3

VM state: not at safepoint (normal execution)

VM Mutex/Monitor currently owned by a thread: None

Heap address: 0x0000000080000000, size: 2048 MB, Compressed Oops mode: 32-bit

CDS archive(s) not mapped
Compressed class space mapped at: 0x0000000100000000-0x0000000140000000, reserved size: 1073741824
Narrow klass base: 0x0000000000000000, Narrow klass shift: 3, Narrow klass range: 0x140000000

GC Precious Log:
 CardTable entry size: 512
 Card Set container configuration: InlinePtr #cards 5 size 8 Array Of Cards #cards 12 size 40 Howl #buckets 4 coarsen threshold 1843 Howl Bitmap #cards 512 size 80 coarsen threshold 460 Card regions per heap region 1 cards per card region 2048
 CPUs: 16 total, 16 available
 Memory: 16098M
 Large Page Support: Disabled
 NUMA Support: Disabled
 Compressed Oops: Enabled (32-bit)
 Heap Region Size: 1M
 Heap Min Capacity: 8M
 Heap Initial Capacity: 252M
 Heap Max Capacity: 2G
 Pre-touch: Disabled
 Parallel Workers: 13
 Concurrent Workers: 3
 Concurrent Refinement Workers: 13
 Periodic GC: Disabled

Heap:
 garbage-first heap   total 116736K, used 89560K [0x0000000080000000, 0x0000000100000000)
  region size 1024K, 62 young (63488K), 9 survivors (9216K)
 Metaspace       used 56993K, committed 58432K, reserved 1114112K
  class space    used 7809K, committed 8512K, reserved 1048576K

Heap Regions: E=young(eden), S=young(survivor), O=old, HS=humongous(starts), HC=humongous(continues), CS=collection set, F=free, TAMS=top-at-mark-start, PB=parsable bottom
|   0|0x0000000080000000, 0x0000000080100000, 0x0000000080100000|100%|HS|  |TAMS 0x0000000080000000| PB 0x0000000080000000| Complete 
|   1|0x0000000080100000, 0x0000000080200000, 0x0000000080200000|100%|HC|  |TAMS 0x0000000080100000| PB 0x0000000080100000| Complete 
|   2|0x0000000080200000, 0x0000000080300000, 0x0000000080300000|100%|HC|  |TAMS 0x0000000080200000| PB 0x0000000080200000| Complete 
|   3|0x0000000080300000, 0x0000000080400000, 0x0000000080400000|100%|HC|  |TAMS 0x0000000080300000| PB 0x0000000080300000| Complete 
|   4|0x0000000080400000, 0x0000000080500000, 0x0000000080500000|100%| O|  |TAMS 0x0000000080400000| PB 0x0000000080400000| Untracked 
|   5|0x0000000080500000, 0x0000000080600000, 0x0000000080600000|100%| O|  |TAMS 0x0000000080500000| PB 0x0000000080500000| Untracked 
|   6|0x0000000080600000, 0x0000000080700000, 0x0000000080700000|100%| O|  |TAMS 0x0000000080600000| PB 0x0000000080600000| Untracked 
|   7|0x0000000080700000, 0x0000000080800000, 0x0000000080800000|100%| O|  |TAMS 0x0000000080700000| PB 0x0000000080700000| Untracked 
|   8|0x0000000080800000, 0x0000000080900000, 0x0000000080900000|100%| O|  |TAMS 0x0000000080800000| PB 0x0000000080800000| Untracked 
|   9|0x0000000080900000, 0x0000000080900000, 0x0000000080a00000|  0%| F|  |TAMS 0x0000000080900000| PB 0x0000000080900000| Untracked 
|  10|0x0000000080a00000, 0x0000000080b00000, 0x0000000080b00000|100%|HS|  |TAMS 0x0000000080a00000| PB 0x0000000080a00000| Complete 
|  11|0x0000000080b00000, 0x0000000080c00000, 0x0000000080c00000|100%| O|  |TAMS 0x0000000080b00000| PB 0x0000000080b00000| Untracked 
|  12|0x0000000080c00000, 0x0000000080d00000, 0x0000000080d00000|100%| O|  |TAMS 0x0000000080c00000| PB 0x0000000080c00000| Untracked 
|  13|0x0000000080d00000, 0x0000000080e00000, 0x0000000080e00000|100%| O|  |TAMS 0x0000000080d00000| PB 0x0000000080d00000| Untracked 
|  14|0x0000000080e00000, 0x0000000080f00000, 0x0000000080f00000|100%| O|  |TAMS 0x0000000080e00000| PB 0x0000000080e00000| Untracked 
|  15|0x0000000080f00000, 0x0000000081000000, 0x0000000081000000|100%| O|  |TAMS 0x0000000080f00000| PB 0x0000000080f00000| Untracked 
|  16|0x0000000081000000, 0x0000000081100000, 0x0000000081100000|100%| O|  |TAMS 0x0000000081000000| PB 0x0000000081000000| Untracked 
|  17|0x0000000081100000, 0x0000000081200000, 0x0000000081200000|100%| O|  |TAMS 0x0000000081100000| PB 0x0000000081100000| Untracked 
|  18|0x0000000081200000, 0x0000000081300000, 0x0000000081300000|100%| O|  |TAMS 0x0000000081200000| PB 0x0000000081200000| Untracked 
|  19|0x0000000081300000, 0x0000000081400000, 0x0000000081400000|100%| O|  |TAMS 0x0000000081300000| PB 0x0000000081300000| Untracked 
|  20|0x0000000081400000, 0x0000000081500000, 0x0000000081500000|100%| O|  |TAMS 0x0000000081400000| PB 0x0000000081400000| Untracked 
|  21|0x0000000081500000, 0x0000000081600000, 0x0000000081600000|100%| O|  |TAMS 0x0000000081500000| PB 0x0000000081500000| Untracked 
|  22|0x0000000081600000, 0x0000000081700000, 0x0000000081700000|100%| O|  |TAMS 0x0000000081600000| PB 0x0000000081600000| Untracked 
|  23|0x0000000081700000, 0x0000000081800000, 0x0000000081800000|100%| O|  |TAMS 0x0000000081700000| PB 0x0000000081700000| Untracked 
|  24|0x0000000081800000, 0x0000000081800000, 0x0000000081900000|  0%| F|  |TAMS 0x0000000081800000| PB 0x0000000081800000| Untracked 
|  25|0x0000000081900000, 0x0000000081900000, 0x0000000081a00000|  0%| F|  |TAMS 0x0000000081900000| PB 0x0000000081900000| Untracked 
|  26|0x0000000081a00000, 0x0000000081a00000, 0x0000000081b00000|  0%| F|  |TAMS 0x0000000081a00000| PB 0x0000000081a00000| Untracked 
|  27|0x0000000081b00000, 0x0000000081b00000, 0x0000000081c00000|  0%| F|  |TAMS 0x0000000081b00000| PB 0x0000000081b00000| Untracked 
|  28|0x0000000081c00000, 0x0000000081c00000, 0x0000000081d00000|  0%| F|  |TAMS 0x0000000081c00000| PB 0x0000000081c00000| Untracked 
|  29|0x0000000081d00000, 0x0000000081d00000, 0x0000000081e00000|  0%| F|  |TAMS 0x0000000081d00000| PB 0x0000000081d00000| Untracked 
|  30|0x0000000081e00000, 0x0000000081e00000, 0x0000000081f00000|  0%| F|  |TAMS 0x0000000081e00000| PB 0x0000000081e00000| Untracked 
|  31|0x0000000081f00000, 0x0000000081f00000, 0x0000000082000000|  0%| F|  |TAMS 0x0000000081f00000| PB 0x0000000081f00000| Untracked 
|  32|0x0000000082000000, 0x0000000082000000, 0x0000000082100000|  0%| F|  |TAMS 0x0000000082000000| PB 0x0000000082000000| Untracked 
|  33|0x0000000082100000, 0x0000000082100000, 0x0000000082200000|  0%| F|  |TAMS 0x0000000082100000| PB 0x0000000082100000| Untracked 
|  34|0x0000000082200000, 0x0000000082200000, 0x0000000082300000|  0%| F|  |TAMS 0x0000000082200000| PB 0x0000000082200000| Untracked 
|  35|0x0000000082300000, 0x0000000082300000, 0x0000000082400000|  0%| F|  |TAMS 0x0000000082300000| PB 0x0000000082300000| Untracked 
|  36|0x0000000082400000, 0x0000000082500000, 0x0000000082500000|100%| O|  |TAMS 0x0000000082400000| PB 0x0000000082400000| Untracked 
|  37|0x0000000082500000, 0x0000000082600000, 0x0000000082600000|100%| O|  |TAMS 0x0000000082500000| PB 0x0000000082500000| Untracked 
|  38|0x0000000082600000, 0x0000000082700000, 0x0000000082700000|100%| O|  |TAMS 0x0000000082600000| PB 0x0000000082600000| Untracked 
|  39|0x0000000082700000, 0x0000000082776190, 0x0000000082800000| 46%| O|  |TAMS 0x0000000082700000| PB 0x0000000082700000| Untracked 
|  40|0x0000000082800000, 0x0000000082800000, 0x0000000082900000|  0%| F|  |TAMS 0x0000000082800000| PB 0x0000000082800000| Untracked 
|  41|0x0000000082900000, 0x0000000082900000, 0x0000000082a00000|  0%| F|  |TAMS 0x0000000082900000| PB 0x0000000082900000| Untracked 
|  42|0x0000000082a00000, 0x0000000082a00000, 0x0000000082b00000|  0%| F|  |TAMS 0x0000000082a00000| PB 0x0000000082a00000| Untracked 
|  43|0x0000000082b00000, 0x0000000082b00000, 0x0000000082c00000|  0%| F|  |TAMS 0x0000000082b00000| PB 0x0000000082b00000| Untracked 
|  44|0x0000000082c00000, 0x0000000082d00000, 0x0000000082d00000|100%| S|CS|TAMS 0x0000000082c00000| PB 0x0000000082c00000| Complete 
|  45|0x0000000082d00000, 0x0000000082e00000, 0x0000000082e00000|100%| S|CS|TAMS 0x0000000082d00000| PB 0x0000000082d00000| Complete 
|  46|0x0000000082e00000, 0x0000000082f00000, 0x0000000082f00000|100%| S|CS|TAMS 0x0000000082e00000| PB 0x0000000082e00000| Complete 
|  47|0x0000000082f00000, 0x0000000083000000, 0x0000000083000000|100%| S|CS|TAMS 0x0000000082f00000| PB 0x0000000082f00000| Complete 
|  48|0x0000000083000000, 0x0000000083100000, 0x0000000083100000|100%| S|CS|TAMS 0x0000000083000000| PB 0x0000000083000000| Complete 
|  49|0x0000000083100000, 0x0000000083200000, 0x0000000083200000|100%| S|CS|TAMS 0x0000000083100000| PB 0x0000000083100000| Complete 
|  50|0x0000000083200000, 0x0000000083300000, 0x0000000083300000|100%| S|CS|TAMS 0x0000000083200000| PB 0x0000000083200000| Complete 
|  51|0x0000000083300000, 0x0000000083400000, 0x0000000083400000|100%| S|CS|TAMS 0x0000000083300000| PB 0x0000000083300000| Complete 
|  52|0x0000000083400000, 0x0000000083500000, 0x0000000083500000|100%| S|CS|TAMS 0x0000000083400000| PB 0x0000000083400000| Complete 
|  53|0x0000000083500000, 0x0000000083500000, 0x0000000083600000|  0%| F|  |TAMS 0x0000000083500000| PB 0x0000000083500000| Untracked 
|  54|0x0000000083600000, 0x0000000083600000, 0x0000000083700000|  0%| F|  |TAMS 0x0000000083600000| PB 0x0000000083600000| Untracked 
|  55|0x0000000083700000, 0x0000000083700000, 0x0000000083800000|  0%| F|  |TAMS 0x0000000083700000| PB 0x0000000083700000| Untracked 
|  56|0x0000000083800000, 0x0000000083800000, 0x0000000083900000|  0%| F|  |TAMS 0x0000000083800000| PB 0x0000000083800000| Untracked 
|  57|0x0000000083900000, 0x0000000083900000, 0x0000000083a00000|  0%| F|  |TAMS 0x0000000083900000| PB 0x0000000083900000| Untracked 
|  58|0x0000000083a00000, 0x0000000083a00000, 0x0000000083b00000|  0%| F|  |TAMS 0x0000000083a00000| PB 0x0000000083a00000| Untracked 
|  59|0x0000000083b00000, 0x0000000083b00000, 0x0000000083c00000|  0%| F|  |TAMS 0x0000000083b00000| PB 0x0000000083b00000| Untracked 
|  60|0x0000000083c00000, 0x0000000083c00000, 0x0000000083d00000|  0%| F|  |TAMS 0x0000000083c00000| PB 0x0000000083c00000| Untracked 
|  61|0x0000000083d00000, 0x0000000083d80800, 0x0000000083e00000| 50%| E|  |TAMS 0x0000000083d00000| PB 0x0000000083d00000| Complete 
|  62|0x0000000083e00000, 0x0000000083f00000, 0x0000000083f00000|100%| E|CS|TAMS 0x0000000083e00000| PB 0x0000000083e00000| Complete 
|  63|0x0000000083f00000, 0x0000000084000000, 0x0000000084000000|100%| E|CS|TAMS 0x0000000083f00000| PB 0x0000000083f00000| Complete 
|  64|0x0000000084000000, 0x0000000084100000, 0x0000000084100000|100%| E|CS|TAMS 0x0000000084000000| PB 0x0000000084000000| Complete 
|  65|0x0000000084100000, 0x0000000084200000, 0x0000000084200000|100%| E|CS|TAMS 0x0000000084100000| PB 0x0000000084100000| Complete 
|  66|0x0000000084200000, 0x0000000084300000, 0x0000000084300000|100%| E|CS|TAMS 0x0000000084200000| PB 0x0000000084200000| Complete 
|  67|0x0000000084300000, 0x0000000084400000, 0x0000000084400000|100%| E|CS|TAMS 0x0000000084300000| PB 0x0000000084300000| Complete 
|  68|0x0000000084400000, 0x0000000084500000, 0x0000000084500000|100%| E|CS|TAMS 0x0000000084400000| PB 0x0000000084400000| Complete 
|  69|0x0000000084500000, 0x0000000084600000, 0x0000000084600000|100%| E|CS|TAMS 0x0000000084500000| PB 0x0000000084500000| Complete 
|  70|0x0000000084600000, 0x0000000084700000, 0x0000000084700000|100%| E|CS|TAMS 0x0000000084600000| PB 0x0000000084600000| Complete 
|  71|0x0000000084700000, 0x0000000084800000, 0x0000000084800000|100%| E|CS|TAMS 0x0000000084700000| PB 0x0000000084700000| Complete 
|  72|0x0000000084800000, 0x0000000084900000, 0x0000000084900000|100%| E|CS|TAMS 0x0000000084800000| PB 0x0000000084800000| Complete 
|  73|0x0000000084900000, 0x0000000084a00000, 0x0000000084a00000|100%| E|CS|TAMS 0x0000000084900000| PB 0x0000000084900000| Complete 
|  74|0x0000000084a00000, 0x0000000084b00000, 0x0000000084b00000|100%| E|CS|TAMS 0x0000000084a00000| PB 0x0000000084a00000| Complete 
|  75|0x0000000084b00000, 0x0000000084c00000, 0x0000000084c00000|100%| E|CS|TAMS 0x0000000084b00000| PB 0x0000000084b00000| Complete 
|  76|0x0000000084c00000, 0x0000000084d00000, 0x0000000084d00000|100%| E|CS|TAMS 0x0000000084c00000| PB 0x0000000084c00000| Complete 
|  77|0x0000000084d00000, 0x0000000084e00000, 0x0000000084e00000|100%| E|CS|TAMS 0x0000000084d00000| PB 0x0000000084d00000| Complete 
|  78|0x0000000084e00000, 0x0000000084f00000, 0x0000000084f00000|100%| E|CS|TAMS 0x0000000084e00000| PB 0x0000000084e00000| Complete 
|  79|0x0000000084f00000, 0x0000000085000000, 0x0000000085000000|100%| E|CS|TAMS 0x0000000084f00000| PB 0x0000000084f00000| Complete 
|  80|0x0000000085000000, 0x0000000085100000, 0x0000000085100000|100%| E|CS|TAMS 0x0000000085000000| PB 0x0000000085000000| Complete 
|  81|0x0000000085100000, 0x0000000085200000, 0x0000000085200000|100%| E|CS|TAMS 0x0000000085100000| PB 0x0000000085100000| Complete 
|  82|0x0000000085200000, 0x0000000085300000, 0x0000000085300000|100%| E|CS|TAMS 0x0000000085200000| PB 0x0000000085200000| Complete 
|  83|0x0000000085300000, 0x0000000085400000, 0x0000000085400000|100%| E|CS|TAMS 0x0000000085300000| PB 0x0000000085300000| Complete 
|  84|0x0000000085400000, 0x0000000085500000, 0x0000000085500000|100%| E|CS|TAMS 0x0000000085400000| PB 0x0000000085400000| Complete 
|  85|0x0000000085500000, 0x0000000085600000, 0x0000000085600000|100%| E|CS|TAMS 0x0000000085500000| PB 0x0000000085500000| Complete 
|  86|0x0000000085600000, 0x0000000085700000, 0x0000000085700000|100%| E|CS|TAMS 0x0000000085600000| PB 0x0000000085600000| Complete 
|  87|0x0000000085700000, 0x0000000085800000, 0x0000000085800000|100%| E|CS|TAMS 0x0000000085700000| PB 0x0000000085700000| Complete 
|  88|0x0000000085800000, 0x0000000085900000, 0x0000000085900000|100%| E|CS|TAMS 0x0000000085800000| PB 0x0000000085800000| Complete 
|  89|0x0000000085900000, 0x0000000085a00000, 0x0000000085a00000|100%| E|CS|TAMS 0x0000000085900000| PB 0x0000000085900000| Complete 
|  90|0x0000000085a00000, 0x0000000085b00000, 0x0000000085b00000|100%| E|CS|TAMS 0x0000000085a00000| PB 0x0000000085a00000| Complete 
|  91|0x0000000085b00000, 0x0000000085c00000, 0x0000000085c00000|100%| E|CS|TAMS 0x0000000085b00000| PB 0x0000000085b00000| Complete 
|  92|0x0000000085c00000, 0x0000000085d00000, 0x0000000085d00000|100%| E|CS|TAMS 0x0000000085c00000| PB 0x0000000085c00000| Complete 
|  93|0x0000000085d00000, 0x0000000085e00000, 0x0000000085e00000|100%| E|CS|TAMS 0x0000000085d00000| PB 0x0000000085d00000| Complete 
|  94|0x0000000085e00000, 0x0000000085f00000, 0x0000000085f00000|100%| E|CS|TAMS 0x0000000085e00000| PB 0x0000000085e00000| Complete 
|  95|0x0000000085f00000, 0x0000000086000000, 0x0000000086000000|100%| E|CS|TAMS 0x0000000085f00000| PB 0x0000000085f00000| Complete 
|  96|0x0000000086000000, 0x0000000086100000, 0x0000000086100000|100%| E|CS|TAMS 0x0000000086000000| PB 0x0000000086000000| Complete 
|  97|0x0000000086100000, 0x0000000086200000, 0x0000000086200000|100%| E|CS|TAMS 0x0000000086100000| PB 0x0000000086100000| Complete 
|  98|0x0000000086200000, 0x0000000086300000, 0x0000000086300000|100%| E|CS|TAMS 0x0000000086200000| PB 0x0000000086200000| Complete 
|  99|0x0000000086300000, 0x0000000086400000, 0x0000000086400000|100%| E|CS|TAMS 0x0000000086300000| PB 0x0000000086300000| Complete 
| 100|0x0000000086400000, 0x0000000086500000, 0x0000000086500000|100%| E|CS|TAMS 0x0000000086400000| PB 0x0000000086400000| Complete 
| 101|0x0000000086500000, 0x0000000086600000, 0x0000000086600000|100%| E|CS|TAMS 0x0000000086500000| PB 0x0000000086500000| Complete 
| 102|0x0000000086600000, 0x0000000086700000, 0x0000000086700000|100%| E|CS|TAMS 0x0000000086600000| PB 0x0000000086600000| Complete 
| 103|0x0000000086700000, 0x0000000086800000, 0x0000000086800000|100%| E|CS|TAMS 0x0000000086700000| PB 0x0000000086700000| Complete 
| 232|0x000000008e800000, 0x000000008e900000, 0x000000008e900000|100%| E|CS|TAMS 0x000000008e800000| PB 0x000000008e800000| Complete 
| 233|0x000000008e900000, 0x000000008ea00000, 0x000000008ea00000|100%| E|CS|TAMS 0x000000008e900000| PB 0x000000008e900000| Complete 
| 234|0x000000008ea00000, 0x000000008eb00000, 0x000000008eb00000|100%| E|CS|TAMS 0x000000008ea00000| PB 0x000000008ea00000| Complete 
| 235|0x000000008eb00000, 0x000000008ec00000, 0x000000008ec00000|100%| E|CS|TAMS 0x000000008eb00000| PB 0x000000008eb00000| Complete 
| 236|0x000000008ec00000, 0x000000008ed00000, 0x000000008ed00000|100%| E|CS|TAMS 0x000000008ec00000| PB 0x000000008ec00000| Complete 
| 237|0x000000008ed00000, 0x000000008ee00000, 0x000000008ee00000|100%| E|CS|TAMS 0x000000008ed00000| PB 0x000000008ed00000| Complete 
| 238|0x000000008ee00000, 0x000000008ef00000, 0x000000008ef00000|100%| E|CS|TAMS 0x000000008ee00000| PB 0x000000008ee00000| Complete 
| 239|0x000000008ef00000, 0x000000008f000000, 0x000000008f000000|100%| E|CS|TAMS 0x000000008ef00000| PB 0x000000008ef00000| Complete 
| 240|0x000000008f000000, 0x000000008f100000, 0x000000008f100000|100%| E|CS|TAMS 0x000000008f000000| PB 0x000000008f000000| Complete 
| 251|0x000000008fb00000, 0x000000008fc00000, 0x000000008fc00000|100%| E|CS|TAMS 0x000000008fb00000| PB 0x000000008fb00000| Complete 

Card table byte_map: [0x000001b8f87b0000,0x000001b8f8bb0000] _byte_map_base: 0x000001b8f83b0000

Marking Bits: (CMBitMap*) 0x000001b8e5a23830
 Bits: [0x000001b8f8bb0000, 0x000001b8fabb0000)

Polling page: 0x000001b8e39b0000

Metaspace:

Usage:
  Non-class:     48.06 MB used.
      Class:      7.63 MB used.
       Both:     55.70 MB used.

Virtual space:
  Non-class space:       64.00 MB reserved,      48.81 MB ( 76%) committed,  1 nodes.
      Class space:        1.00 GB reserved,       8.31 MB ( <1%) committed,  1 nodes.
             Both:        1.06 GB reserved,      57.12 MB (  5%) committed. 

Chunk freelists:
   Non-Class:  15.22 MB
       Class:  7.70 MB
        Both:  22.92 MB

MaxMetaspaceSize: unlimited
CompressedClassSpaceSize: 1.00 GB
Initial GC threshold: 21.00 MB
Current GC threshold: 59.19 MB
CDS: off
 - commit_granule_bytes: 65536.
 - commit_granule_words: 8192.
 - virtual_space_node_default_size: 8388608.
 - enlarge_chunks_in_place: 1.
 - use_allocation_guard: 0.


Internal statistics:

num_allocs_failed_limit: 9.
num_arena_births: 2642.
num_arena_deaths: 0.
num_vsnodes_births: 2.
num_vsnodes_deaths: 0.
num_space_committed: 914.
num_space_uncommitted: 0.
num_chunks_returned_to_freelist: 9.
num_chunks_taken_from_freelist: 4787.
num_chunk_merges: 9.
num_chunk_splits: 3138.
num_chunks_enlarged: 1990.
num_inconsistent_stats: 0.

CodeHeap 'non-profiled nmethods': size=119168Kb used=3032Kb max_used=3032Kb free=116135Kb
 bounds [0x000001b8f06c0000, 0x000001b8f09c0000, 0x000001b8f7b20000]
CodeHeap 'profiled nmethods': size=119104Kb used=10347Kb max_used=10347Kb free=108756Kb
 bounds [0x000001b8e8b20000, 0x000001b8e9540000, 0x000001b8eff70000]
CodeHeap 'non-nmethods': size=7488Kb used=4379Kb max_used=4404Kb free=3108Kb
 bounds [0x000001b8eff70000, 0x000001b8f03c0000, 0x000001b8f06c0000]
 total_blobs=5993 nmethods=5146 adapters=747
 compilation: enabled
              stopped_count=0, restarted_count=0
 full_count=0

Compilation events (20 events):
Event: 3.496 Thread 0x000001b8fde2ad90 5523       4       jdk.internal.loader.BuiltinClassLoader::findLoadedModule (33 bytes)
Event: 3.499 Thread 0x000001b8fdfec4d0 5524       1       sun.reflect.generics.tree.ClassSignature::getFormalTypeParameters (5 bytes)
Event: 3.499 Thread 0x000001b8fdfec4d0 nmethod 5524 0x000001b8f09af990 code [0x000001b8f09afb20, 0x000001b8f09afbe8]
Event: 3.504 Thread 0x000001b884847ec0 5525       4       jdk.internal.loader.BuiltinClassLoader::loadClass (22 bytes)
Event: 3.504 Thread 0x000001b8fde2ad90 nmethod 5523 0x000001b8f09afc90 code [0x000001b8f09afec0, 0x000001b8f09b0a98]
Event: 3.509 Thread 0x000001b8fde2ad90 5526       4       java.util.Arrays::copyOfRange (90 bytes)
Event: 3.511 Thread 0x000001b8fde2ad90 nmethod 5526 0x000001b8f09b1710 code [0x000001b8f09b18c0, 0x000001b8f09b1dd0]
Event: 3.516 Thread 0x000001b8fde2b830 5528       3       java.util.concurrent.atomic.AtomicReferenceArray::<init> (13 bytes)
Event: 3.516 Thread 0x000001b8fde2b830 nmethod 5528 0x000001b8e9525890 code [0x000001b8e9525a40, 0x000001b8e9525c98]
Event: 3.525 Thread 0x000001b8fde2ad90 5529       4       java.util.jar.JarFile::getManifest (5 bytes)
Event: 3.526 Thread 0x000001b8fdfec4d0 5530       3       com.google.common.collect.MapMakerInternalMap::putIfAbsent (29 bytes)
Event: 3.526 Thread 0x000001b8fdfecf90 5531   !   3       com.google.common.collect.MapMakerInternalMap$Segment::put (298 bytes)
Event: 3.526 Thread 0x000001b8fdfee270 5533   !   3       com.google.common.collect.MapMakerInternalMap$Segment::runLockedCleanup (34 bytes)
Event: 3.526 Thread 0x000001b8fde2b830 5532       3       com.google.common.collect.MapMakerInternalMap$Segment::preWriteCleanup (5 bytes)
Event: 3.527 Thread 0x000001b8fdfee270 nmethod 5533 0x000001b8e9525d90 code [0x000001b8e9525fc0, 0x000001b8e9526838]
Event: 3.527 Thread 0x000001b8fde2b830 nmethod 5532 0x000001b8e9526b10 code [0x000001b8e9526d60, 0x000001b8e95276e0]
Event: 3.527 Thread 0x000001b8fdfec4d0 nmethod 5530 0x000001b8e9527a10 code [0x000001b8e9527c40, 0x000001b8e9528390]
Event: 3.527 Thread 0x000001b8fdfee270 5534       3       com.google.common.collect.MapMakerInternalMap$Segment::setValue (19 bytes)
Event: 3.527 Thread 0x000001b8fdfee270 nmethod 5534 0x000001b8e9528690 code [0x000001b8e9528860, 0x000001b8e9528b10]
Event: 3.530 Thread 0x000001b8fdfecf90 nmethod 5531 0x000001b8e9528c10 code [0x000001b8e95292c0, 0x000001b8e952cfa0]

GC Heap History (18 events):
Event: 0.287 GC heap before
{Heap before GC invocations=0 (full 0):
 garbage-first heap   total 258048K, used 27648K [0x0000000080000000, 0x0000000100000000)
  region size 1024K, 23 young (23552K), 0 survivors (0K)
 Metaspace       used 8049K, committed 8192K, reserved 1114112K
  class space    used 718K, committed 768K, reserved 1048576K
}
Event: 0.289 GC heap after
{Heap after GC invocations=1 (full 0):
 garbage-first heap   total 258048K, used 9999K [0x0000000080000000, 0x0000000100000000)
  region size 1024K, 3 young (3072K), 3 survivors (3072K)
 Metaspace       used 8049K, committed 8192K, reserved 1114112K
  class space    used 718K, committed 768K, reserved 1048576K
}
Event: 0.574 GC heap before
{Heap before GC invocations=1 (full 0):
 garbage-first heap   total 258048K, used 41743K [0x0000000080000000, 0x0000000100000000)
  region size 1024K, 34 young (34816K), 3 survivors (3072K)
 Metaspace       used 12118K, committed 12352K, reserved 1114112K
  class space    used 1279K, committed 1408K, reserved 1048576K
}
Event: 0.576 GC heap after
{Heap after GC invocations=2 (full 0):
 garbage-first heap   total 258048K, used 12072K [0x0000000080000000, 0x0000000100000000)
  region size 1024K, 2 young (2048K), 2 survivors (2048K)
 Metaspace       used 12118K, committed 12352K, reserved 1114112K
  class space    used 1279K, committed 1408K, reserved 1048576K
}
Event: 0.989 GC heap before
{Heap before GC invocations=2 (full 0):
 garbage-first heap   total 258048K, used 68392K [0x0000000080000000, 0x0000000100000000)
  region size 1024K, 55 young (56320K), 2 survivors (2048K)
 Metaspace       used 18976K, committed 19328K, reserved 1114112K
  class space    used 2136K, committed 2304K, reserved 1048576K
}
Event: 0.994 GC heap after
{Heap after GC invocations=3 (full 0):
 garbage-first heap   total 258048K, used 19760K [0x0000000080000000, 0x0000000100000000)
  region size 1024K, 7 young (7168K), 7 survivors (7168K)
 Metaspace       used 18976K, committed 19328K, reserved 1114112K
  class space    used 2136K, committed 2304K, reserved 1048576K
}
Event: 1.112 GC heap before
{Heap before GC invocations=3 (full 0):
 garbage-first heap   total 258048K, used 30000K [0x0000000080000000, 0x0000000100000000)
  region size 1024K, 18 young (18432K), 7 survivors (7168K)
 Metaspace       used 21137K, committed 21504K, reserved 1114112K
  class space    used 2449K, committed 2624K, reserved 1048576K
}
Event: 1.114 GC heap after
{Heap after GC invocations=4 (full 0):
 garbage-first heap   total 258048K, used 21401K [0x0000000080000000, 0x0000000100000000)
  region size 1024K, 9 young (9216K), 9 survivors (9216K)
 Metaspace       used 21137K, committed 21504K, reserved 1114112K
  class space    used 2449K, committed 2624K, reserved 1048576K
}
Event: 1.631 GC heap before
{Heap before GC invocations=5 (full 0):
 garbage-first heap   total 78848K, used 76697K [0x0000000080000000, 0x0000000100000000)
  region size 1024K, 64 young (65536K), 9 survivors (9216K)
 Metaspace       used 30124K, committed 30720K, reserved 1114112K
  class space    used 3912K, committed 4160K, reserved 1048576K
}
Event: 1.638 GC heap after
{Heap after GC invocations=6 (full 0):
 garbage-first heap   total 91136K, used 24101K [0x0000000080000000, 0x0000000100000000)
  region size 1024K, 12 young (12288K), 12 survivors (12288K)
 Metaspace       used 30124K, committed 30720K, reserved 1114112K
  class space    used 3912K, committed 4160K, reserved 1048576K
}
Event: 1.944 GC heap before
{Heap before GC invocations=6 (full 0):
 garbage-first heap   total 91136K, used 60965K [0x0000000080000000, 0x0000000100000000)
  region size 1024K, 49 young (50176K), 12 survivors (12288K)
 Metaspace       used 35202K, committed 35968K, reserved 1114112K
  class space    used 4739K, committed 5120K, reserved 1048576K
}
Event: 1.948 GC heap after
{Heap after GC invocations=7 (full 0):
 garbage-first heap   total 91136K, used 26772K [0x0000000080000000, 0x0000000100000000)
  region size 1024K, 7 young (7168K), 7 survivors (7168K)
 Metaspace       used 35202K, committed 35968K, reserved 1114112K
  class space    used 4739K, committed 5120K, reserved 1048576K
}
Event: 1.967 GC heap before
{Heap before GC invocations=7 (full 0):
 garbage-first heap   total 91136K, used 28820K [0x0000000080000000, 0x0000000100000000)
  region size 1024K, 10 young (10240K), 7 survivors (7168K)
 Metaspace       used 35440K, committed 36288K, reserved 1114112K
  class space    used 4775K, committed 5184K, reserved 1048576K
}
Event: 1.970 GC heap after
{Heap after GC invocations=8 (full 0):
 garbage-first heap   total 91136K, used 26453K [0x0000000080000000, 0x0000000100000000)
  region size 1024K, 3 young (3072K), 3 survivors (3072K)
 Metaspace       used 35440K, committed 36288K, reserved 1114112K
  class space    used 4775K, committed 5184K, reserved 1048576K
}
Event: 2.462 GC heap before
{Heap before GC invocations=9 (full 0):
 garbage-first heap   total 91136K, used 76629K [0x0000000080000000, 0x0000000100000000)
  region size 1024K, 53 young (54272K), 3 survivors (3072K)
 Metaspace       used 44657K, committed 45760K, reserved 1114112K
  class space    used 6004K, committed 6528K, reserved 1048576K
}
Event: 2.466 GC heap after
{Heap after GC invocations=10 (full 0):
 garbage-first heap   total 116736K, used 30718K [0x0000000080000000, 0x0000000100000000)
  region size 1024K, 7 young (7168K), 7 survivors (7168K)
 Metaspace       used 44657K, committed 45760K, reserved 1114112K
  class space    used 6004K, committed 6528K, reserved 1048576K
}
Event: 3.054 GC heap before
{Heap before GC invocations=10 (full 0):
 garbage-first heap   total 116736K, used 97278K [0x0000000080000000, 0x0000000100000000)
  region size 1024K, 68 young (69632K), 7 survivors (7168K)
 Metaspace       used 49529K, committed 50752K, reserved 1114112K
  class space    used 6645K, committed 7232K, reserved 1048576K
}
Event: 3.058 GC heap after
{Heap after GC invocations=11 (full 0):
 garbage-first heap   total 116736K, used 36312K [0x0000000080000000, 0x0000000100000000)
  region size 1024K, 9 young (9216K), 9 survivors (9216K)
 Metaspace       used 49529K, committed 50752K, reserved 1114112K
  class space    used 6645K, committed 7232K, reserved 1048576K
}

Dll operation events (3 events):
Event: 0.011 Loaded shared library C:\Program Files\Android\Android Studio\jbr\bin\java.dll
Event: 0.031 Loaded shared library C:\Program Files\Android\Android Studio\jbr\bin\zip.dll
Event: 0.296 Loaded shared library C:\Program Files\Android\Android Studio\jbr\bin\verify.dll

Deoptimization events (20 events):
Event: 3.433 Thread 0x000001b8843ef6a0 DEOPT PACKING pc=0x000001b8f08444f4 sp=0x000000b5bb6f95e0
Event: 3.433 Thread 0x000001b8843ef6a0 DEOPT UNPACKING pc=0x000001b8effc46a2 sp=0x000000b5bb6f9560 mode 2
Event: 3.433 Thread 0x000001b8843ef6a0 Uncommon trap: trap_request=0xffffff45 fr.pc=0x000001b8f08958fc relative=0x00000000000006dc
Event: 3.433 Thread 0x000001b8843ef6a0 Uncommon trap: reason=unstable_if action=reinterpret pc=0x000001b8f08958fc method=java.util.HashMap.putVal(ILjava/lang/Object;Ljava/lang/Object;ZZ)Ljava/lang/Object; @ 109 c2
Event: 3.433 Thread 0x000001b8843ef6a0 DEOPT PACKING pc=0x000001b8f08958fc sp=0x000000b5bb6f9570
Event: 3.433 Thread 0x000001b8843ef6a0 DEOPT UNPACKING pc=0x000001b8effc46a2 sp=0x000000b5bb6f9528 mode 2
Event: 3.451 Thread 0x000001b8843ef6a0 DEOPT PACKING pc=0x000001b8e8c14c4e sp=0x000000b5bb6fb300
Event: 3.451 Thread 0x000001b8843ef6a0 DEOPT UNPACKING pc=0x000001b8effc4e42 sp=0x000000b5bb6fa7e8 mode 0
Event: 3.456 Thread 0x000001b8843ef6a0 Uncommon trap: trap_request=0xffffffde fr.pc=0x000001b8f0823188 relative=0x00000000000002c8
Event: 3.456 Thread 0x000001b8843ef6a0 Uncommon trap: reason=class_check action=maybe_recompile pc=0x000001b8f0823188 method=java.util.Collections$SetFromMap.remove(Ljava/lang/Object;)Z @ 5 c2
Event: 3.456 Thread 0x000001b8843ef6a0 DEOPT PACKING pc=0x000001b8f0823188 sp=0x000000b5bb6fb550
Event: 3.456 Thread 0x000001b8843ef6a0 DEOPT UNPACKING pc=0x000001b8effc46a2 sp=0x000000b5bb6fb538 mode 2
Event: 3.458 Thread 0x000001b8843ef6a0 Uncommon trap: trap_request=0xffffffde fr.pc=0x000001b8f08d4818 relative=0x0000000000002878
Event: 3.458 Thread 0x000001b8843ef6a0 Uncommon trap: reason=class_check action=maybe_recompile pc=0x000001b8f08d4818 method=java.util.regex.Pattern$CharProperty.study(Ljava/util/regex/Pattern$TreeInfo;)Z @ 25 c2
Event: 3.458 Thread 0x000001b8843ef6a0 DEOPT PACKING pc=0x000001b8f08d4818 sp=0x000000b5bb6fa630
Event: 3.458 Thread 0x000001b8843ef6a0 DEOPT UNPACKING pc=0x000001b8effc46a2 sp=0x000000b5bb6fa528 mode 2
Event: 3.459 Thread 0x000001b8843ef6a0 Uncommon trap: trap_request=0xffffffde fr.pc=0x000001b8f08d4818 relative=0x0000000000002878
Event: 3.459 Thread 0x000001b8843ef6a0 Uncommon trap: reason=class_check action=maybe_recompile pc=0x000001b8f08d4818 method=java.util.regex.Pattern$CharProperty.study(Ljava/util/regex/Pattern$TreeInfo;)Z @ 25 c2
Event: 3.459 Thread 0x000001b8843ef6a0 DEOPT PACKING pc=0x000001b8f08d4818 sp=0x000000b5bb6fa630
Event: 3.459 Thread 0x000001b8843ef6a0 DEOPT UNPACKING pc=0x000001b8effc46a2 sp=0x000000b5bb6fa528 mode 2

Classes loaded (20 events):
Event: 3.469 Loading class java/io/ObjectStreamClass$FieldReflectorKey
Event: 3.469 Loading class java/io/ObjectStreamClass$FieldReflectorKey done
Event: 3.469 Loading class java/io/ObjectStreamClass$FieldReflector
Event: 3.470 Loading class java/io/ObjectStreamClass$FieldReflector done
Event: 3.470 Loading class java/io/ObjectStreamClass$1
Event: 3.470 Loading class java/io/ObjectStreamClass$1 done
Event: 3.470 Loading class java/io/ObjectStreamClass$MemberSignature
Event: 3.470 Loading class java/io/ObjectStreamClass$MemberSignature done
Event: 3.470 Loading class java/io/ObjectStreamClass$3
Event: 3.470 Loading class java/io/ObjectStreamClass$3 done
Event: 3.470 Loading class java/io/ObjectStreamClass$4
Event: 3.470 Loading class java/io/ObjectStreamClass$4 done
Event: 3.470 Loading class java/io/ObjectStreamClass$5
Event: 3.470 Loading class java/io/ObjectStreamClass$5 done
Event: 3.470 Loading class java/io/ObjectStreamClass$ClassDataSlot
Event: 3.470 Loading class java/io/ObjectStreamClass$ClassDataSlot done
Event: 3.472 Loading class jdk/internal/reflect/MethodHandleLongFieldAccessorImpl
Event: 3.472 Loading class jdk/internal/reflect/MethodHandleLongFieldAccessorImpl done
Event: 3.473 Loading class java/io/SerialCallbackContext
Event: 3.473 Loading class java/io/SerialCallbackContext done

Classes unloaded (0 events):
No events

Classes redefined (0 events):
No events

Internal exceptions (20 events):
Event: 3.137 Thread 0x000001b8843ef6a0 Exception <a 'java/lang/NoSuchMethodError'{0x000000008e97e350}: 'java.lang.Object java.lang.invoke.DirectMethodHandle$Holder.newInvokeSpecial(java.lang.Object, java.lang.Object, java.lang.Object, java.lang.Object, java.lang.Object, java.lang.Object, java.lang.Object, java.lang.Object, java.lang.Object, java.lang.Object, java.lang.Object, java.lang.Object, java.lang.Object, java.lang.Object, java.lang.Object, java.lang.Object, java.lang.Object, java.lang.Object, java.lang.Object, java.lang.Object, java.lang
Event: 3.137 Thread 0x000001b8843ef6a0 Exception <a 'java/lang/NoSuchMethodError'{0x000000008e985e18}: 'java.lang.Object java.lang.invoke.DirectMethodHandle$Holder.invokeSpecial(java.lang.Object, java.lang.Object, java.lang.Object, java.lang.Object, java.lang.Object, java.lang.Object, java.lang.Object, java.lang.Object, java.lang.Object, java.lang.Object, java.lang.Object, java.lang.Object, java.lang.Object, java.lang.Object, java.lang.Object, java.lang.Object, java.lang.Object, java.lang.Object, java.lang.Object, java.lang.Object, java.lang.Ob
Event: 3.137 Thread 0x000001b8843ef6a0 Exception <a 'java/lang/NoSuchMethodError'{0x000000008e98bde8}: 'java.lang.Object java.lang.invoke.DelegatingMethodHandle$Holder.reinvoke_L(java.lang.Object, java.lang.Object, java.lang.Object, java.lang.Object, java.lang.Object, java.lang.Object, java.lang.Object, java.lang.Object, java.lang.Object, java.lang.Object, java.lang.Object, java.lang.Object, java.lang.Object, java.lang.Object, java.lang.Object, java.lang.Object, java.lang.Object, java.lang.Object, java.lang.Object, java.lang.Object, java.lang.O
Event: 3.174 Thread 0x000001b8843ef6a0 Exception <a 'java/lang/NoSuchMethodError'{0x00000000864575c8}: 'java.lang.Object java.lang.invoke.DirectMethodHandle$Holder.newInvokeSpecial(java.lang.Object, int, java.lang.Object)'> (0x00000000864575c8) 
thrown [s\src\hotspot\share\interpreter\linkResolver.cpp, line 784]
Event: 3.190 Thread 0x000001b8843ef6a0 Exception <a 'java/lang/NoSuchMethodError'{0x000000008621ab20}: 'java.lang.Object java.lang.invoke.DirectMethodHandle$Holder.invokeVirtual(java.lang.Object, java.lang.Object, java.lang.Object, java.lang.Object, java.lang.Object, java.lang.Object, java.lang.Object, java.lang.Object, java.lang.Object, java.lang.Object, java.lang.Object, java.lang.Object, java.lang.Object, java.lang.Object, java.lang.Object)'> (0x000000008621ab20) 
thrown [s\src\hotspot\share\interpreter\linkResolver.cpp, line 784]
Event: 3.190 Thread 0x000001b8843ef6a0 Exception <a 'java/lang/NoSuchMethodError'{0x00000000862201a0}: 'java.lang.Object java.lang.invoke.DirectMethodHandle$Holder.invokeSpecial(java.lang.Object, java.lang.Object, java.lang.Object, java.lang.Object, java.lang.Object, java.lang.Object, java.lang.Object, java.lang.Object, java.lang.Object, java.lang.Object, java.lang.Object, java.lang.Object, java.lang.Object, java.lang.Object, java.lang.Object, java.lang.Object)'> (0x00000000862201a0) 
thrown [s\src\hotspot\share\interpreter\linkResolver.cpp, li
Event: 3.190 Thread 0x000001b8843ef6a0 Exception <a 'java/lang/NoSuchMethodError'{0x0000000086225160}: 'java.lang.Object java.lang.invoke.DelegatingMethodHandle$Holder.reinvoke_L(java.lang.Object, java.lang.Object, java.lang.Object, java.lang.Object, java.lang.Object, java.lang.Object, java.lang.Object, java.lang.Object, java.lang.Object, java.lang.Object, java.lang.Object, java.lang.Object, java.lang.Object, java.lang.Object, java.lang.Object)'> (0x0000000086225160) 
thrown [s\src\hotspot\share\interpreter\linkResolver.cpp, line 784]
Event: 3.254 Thread 0x000001b8843ef6a0 Exception <a 'sun/nio/fs/WindowsException'{0x0000000085bfc400}> (0x0000000085bfc400) 
thrown [s\src\hotspot\share\prims\jni.cpp, line 535]
Event: 3.254 Thread 0x000001b8843ef6a0 Exception <a 'sun/nio/fs/WindowsException'{0x0000000085bfdbd8}> (0x0000000085bfdbd8) 
thrown [s\src\hotspot\share\prims\jni.cpp, line 535]
Event: 3.272 Thread 0x000001b8843ef6a0 Exception <a 'java/lang/NoSuchMethodError'{0x000000008584b7c8}: 'java.lang.Object java.lang.invoke.DirectMethodHandle$Holder.newInvokeSpecial(java.lang.Object, java.lang.Object, java.lang.Object, int)'> (0x000000008584b7c8) 
thrown [s\src\hotspot\share\interpreter\linkResolver.cpp, line 784]
Event: 3.272 Thread 0x000001b8843ef6a0 Exception <a 'java/lang/NoSuchMethodError'{0x000000008584fb80}: 'java.lang.Object java.lang.invoke.Invokers$Holder.linkToTargetMethod(java.lang.Object, java.lang.Object, int, java.lang.Object)'> (0x000000008584fb80) 
thrown [s\src\hotspot\share\interpreter\linkResolver.cpp, line 784]
Event: 3.278 Thread 0x000001b8843ef6a0 Exception <a 'sun/nio/fs/WindowsException'{0x00000000858fdb68}> (0x00000000858fdb68) 
thrown [s\src\hotspot\share\prims\jni.cpp, line 535]
Event: 3.358 Thread 0x000001b8843ef6a0 Exception <a 'java/lang/NoSuchMethodError'{0x0000000084e23498}: 'void java.lang.invoke.DirectMethodHandle$Holder.invokeStatic(java.lang.Object, java.lang.Object, java.lang.Object, java.lang.Object, java.lang.Object, java.lang.Object, java.lang.Object)'> (0x0000000084e23498) 
thrown [s\src\hotspot\share\interpreter\linkResolver.cpp, line 784]
Event: 3.470 Thread 0x000001b88462b1e0 Exception <a 'java/lang/NoSuchMethodError'{0x0000000084420110}: static Lorg/gradle/internal/build/event/types/DefaultOperationStartedProgressEvent;.<clinit>()V> (0x0000000084420110) 
thrown [s\src\hotspot\share\prims\jni.cpp, line 1126]
Event: 3.470 Thread 0x000001b88462b1e0 Exception <a 'java/lang/NoSuchMethodError'{0x0000000084422150}: static Lorg/gradle/internal/build/event/types/AbstractProgressEvent;.<clinit>()V> (0x0000000084422150) 
thrown [s\src\hotspot\share\prims\jni.cpp, line 1126]
Event: 3.471 Thread 0x000001b88462b1e0 Exception <a 'java/lang/NoSuchMethodError'{0x0000000084433498}: static Lorg/gradle/internal/build/event/types/DefaultProjectConfigurationDescriptor;.<clinit>()V> (0x0000000084433498) 
thrown [s\src\hotspot\share\prims\jni.cpp, line 1126]
Event: 3.472 Thread 0x000001b88462b1e0 Exception <a 'java/lang/NoSuchMethodError'{0x0000000084435a20}: static Lorg/gradle/internal/build/event/types/DefaultOperationDescriptor;.<clinit>()V> (0x0000000084435a20) 
thrown [s\src\hotspot\share\prims\jni.cpp, line 1126]
Event: 3.472 Thread 0x000001b88462b1e0 Exception <a 'java/lang/NoSuchMethodError'{0x000000008443a808}: 'long java.lang.invoke.DirectMethodHandle$Holder.invokeSpecial(java.lang.Object, java.lang.Object)'> (0x000000008443a808) 
thrown [s\src\hotspot\share\interpreter\linkResolver.cpp, line 784]
Event: 3.472 Thread 0x000001b88462b1e0 Exception <a 'java/lang/NoSuchMethodError'{0x000000008443d9b0}: 'long java.lang.invoke.Invokers$Holder.invokeExact_MT(java.lang.Object, java.lang.Object)'> (0x000000008443d9b0) 
thrown [s\src\hotspot\share\interpreter\linkResolver.cpp, line 784]
Event: 3.473 Thread 0x000001b88462b1e0 Exception <a 'java/lang/NoSuchMethodError'{0x0000000084454228}: static Lorg/gradle/internal/operations/OperationIdentifier;.<clinit>()V> (0x0000000084454228) 
thrown [s\src\hotspot\share\prims\jni.cpp, line 1126]

ZGC Phase Switch (0 events):
No events

VM Operations (20 events):
Event: 2.580 Executing VM operation: HandshakeAllThreads (Deoptimize)
Event: 2.580 Executing VM operation: HandshakeAllThreads (Deoptimize) done
Event: 2.614 Executing VM operation: HandshakeAllThreads (Deoptimize)
Event: 2.614 Executing VM operation: HandshakeAllThreads (Deoptimize) done
Event: 2.632 Executing VM operation: HandshakeAllThreads (Deoptimize)
Event: 2.632 Executing VM operation: HandshakeAllThreads (Deoptimize) done
Event: 2.668 Executing VM operation: ICBufferFull
Event: 2.668 Executing VM operation: ICBufferFull done
Event: 2.990 Executing VM operation: ICBufferFull
Event: 2.990 Executing VM operation: ICBufferFull done
Event: 3.054 Executing VM operation: G1CollectForAllocation (G1 Evacuation Pause)
Event: 3.058 Executing VM operation: G1CollectForAllocation (G1 Evacuation Pause) done
Event: 3.146 Executing VM operation: HandshakeAllThreads (Deoptimize)
Event: 3.146 Executing VM operation: HandshakeAllThreads (Deoptimize) done
Event: 3.350 Executing VM operation: HandshakeAllThreads (Deoptimize)
Event: 3.350 Executing VM operation: HandshakeAllThreads (Deoptimize) done
Event: 3.379 Executing VM operation: ICBufferFull
Event: 3.379 Executing VM operation: ICBufferFull done
Event: 3.426 Executing VM operation: HandshakeAllThreads (Deoptimize)
Event: 3.426 Executing VM operation: HandshakeAllThreads (Deoptimize) done

Events (20 events):
Event: 1.976 Thread 0x000001b8fdd85f70 flushing nmethod 0x000001b8f06f3490
Event: 1.976 Thread 0x000001b8fdd85f70 flushing nmethod 0x000001b8f06df690
Event: 1.976 Thread 0x000001b8fdd85f70 flushing nmethod 0x000001b8f06eb410
Event: 1.976 Thread 0x000001b8fdd85f70 flushing nmethod 0x000001b8f06da410
Event: 1.976 Thread 0x000001b8fdd85f70 flushing nmethod 0x000001b8f06da010
Event: 1.976 Thread 0x000001b8fdd85f70 flushing nmethod 0x000001b8f06e4e10
Event: 1.976 Thread 0x000001b8fdd85f70 flushing nmethod 0x000001b8f06d9210
Event: 1.976 Thread 0x000001b8fdd85f70 flushing nmethod 0x000001b8f06d4910
Event: 1.976 Thread 0x000001b8fdd85f70 flushing nmethod 0x000001b8f06c8f10
Event: 1.998 Thread 0x000001b88462e660 Thread added: 0x000001b88462e660
Event: 2.091 Thread 0x000001b88462fa10 Thread added: 0x000001b88462fa10
Event: 2.158 Thread 0x000001b88462ab50 Thread added: 0x000001b88462ab50
Event: 2.471 Thread 0x000001b88484a0d0 Thread exited: 0x000001b88484a0d0
Event: 2.564 Thread 0x000001b884847ec0 Thread added: 0x000001b884847ec0
Event: 2.564 Thread 0x000001b884848590 Thread added: 0x000001b884848590
Event: 2.663 Thread 0x000001b88484ae70 Thread added: 0x000001b88484ae70
Event: 2.725 Thread 0x000001b884629110 Thread added: 0x000001b884629110
Event: 2.946 Thread 0x000001b88484ae70 Thread exited: 0x000001b88484ae70
Event: 3.027 Thread 0x000001b884630730 Thread added: 0x000001b884630730
Event: 3.456 Thread 0x000001b884848590 Thread exited: 0x000001b884848590


Dynamic libraries:
0x00007ff6edcf0000 - 0x00007ff6edcfa000 	C:\Program Files\Android\Android Studio\jbr\bin\java.exe
0x00007ffe1c3d0000 - 0x00007ffe1c5c8000 	C:\Windows\SYSTEM32\ntdll.dll
0x00007ffe1b270000 - 0x00007ffe1b332000 	C:\Windows\System32\KERNEL32.DLL
0x00007ffe19e60000 - 0x00007ffe1a156000 	C:\Windows\System32\KERNELBASE.dll
0x00007ffe19c40000 - 0x00007ffe19d40000 	C:\Windows\System32\ucrtbase.dll
0x00007ffe0da80000 - 0x00007ffe0da9b000 	C:\Program Files\Android\Android Studio\jbr\bin\VCRUNTIME140.dll
0x00007ffe0a6b0000 - 0x00007ffe0a6c8000 	C:\Program Files\Android\Android Studio\jbr\bin\jli.dll
0x00007ffe1b400000 - 0x00007ffe1b59d000 	C:\Windows\System32\USER32.dll
0x00007ffe19b70000 - 0x00007ffe19b92000 	C:\Windows\System32\win32u.dll
0x00007ffe1a3f0000 - 0x00007ffe1a41b000 	C:\Windows\System32\GDI32.dll
0x00007ffe19d40000 - 0x00007ffe19e5a000 	C:\Windows\System32\gdi32full.dll
0x00007ffe086a0000 - 0x00007ffe0893a000 	C:\Windows\WinSxS\amd64_microsoft.windows.common-controls_6595b64144ccf1df_6.0.19041.4355_none_60b8b9eb71f62e16\COMCTL32.dll
0x00007ffe19ba0000 - 0x00007ffe19c3d000 	C:\Windows\System32\msvcp_win.dll
0x00007ffe1a560000 - 0x00007ffe1a5fe000 	C:\Windows\System32\msvcrt.dll
0x00007ffe1c360000 - 0x00007ffe1c38f000 	C:\Windows\System32\IMM32.DLL
0x00007ffe12760000 - 0x00007ffe1276c000 	C:\Program Files\Android\Android Studio\jbr\bin\vcruntime140_1.dll
0x00007ffdd7730000 - 0x00007ffdd77bd000 	C:\Program Files\Android\Android Studio\jbr\bin\msvcp140.dll
0x00007ffda1d60000 - 0x00007ffda29dd000 	C:\Program Files\Android\Android Studio\jbr\bin\server\jvm.dll
0x00007ffe1bb40000 - 0x00007ffe1bbef000 	C:\Windows\System32\ADVAPI32.dll
0x00007ffe1b0a0000 - 0x00007ffe1b13f000 	C:\Windows\System32\sechost.dll
0x00007ffe1c070000 - 0x00007ffe1c193000 	C:\Windows\System32\RPCRT4.dll
0x00007ffe19ab0000 - 0x00007ffe19ad7000 	C:\Windows\System32\bcrypt.dll
0x00007ffe1af20000 - 0x00007ffe1af8b000 	C:\Windows\System32\WS2_32.dll
0x00007ffe18fa0000 - 0x00007ffe18feb000 	C:\Windows\SYSTEM32\POWRPROF.dll
0x00007ffe0c520000 - 0x00007ffe0c547000 	C:\Windows\SYSTEM32\WINMM.dll
0x00007ffe0bff0000 - 0x00007ffe0bffa000 	C:\Windows\SYSTEM32\VERSION.dll
0x00007ffe18e60000 - 0x00007ffe18e72000 	C:\Windows\SYSTEM32\UMPDC.dll
0x00007ffe18280000 - 0x00007ffe18292000 	C:\Windows\SYSTEM32\kernel.appcore.dll
0x00007ffe12120000 - 0x00007ffe1212a000 	C:\Program Files\Android\Android Studio\jbr\bin\jimage.dll
0x00007ffe17fb0000 - 0x00007ffe18194000 	C:\Windows\SYSTEM32\DBGHELP.DLL
0x00007ffe078c0000 - 0x00007ffe078f4000 	C:\Windows\SYSTEM32\dbgcore.DLL
0x00007ffe19ae0000 - 0x00007ffe19b62000 	C:\Windows\System32\bcryptPrimitives.dll
0x00007ffe12710000 - 0x00007ffe1271e000 	C:\Program Files\Android\Android Studio\jbr\bin\instrument.dll
0x00007ffe0a600000 - 0x00007ffe0a61f000 	C:\Program Files\Android\Android Studio\jbr\bin\java.dll
0x00007ffe0a5e0000 - 0x00007ffe0a5f8000 	C:\Program Files\Android\Android Studio\jbr\bin\zip.dll
0x00007ffe1a600000 - 0x00007ffe1ad6f000 	C:\Windows\System32\SHELL32.dll
0x00007ffe17520000 - 0x00007ffe17cc3000 	C:\Windows\SYSTEM32\windows.storage.dll
0x00007ffe1b7e0000 - 0x00007ffe1bb35000 	C:\Windows\System32\combase.dll
0x00007ffe19490000 - 0x00007ffe194bb000 	C:\Windows\SYSTEM32\Wldp.dll
0x00007ffe1b710000 - 0x00007ffe1b7dd000 	C:\Windows\System32\OLEAUT32.dll
0x00007ffe1af90000 - 0x00007ffe1b03d000 	C:\Windows\System32\SHCORE.dll
0x00007ffe1b3a0000 - 0x00007ffe1b3f5000 	C:\Windows\System32\shlwapi.dll
0x00007ffe19990000 - 0x00007ffe199b5000 	C:\Windows\SYSTEM32\profapi.dll
0x00007ffe0da70000 - 0x00007ffe0da80000 	C:\Program Files\Android\Android Studio\jbr\bin\net.dll
0x00007ffe116d0000 - 0x00007ffe117da000 	C:\Windows\SYSTEM32\WINHTTP.dll
0x00007ffe191f0000 - 0x00007ffe1925c000 	C:\Windows\system32\mswsock.dll
0x00007ffe06c90000 - 0x00007ffe06ca6000 	C:\Program Files\Android\Android Studio\jbr\bin\nio.dll
0x00007ffe04830000 - 0x00007ffe04840000 	C:\Program Files\Android\Android Studio\jbr\bin\verify.dll
0x00007ffe04870000 - 0x00007ffe04897000 	C:\Users\JHLEE\.gradle\native\c067742578af261105cb4f569cf0c3c89f3d7b1fecec35dd04571415982c5e48\windows-amd64\native-platform.dll
0x00007ffdd5690000 - 0x00007ffdd57d4000 	C:\Users\JHLEE\.gradle\native\100fb08df4bc3b14c8652ba06237920a3bd2aa13389f12d3474272988ae205f9\windows-amd64\native-platform-file-events.dll
0x00007ffe07890000 - 0x00007ffe07899000 	C:\Program Files\Android\Android Studio\jbr\bin\management.dll
0x00007ffe06a90000 - 0x00007ffe06a9b000 	C:\Program Files\Android\Android Studio\jbr\bin\management_ext.dll
0x00007ffe1a550000 - 0x00007ffe1a558000 	C:\Windows\System32\PSAPI.DLL
0x00007ffe193e0000 - 0x00007ffe193f8000 	C:\Windows\SYSTEM32\CRYPTSP.dll
0x00007ffe18aa0000 - 0x00007ffe18ad8000 	C:\Windows\system32\rsaenh.dll
0x00007ffe19910000 - 0x00007ffe1993e000 	C:\Windows\SYSTEM32\USERENV.dll
0x00007ffe19400000 - 0x00007ffe1940c000 	C:\Windows\SYSTEM32\CRYPTBASE.dll
0x00007ffe18e80000 - 0x00007ffe18ebb000 	C:\Windows\SYSTEM32\IPHLPAPI.DLL
0x00007ffe1b140000 - 0x00007ffe1b148000 	C:\Windows\System32\NSI.dll
0x00007ffe08c40000 - 0x00007ffe08c49000 	C:\Program Files\Android\Android Studio\jbr\bin\extnet.dll
0x00007ffdd77c0000 - 0x00007ffdd77c7000 	C:\Windows\system32\wshunix.dll

dbghelp: loaded successfully - version: 4.0.5 - missing functions: none
symbol engine: initialized successfully - sym options: 0x614 - pdb path: .;C:\Program Files\Android\Android Studio\jbr\bin;C:\Windows\SYSTEM32;C:\Windows\WinSxS\amd64_microsoft.windows.common-controls_6595b64144ccf1df_6.0.19041.4355_none_60b8b9eb71f62e16;C:\Program Files\Android\Android Studio\jbr\bin\server;C:\Users\JHLEE\.gradle\native\c067742578af261105cb4f569cf0c3c89f3d7b1fecec35dd04571415982c5e48\windows-amd64;C:\Users\JHLEE\.gradle\native\100fb08df4bc3b14c8652ba06237920a3bd2aa13389f12d3474272988ae205f9\windows-amd64

VM Arguments:
jvm_args: --add-opens=java.base/java.util=ALL-UNNAMED --add-opens=java.base/java.lang=ALL-UNNAMED --add-opens=java.base/java.lang.invoke=ALL-UNNAMED --add-opens=java.prefs/java.util.prefs=ALL-UNNAMED --add-exports=jdk.compiler/com.sun.tools.javac.api=ALL-UNNAMED --add-exports=jdk.compiler/com.sun.tools.javac.util=ALL-UNNAMED --add-opens=java.base/java.nio.charset=ALL-UNNAMED --add-opens=java.base/java.net=ALL-UNNAMED --add-opens=java.base/java.util.concurrent.atomic=ALL-UNNAMED -Xmx2048m -Dfile.encoding=UTF-8 -Duser.country=KR -Duser.language=ko -Duser.variant -javaagent:C:\Users\JHLEE\.gradle\wrapper\dists\gradle-8.9-bin\90cnw93cvbtalezasaz0blq0a\gradle-8.9\lib\agents\gradle-instrumentation-agent-8.9.jar 
java_command: org.gradle.launcher.daemon.bootstrap.GradleDaemon 8.9
java_class_path (initial): C:\Users\JHLEE\.gradle\wrapper\dists\gradle-8.9-bin\90cnw93cvbtalezasaz0blq0a\gradle-8.9\lib\gradle-daemon-main-8.9.jar
Launcher Type: SUN_STANDARD

[Global flags]
     intx CICompilerCount                          = 12                                        {product} {ergonomic}
     uint ConcGCThreads                            = 3                                         {product} {ergonomic}
     uint G1ConcRefinementThreads                  = 13                                        {product} {ergonomic}
   size_t G1HeapRegionSize                         = 1048576                                   {product} {ergonomic}
    uintx GCDrainStackTargetSize                   = 64                                        {product} {ergonomic}
   size_t InitialHeapSize                          = 264241152                                 {product} {ergonomic}
   size_t MarkStackSize                            = 4194304                                   {product} {ergonomic}
   size_t MaxHeapSize                              = 2147483648                                {product} {command line}
   size_t MaxNewSize                               = 1287651328                                {product} {ergonomic}
   size_t MinHeapDeltaBytes                        = 1048576                                   {product} {ergonomic}
   size_t MinHeapSize                              = 8388608                                   {product} {ergonomic}
    uintx NonNMethodCodeHeapSize                   = 7602480                                {pd product} {ergonomic}
    uintx NonProfiledCodeHeapSize                  = 122027880                              {pd product} {ergonomic}
    uintx ProfiledCodeHeapSize                     = 122027880                              {pd product} {ergonomic}
    uintx ReservedCodeCacheSize                    = 251658240                              {pd product} {ergonomic}
     bool SegmentedCodeCache                       = true                                      {product} {ergonomic}
   size_t SoftMaxHeapSize                          = 2147483648                             {manageable} {ergonomic}
     bool UseCompressedOops                        = true                           {product lp64_product} {ergonomic}
     bool UseG1GC                                  = true                                      {product} {ergonomic}
     bool UseLargePagesIndividualAllocation        = false                                  {pd product} {ergonomic}

Logging:
Log output configuration:
 #0: stdout all=warning uptime,level,tags foldmultilines=false
 #1: stderr all=off uptime,level,tags foldmultilines=false

Environment Variables:
PATH=C:\Program Files\Common Files\Oracle\Java\javapath;C:\Windows\system32;C:\Windows;C:\Windows\System32\Wbem;C:\Windows\System32\WindowsPowerShell\v1.0\;C:\Windows\System32\OpenSSH\;C:\Program Files\Bandizip\;C:\Program Files\PuTTY\;C:\Program Files (x86)\Windows Kits\8.1\Windows Performance Toolkit\;C:\Program Files\Microsoft SQL Server\110\Tools\Binn\;C:\Program Files\Microsoft SQL Server\120\DTS\Binn\;C:\Program Files\Microsoft SQL Server\Client SDK\ODBC\110\Tools\Binn\;C:\Program Files (x86)\Microsoft SQL Server\120\Tools\Binn\;C:\Program Files\Microsoft SQL Server\120\Tools\Binn\;C:\Program Files (x86)\Microsoft SQL Server\120\Tools\Binn\ManagementStudio\;C:\Program Files (x86)\Microsoft SQL Server\120\DTS\Binn\;C:\Program Files\Git\cmd;C:\Program Files (x86)\Windows Kits\10\Windows Performance Toolkit\;C:\Program Files\dotnet\;C:\Program Files (x86)\Microsoft SQL Server\150\Tools\Binn\;C:\Program Files\Microsoft SQL Server\150\Tools\Binn\;C:\Program Files (x86)\Microsoft SQL Server\150\DTS\Binn\;C:\Program Files\Microsoft SQL Server\150\DTS\Binn\;C:\Program Files\Microsoft SQL Server\Client SDK\ODBC\170\Tools\Binn\;C:\Users\JHLEE\AppData\Local\Microsoft\WindowsApps;
USERNAME=JHLEE
OS=Windows_NT
PROCESSOR_IDENTIFIER=Intel64 Family 6 Model 186 Stepping 2, GenuineIntel
TMP=C:\Users\JHLEE\AppData\Local\Temp
TEMP=C:\Users\JHLEE\AppData\Local\Temp




Periodic native trim disabled

JNI global refs:
JNI global refs: 37, weak refs: 0

JNI global refs memory usage: 835, weak refs: 833

Process memory usage:
Resident Set Size: 327884K (1% of 16485236K total physical memory with 2406680K free physical memory)

OOME stack traces (most recent first):
Classloader memory used:
Loader org.gradle.internal.classloader.VisitableURLClassLoader                         : 27189K
Loader bootstrap                                                                       : 22065K
Loader org.gradle.initialization.MixInLegacyTypesClassLoader                           : 6944K
Loader jdk.internal.loader.ClassLoaders$PlatformClassLoader                            : 546K
Loader jdk.internal.loader.ClassLoaders$AppClassLoader                                 : 230K
Loader org.gradle.groovy.scripts.internal.DefaultScriptCompilationHandler$ScriptClassLoader: 63128B
Loader org.gradle.internal.classloader.VisitableURLClassLoader                         : 31160B
Loader jdk.internal.reflect.DelegatingClassLoader                                      : 23816B
Loader org.codehaus.groovy.runtime.callsite.CallSiteClassLoader                        : 2880B

Classes loaded by more than one classloader:
Class org.gradle.internal.classloader.FilteringClassLoader                            : loaded 2 times (x 102B)
Class org.gradle.internal.classloader.ClassLoaderHierarchy                            : loaded 2 times (x 67B)
Class org.gradle.api.internal.classpath.ManifestUtil                                  : loaded 2 times (x 68B)
Class org.gradle.internal.classloader.DefaultClassLoaderFactory                       : loaded 2 times (x 79B)
Class org.gradle.internal.classloader.ClassLoaderVisitor                              : loaded 2 times (x 73B)
Class org.gradle.api.internal.classpath.EffectiveClassPath                            : loaded 2 times (x 87B)
Class org.gradle.api.internal.DefaultClassPathProvider                                : loaded 2 times (x 73B)
Class [Lorg.gradle.api.internal.ClassPathProvider;                                    : loaded 2 times (x 66B)
Class org.gradle.api.internal.ClassPathProvider                                       : loaded 2 times (x 67B)
Class org.gradle.internal.service.UnknownServiceException                             : loaded 2 times (x 80B)
Class org.gradle.internal.classpath.TransformedClassPath                              : loaded 2 times (x 93B)
Class org.gradle.internal.service.ServiceLocator                                      : loaded 2 times (x 67B)
Class org.gradle.internal.InternalTransformer                                         : loaded 2 times (x 67B)
Class org.gradle.internal.classloader.ClasspathUtil$1                                 : loaded 2 times (x 73B)
Class settings_18qm7x7xie65p0hagkd50t45r$_run_closure1$_closure2                      : loaded 2 times (x 136B)
Class org.gradle.api.internal.classpath.DefaultModuleRegistry$DefaultModule           : loaded 2 times (x 83B)
Class org.gradle.api.internal.classpath.Module                                        : loaded 2 times (x 67B)
Class org.gradle.api.internal.classpath.UnknownModuleException                        : loaded 2 times (x 79B)
Class org.gradle.api.internal.DefaultClassPathRegistry                                : loaded 2 times (x 73B)
Class org.gradle.api.internal.ClassPathRegistry                                       : loaded 2 times (x 67B)
Class org.gradle.internal.classpath.DefaultClassPath$ImmutableUniqueList              : loaded 2 times (x 196B)
Class settings_18qm7x7xie65p0hagkd50t45r$_run_closure1                                : loaded 2 times (x 136B)
Class org.gradle.internal.classpath.ClassPath                                         : loaded 2 times (x 67B)
Class org.gradle.api.UncheckedIOException                                             : loaded 2 times (x 79B)
Class org.gradle.internal.installation.GradleInstallation$1                           : loaded 2 times (x 72B)
Class org.gradle.api.internal.classpath.ModuleRegistry                                : loaded 2 times (x 67B)
Class org.gradle.api.internal.classpath.DefaultModuleRegistry                         : loaded 2 times (x 80B)
Class org.gradle.internal.service.ServiceLookupException                              : loaded 2 times (x 79B)
Class org.gradle.internal.classloader.ClassLoaderFactory                              : loaded 2 times (x 67B)
Class org.gradle.internal.service.CachingServiceLocator                               : loaded 2 times (x 79B)
Class settings_18qm7x7xie65p0hagkd50t45r                                              : loaded 2 times (x 176B)
Class org.gradle.internal.classloader.ClasspathUtil                                   : loaded 2 times (x 68B)
Class org.gradle.api.specs.Spec                                                       : loaded 2 times (x 67B)
Class org.gradle.internal.classloader.VisitableURLClassLoader$InstrumentingVisitableURLClassLoader: loaded 2 times (x 120B)
Class org.gradle.internal.classloader.VisitableURLClassLoader$Spec                    : loaded 2 times (x 71B)
Class org.gradle.internal.classpath.DefaultClassPath                                  : loaded 2 times (x 87B)
Class org.gradle.internal.classloader.ClassLoaderSpec                                 : loaded 2 times (x 68B)
Class org.gradle.internal.classloader.VisitableURLClassLoader                         : loaded 2 times (x 114B)
Class org.gradle.internal.Cast                                                        : loaded 2 times (x 68B)
Class org.gradle.api.Action                                                           : loaded 2 times (x 67B)
Class org.gradle.internal.agents.InstrumentingClassLoader                             : loaded 2 times (x 67B)
Class org.gradle.internal.classpath.DefaultClassPath$ImmutableUniqueList$Builder      : loaded 2 times (x 72B)
Class org.gradle.api.GradleException                                                  : loaded 2 times (x 79B)
Class org.gradle.internal.IoActions                                                   : loaded 2 times (x 68B)
Class org.gradle.internal.classloader.SystemClassLoaderSpec                           : loaded 2 times (x 68B)
Class org.gradle.internal.installation.CurrentGradleInstallationLocator               : loaded 2 times (x 68B)
Class org.gradle.internal.service.DefaultServiceLocator                               : loaded 2 times (x 80B)
Class org.gradle.internal.installation.CurrentGradleInstallation                      : loaded 2 times (x 70B)
Class org.gradle.util.internal.GUtil                                                  : loaded 2 times (x 68B)
Class org.gradle.internal.installation.GradleInstallation                             : loaded 2 times (x 72B)

---------------  S Y S T E M  ---------------

OS:
 Windows 10 , 64 bit Build 19041 (10.0.19041.5678)
OS uptime: 13 days 16:00 hours

CPU: total 16 (initial active 16) (8 cores per cpu, 2 threads per core) family 6 model 186 stepping 2 microcode 0x410c, cx8, cmov, fxsr, ht, mmx, 3dnowpref, sse, sse2, sse3, ssse3, sse4.1, sse4.2, popcnt, lzcnt, tsc, tscinvbit, avx, avx2, aes, erms, clmul, bmi1, bmi2, adx, sha, fma, vzeroupper, clflush, clflushopt, clwb, serialize, rdtscp, rdpid, fsrm, f16c, pku, cet_ibt, cet_ss
Processor Information for all 16 processors :
  Max Mhz: 2200, Current Mhz: 2200, Mhz Limit: 2200

Memory: 4k page, system-wide physical 16098M (2349M free)
TotalPageFile size 18146M (AvailPageFile size 11M)
current process WorkingSet (physical memory assigned to process): 321M, peak: 330M
current process commit charge ("private bytes"): 370M, peak: 396M

vm_info: OpenJDK 64-Bit Server VM (21.0.3+-12282718-b509.11) for windows-amd64 JRE (21.0.3+-12282718-b509.11), built on 2024-08-27T17:34:15Z by "builder" with MS VC++ 16.10 / 16.11 (VS2019)

END.
